<html>
<head>
<title>TestNG:  Command line test</title>
<link href="../testng.css" rel="stylesheet" type="text/css" />
<link href="../my-testng.css" rel="stylesheet" type="text/css" />

<style type="text/css">
.log { display: none;} 
.stack-trace { display: none;} 
</style>
<script type="text/javascript">
<!--
function flip(e) {
  current = e.style.display;
  if (current == 'block') {
    e.style.display = 'none';
    return 0;
  }
  else {
    e.style.display = 'block';
    return 1;
  }
}

function toggleBox(szDivId, elem, msg1, msg2)
{
  var res = -1;  if (document.getElementById) {
    res = flip(document.getElementById(szDivId));
  }
  else if (document.all) {
    // this is the way old msie versions work
    res = flip(document.all[szDivId]);
  }
  if(elem) {
    if(res == 0) elem.innerHTML = msg1; else elem.innerHTML = msg2;
  }

}

function toggleAllBoxes() {
  if (document.getElementsByTagName) {
    d = document.getElementsByTagName('div');
    for (i = 0; i < d.length; i++) {
      if (d[i].className == 'log') {
        flip(d[i]);
      }
    }
  }
}

// -->
</script>

</head>
<body>
<h2 align='center'>Command line test</h2><table border='1' align="center">
<tr>
<td>Tests passed/Failed/Skipped:</td><td>2/8/3</td>
</tr><tr>
<td>Started on:</td><td>Fri Dec 27 12:16:48 IST 2019</td>
</tr>
<tr><td>Total time:</td><td>4 seconds (4092 ms)</td>
</tr><tr>
<td>Included groups:</td><td></td>
</tr><tr>
<td>Excluded groups:</td><td></td>
</tr>
</table><p/>
<small><i>(Hover the method name to see the test class name)</i></small><p/>
<table width='100%' border='1' class='invocation-failed'>
<tr><td colspan='4' align='center'><b>FAILED TESTS</b></td></tr>
<tr><td><b>Test method</b></td>
<td width="30%"><b>Exception</b></td>
<td width="10%"><b>Time (seconds)</b></td>
<td><b>Instance</b></td>
</tr>
<tr>
<td title='com.schemaxtech.testAutomationFrameworkTest.WorkstationT.createWorkstation()'><b>createWorkstation</b><br>Test class: com.schemaxtech.testAutomationFrameworkTest.WorkstationT<br>Parameters: TC_001, {"workstation_code":"","section_code":"Section401","activated_date":"string","isActive":true,"workstation_description":"Sample401","deactivated_date":"string"}, {status=false}, {workstation_code=data/workstation_code, activated_date=data/activated_date, section_code=data/section_code, workstation_id=data/workstation_id, isActive=isActive, workstation_description=data/workstation_description, workstation_type_id=data/workstation_type_id, deactivated_date=data/deactivated_date, status=status}</td>
<td><div><pre>java.lang.NullPointerException
	at com.schemaxtech.testAutomationFramework.TestAutomationUtil.verifyResponse(TestAutomationUtil.java:323)
	at com.schemaxtech.testAutomationFrameworkTest.WorkstationT.createWorkstation(WorkstationT.java:143)
	at com.schemaxtech.testAutomationFrameworkTest.TestRunner.main(TestRunner.java:19)
... Removed 22 stack frames</pre></div><a href='#' onClick='toggleBox("stack-trace179808568", this, "Click to show all stack frames", "Click to hide stack frames")'>Click to show all stack frames</a>
<div class='stack-trace' id='stack-trace179808568'><pre>java.lang.NullPointerException
	at com.schemaxtech.testAutomationFramework.TestAutomationUtil.verifyResponse(TestAutomationUtil.java:323)
	at com.schemaxtech.testAutomationFrameworkTest.WorkstationT.createWorkstation(WorkstationT.java:143)
	at sun.reflect.NativeMethodAccessorImpl.invoke0(Native Method)
	at sun.reflect.NativeMethodAccessorImpl.invoke(NativeMethodAccessorImpl.java:62)
	at sun.reflect.DelegatingMethodAccessorImpl.invoke(DelegatingMethodAccessorImpl.java:43)
	at java.lang.reflect.Method.invoke(Method.java:498)
	at org.testng.internal.MethodInvocationHelper.invokeMethod(MethodInvocationHelper.java:124)
	at org.testng.internal.Invoker.invokeMethod(Invoker.java:583)
	at org.testng.internal.Invoker.invokeTestMethod(Invoker.java:719)
	at org.testng.internal.Invoker.invokeTestMethods(Invoker.java:989)
	at org.testng.internal.TestMethodWorker.invokeTestMethods(TestMethodWorker.java:125)
	at org.testng.internal.TestMethodWorker.run(TestMethodWorker.java:109)
	at org.testng.TestRunner.privateRun(TestRunner.java:648)
	at org.testng.TestRunner.run(TestRunner.java:505)
	at org.testng.SuiteRunner.runTest(SuiteRunner.java:455)
	at org.testng.SuiteRunner.runSequentially(SuiteRunner.java:450)
	at org.testng.SuiteRunner.privateRun(SuiteRunner.java:415)
	at org.testng.SuiteRunner.run(SuiteRunner.java:364)
	at org.testng.SuiteRunnerWorker.runSuite(SuiteRunnerWorker.java:52)
	at org.testng.SuiteRunnerWorker.run(SuiteRunnerWorker.java:84)
	at org.testng.TestNG.runSuitesSequentially(TestNG.java:1208)
	at org.testng.TestNG.runSuitesLocally(TestNG.java:1137)
	at org.testng.TestNG.runSuites(TestNG.java:1049)
	at org.testng.TestNG.run(TestNG.java:1017)
	at com.schemaxtech.testAutomationFrameworkTest.TestRunner.main(TestRunner.java:19)
</pre></div></td>
<td>0</td>
<td>com.schemaxtech.testAutomationFrameworkTest.WorkstationT@47f37ef1</td></tr>
<tr>
<td title='com.schemaxtech.testAutomationFrameworkTest.WorkstationT.createWorkstation()'><b>createWorkstation</b><br>Test class: com.schemaxtech.testAutomationFrameworkTest.WorkstationT<br>Parameters: TC_002, {"workstation_code":"WRKS401","section_code":"","activated_date":"string","isActive":true,"workstation_description":"Sample401","deactivated_date":"string"}, {status=false}, {workstation_code=data/workstation_code, activated_date=data/activated_date, section_code=data/section_code, workstation_id=data/workstation_id, isActive=isActive, workstation_description=data/workstation_description, workstation_type_id=data/workstation_type_id, deactivated_date=data/deactivated_date, status=status}</td>
<td><div><pre>java.lang.NullPointerException
	at com.schemaxtech.testAutomationFramework.TestAutomationUtil.verifyResponse(TestAutomationUtil.java:323)
	at com.schemaxtech.testAutomationFrameworkTest.WorkstationT.createWorkstation(WorkstationT.java:143)
	at com.schemaxtech.testAutomationFrameworkTest.TestRunner.main(TestRunner.java:19)
... Removed 22 stack frames</pre></div><a href='#' onClick='toggleBox("stack-trace1119242936", this, "Click to show all stack frames", "Click to hide stack frames")'>Click to show all stack frames</a>
<div class='stack-trace' id='stack-trace1119242936'><pre>java.lang.NullPointerException
	at com.schemaxtech.testAutomationFramework.TestAutomationUtil.verifyResponse(TestAutomationUtil.java:323)
	at com.schemaxtech.testAutomationFrameworkTest.WorkstationT.createWorkstation(WorkstationT.java:143)
	at sun.reflect.NativeMethodAccessorImpl.invoke0(Native Method)
	at sun.reflect.NativeMethodAccessorImpl.invoke(NativeMethodAccessorImpl.java:62)
	at sun.reflect.DelegatingMethodAccessorImpl.invoke(DelegatingMethodAccessorImpl.java:43)
	at java.lang.reflect.Method.invoke(Method.java:498)
	at org.testng.internal.MethodInvocationHelper.invokeMethod(MethodInvocationHelper.java:124)
	at org.testng.internal.Invoker.invokeMethod(Invoker.java:583)
	at org.testng.internal.Invoker.invokeTestMethod(Invoker.java:719)
	at org.testng.internal.Invoker.invokeTestMethods(Invoker.java:989)
	at org.testng.internal.TestMethodWorker.invokeTestMethods(TestMethodWorker.java:125)
	at org.testng.internal.TestMethodWorker.run(TestMethodWorker.java:109)
	at org.testng.TestRunner.privateRun(TestRunner.java:648)
	at org.testng.TestRunner.run(TestRunner.java:505)
	at org.testng.SuiteRunner.runTest(SuiteRunner.java:455)
	at org.testng.SuiteRunner.runSequentially(SuiteRunner.java:450)
	at org.testng.SuiteRunner.privateRun(SuiteRunner.java:415)
	at org.testng.SuiteRunner.run(SuiteRunner.java:364)
	at org.testng.SuiteRunnerWorker.runSuite(SuiteRunnerWorker.java:52)
	at org.testng.SuiteRunnerWorker.run(SuiteRunnerWorker.java:84)
	at org.testng.TestNG.runSuitesSequentially(TestNG.java:1208)
	at org.testng.TestNG.runSuitesLocally(TestNG.java:1137)
	at org.testng.TestNG.runSuites(TestNG.java:1049)
	at org.testng.TestNG.run(TestNG.java:1017)
	at com.schemaxtech.testAutomationFrameworkTest.TestRunner.main(TestRunner.java:19)
</pre></div></td>
<td>0</td>
<td>com.schemaxtech.testAutomationFrameworkTest.WorkstationT@47f37ef1</td></tr>
<tr>
<td title='com.schemaxtech.testAutomationFrameworkTest.WorkstationT.createWorkstation()'><b>createWorkstation</b><br>Test class: com.schemaxtech.testAutomationFrameworkTest.WorkstationT<br>Parameters: TC_003, {"workstation_code":"WRKS401","section_code":"Section401","activated_date":"string","isActive":true,"workstation_description":"Sample401","deactivated_date":"string"}, {status=true}, {workstation_code=data/workstation_code, activated_date=data/activated_date, section_code=data/section_code, workstation_id=data/workstation_id, isActive=isActive, workstation_description=data/workstation_description, workstation_type_id=data/workstation_type_id, deactivated_date=data/deactivated_date, status=status}</td>
<td><div><pre>java.lang.NullPointerException
	at com.schemaxtech.testAutomationFramework.TestAutomationUtil.verifyResponse(TestAutomationUtil.java:323)
	at com.schemaxtech.testAutomationFrameworkTest.WorkstationT.createWorkstation(WorkstationT.java:143)
	at com.schemaxtech.testAutomationFrameworkTest.TestRunner.main(TestRunner.java:19)
... Removed 22 stack frames</pre></div><a href='#' onClick='toggleBox("stack-trace488600086", this, "Click to show all stack frames", "Click to hide stack frames")'>Click to show all stack frames</a>
<div class='stack-trace' id='stack-trace488600086'><pre>java.lang.NullPointerException
	at com.schemaxtech.testAutomationFramework.TestAutomationUtil.verifyResponse(TestAutomationUtil.java:323)
	at com.schemaxtech.testAutomationFrameworkTest.WorkstationT.createWorkstation(WorkstationT.java:143)
	at sun.reflect.NativeMethodAccessorImpl.invoke0(Native Method)
	at sun.reflect.NativeMethodAccessorImpl.invoke(NativeMethodAccessorImpl.java:62)
	at sun.reflect.DelegatingMethodAccessorImpl.invoke(DelegatingMethodAccessorImpl.java:43)
	at java.lang.reflect.Method.invoke(Method.java:498)
	at org.testng.internal.MethodInvocationHelper.invokeMethod(MethodInvocationHelper.java:124)
	at org.testng.internal.Invoker.invokeMethod(Invoker.java:583)
	at org.testng.internal.Invoker.invokeTestMethod(Invoker.java:719)
	at org.testng.internal.Invoker.invokeTestMethods(Invoker.java:989)
	at org.testng.internal.TestMethodWorker.invokeTestMethods(TestMethodWorker.java:125)
	at org.testng.internal.TestMethodWorker.run(TestMethodWorker.java:109)
	at org.testng.TestRunner.privateRun(TestRunner.java:648)
	at org.testng.TestRunner.run(TestRunner.java:505)
	at org.testng.SuiteRunner.runTest(SuiteRunner.java:455)
	at org.testng.SuiteRunner.runSequentially(SuiteRunner.java:450)
	at org.testng.SuiteRunner.privateRun(SuiteRunner.java:415)
	at org.testng.SuiteRunner.run(SuiteRunner.java:364)
	at org.testng.SuiteRunnerWorker.runSuite(SuiteRunnerWorker.java:52)
	at org.testng.SuiteRunnerWorker.run(SuiteRunnerWorker.java:84)
	at org.testng.TestNG.runSuitesSequentially(TestNG.java:1208)
	at org.testng.TestNG.runSuitesLocally(TestNG.java:1137)
	at org.testng.TestNG.runSuites(TestNG.java:1049)
	at org.testng.TestNG.run(TestNG.java:1017)
	at com.schemaxtech.testAutomationFrameworkTest.TestRunner.main(TestRunner.java:19)
</pre></div></td>
<td>0</td>
<td>com.schemaxtech.testAutomationFrameworkTest.WorkstationT@47f37ef1</td></tr>
<tr>
<td title='com.schemaxtech.testAutomationFrameworkTest.WorkstationT.createWorkstationT()'><b>createWorkstationT</b><br>Test class: com.schemaxtech.testAutomationFrameworkTest.WorkstationT<br>Parameters: Tc_002, {"workstation_type_description":"Testing","department_type":"planning","workstation_type_code":"planning401"}, {errInfo=, workstation_type_code=PLANNING401}, {workstation_type_description=data/workstation_type_description, errInfo=errInfo, department_type=data/department_type, workstation_type_code=data/workstation_type_code, activated_date=data/activated_date, workstation_type_id=data/workstation_type_id, status=status}</td>
<td><div><pre>java.lang.NullPointerException
	at com.schemaxtech.testAutomationFramework.TestAutomationUtil.verifyResponse(TestAutomationUtil.java:323)
	at com.schemaxtech.testAutomationFrameworkTest.WorkstationT.createWorkstationT(WorkstationT.java:89)
	at com.schemaxtech.testAutomationFrameworkTest.TestRunner.main(TestRunner.java:19)
... Removed 22 stack frames</pre></div><a href='#' onClick='toggleBox("stack-trace1205580258", this, "Click to show all stack frames", "Click to hide stack frames")'>Click to show all stack frames</a>
<div class='stack-trace' id='stack-trace1205580258'><pre>java.lang.NullPointerException
	at com.schemaxtech.testAutomationFramework.TestAutomationUtil.verifyResponse(TestAutomationUtil.java:323)
	at com.schemaxtech.testAutomationFrameworkTest.WorkstationT.createWorkstationT(WorkstationT.java:89)
	at sun.reflect.NativeMethodAccessorImpl.invoke0(Native Method)
	at sun.reflect.NativeMethodAccessorImpl.invoke(NativeMethodAccessorImpl.java:62)
	at sun.reflect.DelegatingMethodAccessorImpl.invoke(DelegatingMethodAccessorImpl.java:43)
	at java.lang.reflect.Method.invoke(Method.java:498)
	at org.testng.internal.MethodInvocationHelper.invokeMethod(MethodInvocationHelper.java:124)
	at org.testng.internal.Invoker.invokeMethod(Invoker.java:583)
	at org.testng.internal.Invoker.invokeTestMethod(Invoker.java:719)
	at org.testng.internal.Invoker.invokeTestMethods(Invoker.java:989)
	at org.testng.internal.TestMethodWorker.invokeTestMethods(TestMethodWorker.java:125)
	at org.testng.internal.TestMethodWorker.run(TestMethodWorker.java:109)
	at org.testng.TestRunner.privateRun(TestRunner.java:648)
	at org.testng.TestRunner.run(TestRunner.java:505)
	at org.testng.SuiteRunner.runTest(SuiteRunner.java:455)
	at org.testng.SuiteRunner.runSequentially(SuiteRunner.java:450)
	at org.testng.SuiteRunner.privateRun(SuiteRunner.java:415)
	at org.testng.SuiteRunner.run(SuiteRunner.java:364)
	at org.testng.SuiteRunnerWorker.runSuite(SuiteRunnerWorker.java:52)
	at org.testng.SuiteRunnerWorker.run(SuiteRunnerWorker.java:84)
	at org.testng.TestNG.runSuitesSequentially(TestNG.java:1208)
	at org.testng.TestNG.runSuitesLocally(TestNG.java:1137)
	at org.testng.TestNG.runSuites(TestNG.java:1049)
	at org.testng.TestNG.run(TestNG.java:1017)
	at com.schemaxtech.testAutomationFrameworkTest.TestRunner.main(TestRunner.java:19)
</pre></div></td>
<td>2</td>
<td>com.schemaxtech.testAutomationFrameworkTest.WorkstationT@47f37ef1</td></tr>
<tr>
<td title='com.schemaxtech.testAutomationFrameworkTest.WorkstationT.createWorkstationT()'><b>createWorkstationT</b><br>Test class: com.schemaxtech.testAutomationFrameworkTest.WorkstationT<br>Parameters: Tc_001, {"workstation_type_description":"Testing1","department_type":"abc1","workstation_type_code":"planning401"}, {errInfo=The department type doesnt exist, workstation_type_code=}, {workstation_type_description=data/workstation_type_description, errInfo=errInfo, department_type=data/department_type, workstation_type_code=data/workstation_type_code, activated_date=data/activated_date, workstation_type_id=data/workstation_type_id, status=status}</td>
<td><div><pre>org.json.JSONException: JSONObject[&quot;data&quot;] not found.
	at org.json.JSONObject.get(JSONObject.java:566)
	at com.schemaxtech.testAutomationFrameworkTest.WorkstationT.createWorkstationT(WorkstationT.java:90)
	at com.schemaxtech.testAutomationFrameworkTest.TestRunner.main(TestRunner.java:19)
... Removed 22 stack frames</pre></div><a href='#' onClick='toggleBox("stack-trace662666707", this, "Click to show all stack frames", "Click to hide stack frames")'>Click to show all stack frames</a>
<div class='stack-trace' id='stack-trace662666707'><pre>org.json.JSONException: JSONObject[&quot;data&quot;] not found.
	at org.json.JSONObject.get(JSONObject.java:566)
	at com.schemaxtech.testAutomationFrameworkTest.WorkstationT.createWorkstationT(WorkstationT.java:90)
	at sun.reflect.NativeMethodAccessorImpl.invoke0(Native Method)
	at sun.reflect.NativeMethodAccessorImpl.invoke(NativeMethodAccessorImpl.java:62)
	at sun.reflect.DelegatingMethodAccessorImpl.invoke(DelegatingMethodAccessorImpl.java:43)
	at java.lang.reflect.Method.invoke(Method.java:498)
	at org.testng.internal.MethodInvocationHelper.invokeMethod(MethodInvocationHelper.java:124)
	at org.testng.internal.Invoker.invokeMethod(Invoker.java:583)
	at org.testng.internal.Invoker.invokeTestMethod(Invoker.java:719)
	at org.testng.internal.Invoker.invokeTestMethods(Invoker.java:989)
	at org.testng.internal.TestMethodWorker.invokeTestMethods(TestMethodWorker.java:125)
	at org.testng.internal.TestMethodWorker.run(TestMethodWorker.java:109)
	at org.testng.TestRunner.privateRun(TestRunner.java:648)
	at org.testng.TestRunner.run(TestRunner.java:505)
	at org.testng.SuiteRunner.runTest(SuiteRunner.java:455)
	at org.testng.SuiteRunner.runSequentially(SuiteRunner.java:450)
	at org.testng.SuiteRunner.privateRun(SuiteRunner.java:415)
	at org.testng.SuiteRunner.run(SuiteRunner.java:364)
	at org.testng.SuiteRunnerWorker.runSuite(SuiteRunnerWorker.java:52)
	at org.testng.SuiteRunnerWorker.run(SuiteRunnerWorker.java:84)
	at org.testng.TestNG.runSuitesSequentially(TestNG.java:1208)
	at org.testng.TestNG.runSuitesLocally(TestNG.java:1137)
	at org.testng.TestNG.runSuites(TestNG.java:1049)
	at org.testng.TestNG.run(TestNG.java:1017)
	at com.schemaxtech.testAutomationFrameworkTest.TestRunner.main(TestRunner.java:19)
</pre></div></td>
<td>0</td>
<td>com.schemaxtech.testAutomationFrameworkTest.WorkstationT@47f37ef1</td></tr>
<tr>
<td title='com.schemaxtech.testAutomationFrameworkTest.WorkstationT.createWorkstationT()'><b>createWorkstationT</b><br>Test class: com.schemaxtech.testAutomationFrameworkTest.WorkstationT<br>Parameters: Tc_003, {"workstation_type_description":"Testing","department_type":"planning","workstation_type_code":"planning1401"}, {errInfo=, workstation_type_code=PLANNING1401}, {workstation_type_description=data/workstation_type_description, errInfo=errInfo, department_type=data/department_type, workstation_type_code=data/workstation_type_code, activated_date=data/activated_date, workstation_type_id=data/workstation_type_id, status=status}</td>
<td><div><pre>java.lang.NullPointerException
	at com.schemaxtech.testAutomationFramework.TestAutomationUtil.verifyResponse(TestAutomationUtil.java:323)
	at com.schemaxtech.testAutomationFrameworkTest.WorkstationT.createWorkstationT(WorkstationT.java:89)
	at com.schemaxtech.testAutomationFrameworkTest.TestRunner.main(TestRunner.java:19)
... Removed 22 stack frames</pre></div><a href='#' onClick='toggleBox("stack-trace1822434669", this, "Click to show all stack frames", "Click to hide stack frames")'>Click to show all stack frames</a>
<div class='stack-trace' id='stack-trace1822434669'><pre>java.lang.NullPointerException
	at com.schemaxtech.testAutomationFramework.TestAutomationUtil.verifyResponse(TestAutomationUtil.java:323)
	at com.schemaxtech.testAutomationFrameworkTest.WorkstationT.createWorkstationT(WorkstationT.java:89)
	at sun.reflect.NativeMethodAccessorImpl.invoke0(Native Method)
	at sun.reflect.NativeMethodAccessorImpl.invoke(NativeMethodAccessorImpl.java:62)
	at sun.reflect.DelegatingMethodAccessorImpl.invoke(DelegatingMethodAccessorImpl.java:43)
	at java.lang.reflect.Method.invoke(Method.java:498)
	at org.testng.internal.MethodInvocationHelper.invokeMethod(MethodInvocationHelper.java:124)
	at org.testng.internal.Invoker.invokeMethod(Invoker.java:583)
	at org.testng.internal.Invoker.invokeTestMethod(Invoker.java:719)
	at org.testng.internal.Invoker.invokeTestMethods(Invoker.java:989)
	at org.testng.internal.TestMethodWorker.invokeTestMethods(TestMethodWorker.java:125)
	at org.testng.internal.TestMethodWorker.run(TestMethodWorker.java:109)
	at org.testng.TestRunner.privateRun(TestRunner.java:648)
	at org.testng.TestRunner.run(TestRunner.java:505)
	at org.testng.SuiteRunner.runTest(SuiteRunner.java:455)
	at org.testng.SuiteRunner.runSequentially(SuiteRunner.java:450)
	at org.testng.SuiteRunner.privateRun(SuiteRunner.java:415)
	at org.testng.SuiteRunner.run(SuiteRunner.java:364)
	at org.testng.SuiteRunnerWorker.runSuite(SuiteRunnerWorker.java:52)
	at org.testng.SuiteRunnerWorker.run(SuiteRunnerWorker.java:84)
	at org.testng.TestNG.runSuitesSequentially(TestNG.java:1208)
	at org.testng.TestNG.runSuitesLocally(TestNG.java:1137)
	at org.testng.TestNG.runSuites(TestNG.java:1049)
	at org.testng.TestNG.run(TestNG.java:1017)
	at com.schemaxtech.testAutomationFrameworkTest.TestRunner.main(TestRunner.java:19)
</pre></div></td>
<td>0</td>
<td>com.schemaxtech.testAutomationFrameworkTest.WorkstationT@47f37ef1</td></tr>
<tr>
<td title='com.schemaxtech.testAutomationFrameworkTest.WorkstationT.createWtom()'><b>createWtom</b><br>Test class: com.schemaxtech.testAutomationFrameworkTest.WorkstationT<br>Parameters: Tc_001, {"operation_code":["10","15"]}, {status=true}, {errInfo=errInfo, workstation_type_id=data/workstation_type_id, status=status}</td>
<td><div><pre>java.lang.AssertionError: Verification of &apos;status&apos; with value &apos;true&apos; in response json failed expected [true] but found [false]
	at com.schemaxtech.testAutomationFramework.TestAutomationUtil.verifyResponse(TestAutomationUtil.java:338)
	at com.schemaxtech.testAutomationFrameworkTest.WorkstationT.createWtom(WorkstationT.java:120)
	at com.schemaxtech.testAutomationFrameworkTest.TestRunner.main(TestRunner.java:19)
... Removed 26 stack frames</pre></div><a href='#' onClick='toggleBox("stack-trace1730337646", this, "Click to show all stack frames", "Click to hide stack frames")'>Click to show all stack frames</a>
<div class='stack-trace' id='stack-trace1730337646'><pre>java.lang.AssertionError: Verification of &apos;status&apos; with value &apos;true&apos; in response json failed expected [true] but found [false]
	at org.testng.Assert.fail(Assert.java:96)
	at org.testng.Assert.failNotEquals(Assert.java:776)
	at org.testng.Assert.assertEqualsImpl(Assert.java:137)
	at org.testng.Assert.assertEquals(Assert.java:118)
	at com.schemaxtech.testAutomationFramework.TestAutomationUtil.verifyResponse(TestAutomationUtil.java:338)
	at com.schemaxtech.testAutomationFrameworkTest.WorkstationT.createWtom(WorkstationT.java:120)
	at sun.reflect.NativeMethodAccessorImpl.invoke0(Native Method)
	at sun.reflect.NativeMethodAccessorImpl.invoke(NativeMethodAccessorImpl.java:62)
	at sun.reflect.DelegatingMethodAccessorImpl.invoke(DelegatingMethodAccessorImpl.java:43)
	at java.lang.reflect.Method.invoke(Method.java:498)
	at org.testng.internal.MethodInvocationHelper.invokeMethod(MethodInvocationHelper.java:124)
	at org.testng.internal.Invoker.invokeMethod(Invoker.java:583)
	at org.testng.internal.Invoker.invokeTestMethod(Invoker.java:719)
	at org.testng.internal.Invoker.invokeTestMethods(Invoker.java:989)
	at org.testng.internal.TestMethodWorker.invokeTestMethods(TestMethodWorker.java:125)
	at org.testng.internal.TestMethodWorker.run(TestMethodWorker.java:109)
	at org.testng.TestRunner.privateRun(TestRunner.java:648)
	at org.testng.TestRunner.run(TestRunner.java:505)
	at org.testng.SuiteRunner.runTest(SuiteRunner.java:455)
	at org.testng.SuiteRunner.runSequentially(SuiteRunner.java:450)
	at org.testng.SuiteRunner.privateRun(SuiteRunner.java:415)
	at org.testng.SuiteRunner.run(SuiteRunner.java:364)
	at org.testng.SuiteRunnerWorker.runSuite(SuiteRunnerWorker.java:52)
	at org.testng.SuiteRunnerWorker.run(SuiteRunnerWorker.java:84)
	at org.testng.TestNG.runSuitesSequentially(TestNG.java:1208)
	at org.testng.TestNG.runSuitesLocally(TestNG.java:1137)
	at org.testng.TestNG.runSuites(TestNG.java:1049)
	at org.testng.TestNG.run(TestNG.java:1017)
	at com.schemaxtech.testAutomationFrameworkTest.TestRunner.main(TestRunner.java:19)
</pre></div></td>
<td>0</td>
<td>com.schemaxtech.testAutomationFrameworkTest.WorkstationT@47f37ef1</td></tr>
<tr>
<td title='com.schemaxtech.testAutomationFrameworkTest.WorkstationT.createWtom()'><b>createWtom</b><br>Test class: com.schemaxtech.testAutomationFrameworkTest.WorkstationT<br>Parameters: Tc_002, {"operation_code":["10"]}, {status=true}, {errInfo=errInfo, workstation_type_id=data/workstation_type_id, status=status}</td>
<td><div><pre>java.lang.AssertionError: Verification of &apos;status&apos; with value &apos;true&apos; in response json failed expected [true] but found [false]
	at com.schemaxtech.testAutomationFramework.TestAutomationUtil.verifyResponse(TestAutomationUtil.java:338)
	at com.schemaxtech.testAutomationFrameworkTest.WorkstationT.createWtom(WorkstationT.java:120)
	at com.schemaxtech.testAutomationFrameworkTest.TestRunner.main(TestRunner.java:19)
... Removed 26 stack frames</pre></div><a href='#' onClick='toggleBox("stack-trace883380345", this, "Click to show all stack frames", "Click to hide stack frames")'>Click to show all stack frames</a>
<div class='stack-trace' id='stack-trace883380345'><pre>java.lang.AssertionError: Verification of &apos;status&apos; with value &apos;true&apos; in response json failed expected [true] but found [false]
	at org.testng.Assert.fail(Assert.java:96)
	at org.testng.Assert.failNotEquals(Assert.java:776)
	at org.testng.Assert.assertEqualsImpl(Assert.java:137)
	at org.testng.Assert.assertEquals(Assert.java:118)
	at com.schemaxtech.testAutomationFramework.TestAutomationUtil.verifyResponse(TestAutomationUtil.java:338)
	at com.schemaxtech.testAutomationFrameworkTest.WorkstationT.createWtom(WorkstationT.java:120)
	at sun.reflect.NativeMethodAccessorImpl.invoke0(Native Method)
	at sun.reflect.NativeMethodAccessorImpl.invoke(NativeMethodAccessorImpl.java:62)
	at sun.reflect.DelegatingMethodAccessorImpl.invoke(DelegatingMethodAccessorImpl.java:43)
	at java.lang.reflect.Method.invoke(Method.java:498)
	at org.testng.internal.MethodInvocationHelper.invokeMethod(MethodInvocationHelper.java:124)
	at org.testng.internal.Invoker.invokeMethod(Invoker.java:583)
	at org.testng.internal.Invoker.invokeTestMethod(Invoker.java:719)
	at org.testng.internal.Invoker.invokeTestMethods(Invoker.java:989)
	at org.testng.internal.TestMethodWorker.invokeTestMethods(TestMethodWorker.java:125)
	at org.testng.internal.TestMethodWorker.run(TestMethodWorker.java:109)
	at org.testng.TestRunner.privateRun(TestRunner.java:648)
	at org.testng.TestRunner.run(TestRunner.java:505)
	at org.testng.SuiteRunner.runTest(SuiteRunner.java:455)
	at org.testng.SuiteRunner.runSequentially(SuiteRunner.java:450)
	at org.testng.SuiteRunner.privateRun(SuiteRunner.java:415)
	at org.testng.SuiteRunner.run(SuiteRunner.java:364)
	at org.testng.SuiteRunnerWorker.runSuite(SuiteRunnerWorker.java:52)
	at org.testng.SuiteRunnerWorker.run(SuiteRunnerWorker.java:84)
	at org.testng.TestNG.runSuitesSequentially(TestNG.java:1208)
	at org.testng.TestNG.runSuitesLocally(TestNG.java:1137)
	at org.testng.TestNG.runSuites(TestNG.java:1049)
	at org.testng.TestNG.run(TestNG.java:1017)
	at com.schemaxtech.testAutomationFrameworkTest.TestRunner.main(TestRunner.java:19)
</pre></div></td>
<td>0</td>
<td>com.schemaxtech.testAutomationFrameworkTest.WorkstationT@47f37ef1</td></tr>
</table><p>
<table width='100%' border='1' class='invocation-passed'>
<tr><td colspan='4' align='center'><b>PASSED TESTS</b></td></tr>
<tr><td><b>Test method</b></td>
<td width="30%"><b>Exception</b></td>
<td width="10%"><b>Time (seconds)</b></td>
<td><b>Instance</b></td>
</tr>
<tr>
<td title='com.schemaxtech.testAutomationFrameworkTest.WorkstationT.updateWorkstationT()'><b>updateWorkstationT</b><br>Test class: com.schemaxtech.testAutomationFrameworkTest.WorkstationT<br>Parameters: Tc_001, {"workstation_type_description":"Testing2","department_type":"abc","workstation_type_code":"planning147"}, {errInfo=The workstation type doesnt exist, workstation_type_code=, status=}, {workstation_type_description=data/workstation_type_description, is_active=data/is_active, errInfo=errInfo, department_type=data/department_type, workstation_type_code=data/workstation_type_code, activated_date=data/activated_date, workstation_type_id=data/workstation_type_id, status=status}</td>
<td></td>
<td>0</td>
<td>com.schemaxtech.testAutomationFrameworkTest.WorkstationT@47f37ef1</td></tr>
<tr>
<td title='com.schemaxtech.testAutomationFrameworkTest.WorkstationT.updateWorkstationT()'><b>updateWorkstationT</b><br>Test class: com.schemaxtech.testAutomationFrameworkTest.WorkstationT<br>Parameters: Tc_002, {"workstation_type_description":"Testing3","department_type":"planning","workstation_type_code":"planning001"}, {errInfo=The workstation type doesnt exist, workstation_type_code=, status=}, {workstation_type_description=data/workstation_type_description, is_active=data/is_active, errInfo=errInfo, department_type=data/department_type, workstation_type_code=data/workstation_type_code, activated_date=data/activated_date, workstation_type_id=data/workstation_type_id, status=status}</td>
<td></td>
<td>0</td>
<td>com.schemaxtech.testAutomationFrameworkTest.WorkstationT@47f37ef1</td></tr>
</table><p>
<table width='100%' border='1' class='invocation-skipped'>
<tr><td colspan='4' align='center'><b>SKIPPED TESTS</b></td></tr>
<tr><td><b>Test method</b></td>
<td width="30%"><b>Exception</b></td>
<td width="10%"><b>Time (seconds)</b></td>
<td><b>Instance</b></td>
</tr>
<tr>
<td title='com.schemaxtech.testAutomationFrameworkTest.WorkstationT.deActivateWorkstation()'><b>deActivateWorkstation</b><br>Test class: com.schemaxtech.testAutomationFrameworkTest.WorkstationT</td>
<td><div><pre>java.lang.RuntimeException: java.lang.NullPointerException
	at com.schemaxtech.testAutomationFrameworkTest.TestRunner.main(TestRunner.java:19)
Caused by: java.lang.NullPointerException
	at org.json.JSONObject.getNames(JSONObject.java:813)
	at com.schemaxtech.testAutomationFramework.TestAutomationUtil.updateJsonWithTestData(TestAutomationUtil.java:446)
	at com.schemaxtech.testAutomationFramework.TestAutomationUtil.updatJsonWithTestDataMaster(TestAutomationUtil.java:427)
	at com.schemaxtech.testAutomationFrameworkTest.WorkstationT.sampleDataProvider(WorkstationT.java:35)
	... 20 more
... Removed 27 stack frames</pre></div><a href='#' onClick='toggleBox("stack-trace409565350", this, "Click to show all stack frames", "Click to hide stack frames")'>Click to show all stack frames</a>
<div class='stack-trace' id='stack-trace409565350'><pre>java.lang.RuntimeException: java.lang.NullPointerException
	at org.testng.internal.MethodInvocationHelper.invokeMethodNoCheckedException(MethodInvocationHelper.java:49)
	at org.testng.internal.MethodInvocationHelper.invokeDataProvider(MethodInvocationHelper.java:131)
	at org.testng.internal.Parameters.handleParameters(Parameters.java:706)
	at org.testng.internal.ParameterHandler.handleParameters(ParameterHandler.java:49)
	at org.testng.internal.ParameterHandler.createParameters(ParameterHandler.java:37)
	at org.testng.internal.Invoker.invokeTestMethods(Invoker.java:924)
	at org.testng.internal.TestMethodWorker.invokeTestMethods(TestMethodWorker.java:125)
	at org.testng.internal.TestMethodWorker.run(TestMethodWorker.java:109)
	at org.testng.TestRunner.privateRun(TestRunner.java:648)
	at org.testng.TestRunner.run(TestRunner.java:505)
	at org.testng.SuiteRunner.runTest(SuiteRunner.java:455)
	at org.testng.SuiteRunner.runSequentially(SuiteRunner.java:450)
	at org.testng.SuiteRunner.privateRun(SuiteRunner.java:415)
	at org.testng.SuiteRunner.run(SuiteRunner.java:364)
	at org.testng.SuiteRunnerWorker.runSuite(SuiteRunnerWorker.java:52)
	at org.testng.SuiteRunnerWorker.run(SuiteRunnerWorker.java:84)
	at org.testng.TestNG.runSuitesSequentially(TestNG.java:1208)
	at org.testng.TestNG.runSuitesLocally(TestNG.java:1137)
	at org.testng.TestNG.runSuites(TestNG.java:1049)
	at org.testng.TestNG.run(TestNG.java:1017)
	at com.schemaxtech.testAutomationFrameworkTest.TestRunner.main(TestRunner.java:19)
Caused by: java.lang.NullPointerException
	at org.json.JSONObject.getNames(JSONObject.java:813)
	at com.schemaxtech.testAutomationFramework.TestAutomationUtil.updateJsonWithTestData(TestAutomationUtil.java:446)
	at com.schemaxtech.testAutomationFramework.TestAutomationUtil.updatJsonWithTestDataMaster(TestAutomationUtil.java:427)
	at com.schemaxtech.testAutomationFrameworkTest.WorkstationT.sampleDataProvider(WorkstationT.java:35)
	at sun.reflect.NativeMethodAccessorImpl.invoke0(Native Method)
	at sun.reflect.NativeMethodAccessorImpl.invoke(NativeMethodAccessorImpl.java:62)
	at sun.reflect.DelegatingMethodAccessorImpl.invoke(DelegatingMethodAccessorImpl.java:43)
	at java.lang.reflect.Method.invoke(Method.java:498)
	at org.testng.internal.MethodInvocationHelper.invokeMethod(MethodInvocationHelper.java:124)
	at org.testng.internal.MethodInvocationHelper.invokeMethod(MethodInvocationHelper.java:74)
	at org.testng.internal.MethodInvocationHelper.invokeMethodNoCheckedException(MethodInvocationHelper.java:45)
	... 20 more
</pre></div></td>
<td>0</td>
<td>com.schemaxtech.testAutomationFrameworkTest.WorkstationT@47f37ef1</td></tr>
<tr>
<td title='com.schemaxtech.testAutomationFrameworkTest.WorkstationT.getWorkstationByWorkstaioncode()'><b>getWorkstationByWorkstaioncode</b><br>Test class: com.schemaxtech.testAutomationFrameworkTest.WorkstationT</td>
<td><div><pre>java.lang.RuntimeException: java.lang.NullPointerException
	at com.schemaxtech.testAutomationFrameworkTest.TestRunner.main(TestRunner.java:19)
Caused by: java.lang.NullPointerException
	at org.json.JSONObject.getNames(JSONObject.java:813)
	at com.schemaxtech.testAutomationFramework.TestAutomationUtil.updateJsonWithTestData(TestAutomationUtil.java:446)
	at com.schemaxtech.testAutomationFramework.TestAutomationUtil.updatJsonWithTestDataMaster(TestAutomationUtil.java:427)
	at com.schemaxtech.testAutomationFrameworkTest.WorkstationT.sampleDataProvider(WorkstationT.java:35)
	... 20 more
... Removed 27 stack frames</pre></div><a href='#' onClick='toggleBox("stack-trace276748028", this, "Click to show all stack frames", "Click to hide stack frames")'>Click to show all stack frames</a>
<div class='stack-trace' id='stack-trace276748028'><pre>java.lang.RuntimeException: java.lang.NullPointerException
	at org.testng.internal.MethodInvocationHelper.invokeMethodNoCheckedException(MethodInvocationHelper.java:49)
	at org.testng.internal.MethodInvocationHelper.invokeDataProvider(MethodInvocationHelper.java:131)
	at org.testng.internal.Parameters.handleParameters(Parameters.java:706)
	at org.testng.internal.ParameterHandler.handleParameters(ParameterHandler.java:49)
	at org.testng.internal.ParameterHandler.createParameters(ParameterHandler.java:37)
	at org.testng.internal.Invoker.invokeTestMethods(Invoker.java:924)
	at org.testng.internal.TestMethodWorker.invokeTestMethods(TestMethodWorker.java:125)
	at org.testng.internal.TestMethodWorker.run(TestMethodWorker.java:109)
	at org.testng.TestRunner.privateRun(TestRunner.java:648)
	at org.testng.TestRunner.run(TestRunner.java:505)
	at org.testng.SuiteRunner.runTest(SuiteRunner.java:455)
	at org.testng.SuiteRunner.runSequentially(SuiteRunner.java:450)
	at org.testng.SuiteRunner.privateRun(SuiteRunner.java:415)
	at org.testng.SuiteRunner.run(SuiteRunner.java:364)
	at org.testng.SuiteRunnerWorker.runSuite(SuiteRunnerWorker.java:52)
	at org.testng.SuiteRunnerWorker.run(SuiteRunnerWorker.java:84)
	at org.testng.TestNG.runSuitesSequentially(TestNG.java:1208)
	at org.testng.TestNG.runSuitesLocally(TestNG.java:1137)
	at org.testng.TestNG.runSuites(TestNG.java:1049)
	at org.testng.TestNG.run(TestNG.java:1017)
	at com.schemaxtech.testAutomationFrameworkTest.TestRunner.main(TestRunner.java:19)
Caused by: java.lang.NullPointerException
	at org.json.JSONObject.getNames(JSONObject.java:813)
	at com.schemaxtech.testAutomationFramework.TestAutomationUtil.updateJsonWithTestData(TestAutomationUtil.java:446)
	at com.schemaxtech.testAutomationFramework.TestAutomationUtil.updatJsonWithTestDataMaster(TestAutomationUtil.java:427)
	at com.schemaxtech.testAutomationFrameworkTest.WorkstationT.sampleDataProvider(WorkstationT.java:35)
	at sun.reflect.NativeMethodAccessorImpl.invoke0(Native Method)
	at sun.reflect.NativeMethodAccessorImpl.invoke(NativeMethodAccessorImpl.java:62)
	at sun.reflect.DelegatingMethodAccessorImpl.invoke(DelegatingMethodAccessorImpl.java:43)
	at java.lang.reflect.Method.invoke(Method.java:498)
	at org.testng.internal.MethodInvocationHelper.invokeMethod(MethodInvocationHelper.java:124)
	at org.testng.internal.MethodInvocationHelper.invokeMethod(MethodInvocationHelper.java:74)
	at org.testng.internal.MethodInvocationHelper.invokeMethodNoCheckedException(MethodInvocationHelper.java:45)
	... 20 more
</pre></div></td>
<td>0</td>
<td>com.schemaxtech.testAutomationFrameworkTest.WorkstationT@47f37ef1</td></tr>
<tr>
<td title='com.schemaxtech.testAutomationFrameworkTest.WorkstationT.updateWorkstation()'><b>updateWorkstation</b><br>Test class: com.schemaxtech.testAutomationFrameworkTest.WorkstationT</td>
<td><div><pre>java.lang.RuntimeException: java.lang.NullPointerException
	at com.schemaxtech.testAutomationFrameworkTest.TestRunner.main(TestRunner.java:19)
Caused by: java.lang.NullPointerException
	at org.json.JSONObject.getNames(JSONObject.java:813)
	at com.schemaxtech.testAutomationFramework.TestAutomationUtil.updateJsonWithTestData(TestAutomationUtil.java:446)
	at com.schemaxtech.testAutomationFramework.TestAutomationUtil.updatJsonWithTestDataMaster(TestAutomationUtil.java:427)
	at com.schemaxtech.testAutomationFrameworkTest.WorkstationT.sampleDataProvider(WorkstationT.java:35)
	... 20 more
... Removed 27 stack frames</pre></div><a href='#' onClick='toggleBox("stack-trace742255664", this, "Click to show all stack frames", "Click to hide stack frames")'>Click to show all stack frames</a>
<div class='stack-trace' id='stack-trace742255664'><pre>java.lang.RuntimeException: java.lang.NullPointerException
	at org.testng.internal.MethodInvocationHelper.invokeMethodNoCheckedException(MethodInvocationHelper.java:49)
	at org.testng.internal.MethodInvocationHelper.invokeDataProvider(MethodInvocationHelper.java:131)
	at org.testng.internal.Parameters.handleParameters(Parameters.java:706)
	at org.testng.internal.ParameterHandler.handleParameters(ParameterHandler.java:49)
	at org.testng.internal.ParameterHandler.createParameters(ParameterHandler.java:37)
	at org.testng.internal.Invoker.invokeTestMethods(Invoker.java:924)
	at org.testng.internal.TestMethodWorker.invokeTestMethods(TestMethodWorker.java:125)
	at org.testng.internal.TestMethodWorker.run(TestMethodWorker.java:109)
	at org.testng.TestRunner.privateRun(TestRunner.java:648)
	at org.testng.TestRunner.run(TestRunner.java:505)
	at org.testng.SuiteRunner.runTest(SuiteRunner.java:455)
	at org.testng.SuiteRunner.runSequentially(SuiteRunner.java:450)
	at org.testng.SuiteRunner.privateRun(SuiteRunner.java:415)
	at org.testng.SuiteRunner.run(SuiteRunner.java:364)
	at org.testng.SuiteRunnerWorker.runSuite(SuiteRunnerWorker.java:52)
	at org.testng.SuiteRunnerWorker.run(SuiteRunnerWorker.java:84)
	at org.testng.TestNG.runSuitesSequentially(TestNG.java:1208)
	at org.testng.TestNG.runSuitesLocally(TestNG.java:1137)
	at org.testng.TestNG.runSuites(TestNG.java:1049)
	at org.testng.TestNG.run(TestNG.java:1017)
	at com.schemaxtech.testAutomationFrameworkTest.TestRunner.main(TestRunner.java:19)
Caused by: java.lang.NullPointerException
	at org.json.JSONObject.getNames(JSONObject.java:813)
	at com.schemaxtech.testAutomationFramework.TestAutomationUtil.updateJsonWithTestData(TestAutomationUtil.java:446)
	at com.schemaxtech.testAutomationFramework.TestAutomationUtil.updatJsonWithTestDataMaster(TestAutomationUtil.java:427)
	at com.schemaxtech.testAutomationFrameworkTest.WorkstationT.sampleDataProvider(WorkstationT.java:35)
	at sun.reflect.NativeMethodAccessorImpl.invoke0(Native Method)
	at sun.reflect.NativeMethodAccessorImpl.invoke(NativeMethodAccessorImpl.java:62)
	at sun.reflect.DelegatingMethodAccessorImpl.invoke(DelegatingMethodAccessorImpl.java:43)
	at java.lang.reflect.Method.invoke(Method.java:498)
	at org.testng.internal.MethodInvocationHelper.invokeMethod(MethodInvocationHelper.java:124)
	at org.testng.internal.MethodInvocationHelper.invokeMethod(MethodInvocationHelper.java:74)
	at org.testng.internal.MethodInvocationHelper.invokeMethodNoCheckedException(MethodInvocationHelper.java:45)
	... 20 more
</pre></div></td>
<td>0</td>
<td>com.schemaxtech.testAutomationFrameworkTest.WorkstationT@47f37ef1</td></tr>
</table><p>
</body>
</html>