<?xml version="1.0" encoding="UTF-8"?>
<!-- Generated by org.testng.reporters.JUnitXMLReporter -->
<testsuite hostname="Gateway-PC" ignored="0" name="Command line test" tests="13" failures="8" timestamp="27 Dec 2019 06:46:52 GMT" time="4.092" errors="0">
  <testcase name="createWorkstationT" time="2.592" classname="com.schemaxtech.testAutomationFrameworkTest.WorkstationT">
    <failure type="java.lang.NullPointerException">
      <![CDATA[java.lang.NullPointerException
at com.schemaxtech.testAutomationFramework.TestAutomationUtil.verifyResponse(TestAutomationUtil.java:323)
at com.schemaxtech.testAutomationFrameworkTest.WorkstationT.createWorkstationT(WorkstationT.java:89)
at com.schemaxtech.testAutomationFrameworkTest.TestRunner.main(TestRunner.java:19)
... Removed 22 stack frames]]>
    </failure>
  </testcase> <!-- createWorkstationT -->
  <testcase name="createWorkstationT" time="0.201" classname="com.schemaxtech.testAutomationFrameworkTest.WorkstationT">
    <failure type="org.json.JSONException" message="JSONObject[&amp;quot;data&amp;quot;] not found.">
      <![CDATA[org.json.JSONException: JSONObject["data"] not found.
at org.json.JSONObject.get(JSONObject.java:566)
at com.schemaxtech.testAutomationFrameworkTest.WorkstationT.createWorkstationT(WorkstationT.java:90)
at com.schemaxtech.testAutomationFrameworkTest.TestRunner.main(TestRunner.java:19)
... Removed 22 stack frames]]>
    </failure>
  </testcase> <!-- createWorkstationT -->
  <testcase name="createWorkstationT" time="0.051" classname="com.schemaxtech.testAutomationFrameworkTest.WorkstationT">
    <failure type="java.lang.NullPointerException">
      <![CDATA[java.lang.NullPointerException
at com.schemaxtech.testAutomationFramework.TestAutomationUtil.verifyResponse(TestAutomationUtil.java:323)
at com.schemaxtech.testAutomationFrameworkTest.WorkstationT.createWorkstationT(WorkstationT.java:89)
at com.schemaxtech.testAutomationFrameworkTest.TestRunner.main(TestRunner.java:19)
... Removed 22 stack frames]]>
    </failure>
  </testcase> <!-- createWorkstationT -->
  <testcase name="updateWorkstation" time="0.0" classname="com.schemaxtech.testAutomationFrameworkTest.WorkstationT">
    <skipped/>
  </testcase> <!-- updateWorkstation -->
  <testcase name="updateWorkstationT" time="0.204" classname="com.schemaxtech.testAutomationFrameworkTest.WorkstationT"/>
  <testcase name="updateWorkstationT" time="0.066" classname="com.schemaxtech.testAutomationFrameworkTest.WorkstationT"/>
  <testcase name="createWtom" time="0.047" classname="com.schemaxtech.testAutomationFrameworkTest.WorkstationT">
    <failure type="java.lang.AssertionError" message="Verification of &amp;apos;status&amp;apos; with value &amp;apos;true&amp;apos; in response json failed expected [true] but found [false]">
      <![CDATA[java.lang.AssertionError: Verification of 'status' with value 'true' in response json failed expected [true] but found [false]
at com.schemaxtech.testAutomationFramework.TestAutomationUtil.verifyResponse(TestAutomationUtil.java:338)
at com.schemaxtech.testAutomationFrameworkTest.WorkstationT.createWtom(WorkstationT.java:120)
at com.schemaxtech.testAutomationFrameworkTest.TestRunner.main(TestRunner.java:19)
... Removed 26 stack frames]]>
    </failure>
  </testcase> <!-- createWtom -->
  <testcase name="createWtom" time="0.056" classname="com.schemaxtech.testAutomationFrameworkTest.WorkstationT">
    <failure type="java.lang.AssertionError" message="Verification of &amp;apos;status&amp;apos; with value &amp;apos;true&amp;apos; in response json failed expected [true] but found [false]">
      <![CDATA[java.lang.AssertionError: Verification of 'status' with value 'true' in response json failed expected [true] but found [false]
at com.schemaxtech.testAutomationFramework.TestAutomationUtil.verifyResponse(TestAutomationUtil.java:338)
at com.schemaxtech.testAutomationFrameworkTest.WorkstationT.createWtom(WorkstationT.java:120)
at com.schemaxtech.testAutomationFrameworkTest.TestRunner.main(TestRunner.java:19)
... Removed 26 stack frames]]>
    </failure>
  </testcase> <!-- createWtom -->
  <testcase name="getWorkstationByWorkstaioncode" time="0.0" classname="com.schemaxtech.testAutomationFrameworkTest.WorkstationT">
    <skipped/>
  </testcase> <!-- getWorkstationByWorkstaioncode -->
  <testcase name="deActivateWorkstation" time="0.0" classname="com.schemaxtech.testAutomationFrameworkTest.WorkstationT">
    <skipped/>
  </testcase> <!-- deActivateWorkstation -->
  <testcase name="createWorkstation" time="0.065" classname="com.schemaxtech.testAutomationFrameworkTest.WorkstationT">
    <failure type="java.lang.NullPointerException">
      <![CDATA[java.lang.NullPointerException
at com.schemaxtech.testAutomationFramework.TestAutomationUtil.verifyResponse(TestAutomationUtil.java:323)
at com.schemaxtech.testAutomationFrameworkTest.WorkstationT.createWorkstation(WorkstationT.java:143)
at com.schemaxtech.testAutomationFrameworkTest.TestRunner.main(TestRunner.java:19)
... Removed 22 stack frames]]>
    </failure>
  </testcase> <!-- createWorkstation -->
  <testcase name="createWorkstation" time="0.077" classname="com.schemaxtech.testAutomationFrameworkTest.WorkstationT">
    <failure type="java.lang.NullPointerException">
      <![CDATA[java.lang.NullPointerException
at com.schemaxtech.testAutomationFramework.TestAutomationUtil.verifyResponse(TestAutomationUtil.java:323)
at com.schemaxtech.testAutomationFrameworkTest.WorkstationT.createWorkstation(WorkstationT.java:143)
at com.schemaxtech.testAutomationFrameworkTest.TestRunner.main(TestRunner.java:19)
... Removed 22 stack frames]]>
    </failure>
  </testcase> <!-- createWorkstation -->
  <testcase name="createWorkstation" time="0.062" classname="com.schemaxtech.testAutomationFrameworkTest.WorkstationT">
    <failure type="java.lang.NullPointerException">
      <![CDATA[java.lang.NullPointerException
at com.schemaxtech.testAutomationFramework.TestAutomationUtil.verifyResponse(TestAutomationUtil.java:323)
at com.schemaxtech.testAutomationFrameworkTest.WorkstationT.createWorkstation(WorkstationT.java:143)
at com.schemaxtech.testAutomationFrameworkTest.TestRunner.main(TestRunner.java:19)
... Removed 22 stack frames]]>
    </failure>
  </testcase> <!-- createWorkstation -->
</testsuite> <!-- Command line test -->
