<!DOCTYPE html PUBLIC "-//W3C//DTD XHTML 1.1//EN" "http://www.w3.org/TR/xhtml11/DTD/xhtml11.dtd">
<html xmlns="http://www.w3.org/1999/xhtml">
<head>
<meta http-equiv="content-type" content="text/html; charset=UTF-8"/>
<title>TestNG Report</title>
<style type="text/css">table {margin-bottom:10px;border-collapse:collapse;empty-cells:show}th,td {border:1px solid #009;padding:.25em .5em}th {vertical-align:bottom}td {vertical-align:top}table a {font-weight:bold}.stripe td {background-color: #E6EBF9}.num {text-align:right}.passedodd td {background-color: #3F3}.passedeven td {background-color: #0A0}.skippedodd td {background-color: #DDD}.skippedeven td {background-color: #CCC}.failedodd td,.attn {background-color: #F33}.failedeven td,.stripe .attn {background-color: #D00}.stacktrace {white-space:pre;font-family:monospace}.totop {font-size:85%;text-align:center;border-bottom:2px solid #000}.invisible {display:none}</style>
</head>
<body>
<table>
<tr><th>Test</th><th># Passed</th><th># Skipped</th><th># Failed</th><th>Time (ms)</th><th>Included Groups</th><th>Excluded Groups</th></tr>
<tr><th colspan="7">Default suite</th></tr>
<tr><td><a href="#t0">Default test</a></td><td class="num">13</td><td class="num">0</td><td class="num attn">10</td><td class="num">4,352</td><td></td><td></td></tr>
</table>
<table id='summary'><thead><tr><th>Class</th><th>Method</th><th>Start</th><th>Time (ms)</th></tr></thead><tbody><tr><th colspan="4">Default suite</th></tr></tbody><tbody id="t0"><tr><th colspan="4">Default test &#8212; failed</th></tr><tr class="failedeven"><td rowspan="10">com.schemaxtech.testAutomationFrameworkTest.WorkstationT</td><td><a href="#m0">createWorkstation</a></td><td rowspan="3">1577449018215</td><td rowspan="3">90</td></tr><tr class="failedeven"><td><a href="#m1">createWorkstation</a></td></tr><tr class="failedeven"><td><a href="#m2">createWorkstation</a></td></tr><tr class="failedeven"><td><a href="#m3">createWorkstationT</a></td><td rowspan="1">1577449016665</td><td rowspan="1">59</td></tr><tr class="failedeven"><td><a href="#m4">getWorkstationByWorkstaioncode</a></td><td rowspan="1">1577449017822</td><td rowspan="1">64</td></tr><tr class="failedeven"><td><a href="#m5">updateWorkstation</a></td><td rowspan="5">1577449017152</td><td rowspan="5">58</td></tr><tr class="failedeven"><td><a href="#m6">updateWorkstation</a></td></tr><tr class="failedeven"><td><a href="#m7">updateWorkstation</a></td></tr><tr class="failedeven"><td><a href="#m8">updateWorkstation</a></td></tr><tr class="failedeven"><td><a href="#m9">updateWorkstation</a></td></tr><tr><th colspan="4">Default test &#8212; passed</th></tr><tr class="passedeven"><td rowspan="13">com.schemaxtech.testAutomationFrameworkTest.WorkstationT</td><td><a href="#m10">createWorkstationT</a></td><td rowspan="2">1577449016728</td><td rowspan="2">177</td></tr><tr class="passedeven"><td><a href="#m11">createWorkstationT</a></td></tr><tr class="passedeven"><td><a href="#m12">createWtom</a></td><td rowspan="2">1577449017685</td><td rowspan="2">52</td></tr><tr class="passedeven"><td><a href="#m13">createWtom</a></td></tr><tr class="passedeven"><td><a href="#m14">deacWtom</a></td><td rowspan="2">1577449018015</td><td rowspan="2">39</td></tr><tr class="passedeven"><td><a href="#m15">deacWtom</a></td></tr><tr class="passedeven"><td><a href="#m16">getWorkstationByWorkstaioncode</a></td><td rowspan="1">1577449017888</td><td rowspan="1">68</td></tr><tr class="passedeven"><td><a href="#m17">updateWorkstation</a></td><td rowspan="4">1577449017212</td><td rowspan="4">54</td></tr><tr class="passedeven"><td><a href="#m18">updateWorkstation</a></td></tr><tr class="passedeven"><td><a href="#m19">updateWorkstation</a></td></tr><tr class="passedeven"><td><a href="#m20">updateWorkstation</a></td></tr><tr class="passedeven"><td><a href="#m21">updateWorkstationT</a></td><td rowspan="2">1577449017561</td><td rowspan="2">66</td></tr><tr class="passedeven"><td><a href="#m22">updateWorkstationT</a></td></tr></tbody>
</table>
<h2>Default test</h2><h3 id="m0">com.schemaxtech.testAutomationFrameworkTest.WorkstationT#createWorkstation</h3><table class="result"><tr class="param"><th>Parameter #1</th><th>Parameter #2</th><th>Parameter #3</th><th>Parameter #4</th></tr><tr class="param stripe"><td>TC_003</td><td>{&quot;workstation_code&quot;:&quot;WOKSTATIONRKS427&quot;,&quot;section_code&quot;:&quot;Section427&quot;,&quot;activated_date&quot;:&quot;string&quot;,&quot;workstation_id&quot;:&quot;string&quot;,&quot;isActive&quot;:true,&quot;workstation_description&quot;:&quot;Sample427&quot;,&quot;workstation_type_id&quot;:&quot;9b09b6af-3646-4819-926e-e8a11c7a45fe&quot;,&quot;deactivated_date&quot;:&quot;string&quot;,&quot;capacity&quot;:0}</td><td>{status=true}</td><td>{workstation_code=data/workstation_code, activated_date=data/activated_date, section_code=data/section_code, workstation_id=data/workstation_id, isActive=isActive, workstation_description=data/workstation_description, workstation_type_id=data/workstation_type_id, deactivated_date=data/deactivated_date, status=status}</td></tr><tr><th colspan="4">Exception</th></tr><tr><td colspan="4"><div class="stacktrace">java.lang.NullPointerException
	at com.schemaxtech.testAutomationFramework.TestAutomationUtil.verifyResponse(TestAutomationUtil.java:323)
	at com.schemaxtech.testAutomationFrameworkTest.WorkstationT.createWorkstation(WorkstationT.java:136)
	at sun.reflect.NativeMethodAccessorImpl.invoke0(Native Method)
	at sun.reflect.NativeMethodAccessorImpl.invoke(NativeMethodAccessorImpl.java:62)
	at sun.reflect.DelegatingMethodAccessorImpl.invoke(DelegatingMethodAccessorImpl.java:43)
	at java.lang.reflect.Method.invoke(Method.java:498)
	at org.testng.internal.MethodInvocationHelper.invokeMethod(MethodInvocationHelper.java:124)
	at org.testng.internal.Invoker.invokeMethod(Invoker.java:583)
	at org.testng.internal.Invoker.invokeTestMethod(Invoker.java:719)
	at org.testng.internal.Invoker.invokeTestMethods(Invoker.java:989)
	at org.testng.internal.TestMethodWorker.invokeTestMethods(TestMethodWorker.java:125)
	at org.testng.internal.TestMethodWorker.run(TestMethodWorker.java:109)
	at org.testng.TestRunner.privateRun(TestRunner.java:648)
	at org.testng.TestRunner.run(TestRunner.java:505)
	at org.testng.SuiteRunner.runTest(SuiteRunner.java:455)
	at org.testng.SuiteRunner.runSequentially(SuiteRunner.java:450)
	at org.testng.SuiteRunner.privateRun(SuiteRunner.java:415)
	at org.testng.SuiteRunner.run(SuiteRunner.java:364)
	at org.testng.SuiteRunnerWorker.runSuite(SuiteRunnerWorker.java:52)
	at org.testng.SuiteRunnerWorker.run(SuiteRunnerWorker.java:84)
	at org.testng.TestNG.runSuitesSequentially(TestNG.java:1208)
	at org.testng.TestNG.runSuitesLocally(TestNG.java:1137)
	at org.testng.TestNG.runSuites(TestNG.java:1049)
	at org.testng.TestNG.run(TestNG.java:1017)
	at org.testng.remote.AbstractRemoteTestNG.run(AbstractRemoteTestNG.java:115)
	at org.testng.remote.RemoteTestNG.initAndRun(RemoteTestNG.java:251)
	at org.testng.remote.RemoteTestNG.main(RemoteTestNG.java:77)
</div></td></tr></table><p class="totop"><a href="#summary">back to summary</a></p>
<h3 id="m1">com.schemaxtech.testAutomationFrameworkTest.WorkstationT#createWorkstation</h3><table class="result"><tr class="param"><th>Parameter #1</th><th>Parameter #2</th><th>Parameter #3</th><th>Parameter #4</th></tr><tr class="param stripe"><td>TC_001</td><td>{&quot;workstation_code&quot;:&quot;&quot;,&quot;section_code&quot;:&quot;Section427&quot;,&quot;activated_date&quot;:&quot;string&quot;,&quot;workstation_id&quot;:&quot;string&quot;,&quot;isActive&quot;:true,&quot;workstation_description&quot;:&quot;Sample427&quot;,&quot;workstation_type_id&quot;:&quot;9b09b6af-3646-4819-926e-e8a11c7a45fe&quot;,&quot;deactivated_date&quot;:&quot;string&quot;,&quot;capacity&quot;:0}</td><td>{status=false}</td><td>{workstation_code=data/workstation_code, activated_date=data/activated_date, section_code=data/section_code, workstation_id=data/workstation_id, isActive=isActive, workstation_description=data/workstation_description, workstation_type_id=data/workstation_type_id, deactivated_date=data/deactivated_date, status=status}</td></tr><tr><th colspan="4">Exception</th></tr><tr><td colspan="4"><div class="stacktrace">java.lang.NullPointerException
	at com.schemaxtech.testAutomationFramework.TestAutomationUtil.verifyResponse(TestAutomationUtil.java:323)
	at com.schemaxtech.testAutomationFrameworkTest.WorkstationT.createWorkstation(WorkstationT.java:136)
	at sun.reflect.NativeMethodAccessorImpl.invoke0(Native Method)
	at sun.reflect.NativeMethodAccessorImpl.invoke(NativeMethodAccessorImpl.java:62)
	at sun.reflect.DelegatingMethodAccessorImpl.invoke(DelegatingMethodAccessorImpl.java:43)
	at java.lang.reflect.Method.invoke(Method.java:498)
	at org.testng.internal.MethodInvocationHelper.invokeMethod(MethodInvocationHelper.java:124)
	at org.testng.internal.Invoker.invokeMethod(Invoker.java:583)
	at org.testng.internal.Invoker.invokeTestMethod(Invoker.java:719)
	at org.testng.internal.Invoker.invokeTestMethods(Invoker.java:989)
	at org.testng.internal.TestMethodWorker.invokeTestMethods(TestMethodWorker.java:125)
	at org.testng.internal.TestMethodWorker.run(TestMethodWorker.java:109)
	at org.testng.TestRunner.privateRun(TestRunner.java:648)
	at org.testng.TestRunner.run(TestRunner.java:505)
	at org.testng.SuiteRunner.runTest(SuiteRunner.java:455)
	at org.testng.SuiteRunner.runSequentially(SuiteRunner.java:450)
	at org.testng.SuiteRunner.privateRun(SuiteRunner.java:415)
	at org.testng.SuiteRunner.run(SuiteRunner.java:364)
	at org.testng.SuiteRunnerWorker.runSuite(SuiteRunnerWorker.java:52)
	at org.testng.SuiteRunnerWorker.run(SuiteRunnerWorker.java:84)
	at org.testng.TestNG.runSuitesSequentially(TestNG.java:1208)
	at org.testng.TestNG.runSuitesLocally(TestNG.java:1137)
	at org.testng.TestNG.runSuites(TestNG.java:1049)
	at org.testng.TestNG.run(TestNG.java:1017)
	at org.testng.remote.AbstractRemoteTestNG.run(AbstractRemoteTestNG.java:115)
	at org.testng.remote.RemoteTestNG.initAndRun(RemoteTestNG.java:251)
	at org.testng.remote.RemoteTestNG.main(RemoteTestNG.java:77)
</div></td></tr></table><p class="totop"><a href="#summary">back to summary</a></p>
<h3 id="m2">com.schemaxtech.testAutomationFrameworkTest.WorkstationT#createWorkstation</h3><table class="result"><tr class="param"><th>Parameter #1</th><th>Parameter #2</th><th>Parameter #3</th><th>Parameter #4</th></tr><tr class="param stripe"><td>TC_002</td><td>{&quot;workstation_code&quot;:&quot;WOKSTATIONRKS427&quot;,&quot;section_code&quot;:&quot;&quot;,&quot;activated_date&quot;:&quot;string&quot;,&quot;workstation_id&quot;:&quot;string&quot;,&quot;isActive&quot;:true,&quot;workstation_description&quot;:&quot;Sample427&quot;,&quot;workstation_type_id&quot;:&quot;9b09b6af-3646-4819-926e-e8a11c7a45fe&quot;,&quot;deactivated_date&quot;:&quot;string&quot;,&quot;capacity&quot;:0}</td><td>{status=false}</td><td>{workstation_code=data/workstation_code, activated_date=data/activated_date, section_code=data/section_code, workstation_id=data/workstation_id, isActive=isActive, workstation_description=data/workstation_description, workstation_type_id=data/workstation_type_id, deactivated_date=data/deactivated_date, status=status}</td></tr><tr><th colspan="4">Exception</th></tr><tr><td colspan="4"><div class="stacktrace">java.lang.NullPointerException
	at com.schemaxtech.testAutomationFramework.TestAutomationUtil.verifyResponse(TestAutomationUtil.java:323)
	at com.schemaxtech.testAutomationFrameworkTest.WorkstationT.createWorkstation(WorkstationT.java:136)
	at sun.reflect.NativeMethodAccessorImpl.invoke0(Native Method)
	at sun.reflect.NativeMethodAccessorImpl.invoke(NativeMethodAccessorImpl.java:62)
	at sun.reflect.DelegatingMethodAccessorImpl.invoke(DelegatingMethodAccessorImpl.java:43)
	at java.lang.reflect.Method.invoke(Method.java:498)
	at org.testng.internal.MethodInvocationHelper.invokeMethod(MethodInvocationHelper.java:124)
	at org.testng.internal.Invoker.invokeMethod(Invoker.java:583)
	at org.testng.internal.Invoker.invokeTestMethod(Invoker.java:719)
	at org.testng.internal.Invoker.invokeTestMethods(Invoker.java:989)
	at org.testng.internal.TestMethodWorker.invokeTestMethods(TestMethodWorker.java:125)
	at org.testng.internal.TestMethodWorker.run(TestMethodWorker.java:109)
	at org.testng.TestRunner.privateRun(TestRunner.java:648)
	at org.testng.TestRunner.run(TestRunner.java:505)
	at org.testng.SuiteRunner.runTest(SuiteRunner.java:455)
	at org.testng.SuiteRunner.runSequentially(SuiteRunner.java:450)
	at org.testng.SuiteRunner.privateRun(SuiteRunner.java:415)
	at org.testng.SuiteRunner.run(SuiteRunner.java:364)
	at org.testng.SuiteRunnerWorker.runSuite(SuiteRunnerWorker.java:52)
	at org.testng.SuiteRunnerWorker.run(SuiteRunnerWorker.java:84)
	at org.testng.TestNG.runSuitesSequentially(TestNG.java:1208)
	at org.testng.TestNG.runSuitesLocally(TestNG.java:1137)
	at org.testng.TestNG.runSuites(TestNG.java:1049)
	at org.testng.TestNG.run(TestNG.java:1017)
	at org.testng.remote.AbstractRemoteTestNG.run(AbstractRemoteTestNG.java:115)
	at org.testng.remote.RemoteTestNG.initAndRun(RemoteTestNG.java:251)
	at org.testng.remote.RemoteTestNG.main(RemoteTestNG.java:77)
</div></td></tr></table><p class="totop"><a href="#summary">back to summary</a></p>
<h3 id="m3">com.schemaxtech.testAutomationFrameworkTest.WorkstationT#createWorkstationT</h3><table class="result"><tr class="param"><th>Parameter #1</th><th>Parameter #2</th><th>Parameter #3</th><th>Parameter #4</th></tr><tr class="param stripe"><td>Tc_001</td><td>{&quot;workstation_type_description&quot;:&quot;Testing1&quot;,&quot;department_type&quot;:&quot;abc1&quot;,&quot;workstation_type_code&quot;:&quot;planning427&quot;}</td><td>{errInfo=The department type doesnt exist, workstation_type_code=}</td><td>{workstation_type_description=data/workstation_type_description, errInfo=errInfo, department_type=data/department_type, workstation_type_code=data/workstation_type_code, activated_date=data/activated_date, workstation_type_id=data/workstation_type_id, status=status}</td></tr><tr><th colspan="4">Exception</th></tr><tr><td colspan="4"><div class="stacktrace">org.json.JSONException: JSONObject[&quot;data&quot;] not found.
	at org.json.JSONObject.get(JSONObject.java:566)
	at com.schemaxtech.testAutomationFrameworkTest.WorkstationT.createWorkstationT(WorkstationT.java:90)
	at sun.reflect.NativeMethodAccessorImpl.invoke0(Native Method)
	at sun.reflect.NativeMethodAccessorImpl.invoke(NativeMethodAccessorImpl.java:62)
	at sun.reflect.DelegatingMethodAccessorImpl.invoke(DelegatingMethodAccessorImpl.java:43)
	at java.lang.reflect.Method.invoke(Method.java:498)
	at org.testng.internal.MethodInvocationHelper.invokeMethod(MethodInvocationHelper.java:124)
	at org.testng.internal.Invoker.invokeMethod(Invoker.java:583)
	at org.testng.internal.Invoker.invokeTestMethod(Invoker.java:719)
	at org.testng.internal.Invoker.invokeTestMethods(Invoker.java:989)
	at org.testng.internal.TestMethodWorker.invokeTestMethods(TestMethodWorker.java:125)
	at org.testng.internal.TestMethodWorker.run(TestMethodWorker.java:109)
	at org.testng.TestRunner.privateRun(TestRunner.java:648)
	at org.testng.TestRunner.run(TestRunner.java:505)
	at org.testng.SuiteRunner.runTest(SuiteRunner.java:455)
	at org.testng.SuiteRunner.runSequentially(SuiteRunner.java:450)
	at org.testng.SuiteRunner.privateRun(SuiteRunner.java:415)
	at org.testng.SuiteRunner.run(SuiteRunner.java:364)
	at org.testng.SuiteRunnerWorker.runSuite(SuiteRunnerWorker.java:52)
	at org.testng.SuiteRunnerWorker.run(SuiteRunnerWorker.java:84)
	at org.testng.TestNG.runSuitesSequentially(TestNG.java:1208)
	at org.testng.TestNG.runSuitesLocally(TestNG.java:1137)
	at org.testng.TestNG.runSuites(TestNG.java:1049)
	at org.testng.TestNG.run(TestNG.java:1017)
	at org.testng.remote.AbstractRemoteTestNG.run(AbstractRemoteTestNG.java:115)
	at org.testng.remote.RemoteTestNG.initAndRun(RemoteTestNG.java:251)
	at org.testng.remote.RemoteTestNG.main(RemoteTestNG.java:77)
</div></td></tr></table><p class="totop"><a href="#summary">back to summary</a></p>
<h3 id="m4">com.schemaxtech.testAutomationFrameworkTest.WorkstationT#getWorkstationByWorkstaioncode</h3><table class="result"><tr class="param"><th>Parameter #1</th><th>Parameter #2</th><th>Parameter #3</th><th>Parameter #4</th></tr><tr class="param stripe"><td>TC_001</td><td>{&quot;workstation_type_id&quot;:&quot;9b09b6af-3646-4819-926e-e8a11c7a45fe&quot;,&quot;workstation_id&quot;:&quot;983dc0e1-12d4-456e-a8ac-7e0125fd7966&quot;}</td><td>{status=true}</td><td>{workstation_code=data/workstation_code, activated_date=data/activated_date, section_code=data/section_code, workstation_id=data/workstation_id, isActive=isActive, workstation_description=data/workstation_description, deactivated_date=data/deactivated_date, workstation_type_id=data/workstation_type_id, status=status}</td></tr><tr><th colspan="4">Exception</th></tr><tr><td colspan="4"><div class="stacktrace">java.lang.AssertionError: Verification of &apos;status&apos; with value &apos;true&apos; in response json failed expected [true] but found [false]
	at org.testng.Assert.fail(Assert.java:96)
	at org.testng.Assert.failNotEquals(Assert.java:776)
	at org.testng.Assert.assertEqualsImpl(Assert.java:137)
	at org.testng.Assert.assertEquals(Assert.java:118)
	at com.schemaxtech.testAutomationFramework.TestAutomationUtil.verifyResponse(TestAutomationUtil.java:338)
	at com.schemaxtech.testAutomationFrameworkTest.WorkstationT.getWorkstationByWorkstaioncode(WorkstationT.java:146)
	at sun.reflect.NativeMethodAccessorImpl.invoke0(Native Method)
	at sun.reflect.NativeMethodAccessorImpl.invoke(NativeMethodAccessorImpl.java:62)
	at sun.reflect.DelegatingMethodAccessorImpl.invoke(DelegatingMethodAccessorImpl.java:43)
	at java.lang.reflect.Method.invoke(Method.java:498)
	at org.testng.internal.MethodInvocationHelper.invokeMethod(MethodInvocationHelper.java:124)
	at org.testng.internal.Invoker.invokeMethod(Invoker.java:583)
	at org.testng.internal.Invoker.invokeTestMethod(Invoker.java:719)
	at org.testng.internal.Invoker.invokeTestMethods(Invoker.java:989)
	at org.testng.internal.TestMethodWorker.invokeTestMethods(TestMethodWorker.java:125)
	at org.testng.internal.TestMethodWorker.run(TestMethodWorker.java:109)
	at org.testng.TestRunner.privateRun(TestRunner.java:648)
	at org.testng.TestRunner.run(TestRunner.java:505)
	at org.testng.SuiteRunner.runTest(SuiteRunner.java:455)
	at org.testng.SuiteRunner.runSequentially(SuiteRunner.java:450)
	at org.testng.SuiteRunner.privateRun(SuiteRunner.java:415)
	at org.testng.SuiteRunner.run(SuiteRunner.java:364)
	at org.testng.SuiteRunnerWorker.runSuite(SuiteRunnerWorker.java:52)
	at org.testng.SuiteRunnerWorker.run(SuiteRunnerWorker.java:84)
	at org.testng.TestNG.runSuitesSequentially(TestNG.java:1208)
	at org.testng.TestNG.runSuitesLocally(TestNG.java:1137)
	at org.testng.TestNG.runSuites(TestNG.java:1049)
	at org.testng.TestNG.run(TestNG.java:1017)
	at org.testng.remote.AbstractRemoteTestNG.run(AbstractRemoteTestNG.java:115)
	at org.testng.remote.RemoteTestNG.initAndRun(RemoteTestNG.java:251)
	at org.testng.remote.RemoteTestNG.main(RemoteTestNG.java:77)
</div></td></tr></table><p class="totop"><a href="#summary">back to summary</a></p>
<h3 id="m5">com.schemaxtech.testAutomationFrameworkTest.WorkstationT#updateWorkstation</h3><table class="result"><tr class="param"><th>Parameter #1</th><th>Parameter #2</th><th>Parameter #3</th><th>Parameter #4</th></tr><tr class="param stripe"><td>TC_004</td><td>{&quot;workstation_code&quot;:6,&quot;section_code&quot;:&quot;sec1&quot;,&quot;activated_date&quot;:&quot;&quot;,&quot;workstation_id&quot;:&quot;f884a94f-0c94-48e5-ab8c-cb80acb9d0cf&quot;,&quot;isActive&quot;:&quot;&quot;,&quot;workstation_description&quot;:&quot;cutting6445try3&quot;,&quot;workstation_type_id&quot;:&quot;&quot;,&quot;deactivated_date&quot;:&quot;&quot;}</td><td>{workstation_id=, workstation_type_id=, status=true}</td><td>{workstation_code=data/workstation_code, section_code=data/section_code, workstation_id=data/workstation_id, workstation_description=data/workstation_description, workstation_type_id=data/workstation_type_id, status=status}</td></tr><tr><th colspan="4">Exception</th></tr><tr><td colspan="4"><div class="stacktrace">java.lang.AssertionError: Verification of &apos;status&apos; with value &apos;true&apos; in response json failed expected [true] but found [false]
	at org.testng.Assert.fail(Assert.java:96)
	at org.testng.Assert.failNotEquals(Assert.java:776)
	at org.testng.Assert.assertEqualsImpl(Assert.java:137)
	at org.testng.Assert.assertEquals(Assert.java:118)
	at com.schemaxtech.testAutomationFramework.TestAutomationUtil.verifyResponse(TestAutomationUtil.java:338)
	at com.schemaxtech.testAutomationFrameworkTest.WorkstationT.updateWorkstation(WorkstationT.java:156)
	at sun.reflect.NativeMethodAccessorImpl.invoke0(Native Method)
	at sun.reflect.NativeMethodAccessorImpl.invoke(NativeMethodAccessorImpl.java:62)
	at sun.reflect.DelegatingMethodAccessorImpl.invoke(DelegatingMethodAccessorImpl.java:43)
	at java.lang.reflect.Method.invoke(Method.java:498)
	at org.testng.internal.MethodInvocationHelper.invokeMethod(MethodInvocationHelper.java:124)
	at org.testng.internal.Invoker.invokeMethod(Invoker.java:583)
	at org.testng.internal.Invoker.invokeTestMethod(Invoker.java:719)
	at org.testng.internal.Invoker.invokeTestMethods(Invoker.java:989)
	at org.testng.internal.TestMethodWorker.invokeTestMethods(TestMethodWorker.java:125)
	at org.testng.internal.TestMethodWorker.run(TestMethodWorker.java:109)
	at org.testng.TestRunner.privateRun(TestRunner.java:648)
	at org.testng.TestRunner.run(TestRunner.java:505)
	at org.testng.SuiteRunner.runTest(SuiteRunner.java:455)
	at org.testng.SuiteRunner.runSequentially(SuiteRunner.java:450)
	at org.testng.SuiteRunner.privateRun(SuiteRunner.java:415)
	at org.testng.SuiteRunner.run(SuiteRunner.java:364)
	at org.testng.SuiteRunnerWorker.runSuite(SuiteRunnerWorker.java:52)
	at org.testng.SuiteRunnerWorker.run(SuiteRunnerWorker.java:84)
	at org.testng.TestNG.runSuitesSequentially(TestNG.java:1208)
	at org.testng.TestNG.runSuitesLocally(TestNG.java:1137)
	at org.testng.TestNG.runSuites(TestNG.java:1049)
	at org.testng.TestNG.run(TestNG.java:1017)
	at org.testng.remote.AbstractRemoteTestNG.run(AbstractRemoteTestNG.java:115)
	at org.testng.remote.RemoteTestNG.initAndRun(RemoteTestNG.java:251)
	at org.testng.remote.RemoteTestNG.main(RemoteTestNG.java:77)
</div></td></tr></table><p class="totop"><a href="#summary">back to summary</a></p>
<h3 id="m6">com.schemaxtech.testAutomationFrameworkTest.WorkstationT#updateWorkstation</h3><table class="result"><tr class="param"><th>Parameter #1</th><th>Parameter #2</th><th>Parameter #3</th><th>Parameter #4</th></tr><tr class="param stripe"><td>TC_007</td><td>{&quot;workstation_code&quot;:6,&quot;section_code&quot;:&quot;sec1&quot;,&quot;activated_date&quot;:&quot;&quot;,&quot;workstation_id&quot;:&quot;f884a94f-0c94-48e5-ab8c-cb80acb9d0cf&quot;,&quot;isActive&quot;:&quot;&quot;,&quot;workstation_description&quot;:&quot;cutting6445try3&quot;,&quot;workstation_type_id&quot;:&quot;bc06c472-e364-4852-89dd&quot;,&quot;deactivated_date&quot;:&quot;&quot;}</td><td>{workstation_id=, workstation_type_id=, status=true}</td><td>{workstation_code=data/workstation_code, section_code=data/section_code, workstation_id=data/workstation_id, workstation_description=data/workstation_description, workstation_type_id=data/workstation_type_id, status=status}</td></tr><tr><th colspan="4">Exception</th></tr><tr><td colspan="4"><div class="stacktrace">java.lang.AssertionError: Verification of &apos;status&apos; with value &apos;true&apos; in response json failed expected [true] but found [false]
	at org.testng.Assert.fail(Assert.java:96)
	at org.testng.Assert.failNotEquals(Assert.java:776)
	at org.testng.Assert.assertEqualsImpl(Assert.java:137)
	at org.testng.Assert.assertEquals(Assert.java:118)
	at com.schemaxtech.testAutomationFramework.TestAutomationUtil.verifyResponse(TestAutomationUtil.java:338)
	at com.schemaxtech.testAutomationFrameworkTest.WorkstationT.updateWorkstation(WorkstationT.java:156)
	at sun.reflect.NativeMethodAccessorImpl.invoke0(Native Method)
	at sun.reflect.NativeMethodAccessorImpl.invoke(NativeMethodAccessorImpl.java:62)
	at sun.reflect.DelegatingMethodAccessorImpl.invoke(DelegatingMethodAccessorImpl.java:43)
	at java.lang.reflect.Method.invoke(Method.java:498)
	at org.testng.internal.MethodInvocationHelper.invokeMethod(MethodInvocationHelper.java:124)
	at org.testng.internal.Invoker.invokeMethod(Invoker.java:583)
	at org.testng.internal.Invoker.invokeTestMethod(Invoker.java:719)
	at org.testng.internal.Invoker.invokeTestMethods(Invoker.java:989)
	at org.testng.internal.TestMethodWorker.invokeTestMethods(TestMethodWorker.java:125)
	at org.testng.internal.TestMethodWorker.run(TestMethodWorker.java:109)
	at org.testng.TestRunner.privateRun(TestRunner.java:648)
	at org.testng.TestRunner.run(TestRunner.java:505)
	at org.testng.SuiteRunner.runTest(SuiteRunner.java:455)
	at org.testng.SuiteRunner.runSequentially(SuiteRunner.java:450)
	at org.testng.SuiteRunner.privateRun(SuiteRunner.java:415)
	at org.testng.SuiteRunner.run(SuiteRunner.java:364)
	at org.testng.SuiteRunnerWorker.runSuite(SuiteRunnerWorker.java:52)
	at org.testng.SuiteRunnerWorker.run(SuiteRunnerWorker.java:84)
	at org.testng.TestNG.runSuitesSequentially(TestNG.java:1208)
	at org.testng.TestNG.runSuitesLocally(TestNG.java:1137)
	at org.testng.TestNG.runSuites(TestNG.java:1049)
	at org.testng.TestNG.run(TestNG.java:1017)
	at org.testng.remote.AbstractRemoteTestNG.run(AbstractRemoteTestNG.java:115)
	at org.testng.remote.RemoteTestNG.initAndRun(RemoteTestNG.java:251)
	at org.testng.remote.RemoteTestNG.main(RemoteTestNG.java:77)
</div></td></tr></table><p class="totop"><a href="#summary">back to summary</a></p>
<h3 id="m7">com.schemaxtech.testAutomationFrameworkTest.WorkstationT#updateWorkstation</h3><table class="result"><tr class="param"><th>Parameter #1</th><th>Parameter #2</th><th>Parameter #3</th><th>Parameter #4</th></tr><tr class="param stripe"><td>TC_009</td><td>{&quot;workstation_code&quot;:6,&quot;section_code&quot;:&quot;sec16&quot;,&quot;activated_date&quot;:&quot;&quot;,&quot;workstation_id&quot;:&quot;f884a94f-0c94-48e5-ab8c-cb80acb9d0cf&quot;,&quot;isActive&quot;:&quot;&quot;,&quot;workstation_description&quot;:&quot;cutting6445try3&quot;,&quot;workstation_type_id&quot;:&quot;ad336703-f3e3-4d6e-bcc4-0cd39c816de6&quot;,&quot;deactivated_date&quot;:&quot;&quot;}</td><td>{workstation_id=, workstation_type_id=, status=true}</td><td>{workstation_code=data/workstation_code, section_code=data/section_code, workstation_id=data/workstation_id, workstation_description=data/workstation_description, workstation_type_id=data/workstation_type_id, status=status}</td></tr><tr><th colspan="4">Exception</th></tr><tr><td colspan="4"><div class="stacktrace">java.lang.AssertionError: Verification of &apos;status&apos; with value &apos;true&apos; in response json failed expected [true] but found [false]
	at org.testng.Assert.fail(Assert.java:96)
	at org.testng.Assert.failNotEquals(Assert.java:776)
	at org.testng.Assert.assertEqualsImpl(Assert.java:137)
	at org.testng.Assert.assertEquals(Assert.java:118)
	at com.schemaxtech.testAutomationFramework.TestAutomationUtil.verifyResponse(TestAutomationUtil.java:338)
	at com.schemaxtech.testAutomationFrameworkTest.WorkstationT.updateWorkstation(WorkstationT.java:156)
	at sun.reflect.NativeMethodAccessorImpl.invoke0(Native Method)
	at sun.reflect.NativeMethodAccessorImpl.invoke(NativeMethodAccessorImpl.java:62)
	at sun.reflect.DelegatingMethodAccessorImpl.invoke(DelegatingMethodAccessorImpl.java:43)
	at java.lang.reflect.Method.invoke(Method.java:498)
	at org.testng.internal.MethodInvocationHelper.invokeMethod(MethodInvocationHelper.java:124)
	at org.testng.internal.Invoker.invokeMethod(Invoker.java:583)
	at org.testng.internal.Invoker.invokeTestMethod(Invoker.java:719)
	at org.testng.internal.Invoker.invokeTestMethods(Invoker.java:989)
	at org.testng.internal.TestMethodWorker.invokeTestMethods(TestMethodWorker.java:125)
	at org.testng.internal.TestMethodWorker.run(TestMethodWorker.java:109)
	at org.testng.TestRunner.privateRun(TestRunner.java:648)
	at org.testng.TestRunner.run(TestRunner.java:505)
	at org.testng.SuiteRunner.runTest(SuiteRunner.java:455)
	at org.testng.SuiteRunner.runSequentially(SuiteRunner.java:450)
	at org.testng.SuiteRunner.privateRun(SuiteRunner.java:415)
	at org.testng.SuiteRunner.run(SuiteRunner.java:364)
	at org.testng.SuiteRunnerWorker.runSuite(SuiteRunnerWorker.java:52)
	at org.testng.SuiteRunnerWorker.run(SuiteRunnerWorker.java:84)
	at org.testng.TestNG.runSuitesSequentially(TestNG.java:1208)
	at org.testng.TestNG.runSuitesLocally(TestNG.java:1137)
	at org.testng.TestNG.runSuites(TestNG.java:1049)
	at org.testng.TestNG.run(TestNG.java:1017)
	at org.testng.remote.AbstractRemoteTestNG.run(AbstractRemoteTestNG.java:115)
	at org.testng.remote.RemoteTestNG.initAndRun(RemoteTestNG.java:251)
	at org.testng.remote.RemoteTestNG.main(RemoteTestNG.java:77)
</div></td></tr></table><p class="totop"><a href="#summary">back to summary</a></p>
<h3 id="m8">com.schemaxtech.testAutomationFrameworkTest.WorkstationT#updateWorkstation</h3><table class="result"><tr class="param"><th>Parameter #1</th><th>Parameter #2</th><th>Parameter #3</th><th>Parameter #4</th></tr><tr class="param stripe"><td>TC_003</td><td>{&quot;workstation_code&quot;:6,&quot;section_code&quot;:&quot;sec1&quot;,&quot;activated_date&quot;:&quot;&quot;,&quot;workstation_id&quot;:&quot;f884a94f-0c94-48e5-ab8c-cb80acb9d0cf&quot;,&quot;isActive&quot;:&quot;&quot;,&quot;workstation_description&quot;:&quot;&quot;,&quot;workstation_type_id&quot;:&quot;ad336703-f3e3-4d6e-bcc4-0cd39c816de6&quot;,&quot;deactivated_date&quot;:&quot;&quot;}</td><td>{workstation_id=, workstation_type_id=, status=true}</td><td>{workstation_code=data/workstation_code, section_code=data/section_code, workstation_id=data/workstation_id, workstation_description=data/workstation_description, workstation_type_id=data/workstation_type_id, status=status}</td></tr><tr><th colspan="4">Exception</th></tr><tr><td colspan="4"><div class="stacktrace">java.lang.AssertionError: Verification of &apos;status&apos; with value &apos;true&apos; in response json failed expected [true] but found [false]
	at org.testng.Assert.fail(Assert.java:96)
	at org.testng.Assert.failNotEquals(Assert.java:776)
	at org.testng.Assert.assertEqualsImpl(Assert.java:137)
	at org.testng.Assert.assertEquals(Assert.java:118)
	at com.schemaxtech.testAutomationFramework.TestAutomationUtil.verifyResponse(TestAutomationUtil.java:338)
	at com.schemaxtech.testAutomationFrameworkTest.WorkstationT.updateWorkstation(WorkstationT.java:156)
	at sun.reflect.NativeMethodAccessorImpl.invoke0(Native Method)
	at sun.reflect.NativeMethodAccessorImpl.invoke(NativeMethodAccessorImpl.java:62)
	at sun.reflect.DelegatingMethodAccessorImpl.invoke(DelegatingMethodAccessorImpl.java:43)
	at java.lang.reflect.Method.invoke(Method.java:498)
	at org.testng.internal.MethodInvocationHelper.invokeMethod(MethodInvocationHelper.java:124)
	at org.testng.internal.Invoker.invokeMethod(Invoker.java:583)
	at org.testng.internal.Invoker.invokeTestMethod(Invoker.java:719)
	at org.testng.internal.Invoker.invokeTestMethods(Invoker.java:989)
	at org.testng.internal.TestMethodWorker.invokeTestMethods(TestMethodWorker.java:125)
	at org.testng.internal.TestMethodWorker.run(TestMethodWorker.java:109)
	at org.testng.TestRunner.privateRun(TestRunner.java:648)
	at org.testng.TestRunner.run(TestRunner.java:505)
	at org.testng.SuiteRunner.runTest(SuiteRunner.java:455)
	at org.testng.SuiteRunner.runSequentially(SuiteRunner.java:450)
	at org.testng.SuiteRunner.privateRun(SuiteRunner.java:415)
	at org.testng.SuiteRunner.run(SuiteRunner.java:364)
	at org.testng.SuiteRunnerWorker.runSuite(SuiteRunnerWorker.java:52)
	at org.testng.SuiteRunnerWorker.run(SuiteRunnerWorker.java:84)
	at org.testng.TestNG.runSuitesSequentially(TestNG.java:1208)
	at org.testng.TestNG.runSuitesLocally(TestNG.java:1137)
	at org.testng.TestNG.runSuites(TestNG.java:1049)
	at org.testng.TestNG.run(TestNG.java:1017)
	at org.testng.remote.AbstractRemoteTestNG.run(AbstractRemoteTestNG.java:115)
	at org.testng.remote.RemoteTestNG.initAndRun(RemoteTestNG.java:251)
	at org.testng.remote.RemoteTestNG.main(RemoteTestNG.java:77)
</div></td></tr></table><p class="totop"><a href="#summary">back to summary</a></p>
<h3 id="m9">com.schemaxtech.testAutomationFrameworkTest.WorkstationT#updateWorkstation</h3><table class="result"><tr class="param"><th>Parameter #1</th><th>Parameter #2</th><th>Parameter #3</th><th>Parameter #4</th></tr><tr class="param stripe"><td>TC_001</td><td>{&quot;workstation_code&quot;:2,&quot;section_code&quot;:&quot;P12345&quot;,&quot;activated_date&quot;:&quot;&quot;,&quot;workstation_id&quot;:&quot;dbc66a82-5361-4eb4-9d98-f7c612286778&quot;,&quot;isActive&quot;:&quot;&quot;,&quot;workstation_description&quot;:&quot;cutting6445try3900000&quot;,&quot;workstation_type_id&quot;:&quot;ad336703-f3e3-4d6e-bcc4-0cd39c816de6&quot;,&quot;deactivated_date&quot;:&quot;&quot;}</td><td>{workstation_id=, workstation_type_id=, status=true}</td><td>{workstation_code=data/workstation_code, section_code=data/section_code, workstation_id=data/workstation_id, workstation_description=data/workstation_description, workstation_type_id=data/workstation_type_id, status=status}</td></tr><tr><th colspan="4">Exception</th></tr><tr><td colspan="4"><div class="stacktrace">java.lang.AssertionError: Verification of &apos;status&apos; with value &apos;true&apos; in response json failed expected [true] but found [false]
	at org.testng.Assert.fail(Assert.java:96)
	at org.testng.Assert.failNotEquals(Assert.java:776)
	at org.testng.Assert.assertEqualsImpl(Assert.java:137)
	at org.testng.Assert.assertEquals(Assert.java:118)
	at com.schemaxtech.testAutomationFramework.TestAutomationUtil.verifyResponse(TestAutomationUtil.java:338)
	at com.schemaxtech.testAutomationFrameworkTest.WorkstationT.updateWorkstation(WorkstationT.java:156)
	at sun.reflect.NativeMethodAccessorImpl.invoke0(Native Method)
	at sun.reflect.NativeMethodAccessorImpl.invoke(NativeMethodAccessorImpl.java:62)
	at sun.reflect.DelegatingMethodAccessorImpl.invoke(DelegatingMethodAccessorImpl.java:43)
	at java.lang.reflect.Method.invoke(Method.java:498)
	at org.testng.internal.MethodInvocationHelper.invokeMethod(MethodInvocationHelper.java:124)
	at org.testng.internal.Invoker.invokeMethod(Invoker.java:583)
	at org.testng.internal.Invoker.invokeTestMethod(Invoker.java:719)
	at org.testng.internal.Invoker.invokeTestMethods(Invoker.java:989)
	at org.testng.internal.TestMethodWorker.invokeTestMethods(TestMethodWorker.java:125)
	at org.testng.internal.TestMethodWorker.run(TestMethodWorker.java:109)
	at org.testng.TestRunner.privateRun(TestRunner.java:648)
	at org.testng.TestRunner.run(TestRunner.java:505)
	at org.testng.SuiteRunner.runTest(SuiteRunner.java:455)
	at org.testng.SuiteRunner.runSequentially(SuiteRunner.java:450)
	at org.testng.SuiteRunner.privateRun(SuiteRunner.java:415)
	at org.testng.SuiteRunner.run(SuiteRunner.java:364)
	at org.testng.SuiteRunnerWorker.runSuite(SuiteRunnerWorker.java:52)
	at org.testng.SuiteRunnerWorker.run(SuiteRunnerWorker.java:84)
	at org.testng.TestNG.runSuitesSequentially(TestNG.java:1208)
	at org.testng.TestNG.runSuitesLocally(TestNG.java:1137)
	at org.testng.TestNG.runSuites(TestNG.java:1049)
	at org.testng.TestNG.run(TestNG.java:1017)
	at org.testng.remote.AbstractRemoteTestNG.run(AbstractRemoteTestNG.java:115)
	at org.testng.remote.RemoteTestNG.initAndRun(RemoteTestNG.java:251)
	at org.testng.remote.RemoteTestNG.main(RemoteTestNG.java:77)
</div></td></tr></table><p class="totop"><a href="#summary">back to summary</a></p>
<h3 id="m10">com.schemaxtech.testAutomationFrameworkTest.WorkstationT#createWorkstationT</h3><table class="result"><tr class="param"><th>Parameter #1</th><th>Parameter #2</th><th>Parameter #3</th><th>Parameter #4</th></tr><tr class="param stripe"><td>Tc_003</td><td>{&quot;workstation_type_description&quot;:&quot;Testing&quot;,&quot;department_type&quot;:&quot;sewing&quot;,&quot;workstation_type_code&quot;:&quot;planning1427&quot;}</td><td>{errInfo=, workstation_type_code=PLANNING1427}</td><td>{workstation_type_description=data/workstation_type_description, errInfo=errInfo, department_type=data/department_type, workstation_type_code=data/workstation_type_code, activated_date=data/activated_date, workstation_type_id=data/workstation_type_id, status=status}</td></tr></table><p class="totop"><a href="#summary">back to summary</a></p>
<h3 id="m11">com.schemaxtech.testAutomationFrameworkTest.WorkstationT#createWorkstationT</h3><table class="result"><tr class="param"><th>Parameter #1</th><th>Parameter #2</th><th>Parameter #3</th><th>Parameter #4</th></tr><tr class="param stripe"><td>Tc_002</td><td>{&quot;workstation_type_description&quot;:&quot;Testing&quot;,&quot;department_type&quot;:&quot;sewing&quot;,&quot;workstation_type_code&quot;:&quot;planning427&quot;}</td><td>{errInfo=, workstation_type_code=PLANNING427}</td><td>{workstation_type_description=data/workstation_type_description, errInfo=errInfo, department_type=data/department_type, workstation_type_code=data/workstation_type_code, activated_date=data/activated_date, workstation_type_id=data/workstation_type_id, status=status}</td></tr></table><p class="totop"><a href="#summary">back to summary</a></p>
<h3 id="m12">com.schemaxtech.testAutomationFrameworkTest.WorkstationT#createWtom</h3><table class="result"><tr class="param"><th>Parameter #1</th><th>Parameter #2</th><th>Parameter #3</th><th>Parameter #4</th></tr><tr class="param stripe"><td>Tc_001</td><td>{&quot;workstation_type_id&quot;:&quot;9b09b6af-3646-4819-926e-e8a11c7a45fe&quot;,&quot;operation_code&quot;:[&quot;10&quot;,&quot;15&quot;]}</td><td>{status=false}</td><td>{errInfo=errInfo, workstation_type_id=data/workstation_type_id, status=status}</td></tr></table><p class="totop"><a href="#summary">back to summary</a></p>
<h3 id="m13">com.schemaxtech.testAutomationFrameworkTest.WorkstationT#createWtom</h3><table class="result"><tr class="param"><th>Parameter #1</th><th>Parameter #2</th><th>Parameter #3</th><th>Parameter #4</th></tr><tr class="param stripe"><td>Tc_002</td><td>{&quot;workstation_type_id&quot;:&quot;9b09b6af-3646-4819-926e-e8a11c7a45fe&quot;,&quot;operation_code&quot;:[&quot;10&quot;]}</td><td>{status=false}</td><td>{errInfo=errInfo, workstation_type_id=data/workstation_type_id, status=status}</td></tr></table><p class="totop"><a href="#summary">back to summary</a></p>
<h3 id="m14">com.schemaxtech.testAutomationFrameworkTest.WorkstationT#deacWtom</h3><table class="result"><tr class="param"><th>Parameter #1</th><th>Parameter #2</th><th>Parameter #3</th><th>Parameter #4</th></tr><tr class="param stripe"><td>Tc_002</td><td>{&quot;workstation_type_id&quot;:&quot;9b09b6af-3646-4819-926e-e8a11c7a45fe&quot;,&quot;operation_code&quot;:[&quot;string&quot;]}</td><td>{status=false}</td><td>{errInfo=errInfo, workstation_type_id=data/workstation_type_id, status=status}</td></tr></table><p class="totop"><a href="#summary">back to summary</a></p>
<h3 id="m15">com.schemaxtech.testAutomationFrameworkTest.WorkstationT#deacWtom</h3><table class="result"><tr class="param"><th>Parameter #1</th><th>Parameter #2</th><th>Parameter #3</th><th>Parameter #4</th></tr><tr class="param stripe"><td>Tc_001</td><td>{&quot;workstation_type_id&quot;:&quot;9b09b6af-3646-4819-926e-e8a11c7a45fe&quot;,&quot;operation_code&quot;:[&quot;string&quot;]}</td><td>{status=false}</td><td>{errInfo=errInfo, workstation_type_id=data/workstation_type_id, status=status}</td></tr></table><p class="totop"><a href="#summary">back to summary</a></p>
<h3 id="m16">com.schemaxtech.testAutomationFrameworkTest.WorkstationT#getWorkstationByWorkstaioncode</h3><table class="result"><tr class="param"><th>Parameter #1</th><th>Parameter #2</th><th>Parameter #3</th><th>Parameter #4</th></tr><tr class="param stripe"><td>TC_002</td><td>{&quot;workstation_type_id&quot;:&quot;9b09b6af-3646-4819-926e-e8a11c7a45fe&quot;,&quot;workstation_id&quot;:&quot;f884a94f-0c94-48e5-ab8c-cb80ac&quot;}</td><td>{status=false}</td><td>{workstation_code=data/workstation_code, activated_date=data/activated_date, section_code=data/section_code, workstation_id=data/workstation_id, isActive=isActive, workstation_description=data/workstation_description, deactivated_date=data/deactivated_date, workstation_type_id=data/workstation_type_id, status=status}</td></tr></table><p class="totop"><a href="#summary">back to summary</a></p>
<h3 id="m17">com.schemaxtech.testAutomationFrameworkTest.WorkstationT#updateWorkstation</h3><table class="result"><tr class="param"><th>Parameter #1</th><th>Parameter #2</th><th>Parameter #3</th><th>Parameter #4</th></tr><tr class="param stripe"><td>TC_005</td><td>{&quot;workstation_code&quot;:26,&quot;section_code&quot;:&quot;&quot;,&quot;activated_date&quot;:&quot;&quot;,&quot;workstation_id&quot;:&quot;dbc66a82-5361-4eb4-9d98-f7c612286778&quot;,&quot;isActive&quot;:&quot;&quot;,&quot;workstation_description&quot;:&quot;cutting6445try3&quot;,&quot;workstation_type_id&quot;:&quot;ad336703-f3e3-4d6e-bcc4-0cd39c816de6&quot;,&quot;deactivated_date&quot;:&quot;&quot;}</td><td>{workstation_id=, workstation_type_id=, status=false}</td><td>{workstation_code=data/workstation_code, section_code=data/section_code, workstation_id=data/workstation_id, workstation_description=data/workstation_description, workstation_type_id=data/workstation_type_id, status=status}</td></tr></table><p class="totop"><a href="#summary">back to summary</a></p>
<h3 id="m18">com.schemaxtech.testAutomationFrameworkTest.WorkstationT#updateWorkstation</h3><table class="result"><tr class="param"><th>Parameter #1</th><th>Parameter #2</th><th>Parameter #3</th><th>Parameter #4</th></tr><tr class="param stripe"><td>TC_008</td><td>{&quot;workstation_code&quot;:67,&quot;section_code&quot;:&quot;sec1&quot;,&quot;activated_date&quot;:&quot;&quot;,&quot;workstation_id&quot;:&quot;f884a94f-0c94-48e5-ab8c-cb80acb9d0cf&quot;,&quot;isActive&quot;:&quot;&quot;,&quot;workstation_description&quot;:&quot;cutting6445try3&quot;,&quot;workstation_type_id&quot;:&quot;ad336703-f3e3-4d6e-bcc4-0cd39c816de6&quot;,&quot;deactivated_date&quot;:&quot;&quot;}</td><td>{workstation_id=, workstation_type_id=, status=false}</td><td>{workstation_code=data/workstation_code, section_code=data/section_code, workstation_id=data/workstation_id, workstation_description=data/workstation_description, workstation_type_id=data/workstation_type_id, status=status}</td></tr></table><p class="totop"><a href="#summary">back to summary</a></p>
<h3 id="m19">com.schemaxtech.testAutomationFrameworkTest.WorkstationT#updateWorkstation</h3><table class="result"><tr class="param"><th>Parameter #1</th><th>Parameter #2</th><th>Parameter #3</th><th>Parameter #4</th></tr><tr class="param stripe"><td>TC_006</td><td>{&quot;workstation_code&quot;:26,&quot;section_code&quot;:&quot;P12345&quot;,&quot;activated_date&quot;:&quot;&quot;,&quot;workstation_id&quot;:&quot;&quot;,&quot;isActive&quot;:&quot;&quot;,&quot;workstation_description&quot;:&quot;cutting6445try3876&quot;,&quot;workstation_type_id&quot;:&quot;ad336703-f3e3-4d6e-bcc4-0cd39c816de6&quot;,&quot;deactivated_date&quot;:&quot;&quot;}</td><td>{workstation_id=, workstation_type_id=, status=false}</td><td>{workstation_code=data/workstation_code, section_code=data/section_code, workstation_id=data/workstation_id, workstation_description=data/workstation_description, workstation_type_id=data/workstation_type_id, status=status}</td></tr></table><p class="totop"><a href="#summary">back to summary</a></p>
<h3 id="m20">com.schemaxtech.testAutomationFrameworkTest.WorkstationT#updateWorkstation</h3><table class="result"><tr class="param"><th>Parameter #1</th><th>Parameter #2</th><th>Parameter #3</th><th>Parameter #4</th></tr><tr class="param stripe"><td>TC_002</td><td>{&quot;workstation_code&quot;:5,&quot;section_code&quot;:&quot;sec01&quot;,&quot;activated_date&quot;:&quot;&quot;,&quot;workstation_id&quot;:&quot;203c8164-4795-414e-a1be-0d937cb16dbb&quot;,&quot;isActive&quot;:&quot;&quot;,&quot;workstation_description&quot;:&quot;string&quot;,&quot;workstation_type_id&quot;:&quot;ad336703-f3e3-4d6e-bcc4-0cd39c816de6&quot;,&quot;deactivated_date&quot;:&quot;&quot;}</td><td>{workstation_id=, workstation_type_id=, status=false}</td><td>{workstation_code=data/workstation_code, section_code=data/section_code, workstation_id=data/workstation_id, workstation_description=data/workstation_description, workstation_type_id=data/workstation_type_id, status=status}</td></tr></table><p class="totop"><a href="#summary">back to summary</a></p>
<h3 id="m21">com.schemaxtech.testAutomationFrameworkTest.WorkstationT#updateWorkstationT</h3><table class="result"><tr class="param"><th>Parameter #1</th><th>Parameter #2</th><th>Parameter #3</th><th>Parameter #4</th></tr><tr class="param stripe"><td>Tc_001</td><td>{&quot;workstation_type_description&quot;:&quot;Testing2&quot;,&quot;department_type&quot;:&quot;abc&quot;,&quot;workstation_type_code&quot;:&quot;planning147&quot;}</td><td>{errInfo=The workstation type doesnt exist, workstation_type_code=, status=}</td><td>{workstation_type_description=data/workstation_type_description, is_active=data/is_active, errInfo=errInfo, department_type=data/department_type, workstation_type_code=data/workstation_type_code, activated_date=data/activated_date, workstation_type_id=data/workstation_type_id, status=status}</td></tr></table><p class="totop"><a href="#summary">back to summary</a></p>
<h3 id="m22">com.schemaxtech.testAutomationFrameworkTest.WorkstationT#updateWorkstationT</h3><table class="result"><tr class="param"><th>Parameter #1</th><th>Parameter #2</th><th>Parameter #3</th><th>Parameter #4</th></tr><tr class="param stripe"><td>Tc_002</td><td>{&quot;workstation_type_description&quot;:&quot;Testing3&quot;,&quot;department_type&quot;:&quot;planning&quot;,&quot;workstation_type_code&quot;:&quot;planning001&quot;}</td><td>{errInfo=The workstation type doesnt exist, workstation_type_code=, status=}</td><td>{workstation_type_description=data/workstation_type_description, is_active=data/is_active, errInfo=errInfo, department_type=data/department_type, workstation_type_code=data/workstation_type_code, activated_date=data/activated_date, workstation_type_id=data/workstation_type_id, status=status}</td></tr></table><p class="totop"><a href="#summary">back to summary</a></p>
</body>
</html>
