<?xml version="1.0" encoding="UTF-8"?>
<testng-results skipped="1" failed="2" ignored="0" total="11" passed="8">
  <reporter-output>
  </reporter-output>
  <suite name="Default suite" duration-ms="3408" started-at="2020-01-08T12:32:27Z" finished-at="2020-01-08T12:32:30Z">
    <groups>
    </groups>
    <test name="Default test" duration-ms="3408" started-at="2020-01-08T12:32:27Z" finished-at="2020-01-08T12:32:30Z">
      <class name="com.schemaxtech.testAutomationFrameworkTest.SMS">
        <test-method status="FAIL" signature="getStyleCustomerInfo(java.lang.String, org.json.JSONObject, java.util.Map, java.util.Map)[pri:2, instance:com.schemaxtech.testAutomationFrameworkTest.SMS@6f1fba17]" name="getStyleCustomerInfo" duration-ms="2762" started-at="2020-01-08T12:32:27Z" data-provider="sampleDataProviderget" finished-at="2020-01-08T12:32:30Z">
          <params>
            <param index="0">
              <value>
                <![CDATA[Tc_001]]>
              </value>
            </param>
            <param index="1">
              <value>
                <![CDATA[{"color":"red"}]]>
              </value>
            </param>
            <param index="2">
              <value>
                <![CDATA[{status=true}]]>
              </value>
            </param>
            <param index="3">
              <value>
                <![CDATA[{status=status}]]>
              </value>
            </param>
          </params>
          <exception class="java.lang.AssertionError">
            <message>
              <![CDATA[Verification of 'status' with value 'true' in response json failed expected [true] but found [false]]]>
            </message>
            <full-stacktrace>
              <![CDATA[java.lang.AssertionError: Verification of 'status' with value 'true' in response json failed expected [true] but found [false]
at org.testng.Assert.fail(Assert.java:96)
at org.testng.Assert.failNotEquals(Assert.java:776)
at org.testng.Assert.assertEqualsImpl(Assert.java:137)
at org.testng.Assert.assertEquals(Assert.java:118)
at com.schemaxtech.testAutomationFramework.TestAutomationUtil.verifyResponse(TestAutomationUtil.java:338)
at com.schemaxtech.testAutomationFrameworkTest.SMS.getStyleCustomerInfo(SMS.java:150)
at sun.reflect.NativeMethodAccessorImpl.invoke0(Native Method)
at sun.reflect.NativeMethodAccessorImpl.invoke(NativeMethodAccessorImpl.java:62)
at sun.reflect.DelegatingMethodAccessorImpl.invoke(DelegatingMethodAccessorImpl.java:43)
at java.lang.reflect.Method.invoke(Method.java:498)
at org.testng.internal.MethodInvocationHelper.invokeMethod(MethodInvocationHelper.java:124)
at org.testng.internal.Invoker.invokeMethod(Invoker.java:583)
at org.testng.internal.Invoker.invokeTestMethod(Invoker.java:719)
at org.testng.internal.Invoker.invokeTestMethods(Invoker.java:989)
at org.testng.internal.TestMethodWorker.invokeTestMethods(TestMethodWorker.java:125)
at org.testng.internal.TestMethodWorker.run(TestMethodWorker.java:109)
at org.testng.TestRunner.privateRun(TestRunner.java:648)
at org.testng.TestRunner.run(TestRunner.java:505)
at org.testng.SuiteRunner.runTest(SuiteRunner.java:455)
at org.testng.SuiteRunner.runSequentially(SuiteRunner.java:450)
at org.testng.SuiteRunner.privateRun(SuiteRunner.java:415)
at org.testng.SuiteRunner.run(SuiteRunner.java:364)
at org.testng.SuiteRunnerWorker.runSuite(SuiteRunnerWorker.java:52)
at org.testng.SuiteRunnerWorker.run(SuiteRunnerWorker.java:84)
at org.testng.TestNG.runSuitesSequentially(TestNG.java:1208)
at org.testng.TestNG.runSuitesLocally(TestNG.java:1137)
at org.testng.TestNG.runSuites(TestNG.java:1049)
at org.testng.TestNG.run(TestNG.java:1017)
at org.testng.remote.AbstractRemoteTestNG.run(AbstractRemoteTestNG.java:115)
at org.testng.remote.RemoteTestNG.initAndRun(RemoteTestNG.java:251)
at org.testng.remote.RemoteTestNG.main(RemoteTestNG.java:77)
]]>
            </full-stacktrace>
          </exception> <!-- java.lang.AssertionError -->
          <reporter-output>
          </reporter-output>
        </test-method> <!-- getStyleCustomerInfo -->
        <test-method status="PASS" signature="saveRmComponentsMappingForStyleColor(java.lang.String, org.json.JSONObject, java.util.Map, java.util.Map)[pri:2, instance:com.schemaxtech.testAutomationFrameworkTest.SMS@6f1fba17]" name="saveRmComponentsMappingForStyleColor" duration-ms="46" started-at="2020-01-08T12:32:30Z" data-provider="sampleDataProviderget" finished-at="2020-01-08T12:32:30Z">
          <params>
            <param index="0">
              <value>
                <![CDATA[Tc_001]]>
              </value>
            </param>
            <param index="1">
              <value>
                <![CDATA[{"color":"red","rm_mapping":[{"rm_sku":"sam","components":["string"],"rm_seq":"samm502"}],"style":"pspk08"}]]>
              </value>
            </param>
            <param index="2">
              <value>
                <![CDATA[{status=true}]]>
              </value>
            </param>
            <param index="3">
              <value>
                <![CDATA[{status=status}]]>
              </value>
            </param>
          </params>
          <reporter-output>
          </reporter-output>
        </test-method> <!-- saveRmComponentsMappingForStyleColor -->
        <test-method status="PASS" signature="checkIfCompnentsMappedForStyleRmSkus(java.lang.String, org.json.JSONObject, java.util.Map, java.util.Map)[pri:3, instance:com.schemaxtech.testAutomationFrameworkTest.SMS@6f1fba17]" name="checkIfCompnentsMappedForStyleRmSkus" duration-ms="49" started-at="2020-01-08T12:32:30Z" data-provider="sampleDataProviderget" finished-at="2020-01-08T12:32:30Z">
          <params>
            <param index="0">
              <value>
                <![CDATA[Tc_001]]>
              </value>
            </param>
            <param index="1">
              <value>
                <![CDATA[{"style":"PSPK08"}]]>
              </value>
            </param>
            <param index="2">
              <value>
                <![CDATA[{status=true}]]>
              </value>
            </param>
            <param index="3">
              <value>
                <![CDATA[{status=status}]]>
              </value>
            </param>
          </params>
          <reporter-output>
          </reporter-output>
        </test-method> <!-- checkIfCompnentsMappedForStyleRmSkus -->
        <test-method status="SKIP" signature="getStyleMaintenanceDetails(java.lang.String, org.json.JSONObject, java.util.Map, java.util.Map)[pri:3, instance:com.schemaxtech.testAutomationFrameworkTest.SMS@6f1fba17]" name="getStyleMaintenanceDetails" duration-ms="0" started-at="2020-01-08T12:32:30Z" data-provider="sampleDataProviderget" finished-at="2020-01-08T12:32:30Z">
          <exception class="java.lang.RuntimeException">
            <message>
              <![CDATA[java.lang.NullPointerException]]>
            </message>
            <full-stacktrace>
              <![CDATA[java.lang.RuntimeException: java.lang.NullPointerException
at org.testng.internal.MethodInvocationHelper.invokeMethodNoCheckedException(MethodInvocationHelper.java:49)
at org.testng.internal.MethodInvocationHelper.invokeDataProvider(MethodInvocationHelper.java:131)
at org.testng.internal.Parameters.handleParameters(Parameters.java:706)
at org.testng.internal.ParameterHandler.handleParameters(ParameterHandler.java:49)
at org.testng.internal.ParameterHandler.createParameters(ParameterHandler.java:37)
at org.testng.internal.Invoker.invokeTestMethods(Invoker.java:924)
at org.testng.internal.TestMethodWorker.invokeTestMethods(TestMethodWorker.java:125)
at org.testng.internal.TestMethodWorker.run(TestMethodWorker.java:109)
at org.testng.TestRunner.privateRun(TestRunner.java:648)
at org.testng.TestRunner.run(TestRunner.java:505)
at org.testng.SuiteRunner.runTest(SuiteRunner.java:455)
at org.testng.SuiteRunner.runSequentially(SuiteRunner.java:450)
at org.testng.SuiteRunner.privateRun(SuiteRunner.java:415)
at org.testng.SuiteRunner.run(SuiteRunner.java:364)
at org.testng.SuiteRunnerWorker.runSuite(SuiteRunnerWorker.java:52)
at org.testng.SuiteRunnerWorker.run(SuiteRunnerWorker.java:84)
at org.testng.TestNG.runSuitesSequentially(TestNG.java:1208)
at org.testng.TestNG.runSuitesLocally(TestNG.java:1137)
at org.testng.TestNG.runSuites(TestNG.java:1049)
at org.testng.TestNG.run(TestNG.java:1017)
at org.testng.remote.AbstractRemoteTestNG.run(AbstractRemoteTestNG.java:115)
at org.testng.remote.RemoteTestNG.initAndRun(RemoteTestNG.java:251)
at org.testng.remote.RemoteTestNG.main(RemoteTestNG.java:77)
Caused by: java.lang.NullPointerException
at com.schemaxtech.testAutomationFramework.TestAutomationUtil.updateJsonWithTestData(TestAutomationUtil.java:146)
at com.schemaxtech.testAutomationFramework.TestAutomationUtil.updatJsonWithTestDataMaster(TestAutomationUtil.java:284)
at com.schemaxtech.testAutomationFrameworkTest.SMS.sampleDataProvider1(SMS.java:60)
at sun.reflect.NativeMethodAccessorImpl.invoke0(Native Method)
at sun.reflect.NativeMethodAccessorImpl.invoke(NativeMethodAccessorImpl.java:62)
at sun.reflect.DelegatingMethodAccessorImpl.invoke(DelegatingMethodAccessorImpl.java:43)
at java.lang.reflect.Method.invoke(Method.java:498)
at org.testng.internal.MethodInvocationHelper.invokeMethod(MethodInvocationHelper.java:124)
at org.testng.internal.MethodInvocationHelper.invokeMethod(MethodInvocationHelper.java:74)
at org.testng.internal.MethodInvocationHelper.invokeMethodNoCheckedException(MethodInvocationHelper.java:45)
... 22 more
]]>
            </full-stacktrace>
          </exception> <!-- java.lang.RuntimeException -->
          <reporter-output>
          </reporter-output>
        </test-method> <!-- getStyleMaintenanceDetails -->
        <test-method status="PASS" signature="saveStyleMaintenanceDetails(java.lang.String, org.json.JSONObject, java.util.Map, java.util.Map)[pri:3, instance:com.schemaxtech.testAutomationFrameworkTest.SMS@6f1fba17]" name="saveStyleMaintenanceDetails" duration-ms="64" started-at="2020-01-08T12:32:30Z" data-provider="sampleDataProviderget" finished-at="2020-01-08T12:32:30Z">
          <params>
            <param index="0">
              <value>
                <![CDATA[Tc_001]]>
              </value>
            </param>
            <param index="1">
              <value>
                <![CDATA[{"data":{"operations":[{"operationCode":"string","operationName":"string","mainOperationCode":"string","smv":0,"operationCategory":"string"}],"size":23,"referenceNumber":24,"rawMaterials":[{"rmWastage":0,"rmDescription":"string","rmSku":"string","rmSequence":"string","rmYY":0}],"finishedGoodColor":"TSHIRT-slimfit","style":"Demoshirts"},"style":"PSPK08"}]]>
              </value>
            </param>
            <param index="2">
              <value>
                <![CDATA[{status=true}]]>
              </value>
            </param>
            <param index="3">
              <value>
                <![CDATA[{status=status}]]>
              </value>
            </param>
          </params>
          <reporter-output>
          </reporter-output>
        </test-method> <!-- saveStyleMaintenanceDetails -->
        <test-method status="PASS" signature="getColorSizeReferencesForStyle(java.lang.String, org.json.JSONObject, java.util.Map, java.util.Map)[pri:4, instance:com.schemaxtech.testAutomationFrameworkTest.SMS@6f1fba17]" name="getColorSizeReferencesForStyle" duration-ms="60" started-at="2020-01-08T12:32:30Z" data-provider="sampleDataProviderget" finished-at="2020-01-08T12:32:30Z">
          <params>
            <param index="0">
              <value>
                <![CDATA[Tc_001]]>
              </value>
            </param>
            <param index="1">
              <value>
                <![CDATA[{"style":"pspk08"}]]>
              </value>
            </param>
            <param index="2">
              <value>
                <![CDATA[{status=true}]]>
              </value>
            </param>
            <param index="3">
              <value>
                <![CDATA[{status=status}]]>
              </value>
            </param>
          </params>
          <reporter-output>
          </reporter-output>
        </test-method> <!-- getColorSizeReferencesForStyle -->
        <test-method status="PASS" signature="getColorsForStyles(java.lang.String, org.json.JSONObject, java.util.Map, java.util.Map)[pri:5, instance:com.schemaxtech.testAutomationFrameworkTest.SMS@6f1fba17]" name="getColorsForStyles" duration-ms="55" started-at="2020-01-08T12:32:30Z" data-provider="sampleDataProviderget" finished-at="2020-01-08T12:32:30Z">
          <params>
            <param index="0">
              <value>
                <![CDATA[Tc_001]]>
              </value>
            </param>
            <param index="1">
              <value>
                <![CDATA[{"style":"pspk08"}]]>
              </value>
            </param>
            <param index="2">
              <value>
                <![CDATA[{status=true}]]>
              </value>
            </param>
            <param index="3">
              <value>
                <![CDATA[{status=status}]]>
              </value>
            </param>
          </params>
          <reporter-output>
          </reporter-output>
        </test-method> <!-- getColorsForStyles -->
        <test-method status="PASS" signature="getJobOperationsForStyleColor(java.lang.String, org.json.JSONObject, java.util.Map, java.util.Map)[pri:5, instance:com.schemaxtech.testAutomationFrameworkTest.SMS@6f1fba17]" name="getJobOperationsForStyleColor" duration-ms="58" started-at="2020-01-08T12:32:30Z" data-provider="sampleDataProviderget" finished-at="2020-01-08T12:32:30Z">
          <params>
            <param index="0">
              <value>
                <![CDATA[Tc_001]]>
              </value>
            </param>
            <param index="1">
              <value>
                <![CDATA[{"style":"pspk08"}]]>
              </value>
            </param>
            <param index="2">
              <value>
                <![CDATA[{status=true}]]>
              </value>
            </param>
            <param index="3">
              <value>
                <![CDATA[{status=status}]]>
              </value>
            </param>
          </params>
          <reporter-output>
          </reporter-output>
        </test-method> <!-- getJobOperationsForStyleColor -->
        <test-method status="PASS" signature="getSizeRmDetailsforStyleColor(java.lang.String, org.json.JSONObject, java.util.Map, java.util.Map)[pri:5, instance:com.schemaxtech.testAutomationFrameworkTest.SMS@6f1fba17]" name="getSizeRmDetailsforStyleColor" duration-ms="60" started-at="2020-01-08T12:32:30Z" data-provider="sampleDataProviderget" finished-at="2020-01-08T12:32:30Z">
          <params>
            <param index="0">
              <value>
                <![CDATA[Tc_001]]>
              </value>
            </param>
            <param index="1">
              <value>
                <![CDATA[{"style":"pspk08"}]]>
              </value>
            </param>
            <param index="2">
              <value>
                <![CDATA[{status=true}]]>
              </value>
            </param>
            <param index="3">
              <value>
                <![CDATA[{status=status}]]>
              </value>
            </param>
          </params>
          <reporter-output>
          </reporter-output>
        </test-method> <!-- getSizeRmDetailsforStyleColor -->
        <test-method status="FAIL" signature="saveStyleInfo(java.lang.String, org.json.JSONObject, java.util.Map, java.util.Map)[pri:5, instance:com.schemaxtech.testAutomationFrameworkTest.SMS@6f1fba17]" name="saveStyleInfo" duration-ms="59" started-at="2020-01-08T12:32:30Z" data-provider="sampleDataProviderget" finished-at="2020-01-08T12:32:30Z">
          <params>
            <param index="0">
              <value>
                <![CDATA[Tc_001]]>
              </value>
            </param>
            <param index="1">
              <value>
                <![CDATA[{"style":"pspk08"}]]>
              </value>
            </param>
            <param index="2">
              <value>
                <![CDATA[{status=true}]]>
              </value>
            </param>
            <param index="3">
              <value>
                <![CDATA[{status=status}]]>
              </value>
            </param>
          </params>
          <exception class="java.lang.NullPointerException">
            <full-stacktrace>
              <![CDATA[java.lang.NullPointerException
at com.schemaxtech.testAutomationFramework.TestAutomationUtil.verifyResponse(TestAutomationUtil.java:323)
at com.schemaxtech.testAutomationFrameworkTest.SMS.saveStyleInfo(SMS.java:274)
at sun.reflect.NativeMethodAccessorImpl.invoke0(Native Method)
at sun.reflect.NativeMethodAccessorImpl.invoke(NativeMethodAccessorImpl.java:62)
at sun.reflect.DelegatingMethodAccessorImpl.invoke(DelegatingMethodAccessorImpl.java:43)
at java.lang.reflect.Method.invoke(Method.java:498)
at org.testng.internal.MethodInvocationHelper.invokeMethod(MethodInvocationHelper.java:124)
at org.testng.internal.Invoker.invokeMethod(Invoker.java:583)
at org.testng.internal.Invoker.invokeTestMethod(Invoker.java:719)
at org.testng.internal.Invoker.invokeTestMethods(Invoker.java:989)
at org.testng.internal.TestMethodWorker.invokeTestMethods(TestMethodWorker.java:125)
at org.testng.internal.TestMethodWorker.run(TestMethodWorker.java:109)
at org.testng.TestRunner.privateRun(TestRunner.java:648)
at org.testng.TestRunner.run(TestRunner.java:505)
at org.testng.SuiteRunner.runTest(SuiteRunner.java:455)
at org.testng.SuiteRunner.runSequentially(SuiteRunner.java:450)
at org.testng.SuiteRunner.privateRun(SuiteRunner.java:415)
at org.testng.SuiteRunner.run(SuiteRunner.java:364)
at org.testng.SuiteRunnerWorker.runSuite(SuiteRunnerWorker.java:52)
at org.testng.SuiteRunnerWorker.run(SuiteRunnerWorker.java:84)
at org.testng.TestNG.runSuitesSequentially(TestNG.java:1208)
at org.testng.TestNG.runSuitesLocally(TestNG.java:1137)
at org.testng.TestNG.runSuites(TestNG.java:1049)
at org.testng.TestNG.run(TestNG.java:1017)
at org.testng.remote.AbstractRemoteTestNG.run(AbstractRemoteTestNG.java:115)
at org.testng.remote.RemoteTestNG.initAndRun(RemoteTestNG.java:251)
at org.testng.remote.RemoteTestNG.main(RemoteTestNG.java:77)
]]>
            </full-stacktrace>
          </exception> <!-- java.lang.NullPointerException -->
          <reporter-output>
          </reporter-output>
        </test-method> <!-- saveStyleInfo -->
        <test-method status="PASS" signature="setIdentifiedStatusForStyle(java.lang.String, org.json.JSONObject, java.util.Map, java.util.Map)[pri:5, instance:com.schemaxtech.testAutomationFrameworkTest.SMS@6f1fba17]" name="setIdentifiedStatusForStyle" duration-ms="59" started-at="2020-01-08T12:32:30Z" data-provider="sampleDataProviderget" finished-at="2020-01-08T12:32:30Z">
          <params>
            <param index="0">
              <value>
                <![CDATA[Tc_001]]>
              </value>
            </param>
            <param index="1">
              <value>
                <![CDATA[{"style":"pspk08"}]]>
              </value>
            </param>
            <param index="2">
              <value>
                <![CDATA[{status=true}]]>
              </value>
            </param>
            <param index="3">
              <value>
                <![CDATA[{status=status}]]>
              </value>
            </param>
          </params>
          <reporter-output>
          </reporter-output>
        </test-method> <!-- setIdentifiedStatusForStyle -->
      </class> <!-- com.schemaxtech.testAutomationFrameworkTest.SMS -->
    </test> <!-- Default test -->
  </suite> <!-- Default suite -->
</testng-results>
