<html>
<head>
<title>TestNG:  Test</title>
<link href="../testng.css" rel="stylesheet" type="text/css" />
<link href="../my-testng.css" rel="stylesheet" type="text/css" />

<style type="text/css">
.log { display: none;} 
.stack-trace { display: none;} 
</style>
<script type="text/javascript">
<!--
function flip(e) {
  current = e.style.display;
  if (current == 'block') {
    e.style.display = 'none';
    return 0;
  }
  else {
    e.style.display = 'block';
    return 1;
  }
}

function toggleBox(szDivId, elem, msg1, msg2)
{
  var res = -1;  if (document.getElementById) {
    res = flip(document.getElementById(szDivId));
  }
  else if (document.all) {
    // this is the way old msie versions work
    res = flip(document.all[szDivId]);
  }
  if(elem) {
    if(res == 0) elem.innerHTML = msg1; else elem.innerHTML = msg2;
  }

}

function toggleAllBoxes() {
  if (document.getElementsByTagName) {
    d = document.getElementsByTagName('div');
    for (i = 0; i < d.length; i++) {
      if (d[i].className == 'log') {
        flip(d[i]);
      }
    }
  }
}

// -->
</script>

</head>
<body>
<h2 align='center'>Test</h2><table border='1' align="center">
<tr>
<td>Tests passed/Failed/Skipped:</td><td>42/55/2</td>
</tr><tr>
<td>Started on:</td><td>Sat Dec 21 14:50:15 IST 2019</td>
</tr>
<tr><td>Total time:</td><td>6 seconds (6692 ms)</td>
</tr><tr>
<td>Included groups:</td><td></td>
</tr><tr>
<td>Excluded groups:</td><td></td>
</tr>
</table><p/>
<small><i>(Hover the method name to see the test class name)</i></small><p/>
<table width='100%' border='1' class='invocation-failed'>
<tr><td colspan='4' align='center'><b>FAILED TESTS</b></td></tr>
<tr><td><b>Test method</b></td>
<td width="30%"><b>Exception</b></td>
<td width="10%"><b>Time (seconds)</b></td>
<td><b>Instance</b></td>
</tr>
<tr>
<td title='com.schemaxtech.testAutomationFrameworkTest.Department.CreateDepartment()'><b>CreateDepartment</b><br>Test class: com.schemaxtech.testAutomationFrameworkTest.Department<br>Parameters: TC_001, {"department_code":"DEP11309","is_active":true,"gender":"female","department_type":"hgjghj","date_of_birth":"08-08-1995","land_line_no":12345,"department_name":"EMB11309","mobile_no":"123L","sla":3,"last_name":"Plant3309","middle_name":"Plant2309","plant_code":"QCI1","first_name":"Plant1309","email":"test@gmail.com"}, {is_active=true, status=true}, {is_active=data/is_active, status=status}</td>
<td><div><pre>java.lang.Exception: Given value not found in response json
	at com.schemaxtech.testAutomationFramework.TestAutomationUtil.verifyResponse(TestAutomationUtil.java:356)
	at com.schemaxtech.testAutomationFrameworkTest.Department.CreateDepartment(Department.java:67)
	at java.util.concurrent.ThreadPoolExecutor.runWorker(ThreadPoolExecutor.java:1149)
	at java.util.concurrent.ThreadPoolExecutor$Worker.run(ThreadPoolExecutor.java:624)
	at java.lang.Thread.run(Thread.java:748)
... Removed 10 stack frames</pre></div><a href='#' onClick='toggleBox("stack-trace1188949738", this, "Click to show all stack frames", "Click to hide stack frames")'>Click to show all stack frames</a>
<div class='stack-trace' id='stack-trace1188949738'><pre>java.lang.Exception: Given value not found in response json
	at com.schemaxtech.testAutomationFramework.TestAutomationUtil.verifyResponse(TestAutomationUtil.java:356)
	at com.schemaxtech.testAutomationFrameworkTest.Department.CreateDepartment(Department.java:67)
	at sun.reflect.NativeMethodAccessorImpl.invoke0(Native Method)
	at sun.reflect.NativeMethodAccessorImpl.invoke(NativeMethodAccessorImpl.java:62)
	at sun.reflect.DelegatingMethodAccessorImpl.invoke(DelegatingMethodAccessorImpl.java:43)
	at java.lang.reflect.Method.invoke(Method.java:498)
	at org.testng.internal.MethodInvocationHelper.invokeMethod(MethodInvocationHelper.java:124)
	at org.testng.internal.Invoker.invokeMethod(Invoker.java:583)
	at org.testng.internal.Invoker.invokeTestMethod(Invoker.java:719)
	at org.testng.internal.Invoker.invokeTestMethods(Invoker.java:989)
	at org.testng.internal.TestMethodWorker.invokeTestMethods(TestMethodWorker.java:125)
	at org.testng.internal.TestMethodWorker.run(TestMethodWorker.java:109)
	at java.util.concurrent.ThreadPoolExecutor.runWorker(ThreadPoolExecutor.java:1149)
	at java.util.concurrent.ThreadPoolExecutor$Worker.run(ThreadPoolExecutor.java:624)
	at java.lang.Thread.run(Thread.java:748)
</pre></div></td>
<td>0</td>
<td>com.schemaxtech.testAutomationFrameworkTest.Department@1d16f93d</td></tr>
<tr>
<td title='com.schemaxtech.testAutomationFrameworkTest.Department.CreateDepartment()'><b>CreateDepartment</b><br>Test class: com.schemaxtech.testAutomationFrameworkTest.Department<br>Parameters: TC_002, {"department_code":"DEP309","is_active":true,"gender":"female","department_type":"stitching1","date_of_birth":"08-08-1995","land_line_no":12345,"department_name":"EMB309","mobile_no":"123L","sla":3,"last_name":"Plant3309","middle_name":"Plant2309","plant_code":"Testp110","first_name":"Plant1309","email":"test@gmail.com"}, {is_active=, status=true}, {is_active=data/is_active, status=status}</td>
<td><div><pre>java.lang.AssertionError: Verification of &apos;status&apos; with value &apos;true&apos; in response json failed expected [true] but found [false]
	at com.schemaxtech.testAutomationFramework.TestAutomationUtil.verifyResponse(TestAutomationUtil.java:345)
	at com.schemaxtech.testAutomationFrameworkTest.Department.CreateDepartment(Department.java:67)
	at java.util.concurrent.ThreadPoolExecutor.runWorker(ThreadPoolExecutor.java:1149)
	at java.util.concurrent.ThreadPoolExecutor$Worker.run(ThreadPoolExecutor.java:624)
	at java.lang.Thread.run(Thread.java:748)
... Removed 14 stack frames</pre></div><a href='#' onClick='toggleBox("stack-trace1305719124", this, "Click to show all stack frames", "Click to hide stack frames")'>Click to show all stack frames</a>
<div class='stack-trace' id='stack-trace1305719124'><pre>java.lang.AssertionError: Verification of &apos;status&apos; with value &apos;true&apos; in response json failed expected [true] but found [false]
	at org.testng.Assert.fail(Assert.java:96)
	at org.testng.Assert.failNotEquals(Assert.java:776)
	at org.testng.Assert.assertEqualsImpl(Assert.java:137)
	at org.testng.Assert.assertEquals(Assert.java:118)
	at com.schemaxtech.testAutomationFramework.TestAutomationUtil.verifyResponse(TestAutomationUtil.java:345)
	at com.schemaxtech.testAutomationFrameworkTest.Department.CreateDepartment(Department.java:67)
	at sun.reflect.NativeMethodAccessorImpl.invoke0(Native Method)
	at sun.reflect.NativeMethodAccessorImpl.invoke(NativeMethodAccessorImpl.java:62)
	at sun.reflect.DelegatingMethodAccessorImpl.invoke(DelegatingMethodAccessorImpl.java:43)
	at java.lang.reflect.Method.invoke(Method.java:498)
	at org.testng.internal.MethodInvocationHelper.invokeMethod(MethodInvocationHelper.java:124)
	at org.testng.internal.Invoker.invokeMethod(Invoker.java:583)
	at org.testng.internal.Invoker.invokeTestMethod(Invoker.java:719)
	at org.testng.internal.Invoker.invokeTestMethods(Invoker.java:989)
	at org.testng.internal.TestMethodWorker.invokeTestMethods(TestMethodWorker.java:125)
	at org.testng.internal.TestMethodWorker.run(TestMethodWorker.java:109)
	at java.util.concurrent.ThreadPoolExecutor.runWorker(ThreadPoolExecutor.java:1149)
	at java.util.concurrent.ThreadPoolExecutor$Worker.run(ThreadPoolExecutor.java:624)
	at java.lang.Thread.run(Thread.java:748)
</pre></div></td>
<td>0</td>
<td>com.schemaxtech.testAutomationFrameworkTest.Department@1d16f93d</td></tr>
<tr>
<td title='com.schemaxtech.testAutomationFrameworkTest.Section.CreateSection()'><b>CreateSection</b><br>Test class: com.schemaxtech.testAutomationFrameworkTest.Section<br>Parameters: TC_001, {"gender":"female","section_name":"Section11309","date_of_birth":"8/8/1995","land_line_no":12345,"departmentCode":"P0012","mobile_no":"123L","section_code":"Section309","last_name":"Priya","middle_name":"Priya","first_name":"Priya","email":"test@gmail.com"}, {status=true}, {status=status}</td>
<td><div><pre>java.lang.AssertionError: Verification of &apos;status&apos; with value &apos;true&apos; in response json failed expected [true] but found [false]
	at com.schemaxtech.testAutomationFramework.TestAutomationUtil.verifyResponse(TestAutomationUtil.java:345)
	at com.schemaxtech.testAutomationFrameworkTest.Section.CreateSection(Section.java:67)
	at java.util.concurrent.ThreadPoolExecutor.runWorker(ThreadPoolExecutor.java:1149)
	at java.util.concurrent.ThreadPoolExecutor$Worker.run(ThreadPoolExecutor.java:624)
	at java.lang.Thread.run(Thread.java:748)
... Removed 14 stack frames</pre></div><a href='#' onClick='toggleBox("stack-trace1401274109", this, "Click to show all stack frames", "Click to hide stack frames")'>Click to show all stack frames</a>
<div class='stack-trace' id='stack-trace1401274109'><pre>java.lang.AssertionError: Verification of &apos;status&apos; with value &apos;true&apos; in response json failed expected [true] but found [false]
	at org.testng.Assert.fail(Assert.java:96)
	at org.testng.Assert.failNotEquals(Assert.java:776)
	at org.testng.Assert.assertEqualsImpl(Assert.java:137)
	at org.testng.Assert.assertEquals(Assert.java:118)
	at com.schemaxtech.testAutomationFramework.TestAutomationUtil.verifyResponse(TestAutomationUtil.java:345)
	at com.schemaxtech.testAutomationFrameworkTest.Section.CreateSection(Section.java:67)
	at sun.reflect.NativeMethodAccessorImpl.invoke0(Native Method)
	at sun.reflect.NativeMethodAccessorImpl.invoke(NativeMethodAccessorImpl.java:62)
	at sun.reflect.DelegatingMethodAccessorImpl.invoke(DelegatingMethodAccessorImpl.java:43)
	at java.lang.reflect.Method.invoke(Method.java:498)
	at org.testng.internal.MethodInvocationHelper.invokeMethod(MethodInvocationHelper.java:124)
	at org.testng.internal.Invoker.invokeMethod(Invoker.java:583)
	at org.testng.internal.Invoker.invokeTestMethod(Invoker.java:719)
	at org.testng.internal.Invoker.invokeTestMethods(Invoker.java:989)
	at org.testng.internal.TestMethodWorker.invokeTestMethods(TestMethodWorker.java:125)
	at org.testng.internal.TestMethodWorker.run(TestMethodWorker.java:109)
	at java.util.concurrent.ThreadPoolExecutor.runWorker(ThreadPoolExecutor.java:1149)
	at java.util.concurrent.ThreadPoolExecutor$Worker.run(ThreadPoolExecutor.java:624)
	at java.lang.Thread.run(Thread.java:748)
</pre></div></td>
<td>0</td>
<td>com.schemaxtech.testAutomationFrameworkTest.Section@7d907bac</td></tr>
<tr>
<td title='com.schemaxtech.testAutomationFrameworkTest.Section.CreateSection()'><b>CreateSection</b><br>Test class: com.schemaxtech.testAutomationFrameworkTest.Section<br>Parameters: TC_002, {"gender":"female","section_name":"string","date_of_birth":"8/8/1995","land_line_no":12345,"departmentCode":123,"mobile_no":"123L","section_code":123,"last_name":"Priya","middle_name":"Priya","first_name":"Priya","email":"test@gmail.com"}, {status=false}, {status=status}</td>
<td><div><pre>java.lang.Exception: Given value not found in response json
	at com.schemaxtech.testAutomationFramework.TestAutomationUtil.verifyResponse(TestAutomationUtil.java:356)
	at com.schemaxtech.testAutomationFrameworkTest.Section.CreateSection(Section.java:67)
	at java.util.concurrent.ThreadPoolExecutor.runWorker(ThreadPoolExecutor.java:1149)
	at java.util.concurrent.ThreadPoolExecutor$Worker.run(ThreadPoolExecutor.java:624)
	at java.lang.Thread.run(Thread.java:748)
... Removed 10 stack frames</pre></div><a href='#' onClick='toggleBox("stack-trace1948855035", this, "Click to show all stack frames", "Click to hide stack frames")'>Click to show all stack frames</a>
<div class='stack-trace' id='stack-trace1948855035'><pre>java.lang.Exception: Given value not found in response json
	at com.schemaxtech.testAutomationFramework.TestAutomationUtil.verifyResponse(TestAutomationUtil.java:356)
	at com.schemaxtech.testAutomationFrameworkTest.Section.CreateSection(Section.java:67)
	at sun.reflect.NativeMethodAccessorImpl.invoke0(Native Method)
	at sun.reflect.NativeMethodAccessorImpl.invoke(NativeMethodAccessorImpl.java:62)
	at sun.reflect.DelegatingMethodAccessorImpl.invoke(DelegatingMethodAccessorImpl.java:43)
	at java.lang.reflect.Method.invoke(Method.java:498)
	at org.testng.internal.MethodInvocationHelper.invokeMethod(MethodInvocationHelper.java:124)
	at org.testng.internal.Invoker.invokeMethod(Invoker.java:583)
	at org.testng.internal.Invoker.invokeTestMethod(Invoker.java:719)
	at org.testng.internal.Invoker.invokeTestMethods(Invoker.java:989)
	at org.testng.internal.TestMethodWorker.invokeTestMethods(TestMethodWorker.java:125)
	at org.testng.internal.TestMethodWorker.run(TestMethodWorker.java:109)
	at java.util.concurrent.ThreadPoolExecutor.runWorker(ThreadPoolExecutor.java:1149)
	at java.util.concurrent.ThreadPoolExecutor$Worker.run(ThreadPoolExecutor.java:624)
	at java.lang.Thread.run(Thread.java:748)
</pre></div></td>
<td>0</td>
<td>com.schemaxtech.testAutomationFrameworkTest.Section@7d907bac</td></tr>
<tr>
<td title='com.schemaxtech.testAutomationFrameworkTest.Section.CreateSection()'><b>CreateSection</b><br>Test class: com.schemaxtech.testAutomationFrameworkTest.Section<br>Parameters: TC_003, {"gender":"female","section_name":"Section001","date_of_birth":"8/8/1995","land_line_no":12345,"departmentCode":"P0012","mobile_no":"123L","section_code":"Section4309","last_name":"Priya","middle_name":"Priya","first_name":"Priya","email":"test@gmail.com"}, {status=true}, {status=status}</td>
<td><div><pre>java.lang.AssertionError: Verification of &apos;status&apos; with value &apos;true&apos; in response json failed expected [true] but found [false]
	at com.schemaxtech.testAutomationFramework.TestAutomationUtil.verifyResponse(TestAutomationUtil.java:345)
	at com.schemaxtech.testAutomationFrameworkTest.Section.CreateSection(Section.java:67)
	at java.util.concurrent.ThreadPoolExecutor.runWorker(ThreadPoolExecutor.java:1149)
	at java.util.concurrent.ThreadPoolExecutor$Worker.run(ThreadPoolExecutor.java:624)
	at java.lang.Thread.run(Thread.java:748)
... Removed 14 stack frames</pre></div><a href='#' onClick='toggleBox("stack-trace1863155644", this, "Click to show all stack frames", "Click to hide stack frames")'>Click to show all stack frames</a>
<div class='stack-trace' id='stack-trace1863155644'><pre>java.lang.AssertionError: Verification of &apos;status&apos; with value &apos;true&apos; in response json failed expected [true] but found [false]
	at org.testng.Assert.fail(Assert.java:96)
	at org.testng.Assert.failNotEquals(Assert.java:776)
	at org.testng.Assert.assertEqualsImpl(Assert.java:137)
	at org.testng.Assert.assertEquals(Assert.java:118)
	at com.schemaxtech.testAutomationFramework.TestAutomationUtil.verifyResponse(TestAutomationUtil.java:345)
	at com.schemaxtech.testAutomationFrameworkTest.Section.CreateSection(Section.java:67)
	at sun.reflect.NativeMethodAccessorImpl.invoke0(Native Method)
	at sun.reflect.NativeMethodAccessorImpl.invoke(NativeMethodAccessorImpl.java:62)
	at sun.reflect.DelegatingMethodAccessorImpl.invoke(DelegatingMethodAccessorImpl.java:43)
	at java.lang.reflect.Method.invoke(Method.java:498)
	at org.testng.internal.MethodInvocationHelper.invokeMethod(MethodInvocationHelper.java:124)
	at org.testng.internal.Invoker.invokeMethod(Invoker.java:583)
	at org.testng.internal.Invoker.invokeTestMethod(Invoker.java:719)
	at org.testng.internal.Invoker.invokeTestMethods(Invoker.java:989)
	at org.testng.internal.TestMethodWorker.invokeTestMethods(TestMethodWorker.java:125)
	at org.testng.internal.TestMethodWorker.run(TestMethodWorker.java:109)
	at java.util.concurrent.ThreadPoolExecutor.runWorker(ThreadPoolExecutor.java:1149)
	at java.util.concurrent.ThreadPoolExecutor$Worker.run(ThreadPoolExecutor.java:624)
	at java.lang.Thread.run(Thread.java:748)
</pre></div></td>
<td>0</td>
<td>com.schemaxtech.testAutomationFrameworkTest.Section@7d907bac</td></tr>
<tr>
<td title='com.schemaxtech.testAutomationFrameworkTest.Surplus.CreateSurpluslocation()'><b>CreateSurpluslocation</b><br>Test class: com.schemaxtech.testAutomationFrameworkTest.Surplus<br>Parameters: TC_001, {"surplus_location_category_id":"6b9832c3-0c69-4e7f-873e-07089a163d13","surplus_location_description":"surplusstore309","isActive":true,"surplus_location_code":"locationT309"}, {errorInfo=Success, code=, isActive=true, status=true}, {surplus_location_category_id=data/surplus_location_category_id, surplus_location_description=data/surplus_location_description, surplus_location_code=data/surplus_location_code, errorInfo=errorInfo, isActive=data/isActive, status=status}</td>
<td><div><pre>java.lang.AssertionError: Verification of &apos;errorInfo&apos; with value &apos;Success&apos; in response json failed expected [Success] but found [Surplus Location Category Doesnot exist.]
	at com.schemaxtech.testAutomationFramework.TestAutomationUtil.verifyResponse(TestAutomationUtil.java:345)
	at com.schemaxtech.testAutomationFrameworkTest.Surplus.CreateSurpluslocation(Surplus.java:66)
	at java.util.concurrent.ThreadPoolExecutor.runWorker(ThreadPoolExecutor.java:1149)
	at java.util.concurrent.ThreadPoolExecutor$Worker.run(ThreadPoolExecutor.java:624)
	at java.lang.Thread.run(Thread.java:748)
... Removed 14 stack frames</pre></div><a href='#' onClick='toggleBox("stack-trace1065767249", this, "Click to show all stack frames", "Click to hide stack frames")'>Click to show all stack frames</a>
<div class='stack-trace' id='stack-trace1065767249'><pre>java.lang.AssertionError: Verification of &apos;errorInfo&apos; with value &apos;Success&apos; in response json failed expected [Success] but found [Surplus Location Category Doesnot exist.]
	at org.testng.Assert.fail(Assert.java:96)
	at org.testng.Assert.failNotEquals(Assert.java:776)
	at org.testng.Assert.assertEqualsImpl(Assert.java:137)
	at org.testng.Assert.assertEquals(Assert.java:118)
	at com.schemaxtech.testAutomationFramework.TestAutomationUtil.verifyResponse(TestAutomationUtil.java:345)
	at com.schemaxtech.testAutomationFrameworkTest.Surplus.CreateSurpluslocation(Surplus.java:66)
	at sun.reflect.NativeMethodAccessorImpl.invoke0(Native Method)
	at sun.reflect.NativeMethodAccessorImpl.invoke(NativeMethodAccessorImpl.java:62)
	at sun.reflect.DelegatingMethodAccessorImpl.invoke(DelegatingMethodAccessorImpl.java:43)
	at java.lang.reflect.Method.invoke(Method.java:498)
	at org.testng.internal.MethodInvocationHelper.invokeMethod(MethodInvocationHelper.java:124)
	at org.testng.internal.Invoker.invokeMethod(Invoker.java:583)
	at org.testng.internal.Invoker.invokeTestMethod(Invoker.java:719)
	at org.testng.internal.Invoker.invokeTestMethods(Invoker.java:989)
	at org.testng.internal.TestMethodWorker.invokeTestMethods(TestMethodWorker.java:125)
	at org.testng.internal.TestMethodWorker.run(TestMethodWorker.java:109)
	at java.util.concurrent.ThreadPoolExecutor.runWorker(ThreadPoolExecutor.java:1149)
	at java.util.concurrent.ThreadPoolExecutor$Worker.run(ThreadPoolExecutor.java:624)
	at java.lang.Thread.run(Thread.java:748)
</pre></div></td>
<td>2</td>
<td>com.schemaxtech.testAutomationFrameworkTest.Surplus@369f73a2</td></tr>
<tr>
<td title='com.schemaxtech.testAutomationFrameworkTest.Surplus.CreateSurpluslocation()'><b>CreateSurpluslocation</b><br>Test class: com.schemaxtech.testAutomationFrameworkTest.Surplus<br>Parameters: TC_002, {"surplus_location_category_id":"6b9832c3-0c69-4e7f-873e-07089a163d13","surplus_location_description":"surplusstore309","isActive":true,"surplus_location_code":"locationT01"}, {errorInfo=Surplus Location Code already exist., code=, isActive=, status=}, {surplus_location_category_id=data/surplus_location_category_id, surplus_location_description=data/surplus_location_description, surplus_location_code=data/surplus_location_code, errorInfo=errorInfo, isActive=data/isActive, status=status}</td>
<td><div><pre>java.lang.AssertionError: Verification of &apos;errorInfo&apos; with value &apos;Surplus Location Code already exist.&apos; in response json failed expected [Surplus Location Code already exist.] but found [Surplus Location Category Doesnot exist.]
	at com.schemaxtech.testAutomationFramework.TestAutomationUtil.verifyResponse(TestAutomationUtil.java:345)
	at com.schemaxtech.testAutomationFrameworkTest.Surplus.CreateSurpluslocation(Surplus.java:66)
	at java.util.concurrent.ThreadPoolExecutor.runWorker(ThreadPoolExecutor.java:1149)
	at java.util.concurrent.ThreadPoolExecutor$Worker.run(ThreadPoolExecutor.java:624)
	at java.lang.Thread.run(Thread.java:748)
... Removed 14 stack frames</pre></div><a href='#' onClick='toggleBox("stack-trace1791427580", this, "Click to show all stack frames", "Click to hide stack frames")'>Click to show all stack frames</a>
<div class='stack-trace' id='stack-trace1791427580'><pre>java.lang.AssertionError: Verification of &apos;errorInfo&apos; with value &apos;Surplus Location Code already exist.&apos; in response json failed expected [Surplus Location Code already exist.] but found [Surplus Location Category Doesnot exist.]
	at org.testng.Assert.fail(Assert.java:96)
	at org.testng.Assert.failNotEquals(Assert.java:776)
	at org.testng.Assert.assertEqualsImpl(Assert.java:137)
	at org.testng.Assert.assertEquals(Assert.java:118)
	at com.schemaxtech.testAutomationFramework.TestAutomationUtil.verifyResponse(TestAutomationUtil.java:345)
	at com.schemaxtech.testAutomationFrameworkTest.Surplus.CreateSurpluslocation(Surplus.java:66)
	at sun.reflect.NativeMethodAccessorImpl.invoke0(Native Method)
	at sun.reflect.NativeMethodAccessorImpl.invoke(NativeMethodAccessorImpl.java:62)
	at sun.reflect.DelegatingMethodAccessorImpl.invoke(DelegatingMethodAccessorImpl.java:43)
	at java.lang.reflect.Method.invoke(Method.java:498)
	at org.testng.internal.MethodInvocationHelper.invokeMethod(MethodInvocationHelper.java:124)
	at org.testng.internal.Invoker.invokeMethod(Invoker.java:583)
	at org.testng.internal.Invoker.invokeTestMethod(Invoker.java:719)
	at org.testng.internal.Invoker.invokeTestMethods(Invoker.java:989)
	at org.testng.internal.TestMethodWorker.invokeTestMethods(TestMethodWorker.java:125)
	at org.testng.internal.TestMethodWorker.run(TestMethodWorker.java:109)
	at java.util.concurrent.ThreadPoolExecutor.runWorker(ThreadPoolExecutor.java:1149)
	at java.util.concurrent.ThreadPoolExecutor$Worker.run(ThreadPoolExecutor.java:624)
	at java.lang.Thread.run(Thread.java:748)
</pre></div></td>
<td>0</td>
<td>com.schemaxtech.testAutomationFrameworkTest.Surplus@369f73a2</td></tr>
<tr>
<td title='com.schemaxtech.testAutomationFrameworkTest.Section.DeactivateSection()'><b>DeactivateSection</b><br>Test class: com.schemaxtech.testAutomationFrameworkTest.Section<br>Parameters: TC_001, {"section_code":"P123"}, {status=true}, {section_code=data/section_code, status=status}</td>
<td><div><pre>java.lang.AssertionError: Verification of &apos;status&apos; with value &apos;true&apos; in response json failed expected [true] but found [false]
	at com.schemaxtech.testAutomationFramework.TestAutomationUtil.verifyResponse(TestAutomationUtil.java:345)
	at com.schemaxtech.testAutomationFrameworkTest.Section.DeactivateSection(Section.java:100)
	at java.util.concurrent.ThreadPoolExecutor.runWorker(ThreadPoolExecutor.java:1149)
	at java.util.concurrent.ThreadPoolExecutor$Worker.run(ThreadPoolExecutor.java:624)
	at java.lang.Thread.run(Thread.java:748)
... Removed 14 stack frames</pre></div><a href='#' onClick='toggleBox("stack-trace262915423", this, "Click to show all stack frames", "Click to hide stack frames")'>Click to show all stack frames</a>
<div class='stack-trace' id='stack-trace262915423'><pre>java.lang.AssertionError: Verification of &apos;status&apos; with value &apos;true&apos; in response json failed expected [true] but found [false]
	at org.testng.Assert.fail(Assert.java:96)
	at org.testng.Assert.failNotEquals(Assert.java:776)
	at org.testng.Assert.assertEqualsImpl(Assert.java:137)
	at org.testng.Assert.assertEquals(Assert.java:118)
	at com.schemaxtech.testAutomationFramework.TestAutomationUtil.verifyResponse(TestAutomationUtil.java:345)
	at com.schemaxtech.testAutomationFrameworkTest.Section.DeactivateSection(Section.java:100)
	at sun.reflect.NativeMethodAccessorImpl.invoke0(Native Method)
	at sun.reflect.NativeMethodAccessorImpl.invoke(NativeMethodAccessorImpl.java:62)
	at sun.reflect.DelegatingMethodAccessorImpl.invoke(DelegatingMethodAccessorImpl.java:43)
	at java.lang.reflect.Method.invoke(Method.java:498)
	at org.testng.internal.MethodInvocationHelper.invokeMethod(MethodInvocationHelper.java:124)
	at org.testng.internal.Invoker.invokeMethod(Invoker.java:583)
	at org.testng.internal.Invoker.invokeTestMethod(Invoker.java:719)
	at org.testng.internal.Invoker.invokeTestMethods(Invoker.java:989)
	at org.testng.internal.TestMethodWorker.invokeTestMethods(TestMethodWorker.java:125)
	at org.testng.internal.TestMethodWorker.run(TestMethodWorker.java:109)
	at java.util.concurrent.ThreadPoolExecutor.runWorker(ThreadPoolExecutor.java:1149)
	at java.util.concurrent.ThreadPoolExecutor$Worker.run(ThreadPoolExecutor.java:624)
	at java.lang.Thread.run(Thread.java:748)
</pre></div></td>
<td>0</td>
<td>com.schemaxtech.testAutomationFrameworkTest.Section@7d907bac</td></tr>
<tr>
<td title='com.schemaxtech.testAutomationFrameworkTest.Department.GetDepartment()'><b>GetDepartment</b><br>Test class: com.schemaxtech.testAutomationFrameworkTest.Department<br>Parameters: TC_001, {"department_code":"PP0012"}, {department_code=PP0012, is_active=true, status=true}, {department_code=data/department_code, is_active=data/is_active, status=status}</td>
<td><div><pre>java.lang.Exception: Given value not found in response json
	at com.schemaxtech.testAutomationFramework.TestAutomationUtil.verifyResponse(TestAutomationUtil.java:356)
	at com.schemaxtech.testAutomationFrameworkTest.Department.GetDepartment(Department.java:78)
	at java.util.concurrent.ThreadPoolExecutor.runWorker(ThreadPoolExecutor.java:1149)
	at java.util.concurrent.ThreadPoolExecutor$Worker.run(ThreadPoolExecutor.java:624)
	at java.lang.Thread.run(Thread.java:748)
... Removed 10 stack frames</pre></div><a href='#' onClick='toggleBox("stack-trace868987428", this, "Click to show all stack frames", "Click to hide stack frames")'>Click to show all stack frames</a>
<div class='stack-trace' id='stack-trace868987428'><pre>java.lang.Exception: Given value not found in response json
	at com.schemaxtech.testAutomationFramework.TestAutomationUtil.verifyResponse(TestAutomationUtil.java:356)
	at com.schemaxtech.testAutomationFrameworkTest.Department.GetDepartment(Department.java:78)
	at sun.reflect.NativeMethodAccessorImpl.invoke0(Native Method)
	at sun.reflect.NativeMethodAccessorImpl.invoke(NativeMethodAccessorImpl.java:62)
	at sun.reflect.DelegatingMethodAccessorImpl.invoke(DelegatingMethodAccessorImpl.java:43)
	at java.lang.reflect.Method.invoke(Method.java:498)
	at org.testng.internal.MethodInvocationHelper.invokeMethod(MethodInvocationHelper.java:124)
	at org.testng.internal.Invoker.invokeMethod(Invoker.java:583)
	at org.testng.internal.Invoker.invokeTestMethod(Invoker.java:719)
	at org.testng.internal.Invoker.invokeTestMethods(Invoker.java:989)
	at org.testng.internal.TestMethodWorker.invokeTestMethods(TestMethodWorker.java:125)
	at org.testng.internal.TestMethodWorker.run(TestMethodWorker.java:109)
	at java.util.concurrent.ThreadPoolExecutor.runWorker(ThreadPoolExecutor.java:1149)
	at java.util.concurrent.ThreadPoolExecutor$Worker.run(ThreadPoolExecutor.java:624)
	at java.lang.Thread.run(Thread.java:748)
</pre></div></td>
<td>0</td>
<td>com.schemaxtech.testAutomationFrameworkTest.Department@1d16f93d</td></tr>
<tr>
<td title='com.schemaxtech.testAutomationFrameworkTest.Department.GetDepartment()'><b>GetDepartment</b><br>Test class: com.schemaxtech.testAutomationFrameworkTest.Department<br>Parameters: TC_002, {"department_code":"P001"}, {department_code=P001, is_active=false, status=true}, {department_code=data/department_code, is_active=data/is_active, status=status}</td>
<td><div><pre>java.lang.Exception: Given value not found in response json
	at com.schemaxtech.testAutomationFramework.TestAutomationUtil.verifyResponse(TestAutomationUtil.java:356)
	at com.schemaxtech.testAutomationFrameworkTest.Department.GetDepartment(Department.java:78)
	at java.util.concurrent.ThreadPoolExecutor.runWorker(ThreadPoolExecutor.java:1149)
	at java.util.concurrent.ThreadPoolExecutor$Worker.run(ThreadPoolExecutor.java:624)
	at java.lang.Thread.run(Thread.java:748)
... Removed 10 stack frames</pre></div><a href='#' onClick='toggleBox("stack-trace1084636170", this, "Click to show all stack frames", "Click to hide stack frames")'>Click to show all stack frames</a>
<div class='stack-trace' id='stack-trace1084636170'><pre>java.lang.Exception: Given value not found in response json
	at com.schemaxtech.testAutomationFramework.TestAutomationUtil.verifyResponse(TestAutomationUtil.java:356)
	at com.schemaxtech.testAutomationFrameworkTest.Department.GetDepartment(Department.java:78)
	at sun.reflect.NativeMethodAccessorImpl.invoke0(Native Method)
	at sun.reflect.NativeMethodAccessorImpl.invoke(NativeMethodAccessorImpl.java:62)
	at sun.reflect.DelegatingMethodAccessorImpl.invoke(DelegatingMethodAccessorImpl.java:43)
	at java.lang.reflect.Method.invoke(Method.java:498)
	at org.testng.internal.MethodInvocationHelper.invokeMethod(MethodInvocationHelper.java:124)
	at org.testng.internal.Invoker.invokeMethod(Invoker.java:583)
	at org.testng.internal.Invoker.invokeTestMethod(Invoker.java:719)
	at org.testng.internal.Invoker.invokeTestMethods(Invoker.java:989)
	at org.testng.internal.TestMethodWorker.invokeTestMethods(TestMethodWorker.java:125)
	at org.testng.internal.TestMethodWorker.run(TestMethodWorker.java:109)
	at java.util.concurrent.ThreadPoolExecutor.runWorker(ThreadPoolExecutor.java:1149)
	at java.util.concurrent.ThreadPoolExecutor$Worker.run(ThreadPoolExecutor.java:624)
	at java.lang.Thread.run(Thread.java:748)
</pre></div></td>
<td>0</td>
<td>com.schemaxtech.testAutomationFrameworkTest.Department@1d16f93d</td></tr>
<tr>
<td title='com.schemaxtech.testAutomationFrameworkTest.Department.GetDepartment()'><b>GetDepartment</b><br>Test class: com.schemaxtech.testAutomationFrameworkTest.Department<br>Parameters: TC_003, {"department_code":"P12345"}, {department_code=, is_active=, status=true}, {department_code=data/department_code, is_active=data/is_active, status=status}</td>
<td><div><pre>java.lang.AssertionError: Verification of &apos;status&apos; with value &apos;true&apos; in response json failed expected [true] but found [false]
	at com.schemaxtech.testAutomationFramework.TestAutomationUtil.verifyResponse(TestAutomationUtil.java:345)
	at com.schemaxtech.testAutomationFrameworkTest.Department.GetDepartment(Department.java:78)
	at java.util.concurrent.ThreadPoolExecutor.runWorker(ThreadPoolExecutor.java:1149)
	at java.util.concurrent.ThreadPoolExecutor$Worker.run(ThreadPoolExecutor.java:624)
	at java.lang.Thread.run(Thread.java:748)
... Removed 14 stack frames</pre></div><a href='#' onClick='toggleBox("stack-trace521450831", this, "Click to show all stack frames", "Click to hide stack frames")'>Click to show all stack frames</a>
<div class='stack-trace' id='stack-trace521450831'><pre>java.lang.AssertionError: Verification of &apos;status&apos; with value &apos;true&apos; in response json failed expected [true] but found [false]
	at org.testng.Assert.fail(Assert.java:96)
	at org.testng.Assert.failNotEquals(Assert.java:776)
	at org.testng.Assert.assertEqualsImpl(Assert.java:137)
	at org.testng.Assert.assertEquals(Assert.java:118)
	at com.schemaxtech.testAutomationFramework.TestAutomationUtil.verifyResponse(TestAutomationUtil.java:345)
	at com.schemaxtech.testAutomationFrameworkTest.Department.GetDepartment(Department.java:78)
	at sun.reflect.NativeMethodAccessorImpl.invoke0(Native Method)
	at sun.reflect.NativeMethodAccessorImpl.invoke(NativeMethodAccessorImpl.java:62)
	at sun.reflect.DelegatingMethodAccessorImpl.invoke(DelegatingMethodAccessorImpl.java:43)
	at java.lang.reflect.Method.invoke(Method.java:498)
	at org.testng.internal.MethodInvocationHelper.invokeMethod(MethodInvocationHelper.java:124)
	at org.testng.internal.Invoker.invokeMethod(Invoker.java:583)
	at org.testng.internal.Invoker.invokeTestMethod(Invoker.java:719)
	at org.testng.internal.Invoker.invokeTestMethods(Invoker.java:989)
	at org.testng.internal.TestMethodWorker.invokeTestMethods(TestMethodWorker.java:125)
	at org.testng.internal.TestMethodWorker.run(TestMethodWorker.java:109)
	at java.util.concurrent.ThreadPoolExecutor.runWorker(ThreadPoolExecutor.java:1149)
	at java.util.concurrent.ThreadPoolExecutor$Worker.run(ThreadPoolExecutor.java:624)
	at java.lang.Thread.run(Thread.java:748)
</pre></div></td>
<td>0</td>
<td>com.schemaxtech.testAutomationFrameworkTest.Department@1d16f93d</td></tr>
<tr>
<td title='com.schemaxtech.testAutomationFrameworkTest.Section.GetSection()'><b>GetSection</b><br>Test class: com.schemaxtech.testAutomationFrameworkTest.Section<br>Parameters: TC_001, {"section_code":123}, {section_code=123, status=true}, {section_code=data/section_code, status=status}</td>
<td><div><pre>java.lang.Exception: Given value not found in response json
	at com.schemaxtech.testAutomationFramework.TestAutomationUtil.verifyResponse(TestAutomationUtil.java:356)
	at com.schemaxtech.testAutomationFrameworkTest.Section.GetSection(Section.java:78)
	at java.util.concurrent.ThreadPoolExecutor.runWorker(ThreadPoolExecutor.java:1149)
	at java.util.concurrent.ThreadPoolExecutor$Worker.run(ThreadPoolExecutor.java:624)
	at java.lang.Thread.run(Thread.java:748)
... Removed 10 stack frames</pre></div><a href='#' onClick='toggleBox("stack-trace1756691466", this, "Click to show all stack frames", "Click to hide stack frames")'>Click to show all stack frames</a>
<div class='stack-trace' id='stack-trace1756691466'><pre>java.lang.Exception: Given value not found in response json
	at com.schemaxtech.testAutomationFramework.TestAutomationUtil.verifyResponse(TestAutomationUtil.java:356)
	at com.schemaxtech.testAutomationFrameworkTest.Section.GetSection(Section.java:78)
	at sun.reflect.NativeMethodAccessorImpl.invoke0(Native Method)
	at sun.reflect.NativeMethodAccessorImpl.invoke(NativeMethodAccessorImpl.java:62)
	at sun.reflect.DelegatingMethodAccessorImpl.invoke(DelegatingMethodAccessorImpl.java:43)
	at java.lang.reflect.Method.invoke(Method.java:498)
	at org.testng.internal.MethodInvocationHelper.invokeMethod(MethodInvocationHelper.java:124)
	at org.testng.internal.Invoker.invokeMethod(Invoker.java:583)
	at org.testng.internal.Invoker.invokeTestMethod(Invoker.java:719)
	at org.testng.internal.Invoker.invokeTestMethods(Invoker.java:989)
	at org.testng.internal.TestMethodWorker.invokeTestMethods(TestMethodWorker.java:125)
	at org.testng.internal.TestMethodWorker.run(TestMethodWorker.java:109)
	at java.util.concurrent.ThreadPoolExecutor.runWorker(ThreadPoolExecutor.java:1149)
	at java.util.concurrent.ThreadPoolExecutor$Worker.run(ThreadPoolExecutor.java:624)
	at java.lang.Thread.run(Thread.java:748)
</pre></div></td>
<td>0</td>
<td>com.schemaxtech.testAutomationFrameworkTest.Section@7d907bac</td></tr>
<tr>
<td title='com.schemaxtech.testAutomationFrameworkTest.Section.GetSection()'><b>GetSection</b><br>Test class: com.schemaxtech.testAutomationFrameworkTest.Section<br>Parameters: TC_002, {"section_code":123456}, {section_code=, status=false}, {section_code=data/section_code, status=status}</td>
<td><div><pre>java.lang.Exception: Given value not found in response json
	at com.schemaxtech.testAutomationFramework.TestAutomationUtil.verifyResponse(TestAutomationUtil.java:356)
	at com.schemaxtech.testAutomationFrameworkTest.Section.GetSection(Section.java:78)
	at java.util.concurrent.ThreadPoolExecutor.runWorker(ThreadPoolExecutor.java:1149)
	at java.util.concurrent.ThreadPoolExecutor$Worker.run(ThreadPoolExecutor.java:624)
	at java.lang.Thread.run(Thread.java:748)
... Removed 10 stack frames</pre></div><a href='#' onClick='toggleBox("stack-trace1359708313", this, "Click to show all stack frames", "Click to hide stack frames")'>Click to show all stack frames</a>
<div class='stack-trace' id='stack-trace1359708313'><pre>java.lang.Exception: Given value not found in response json
	at com.schemaxtech.testAutomationFramework.TestAutomationUtil.verifyResponse(TestAutomationUtil.java:356)
	at com.schemaxtech.testAutomationFrameworkTest.Section.GetSection(Section.java:78)
	at sun.reflect.NativeMethodAccessorImpl.invoke0(Native Method)
	at sun.reflect.NativeMethodAccessorImpl.invoke(NativeMethodAccessorImpl.java:62)
	at sun.reflect.DelegatingMethodAccessorImpl.invoke(DelegatingMethodAccessorImpl.java:43)
	at java.lang.reflect.Method.invoke(Method.java:498)
	at org.testng.internal.MethodInvocationHelper.invokeMethod(MethodInvocationHelper.java:124)
	at org.testng.internal.Invoker.invokeMethod(Invoker.java:583)
	at org.testng.internal.Invoker.invokeTestMethod(Invoker.java:719)
	at org.testng.internal.Invoker.invokeTestMethods(Invoker.java:989)
	at org.testng.internal.TestMethodWorker.invokeTestMethods(TestMethodWorker.java:125)
	at org.testng.internal.TestMethodWorker.run(TestMethodWorker.java:109)
	at java.util.concurrent.ThreadPoolExecutor.runWorker(ThreadPoolExecutor.java:1149)
	at java.util.concurrent.ThreadPoolExecutor$Worker.run(ThreadPoolExecutor.java:624)
	at java.lang.Thread.run(Thread.java:748)
</pre></div></td>
<td>0</td>
<td>com.schemaxtech.testAutomationFrameworkTest.Section@7d907bac</td></tr>
<tr>
<td title='com.schemaxtech.testAutomationFrameworkTest.Surplus.UpdateSurpluslocation()'><b>UpdateSurpluslocation</b><br>Test class: com.schemaxtech.testAutomationFrameworkTest.Surplus<br>Parameters: TC_001, {"surplus_location_category_id":"6b9832c3-0c69-4e7f-873e-07089a163d13","surplus_location_description":"surplusstore","isActive":true,"surplus_location_code":"location543210","surplus_location_id":"c191c8ff-a8e1-4404-b55c-fafc30f7d5a8"}, {errorInfo=Surplus Location Updated Sucessfully, code=, isActive=true, status=true}, {surplus_location_category_id=data/surplus_location_category_id, surplus_location_description=data/surplus_location_description, surplus_location_code=data/surplus_location_code, errorInfo=errorInfo, isActive=data/isActive, status=status}</td>
<td><div><pre>java.lang.AssertionError: Verification of &apos;errorInfo&apos; with value &apos;Surplus Location Updated Sucessfully&apos; in response json failed expected [Surplus Location Updated Sucessfully] but found [Surplus Location Code already exist.]
	at com.schemaxtech.testAutomationFramework.TestAutomationUtil.verifyResponse(TestAutomationUtil.java:345)
	at com.schemaxtech.testAutomationFrameworkTest.Surplus.UpdateSurpluslocation(Surplus.java:76)
	at java.util.concurrent.ThreadPoolExecutor.runWorker(ThreadPoolExecutor.java:1149)
	at java.util.concurrent.ThreadPoolExecutor$Worker.run(ThreadPoolExecutor.java:624)
	at java.lang.Thread.run(Thread.java:748)
... Removed 14 stack frames</pre></div><a href='#' onClick='toggleBox("stack-trace2018075790", this, "Click to show all stack frames", "Click to hide stack frames")'>Click to show all stack frames</a>
<div class='stack-trace' id='stack-trace2018075790'><pre>java.lang.AssertionError: Verification of &apos;errorInfo&apos; with value &apos;Surplus Location Updated Sucessfully&apos; in response json failed expected [Surplus Location Updated Sucessfully] but found [Surplus Location Code already exist.]
	at org.testng.Assert.fail(Assert.java:96)
	at org.testng.Assert.failNotEquals(Assert.java:776)
	at org.testng.Assert.assertEqualsImpl(Assert.java:137)
	at org.testng.Assert.assertEquals(Assert.java:118)
	at com.schemaxtech.testAutomationFramework.TestAutomationUtil.verifyResponse(TestAutomationUtil.java:345)
	at com.schemaxtech.testAutomationFrameworkTest.Surplus.UpdateSurpluslocation(Surplus.java:76)
	at sun.reflect.NativeMethodAccessorImpl.invoke0(Native Method)
	at sun.reflect.NativeMethodAccessorImpl.invoke(NativeMethodAccessorImpl.java:62)
	at sun.reflect.DelegatingMethodAccessorImpl.invoke(DelegatingMethodAccessorImpl.java:43)
	at java.lang.reflect.Method.invoke(Method.java:498)
	at org.testng.internal.MethodInvocationHelper.invokeMethod(MethodInvocationHelper.java:124)
	at org.testng.internal.Invoker.invokeMethod(Invoker.java:583)
	at org.testng.internal.Invoker.invokeTestMethod(Invoker.java:719)
	at org.testng.internal.Invoker.invokeTestMethods(Invoker.java:989)
	at org.testng.internal.TestMethodWorker.invokeTestMethods(TestMethodWorker.java:125)
	at org.testng.internal.TestMethodWorker.run(TestMethodWorker.java:109)
	at java.util.concurrent.ThreadPoolExecutor.runWorker(ThreadPoolExecutor.java:1149)
	at java.util.concurrent.ThreadPoolExecutor$Worker.run(ThreadPoolExecutor.java:624)
	at java.lang.Thread.run(Thread.java:748)
</pre></div></td>
<td>0</td>
<td>com.schemaxtech.testAutomationFrameworkTest.Surplus@369f73a2</td></tr>
<tr>
<td title='com.schemaxtech.testAutomationFrameworkTest.Surplus.UpdateSurpluslocation()'><b>UpdateSurpluslocation</b><br>Test class: com.schemaxtech.testAutomationFrameworkTest.Surplus<br>Parameters: TC_002, {"surplus_location_category_id":"6b9832c3-0c69-4e7f-873e-07089a163d13","surplus_location_description":"surplusstore","isActive":true,"surplus_location_code":"location543210","surplus_location_id":"c191c8ff-a8e1-4404-b55c-fafc30f7d5a8"}, {errorInfo=Surplus Location Updated Sucessfully, code=, isActive=, status=}, {surplus_location_category_id=data/surplus_location_category_id, surplus_location_description=data/surplus_location_description, surplus_location_code=data/surplus_location_code, errorInfo=errorInfo, isActive=data/isActive, status=status}</td>
<td><div><pre>java.lang.AssertionError: Verification of &apos;errorInfo&apos; with value &apos;Surplus Location Updated Sucessfully&apos; in response json failed expected [Surplus Location Updated Sucessfully] but found [Surplus Location Code already exist.]
	at com.schemaxtech.testAutomationFramework.TestAutomationUtil.verifyResponse(TestAutomationUtil.java:345)
	at com.schemaxtech.testAutomationFrameworkTest.Surplus.UpdateSurpluslocation(Surplus.java:76)
	at java.util.concurrent.ThreadPoolExecutor.runWorker(ThreadPoolExecutor.java:1149)
	at java.util.concurrent.ThreadPoolExecutor$Worker.run(ThreadPoolExecutor.java:624)
	at java.lang.Thread.run(Thread.java:748)
... Removed 14 stack frames</pre></div><a href='#' onClick='toggleBox("stack-trace1280106256", this, "Click to show all stack frames", "Click to hide stack frames")'>Click to show all stack frames</a>
<div class='stack-trace' id='stack-trace1280106256'><pre>java.lang.AssertionError: Verification of &apos;errorInfo&apos; with value &apos;Surplus Location Updated Sucessfully&apos; in response json failed expected [Surplus Location Updated Sucessfully] but found [Surplus Location Code already exist.]
	at org.testng.Assert.fail(Assert.java:96)
	at org.testng.Assert.failNotEquals(Assert.java:776)
	at org.testng.Assert.assertEqualsImpl(Assert.java:137)
	at org.testng.Assert.assertEquals(Assert.java:118)
	at com.schemaxtech.testAutomationFramework.TestAutomationUtil.verifyResponse(TestAutomationUtil.java:345)
	at com.schemaxtech.testAutomationFrameworkTest.Surplus.UpdateSurpluslocation(Surplus.java:76)
	at sun.reflect.NativeMethodAccessorImpl.invoke0(Native Method)
	at sun.reflect.NativeMethodAccessorImpl.invoke(NativeMethodAccessorImpl.java:62)
	at sun.reflect.DelegatingMethodAccessorImpl.invoke(DelegatingMethodAccessorImpl.java:43)
	at java.lang.reflect.Method.invoke(Method.java:498)
	at org.testng.internal.MethodInvocationHelper.invokeMethod(MethodInvocationHelper.java:124)
	at org.testng.internal.Invoker.invokeMethod(Invoker.java:583)
	at org.testng.internal.Invoker.invokeTestMethod(Invoker.java:719)
	at org.testng.internal.Invoker.invokeTestMethods(Invoker.java:989)
	at org.testng.internal.TestMethodWorker.invokeTestMethods(TestMethodWorker.java:125)
	at org.testng.internal.TestMethodWorker.run(TestMethodWorker.java:109)
	at java.util.concurrent.ThreadPoolExecutor.runWorker(ThreadPoolExecutor.java:1149)
	at java.util.concurrent.ThreadPoolExecutor$Worker.run(ThreadPoolExecutor.java:624)
	at java.lang.Thread.run(Thread.java:748)
</pre></div></td>
<td>0</td>
<td>com.schemaxtech.testAutomationFrameworkTest.Surplus@369f73a2</td></tr>
<tr>
<td title='com.schemaxtech.testAutomationFrameworkTest.Cluster.createCluster()'><b>createCluster</b><br>Test class: com.schemaxtech.testAutomationFrameworkTest.Cluster<br>Parameters: TC_001, {"uid_country":"string","country":"Priya343","cluster_name":"Test309","gender":"Priya336","date_of_birth":"2/3/2012","land_line_no":"Priya348","mobile_no":"Priya349","last_name":"","activated_date":"1992-05-01","middle_name":"","location_type":"Priya345","long":"Priya347","zipcode":"Priya344","corporate_code":"test company001","land_mark":"Priya341","door_no":"Priya338","address_line_1":"Priya339","address_line_2":"Priya340","state":"Priya342","first_name":"","email":"Priya350","lat":"Priya346","cluster_code":"Testa309"}, {cluster_name=Test309, errorInfo=, cluster_code=Testa309, status=true}, {cluster_name=data/cluster_name, country=data/country, gender=data/gender, date_of_birth=data/date_of_birth, land_line_no=data/land_line_no, mobile_no=data/mobile_no, last_name=data/last_name, middle_name=data/middle_name, location_type=data/location_type, long=data/long, corporate_code=data/corporate_code, zipcode=data/zipcode, land_mark=data/land_mark, door_no=data/door_no, address_line_1=data/address_line_1, address_line_2=data/address_line_2, state=data/state, first_name=data/first_name, cluster_code=data/cluster_code, lat=data/lat, email=data/email, status=status}</td>
<td><div><pre>java.lang.Exception: Given value not found in response json
	at com.schemaxtech.testAutomationFramework.TestAutomationUtil.verifyResponse(TestAutomationUtil.java:356)
	at com.schemaxtech.testAutomationFrameworkTest.Cluster.createCluster(Cluster.java:69)
	at java.util.concurrent.ThreadPoolExecutor.runWorker(ThreadPoolExecutor.java:1149)
	at java.util.concurrent.ThreadPoolExecutor$Worker.run(ThreadPoolExecutor.java:624)
	at java.lang.Thread.run(Thread.java:748)
... Removed 10 stack frames</pre></div><a href='#' onClick='toggleBox("stack-trace1470891767", this, "Click to show all stack frames", "Click to hide stack frames")'>Click to show all stack frames</a>
<div class='stack-trace' id='stack-trace1470891767'><pre>java.lang.Exception: Given value not found in response json
	at com.schemaxtech.testAutomationFramework.TestAutomationUtil.verifyResponse(TestAutomationUtil.java:356)
	at com.schemaxtech.testAutomationFrameworkTest.Cluster.createCluster(Cluster.java:69)
	at sun.reflect.NativeMethodAccessorImpl.invoke0(Native Method)
	at sun.reflect.NativeMethodAccessorImpl.invoke(NativeMethodAccessorImpl.java:62)
	at sun.reflect.DelegatingMethodAccessorImpl.invoke(DelegatingMethodAccessorImpl.java:43)
	at java.lang.reflect.Method.invoke(Method.java:498)
	at org.testng.internal.MethodInvocationHelper.invokeMethod(MethodInvocationHelper.java:124)
	at org.testng.internal.Invoker.invokeMethod(Invoker.java:583)
	at org.testng.internal.Invoker.invokeTestMethod(Invoker.java:719)
	at org.testng.internal.Invoker.invokeTestMethods(Invoker.java:989)
	at org.testng.internal.TestMethodWorker.invokeTestMethods(TestMethodWorker.java:125)
	at org.testng.internal.TestMethodWorker.run(TestMethodWorker.java:109)
	at java.util.concurrent.ThreadPoolExecutor.runWorker(ThreadPoolExecutor.java:1149)
	at java.util.concurrent.ThreadPoolExecutor$Worker.run(ThreadPoolExecutor.java:624)
	at java.lang.Thread.run(Thread.java:748)
</pre></div></td>
<td>0</td>
<td>com.schemaxtech.testAutomationFrameworkTest.Cluster@6325a3ee</td></tr>
<tr>
<td title='com.schemaxtech.testAutomationFrameworkTest.Plant.createPlant()'><b>createPlant</b><br>Test class: com.schemaxtech.testAutomationFrameworkTest.Plant<br>Parameters: Tc_001, {"uid_country":"string","country":"IND309","gender":"male","land_line_no":"sample19","date_of_birth":"05-05-1999","mobile_no":"sample20","last_name":"lname309","middle_name":"sample24","plant_type":"PlantTy309","location_type":"loc309","long":"long309","ref_uid":"string","zipcode":"sample18","land_mark":"sample15","door_no":"Dno309","address_line_1":"sample13","plant_code":"Testp309","address_line_2":"sample14","state":"sample16","first_name":"TESTP309","lat":"lat309","email":"sample21","cluster_code":"TestC111","plant_name":"sample309"}, {plant_code=Testp309, errInfo=, status=true}, {country=data/country, gender=data/gender, date_of_birth=data/date_of_birth, mobile_no=data/mobile_no, long=data/long, plant_ref_code=data/plant_ref_code, plant_start_time=data/plant_start_time, land_mark=data/land_mark, door_no=data/door_no, address_line_1=data/address_line_1, plant_code=data/plant_code, address_line_2=data/address_line_2, state=data/state, first_name=data/first_name, lat=data/lat, email=data/email, cluster_code=data/cluster_code, is_active=data/is_active, land_line_no=data/land_line_no, parent_plant_code=data/parent_plant_code, activated_date=data/activated_date, last_name=data/last_name, plant_end_time=data/plant_end_time, middle_name=data/middle_name, plant_type=data/plant_type, location_type=data/location_type, zipcode=data/zipcode, errInfo=errInfo, plant_name=data/plant_name, status=status}</td>
<td><div><pre>java.lang.Exception: Given value not found in response json
	at com.schemaxtech.testAutomationFramework.TestAutomationUtil.verifyResponse(TestAutomationUtil.java:356)
	at com.schemaxtech.testAutomationFrameworkTest.Plant.createPlant(Plant.java:69)
	at java.util.concurrent.ThreadPoolExecutor.runWorker(ThreadPoolExecutor.java:1149)
	at java.util.concurrent.ThreadPoolExecutor$Worker.run(ThreadPoolExecutor.java:624)
	at java.lang.Thread.run(Thread.java:748)
... Removed 10 stack frames</pre></div><a href='#' onClick='toggleBox("stack-trace1618200184", this, "Click to show all stack frames", "Click to hide stack frames")'>Click to show all stack frames</a>
<div class='stack-trace' id='stack-trace1618200184'><pre>java.lang.Exception: Given value not found in response json
	at com.schemaxtech.testAutomationFramework.TestAutomationUtil.verifyResponse(TestAutomationUtil.java:356)
	at com.schemaxtech.testAutomationFrameworkTest.Plant.createPlant(Plant.java:69)
	at sun.reflect.NativeMethodAccessorImpl.invoke0(Native Method)
	at sun.reflect.NativeMethodAccessorImpl.invoke(NativeMethodAccessorImpl.java:62)
	at sun.reflect.DelegatingMethodAccessorImpl.invoke(DelegatingMethodAccessorImpl.java:43)
	at java.lang.reflect.Method.invoke(Method.java:498)
	at org.testng.internal.MethodInvocationHelper.invokeMethod(MethodInvocationHelper.java:124)
	at org.testng.internal.Invoker.invokeMethod(Invoker.java:583)
	at org.testng.internal.Invoker.invokeTestMethod(Invoker.java:719)
	at org.testng.internal.Invoker.invokeTestMethods(Invoker.java:989)
	at org.testng.internal.TestMethodWorker.invokeTestMethods(TestMethodWorker.java:125)
	at org.testng.internal.TestMethodWorker.run(TestMethodWorker.java:109)
	at java.util.concurrent.ThreadPoolExecutor.runWorker(ThreadPoolExecutor.java:1149)
	at java.util.concurrent.ThreadPoolExecutor$Worker.run(ThreadPoolExecutor.java:624)
	at java.lang.Thread.run(Thread.java:748)
</pre></div></td>
<td>0</td>
<td>com.schemaxtech.testAutomationFrameworkTest.Plant@1f28c152</td></tr>
<tr>
<td title='com.schemaxtech.testAutomationFrameworkTest.Reasons.createRe()'><b>createRe</b><br>Test class: com.schemaxtech.testAutomationFrameworkTest.Reasons<br>Parameters: Tc_001, {"reason_code":"Testr309","reason_group":"Rejection","is_external":true,"reason_description":"sample","isActive":true,"department_type":"planning"}, {reason_code=Testr309, errInfo=, status=true}, {reason_code=data/reason_code, reason_group=data/reason_group, department_type=data/department_type/department_type, reason_description=data/reason_description, status=status, reason_id=data/reason_id}</td>
<td><div><pre>java.lang.AssertionError: Verification of &apos;reason_code&apos; with value &apos;Testr309&apos; in response json failed expected [Testr309] but found [TESTR309]
	at com.schemaxtech.testAutomationFramework.TestAutomationUtil.verifyResponse(TestAutomationUtil.java:345)
	at com.schemaxtech.testAutomationFrameworkTest.Reasons.createRe(Reasons.java:69)
	at java.util.concurrent.ThreadPoolExecutor.runWorker(ThreadPoolExecutor.java:1149)
	at java.util.concurrent.ThreadPoolExecutor$Worker.run(ThreadPoolExecutor.java:624)
	at java.lang.Thread.run(Thread.java:748)
... Removed 14 stack frames</pre></div><a href='#' onClick='toggleBox("stack-trace225166888", this, "Click to show all stack frames", "Click to hide stack frames")'>Click to show all stack frames</a>
<div class='stack-trace' id='stack-trace225166888'><pre>java.lang.AssertionError: Verification of &apos;reason_code&apos; with value &apos;Testr309&apos; in response json failed expected [Testr309] but found [TESTR309]
	at org.testng.Assert.fail(Assert.java:96)
	at org.testng.Assert.failNotEquals(Assert.java:776)
	at org.testng.Assert.assertEqualsImpl(Assert.java:137)
	at org.testng.Assert.assertEquals(Assert.java:118)
	at com.schemaxtech.testAutomationFramework.TestAutomationUtil.verifyResponse(TestAutomationUtil.java:345)
	at com.schemaxtech.testAutomationFrameworkTest.Reasons.createRe(Reasons.java:69)
	at sun.reflect.NativeMethodAccessorImpl.invoke0(Native Method)
	at sun.reflect.NativeMethodAccessorImpl.invoke(NativeMethodAccessorImpl.java:62)
	at sun.reflect.DelegatingMethodAccessorImpl.invoke(DelegatingMethodAccessorImpl.java:43)
	at java.lang.reflect.Method.invoke(Method.java:498)
	at org.testng.internal.MethodInvocationHelper.invokeMethod(MethodInvocationHelper.java:124)
	at org.testng.internal.Invoker.invokeMethod(Invoker.java:583)
	at org.testng.internal.Invoker.invokeTestMethod(Invoker.java:719)
	at org.testng.internal.Invoker.invokeTestMethods(Invoker.java:989)
	at org.testng.internal.TestMethodWorker.invokeTestMethods(TestMethodWorker.java:125)
	at org.testng.internal.TestMethodWorker.run(TestMethodWorker.java:109)
	at java.util.concurrent.ThreadPoolExecutor.runWorker(ThreadPoolExecutor.java:1149)
	at java.util.concurrent.ThreadPoolExecutor$Worker.run(ThreadPoolExecutor.java:624)
	at java.lang.Thread.run(Thread.java:748)
</pre></div></td>
<td>0</td>
<td>com.schemaxtech.testAutomationFrameworkTest.Reasons@67b92f0a</td></tr>
<tr>
<td title='com.schemaxtech.testAutomationFrameworkTest.Workstation.createWorkstation()'><b>createWorkstation</b><br>Test class: com.schemaxtech.testAutomationFrameworkTest.Workstation<br>Parameters: TC_001, {"workstation_code":4,"section_code":"sec1","activated_date":"","isActive":true,"workstation_description":"cuttingcuttingcutting","workstation_type_id":"bc06c472-e364-4852-89dd-20aef11b17bd","deactivated_date":""}, {status=false}, {workstation_code=data/workstation_code, activated_date=data/activated_date, section_code=data/section_code, workstation_id=data/workstation_id, isActive=isActive, workstation_description=data/workstation_description, workstation_type_id=data/workstation_type_id, deactivated_date=data/deactivated_date, status=status}</td>
<td><div><pre>java.lang.Exception: Given value not found in response json
	at com.schemaxtech.testAutomationFramework.TestAutomationUtil.verifyResponse(TestAutomationUtil.java:356)
	at com.schemaxtech.testAutomationFrameworkTest.Workstation.createWorkstation(Workstation.java:67)
	at java.util.concurrent.ThreadPoolExecutor.runWorker(ThreadPoolExecutor.java:1149)
	at java.util.concurrent.ThreadPoolExecutor$Worker.run(ThreadPoolExecutor.java:624)
	at java.lang.Thread.run(Thread.java:748)
... Removed 10 stack frames</pre></div><a href='#' onClick='toggleBox("stack-trace863282921", this, "Click to show all stack frames", "Click to hide stack frames")'>Click to show all stack frames</a>
<div class='stack-trace' id='stack-trace863282921'><pre>java.lang.Exception: Given value not found in response json
	at com.schemaxtech.testAutomationFramework.TestAutomationUtil.verifyResponse(TestAutomationUtil.java:356)
	at com.schemaxtech.testAutomationFrameworkTest.Workstation.createWorkstation(Workstation.java:67)
	at sun.reflect.NativeMethodAccessorImpl.invoke0(Native Method)
	at sun.reflect.NativeMethodAccessorImpl.invoke(NativeMethodAccessorImpl.java:62)
	at sun.reflect.DelegatingMethodAccessorImpl.invoke(DelegatingMethodAccessorImpl.java:43)
	at java.lang.reflect.Method.invoke(Method.java:498)
	at org.testng.internal.MethodInvocationHelper.invokeMethod(MethodInvocationHelper.java:124)
	at org.testng.internal.Invoker.invokeMethod(Invoker.java:583)
	at org.testng.internal.Invoker.invokeTestMethod(Invoker.java:719)
	at org.testng.internal.Invoker.invokeTestMethods(Invoker.java:989)
	at org.testng.internal.TestMethodWorker.invokeTestMethods(TestMethodWorker.java:125)
	at org.testng.internal.TestMethodWorker.run(TestMethodWorker.java:109)
	at java.util.concurrent.ThreadPoolExecutor.runWorker(ThreadPoolExecutor.java:1149)
	at java.util.concurrent.ThreadPoolExecutor$Worker.run(ThreadPoolExecutor.java:624)
	at java.lang.Thread.run(Thread.java:748)
</pre></div></td>
<td>0</td>
<td>com.schemaxtech.testAutomationFrameworkTest.Workstation@731a74c</td></tr>
<tr>
<td title='com.schemaxtech.testAutomationFrameworkTest.Workstation.createWorkstation()'><b>createWorkstation</b><br>Test class: com.schemaxtech.testAutomationFrameworkTest.Workstation<br>Parameters: TC_002, {"workstation_code":"wscd309","section_code":"P12345","activated_date":"","isActive":true,"workstation_description":"cutting","workstation_type_id":"ad336703-f3e3-4d6e-bcc4-0cd39c816de6","deactivated_date":""}, {status=true}, {workstation_code=data/workstation_code, activated_date=data/activated_date, section_code=data/section_code, workstation_id=data/workstation_id, isActive=isActive, workstation_description=data/workstation_description, workstation_type_id=data/workstation_type_id, deactivated_date=data/deactivated_date, status=status}</td>
<td><div><pre>java.lang.Exception: Given value not found in response json
	at com.schemaxtech.testAutomationFramework.TestAutomationUtil.verifyResponse(TestAutomationUtil.java:356)
	at com.schemaxtech.testAutomationFrameworkTest.Workstation.createWorkstation(Workstation.java:67)
	at java.util.concurrent.ThreadPoolExecutor.runWorker(ThreadPoolExecutor.java:1149)
	at java.util.concurrent.ThreadPoolExecutor$Worker.run(ThreadPoolExecutor.java:624)
	at java.lang.Thread.run(Thread.java:748)
... Removed 10 stack frames</pre></div><a href='#' onClick='toggleBox("stack-trace1209915699", this, "Click to show all stack frames", "Click to hide stack frames")'>Click to show all stack frames</a>
<div class='stack-trace' id='stack-trace1209915699'><pre>java.lang.Exception: Given value not found in response json
	at com.schemaxtech.testAutomationFramework.TestAutomationUtil.verifyResponse(TestAutomationUtil.java:356)
	at com.schemaxtech.testAutomationFrameworkTest.Workstation.createWorkstation(Workstation.java:67)
	at sun.reflect.NativeMethodAccessorImpl.invoke0(Native Method)
	at sun.reflect.NativeMethodAccessorImpl.invoke(NativeMethodAccessorImpl.java:62)
	at sun.reflect.DelegatingMethodAccessorImpl.invoke(DelegatingMethodAccessorImpl.java:43)
	at java.lang.reflect.Method.invoke(Method.java:498)
	at org.testng.internal.MethodInvocationHelper.invokeMethod(MethodInvocationHelper.java:124)
	at org.testng.internal.Invoker.invokeMethod(Invoker.java:583)
	at org.testng.internal.Invoker.invokeTestMethod(Invoker.java:719)
	at org.testng.internal.Invoker.invokeTestMethods(Invoker.java:989)
	at org.testng.internal.TestMethodWorker.invokeTestMethods(TestMethodWorker.java:125)
	at org.testng.internal.TestMethodWorker.run(TestMethodWorker.java:109)
	at java.util.concurrent.ThreadPoolExecutor.runWorker(ThreadPoolExecutor.java:1149)
	at java.util.concurrent.ThreadPoolExecutor$Worker.run(ThreadPoolExecutor.java:624)
	at java.lang.Thread.run(Thread.java:748)
</pre></div></td>
<td>0</td>
<td>com.schemaxtech.testAutomationFrameworkTest.Workstation@731a74c</td></tr>
<tr>
<td title='com.schemaxtech.testAutomationFrameworkTest.Workstation.createWorkstation()'><b>createWorkstation</b><br>Test class: com.schemaxtech.testAutomationFrameworkTest.Workstation<br>Parameters: TC_003, {"workstation_code":3,"section_code":"sec09","activated_date":"","isActive":true,"workstation_description":"cutting","workstation_type_id":"","deactivated_date":""}, {status=false}, {workstation_code=data/workstation_code, activated_date=data/activated_date, section_code=data/section_code, workstation_id=data/workstation_id, isActive=isActive, workstation_description=data/workstation_description, workstation_type_id=data/workstation_type_id, deactivated_date=data/deactivated_date, status=status}</td>
<td><div><pre>java.lang.Exception: Given value not found in response json
	at com.schemaxtech.testAutomationFramework.TestAutomationUtil.verifyResponse(TestAutomationUtil.java:356)
	at com.schemaxtech.testAutomationFrameworkTest.Workstation.createWorkstation(Workstation.java:67)
	at java.util.concurrent.ThreadPoolExecutor.runWorker(ThreadPoolExecutor.java:1149)
	at java.util.concurrent.ThreadPoolExecutor$Worker.run(ThreadPoolExecutor.java:624)
	at java.lang.Thread.run(Thread.java:748)
... Removed 10 stack frames</pre></div><a href='#' onClick='toggleBox("stack-trace1268839462", this, "Click to show all stack frames", "Click to hide stack frames")'>Click to show all stack frames</a>
<div class='stack-trace' id='stack-trace1268839462'><pre>java.lang.Exception: Given value not found in response json
	at com.schemaxtech.testAutomationFramework.TestAutomationUtil.verifyResponse(TestAutomationUtil.java:356)
	at com.schemaxtech.testAutomationFrameworkTest.Workstation.createWorkstation(Workstation.java:67)
	at sun.reflect.NativeMethodAccessorImpl.invoke0(Native Method)
	at sun.reflect.NativeMethodAccessorImpl.invoke(NativeMethodAccessorImpl.java:62)
	at sun.reflect.DelegatingMethodAccessorImpl.invoke(DelegatingMethodAccessorImpl.java:43)
	at java.lang.reflect.Method.invoke(Method.java:498)
	at org.testng.internal.MethodInvocationHelper.invokeMethod(MethodInvocationHelper.java:124)
	at org.testng.internal.Invoker.invokeMethod(Invoker.java:583)
	at org.testng.internal.Invoker.invokeTestMethod(Invoker.java:719)
	at org.testng.internal.Invoker.invokeTestMethods(Invoker.java:989)
	at org.testng.internal.TestMethodWorker.invokeTestMethods(TestMethodWorker.java:125)
	at org.testng.internal.TestMethodWorker.run(TestMethodWorker.java:109)
	at java.util.concurrent.ThreadPoolExecutor.runWorker(ThreadPoolExecutor.java:1149)
	at java.util.concurrent.ThreadPoolExecutor$Worker.run(ThreadPoolExecutor.java:624)
	at java.lang.Thread.run(Thread.java:748)
</pre></div></td>
<td>0</td>
<td>com.schemaxtech.testAutomationFrameworkTest.Workstation@731a74c</td></tr>
<tr>
<td title='com.schemaxtech.testAutomationFrameworkTest.Workstation.createWorkstation()'><b>createWorkstation</b><br>Test class: com.schemaxtech.testAutomationFrameworkTest.Workstation<br>Parameters: TC_004, {"workstation_code":"wsc309","section_code":"P12345","activated_date":"","isActive":true,"workstation_description":"","workstation_type_id":"409416a7-3b2e-4930-87c3-7640e3164cf0","deactivated_date":""}, {status=true}, {workstation_code=data/workstation_code, activated_date=data/activated_date, section_code=data/section_code, workstation_id=data/workstation_id, isActive=isActive, workstation_description=data/workstation_description, workstation_type_id=data/workstation_type_id, deactivated_date=data/deactivated_date, status=status}</td>
<td><div><pre>java.lang.Exception: Given value not found in response json
	at com.schemaxtech.testAutomationFramework.TestAutomationUtil.verifyResponse(TestAutomationUtil.java:356)
	at com.schemaxtech.testAutomationFrameworkTest.Workstation.createWorkstation(Workstation.java:67)
	at java.util.concurrent.ThreadPoolExecutor.runWorker(ThreadPoolExecutor.java:1149)
	at java.util.concurrent.ThreadPoolExecutor$Worker.run(ThreadPoolExecutor.java:624)
	at java.lang.Thread.run(Thread.java:748)
... Removed 10 stack frames</pre></div><a href='#' onClick='toggleBox("stack-trace279188807", this, "Click to show all stack frames", "Click to hide stack frames")'>Click to show all stack frames</a>
<div class='stack-trace' id='stack-trace279188807'><pre>java.lang.Exception: Given value not found in response json
	at com.schemaxtech.testAutomationFramework.TestAutomationUtil.verifyResponse(TestAutomationUtil.java:356)
	at com.schemaxtech.testAutomationFrameworkTest.Workstation.createWorkstation(Workstation.java:67)
	at sun.reflect.NativeMethodAccessorImpl.invoke0(Native Method)
	at sun.reflect.NativeMethodAccessorImpl.invoke(NativeMethodAccessorImpl.java:62)
	at sun.reflect.DelegatingMethodAccessorImpl.invoke(DelegatingMethodAccessorImpl.java:43)
	at java.lang.reflect.Method.invoke(Method.java:498)
	at org.testng.internal.MethodInvocationHelper.invokeMethod(MethodInvocationHelper.java:124)
	at org.testng.internal.Invoker.invokeMethod(Invoker.java:583)
	at org.testng.internal.Invoker.invokeTestMethod(Invoker.java:719)
	at org.testng.internal.Invoker.invokeTestMethods(Invoker.java:989)
	at org.testng.internal.TestMethodWorker.invokeTestMethods(TestMethodWorker.java:125)
	at org.testng.internal.TestMethodWorker.run(TestMethodWorker.java:109)
	at java.util.concurrent.ThreadPoolExecutor.runWorker(ThreadPoolExecutor.java:1149)
	at java.util.concurrent.ThreadPoolExecutor$Worker.run(ThreadPoolExecutor.java:624)
	at java.lang.Thread.run(Thread.java:748)
</pre></div></td>
<td>0</td>
<td>com.schemaxtech.testAutomationFrameworkTest.Workstation@731a74c</td></tr>
<tr>
<td title='com.schemaxtech.testAutomationFrameworkTest.Workstation.createWorkstation()'><b>createWorkstation</b><br>Test class: com.schemaxtech.testAutomationFrameworkTest.Workstation<br>Parameters: TC_005, {"workstation_code":2,"section_code":"","activated_date":"","isActive":true,"workstation_description":"cutting","workstation_type_id":"bc06c472-e364-4852-89dd-20aef11b17bd","deactivated_date":""}, {status=false}, {workstation_code=data/workstation_code, activated_date=data/activated_date, section_code=data/section_code, workstation_id=data/workstation_id, isActive=isActive, workstation_description=data/workstation_description, workstation_type_id=data/workstation_type_id, deactivated_date=data/deactivated_date, status=status}</td>
<td><div><pre>java.lang.Exception: Given value not found in response json
	at com.schemaxtech.testAutomationFramework.TestAutomationUtil.verifyResponse(TestAutomationUtil.java:356)
	at com.schemaxtech.testAutomationFrameworkTest.Workstation.createWorkstation(Workstation.java:67)
	at java.util.concurrent.ThreadPoolExecutor.runWorker(ThreadPoolExecutor.java:1149)
	at java.util.concurrent.ThreadPoolExecutor$Worker.run(ThreadPoolExecutor.java:624)
	at java.lang.Thread.run(Thread.java:748)
... Removed 10 stack frames</pre></div><a href='#' onClick='toggleBox("stack-trace1062320050", this, "Click to show all stack frames", "Click to hide stack frames")'>Click to show all stack frames</a>
<div class='stack-trace' id='stack-trace1062320050'><pre>java.lang.Exception: Given value not found in response json
	at com.schemaxtech.testAutomationFramework.TestAutomationUtil.verifyResponse(TestAutomationUtil.java:356)
	at com.schemaxtech.testAutomationFrameworkTest.Workstation.createWorkstation(Workstation.java:67)
	at sun.reflect.NativeMethodAccessorImpl.invoke0(Native Method)
	at sun.reflect.NativeMethodAccessorImpl.invoke(NativeMethodAccessorImpl.java:62)
	at sun.reflect.DelegatingMethodAccessorImpl.invoke(DelegatingMethodAccessorImpl.java:43)
	at java.lang.reflect.Method.invoke(Method.java:498)
	at org.testng.internal.MethodInvocationHelper.invokeMethod(MethodInvocationHelper.java:124)
	at org.testng.internal.Invoker.invokeMethod(Invoker.java:583)
	at org.testng.internal.Invoker.invokeTestMethod(Invoker.java:719)
	at org.testng.internal.Invoker.invokeTestMethods(Invoker.java:989)
	at org.testng.internal.TestMethodWorker.invokeTestMethods(TestMethodWorker.java:125)
	at org.testng.internal.TestMethodWorker.run(TestMethodWorker.java:109)
	at java.util.concurrent.ThreadPoolExecutor.runWorker(ThreadPoolExecutor.java:1149)
	at java.util.concurrent.ThreadPoolExecutor$Worker.run(ThreadPoolExecutor.java:624)
	at java.lang.Thread.run(Thread.java:748)
</pre></div></td>
<td>0</td>
<td>com.schemaxtech.testAutomationFrameworkTest.Workstation@731a74c</td></tr>
<tr>
<td title='com.schemaxtech.testAutomationFrameworkTest.Workstation.createWorkstation()'><b>createWorkstation</b><br>Test class: com.schemaxtech.testAutomationFrameworkTest.Workstation<br>Parameters: TC_006, {"workstation_code":"","section_code":"sec09","activated_date":"","isActive":true,"workstation_description":"cutting","workstation_type_id":"bc06c472-e364-4852-89dd-20aef11b17bd","deactivated_date":""}, {status=false}, {workstation_code=data/workstation_code, activated_date=data/activated_date, section_code=data/section_code, workstation_id=data/workstation_id, isActive=isActive, workstation_description=data/workstation_description, workstation_type_id=data/workstation_type_id, deactivated_date=data/deactivated_date, status=status}</td>
<td><div><pre>java.lang.Exception: Given value not found in response json
	at com.schemaxtech.testAutomationFramework.TestAutomationUtil.verifyResponse(TestAutomationUtil.java:356)
	at com.schemaxtech.testAutomationFrameworkTest.Workstation.createWorkstation(Workstation.java:67)
	at java.util.concurrent.ThreadPoolExecutor.runWorker(ThreadPoolExecutor.java:1149)
	at java.util.concurrent.ThreadPoolExecutor$Worker.run(ThreadPoolExecutor.java:624)
	at java.lang.Thread.run(Thread.java:748)
... Removed 10 stack frames</pre></div><a href='#' onClick='toggleBox("stack-trace2057631007", this, "Click to show all stack frames", "Click to hide stack frames")'>Click to show all stack frames</a>
<div class='stack-trace' id='stack-trace2057631007'><pre>java.lang.Exception: Given value not found in response json
	at com.schemaxtech.testAutomationFramework.TestAutomationUtil.verifyResponse(TestAutomationUtil.java:356)
	at com.schemaxtech.testAutomationFrameworkTest.Workstation.createWorkstation(Workstation.java:67)
	at sun.reflect.NativeMethodAccessorImpl.invoke0(Native Method)
	at sun.reflect.NativeMethodAccessorImpl.invoke(NativeMethodAccessorImpl.java:62)
	at sun.reflect.DelegatingMethodAccessorImpl.invoke(DelegatingMethodAccessorImpl.java:43)
	at java.lang.reflect.Method.invoke(Method.java:498)
	at org.testng.internal.MethodInvocationHelper.invokeMethod(MethodInvocationHelper.java:124)
	at org.testng.internal.Invoker.invokeMethod(Invoker.java:583)
	at org.testng.internal.Invoker.invokeTestMethod(Invoker.java:719)
	at org.testng.internal.Invoker.invokeTestMethods(Invoker.java:989)
	at org.testng.internal.TestMethodWorker.invokeTestMethods(TestMethodWorker.java:125)
	at org.testng.internal.TestMethodWorker.run(TestMethodWorker.java:109)
	at java.util.concurrent.ThreadPoolExecutor.runWorker(ThreadPoolExecutor.java:1149)
	at java.util.concurrent.ThreadPoolExecutor$Worker.run(ThreadPoolExecutor.java:624)
	at java.lang.Thread.run(Thread.java:748)
</pre></div></td>
<td>0</td>
<td>com.schemaxtech.testAutomationFrameworkTest.Workstation@731a74c</td></tr>
<tr>
<td title='com.schemaxtech.testAutomationFrameworkTest.Workstation.createWorkstation()'><b>createWorkstation</b><br>Test class: com.schemaxtech.testAutomationFrameworkTest.Workstation<br>Parameters: TC_007, {"workstation_code":2,"section_code":"sec10","activated_date":"","isActive":true,"workstation_description":"cuttingcutting","workstation_type_id":"bc06c472-e364-4852-89dd-20aef11b17bd","deactivated_date":""}, {status=false}, {workstation_code=data/workstation_code, activated_date=data/activated_date, section_code=data/section_code, workstation_id=data/workstation_id, isActive=isActive, workstation_description=data/workstation_description, workstation_type_id=data/workstation_type_id, deactivated_date=data/deactivated_date, status=status}</td>
<td><div><pre>java.lang.Exception: Given value not found in response json
	at com.schemaxtech.testAutomationFramework.TestAutomationUtil.verifyResponse(TestAutomationUtil.java:356)
	at com.schemaxtech.testAutomationFrameworkTest.Workstation.createWorkstation(Workstation.java:67)
	at java.util.concurrent.ThreadPoolExecutor.runWorker(ThreadPoolExecutor.java:1149)
	at java.util.concurrent.ThreadPoolExecutor$Worker.run(ThreadPoolExecutor.java:624)
	at java.lang.Thread.run(Thread.java:748)
... Removed 10 stack frames</pre></div><a href='#' onClick='toggleBox("stack-trace683097976", this, "Click to show all stack frames", "Click to hide stack frames")'>Click to show all stack frames</a>
<div class='stack-trace' id='stack-trace683097976'><pre>java.lang.Exception: Given value not found in response json
	at com.schemaxtech.testAutomationFramework.TestAutomationUtil.verifyResponse(TestAutomationUtil.java:356)
	at com.schemaxtech.testAutomationFrameworkTest.Workstation.createWorkstation(Workstation.java:67)
	at sun.reflect.NativeMethodAccessorImpl.invoke0(Native Method)
	at sun.reflect.NativeMethodAccessorImpl.invoke(NativeMethodAccessorImpl.java:62)
	at sun.reflect.DelegatingMethodAccessorImpl.invoke(DelegatingMethodAccessorImpl.java:43)
	at java.lang.reflect.Method.invoke(Method.java:498)
	at org.testng.internal.MethodInvocationHelper.invokeMethod(MethodInvocationHelper.java:124)
	at org.testng.internal.Invoker.invokeMethod(Invoker.java:583)
	at org.testng.internal.Invoker.invokeTestMethod(Invoker.java:719)
	at org.testng.internal.Invoker.invokeTestMethods(Invoker.java:989)
	at org.testng.internal.TestMethodWorker.invokeTestMethods(TestMethodWorker.java:125)
	at org.testng.internal.TestMethodWorker.run(TestMethodWorker.java:109)
	at java.util.concurrent.ThreadPoolExecutor.runWorker(ThreadPoolExecutor.java:1149)
	at java.util.concurrent.ThreadPoolExecutor$Worker.run(ThreadPoolExecutor.java:624)
	at java.lang.Thread.run(Thread.java:748)
</pre></div></td>
<td>0</td>
<td>com.schemaxtech.testAutomationFrameworkTest.Workstation@731a74c</td></tr>
<tr>
<td title='com.schemaxtech.testAutomationFrameworkTest.Workstation.createWorkstation()'><b>createWorkstation</b><br>Test class: com.schemaxtech.testAutomationFrameworkTest.Workstation<br>Parameters: TC_008, {"workstation_code":2,"section_code":"sec09","activated_date":"","isActive":true,"workstation_description":"cutting","workstation_type_id":"bc06c472-e364-4852-89dd-20ae","deactivated_date":""}, {status=false}, {workstation_code=data/workstation_code, activated_date=data/activated_date, section_code=data/section_code, workstation_id=data/workstation_id, isActive=isActive, workstation_description=data/workstation_description, workstation_type_id=data/workstation_type_id, deactivated_date=data/deactivated_date, status=status}</td>
<td><div><pre>java.lang.Exception: Given value not found in response json
	at com.schemaxtech.testAutomationFramework.TestAutomationUtil.verifyResponse(TestAutomationUtil.java:356)
	at com.schemaxtech.testAutomationFrameworkTest.Workstation.createWorkstation(Workstation.java:67)
	at java.util.concurrent.ThreadPoolExecutor.runWorker(ThreadPoolExecutor.java:1149)
	at java.util.concurrent.ThreadPoolExecutor$Worker.run(ThreadPoolExecutor.java:624)
	at java.lang.Thread.run(Thread.java:748)
... Removed 10 stack frames</pre></div><a href='#' onClick='toggleBox("stack-trace2023695851", this, "Click to show all stack frames", "Click to hide stack frames")'>Click to show all stack frames</a>
<div class='stack-trace' id='stack-trace2023695851'><pre>java.lang.Exception: Given value not found in response json
	at com.schemaxtech.testAutomationFramework.TestAutomationUtil.verifyResponse(TestAutomationUtil.java:356)
	at com.schemaxtech.testAutomationFrameworkTest.Workstation.createWorkstation(Workstation.java:67)
	at sun.reflect.NativeMethodAccessorImpl.invoke0(Native Method)
	at sun.reflect.NativeMethodAccessorImpl.invoke(NativeMethodAccessorImpl.java:62)
	at sun.reflect.DelegatingMethodAccessorImpl.invoke(DelegatingMethodAccessorImpl.java:43)
	at java.lang.reflect.Method.invoke(Method.java:498)
	at org.testng.internal.MethodInvocationHelper.invokeMethod(MethodInvocationHelper.java:124)
	at org.testng.internal.Invoker.invokeMethod(Invoker.java:583)
	at org.testng.internal.Invoker.invokeTestMethod(Invoker.java:719)
	at org.testng.internal.Invoker.invokeTestMethods(Invoker.java:989)
	at org.testng.internal.TestMethodWorker.invokeTestMethods(TestMethodWorker.java:125)
	at org.testng.internal.TestMethodWorker.run(TestMethodWorker.java:109)
	at java.util.concurrent.ThreadPoolExecutor.runWorker(ThreadPoolExecutor.java:1149)
	at java.util.concurrent.ThreadPoolExecutor$Worker.run(ThreadPoolExecutor.java:624)
	at java.lang.Thread.run(Thread.java:748)
</pre></div></td>
<td>0</td>
<td>com.schemaxtech.testAutomationFrameworkTest.Workstation@731a74c</td></tr>
<tr>
<td title='com.schemaxtech.testAutomationFrameworkTest.Workstation.createWorkstation()'><b>createWorkstation</b><br>Test class: com.schemaxtech.testAutomationFrameworkTest.Workstation<br>Parameters: TC_009, {"workstation_code":2,"section_code":"sec09","activated_date":"","isActive":true,"workstation_description":"cutting","workstation_type_id":"bc06c472-e364-4852-89dd-20aef11b17bd","deactivated_date":""}, {status=false}, {workstation_code=data/workstation_code, activated_date=data/activated_date, section_code=data/section_code, workstation_id=data/workstation_id, isActive=isActive, workstation_description=data/workstation_description, workstation_type_id=data/workstation_type_id, deactivated_date=data/deactivated_date, status=status}</td>
<td><div><pre>java.lang.Exception: Given value not found in response json
	at com.schemaxtech.testAutomationFramework.TestAutomationUtil.verifyResponse(TestAutomationUtil.java:356)
	at com.schemaxtech.testAutomationFrameworkTest.Workstation.createWorkstation(Workstation.java:67)
	at java.util.concurrent.ThreadPoolExecutor.runWorker(ThreadPoolExecutor.java:1149)
	at java.util.concurrent.ThreadPoolExecutor$Worker.run(ThreadPoolExecutor.java:624)
	at java.lang.Thread.run(Thread.java:748)
... Removed 10 stack frames</pre></div><a href='#' onClick='toggleBox("stack-trace983580994", this, "Click to show all stack frames", "Click to hide stack frames")'>Click to show all stack frames</a>
<div class='stack-trace' id='stack-trace983580994'><pre>java.lang.Exception: Given value not found in response json
	at com.schemaxtech.testAutomationFramework.TestAutomationUtil.verifyResponse(TestAutomationUtil.java:356)
	at com.schemaxtech.testAutomationFrameworkTest.Workstation.createWorkstation(Workstation.java:67)
	at sun.reflect.NativeMethodAccessorImpl.invoke0(Native Method)
	at sun.reflect.NativeMethodAccessorImpl.invoke(NativeMethodAccessorImpl.java:62)
	at sun.reflect.DelegatingMethodAccessorImpl.invoke(DelegatingMethodAccessorImpl.java:43)
	at java.lang.reflect.Method.invoke(Method.java:498)
	at org.testng.internal.MethodInvocationHelper.invokeMethod(MethodInvocationHelper.java:124)
	at org.testng.internal.Invoker.invokeMethod(Invoker.java:583)
	at org.testng.internal.Invoker.invokeTestMethod(Invoker.java:719)
	at org.testng.internal.Invoker.invokeTestMethods(Invoker.java:989)
	at org.testng.internal.TestMethodWorker.invokeTestMethods(TestMethodWorker.java:125)
	at org.testng.internal.TestMethodWorker.run(TestMethodWorker.java:109)
	at java.util.concurrent.ThreadPoolExecutor.runWorker(ThreadPoolExecutor.java:1149)
	at java.util.concurrent.ThreadPoolExecutor$Worker.run(ThreadPoolExecutor.java:624)
	at java.lang.Thread.run(Thread.java:748)
</pre></div></td>
<td>0</td>
<td>com.schemaxtech.testAutomationFrameworkTest.Workstation@731a74c</td></tr>
<tr>
<td title='com.schemaxtech.testAutomationFrameworkTest.WorkstationT.createWorkstationT()'><b>createWorkstationT</b><br>Test class: com.schemaxtech.testAutomationFrameworkTest.WorkstationT<br>Parameters: Tc_002, {"workstation_type_description":"Testing","department_type":"planning","workstation_type_code":"planning309"}, {errInfo=, workstation_type_code=planning309}, {workstation_type_description=data/workstation_type_description, errInfo=errInfo, department_type=data/department_type, workstation_type_code=data/workstation_type_code, activated_date=data/activated_date, workstation_type_id=data/workstation_type_id, status=status}</td>
<td><div><pre>java.lang.AssertionError: Verification of &apos;workstation_type_code&apos; with value &apos;planning309&apos; in response json failed expected [planning309] but found [PLANNING309]
	at com.schemaxtech.testAutomationFramework.TestAutomationUtil.verifyResponse(TestAutomationUtil.java:345)
	at com.schemaxtech.testAutomationFrameworkTest.WorkstationT.createWorkstationT(WorkstationT.java:69)
	at java.util.concurrent.ThreadPoolExecutor.runWorker(ThreadPoolExecutor.java:1149)
	at java.util.concurrent.ThreadPoolExecutor$Worker.run(ThreadPoolExecutor.java:624)
	at java.lang.Thread.run(Thread.java:748)
... Removed 14 stack frames</pre></div><a href='#' onClick='toggleBox("stack-trace612962062", this, "Click to show all stack frames", "Click to hide stack frames")'>Click to show all stack frames</a>
<div class='stack-trace' id='stack-trace612962062'><pre>java.lang.AssertionError: Verification of &apos;workstation_type_code&apos; with value &apos;planning309&apos; in response json failed expected [planning309] but found [PLANNING309]
	at org.testng.Assert.fail(Assert.java:96)
	at org.testng.Assert.failNotEquals(Assert.java:776)
	at org.testng.Assert.assertEqualsImpl(Assert.java:137)
	at org.testng.Assert.assertEquals(Assert.java:118)
	at com.schemaxtech.testAutomationFramework.TestAutomationUtil.verifyResponse(TestAutomationUtil.java:345)
	at com.schemaxtech.testAutomationFrameworkTest.WorkstationT.createWorkstationT(WorkstationT.java:69)
	at sun.reflect.NativeMethodAccessorImpl.invoke0(Native Method)
	at sun.reflect.NativeMethodAccessorImpl.invoke(NativeMethodAccessorImpl.java:62)
	at sun.reflect.DelegatingMethodAccessorImpl.invoke(DelegatingMethodAccessorImpl.java:43)
	at java.lang.reflect.Method.invoke(Method.java:498)
	at org.testng.internal.MethodInvocationHelper.invokeMethod(MethodInvocationHelper.java:124)
	at org.testng.internal.Invoker.invokeMethod(Invoker.java:583)
	at org.testng.internal.Invoker.invokeTestMethod(Invoker.java:719)
	at org.testng.internal.Invoker.invokeTestMethods(Invoker.java:989)
	at org.testng.internal.TestMethodWorker.invokeTestMethods(TestMethodWorker.java:125)
	at org.testng.internal.TestMethodWorker.run(TestMethodWorker.java:109)
	at java.util.concurrent.ThreadPoolExecutor.runWorker(ThreadPoolExecutor.java:1149)
	at java.util.concurrent.ThreadPoolExecutor$Worker.run(ThreadPoolExecutor.java:624)
	at java.lang.Thread.run(Thread.java:748)
</pre></div></td>
<td>0</td>
<td>com.schemaxtech.testAutomationFrameworkTest.WorkstationT@4b4523f8</td></tr>
<tr>
<td title='com.schemaxtech.testAutomationFrameworkTest.WorkstationT.createWorkstationT()'><b>createWorkstationT</b><br>Test class: com.schemaxtech.testAutomationFrameworkTest.WorkstationT<br>Parameters: Tc_001, {"workstation_type_description":"Testing1","department_type":"abc","workstation_type_code":"planning309"}, {errInfo=The department type doesnt exist, workstation_type_code=}, {workstation_type_description=data/workstation_type_description, errInfo=errInfo, department_type=data/department_type, workstation_type_code=data/workstation_type_code, activated_date=data/activated_date, workstation_type_id=data/workstation_type_id, status=status}</td>
<td><div><pre>java.lang.Exception: Given value not found in response json
	at com.schemaxtech.testAutomationFramework.TestAutomationUtil.verifyResponse(TestAutomationUtil.java:356)
	at com.schemaxtech.testAutomationFrameworkTest.WorkstationT.createWorkstationT(WorkstationT.java:69)
	at java.util.concurrent.ThreadPoolExecutor.runWorker(ThreadPoolExecutor.java:1149)
	at java.util.concurrent.ThreadPoolExecutor$Worker.run(ThreadPoolExecutor.java:624)
	at java.lang.Thread.run(Thread.java:748)
... Removed 10 stack frames</pre></div><a href='#' onClick='toggleBox("stack-trace376749768", this, "Click to show all stack frames", "Click to hide stack frames")'>Click to show all stack frames</a>
<div class='stack-trace' id='stack-trace376749768'><pre>java.lang.Exception: Given value not found in response json
	at com.schemaxtech.testAutomationFramework.TestAutomationUtil.verifyResponse(TestAutomationUtil.java:356)
	at com.schemaxtech.testAutomationFrameworkTest.WorkstationT.createWorkstationT(WorkstationT.java:69)
	at sun.reflect.NativeMethodAccessorImpl.invoke0(Native Method)
	at sun.reflect.NativeMethodAccessorImpl.invoke(NativeMethodAccessorImpl.java:62)
	at sun.reflect.DelegatingMethodAccessorImpl.invoke(DelegatingMethodAccessorImpl.java:43)
	at java.lang.reflect.Method.invoke(Method.java:498)
	at org.testng.internal.MethodInvocationHelper.invokeMethod(MethodInvocationHelper.java:124)
	at org.testng.internal.Invoker.invokeMethod(Invoker.java:583)
	at org.testng.internal.Invoker.invokeTestMethod(Invoker.java:719)
	at org.testng.internal.Invoker.invokeTestMethods(Invoker.java:989)
	at org.testng.internal.TestMethodWorker.invokeTestMethods(TestMethodWorker.java:125)
	at org.testng.internal.TestMethodWorker.run(TestMethodWorker.java:109)
	at java.util.concurrent.ThreadPoolExecutor.runWorker(ThreadPoolExecutor.java:1149)
	at java.util.concurrent.ThreadPoolExecutor$Worker.run(ThreadPoolExecutor.java:624)
	at java.lang.Thread.run(Thread.java:748)
</pre></div></td>
<td>0</td>
<td>com.schemaxtech.testAutomationFrameworkTest.WorkstationT@4b4523f8</td></tr>
<tr>
<td title='com.schemaxtech.testAutomationFrameworkTest.WorkstationT.createWorkstationT()'><b>createWorkstationT</b><br>Test class: com.schemaxtech.testAutomationFrameworkTest.WorkstationT<br>Parameters: Tc_003, {"workstation_type_description":"Testing","department_type":"planning","workstation_type_code":"planning1309"}, {errInfo=, workstation_type_code=planning1309}, {workstation_type_description=data/workstation_type_description, errInfo=errInfo, department_type=data/department_type, workstation_type_code=data/workstation_type_code, activated_date=data/activated_date, workstation_type_id=data/workstation_type_id, status=status}</td>
<td><div><pre>java.lang.AssertionError: Verification of &apos;workstation_type_code&apos; with value &apos;planning1309&apos; in response json failed expected [planning1309] but found [PLANNING1309]
	at com.schemaxtech.testAutomationFramework.TestAutomationUtil.verifyResponse(TestAutomationUtil.java:345)
	at com.schemaxtech.testAutomationFrameworkTest.WorkstationT.createWorkstationT(WorkstationT.java:69)
	at java.util.concurrent.ThreadPoolExecutor.runWorker(ThreadPoolExecutor.java:1149)
	at java.util.concurrent.ThreadPoolExecutor$Worker.run(ThreadPoolExecutor.java:624)
	at java.lang.Thread.run(Thread.java:748)
... Removed 14 stack frames</pre></div><a href='#' onClick='toggleBox("stack-trace1214124169", this, "Click to show all stack frames", "Click to hide stack frames")'>Click to show all stack frames</a>
<div class='stack-trace' id='stack-trace1214124169'><pre>java.lang.AssertionError: Verification of &apos;workstation_type_code&apos; with value &apos;planning1309&apos; in response json failed expected [planning1309] but found [PLANNING1309]
	at org.testng.Assert.fail(Assert.java:96)
	at org.testng.Assert.failNotEquals(Assert.java:776)
	at org.testng.Assert.assertEqualsImpl(Assert.java:137)
	at org.testng.Assert.assertEquals(Assert.java:118)
	at com.schemaxtech.testAutomationFramework.TestAutomationUtil.verifyResponse(TestAutomationUtil.java:345)
	at com.schemaxtech.testAutomationFrameworkTest.WorkstationT.createWorkstationT(WorkstationT.java:69)
	at sun.reflect.NativeMethodAccessorImpl.invoke0(Native Method)
	at sun.reflect.NativeMethodAccessorImpl.invoke(NativeMethodAccessorImpl.java:62)
	at sun.reflect.DelegatingMethodAccessorImpl.invoke(DelegatingMethodAccessorImpl.java:43)
	at java.lang.reflect.Method.invoke(Method.java:498)
	at org.testng.internal.MethodInvocationHelper.invokeMethod(MethodInvocationHelper.java:124)
	at org.testng.internal.Invoker.invokeMethod(Invoker.java:583)
	at org.testng.internal.Invoker.invokeTestMethod(Invoker.java:719)
	at org.testng.internal.Invoker.invokeTestMethods(Invoker.java:989)
	at org.testng.internal.TestMethodWorker.invokeTestMethods(TestMethodWorker.java:125)
	at org.testng.internal.TestMethodWorker.run(TestMethodWorker.java:109)
	at java.util.concurrent.ThreadPoolExecutor.runWorker(ThreadPoolExecutor.java:1149)
	at java.util.concurrent.ThreadPoolExecutor$Worker.run(ThreadPoolExecutor.java:624)
	at java.lang.Thread.run(Thread.java:748)
</pre></div></td>
<td>0</td>
<td>com.schemaxtech.testAutomationFrameworkTest.WorkstationT@4b4523f8</td></tr>
<tr>
<td title='com.schemaxtech.testAutomationFrameworkTest.DepartmentType.createdepartmenttype()'><b>createdepartmenttype</b><br>Test class: com.schemaxtech.testAutomationFrameworkTest.DepartmentType<br>Parameters: TC_001, {"department_type":"stitching1"}, {status=true}, {department_type=data/department_type, status=status}</td>
<td><div><pre>java.lang.AssertionError: Verification of &apos;status&apos; with value &apos;true&apos; in response json failed expected [true] but found [false]
	at com.schemaxtech.testAutomationFramework.TestAutomationUtil.verifyResponse(TestAutomationUtil.java:345)
	at com.schemaxtech.testAutomationFrameworkTest.DepartmentType.createdepartmenttype(DepartmentType.java:69)
	at java.util.concurrent.ThreadPoolExecutor.runWorker(ThreadPoolExecutor.java:1149)
	at java.util.concurrent.ThreadPoolExecutor$Worker.run(ThreadPoolExecutor.java:624)
	at java.lang.Thread.run(Thread.java:748)
... Removed 14 stack frames</pre></div><a href='#' onClick='toggleBox("stack-trace749314996", this, "Click to show all stack frames", "Click to hide stack frames")'>Click to show all stack frames</a>
<div class='stack-trace' id='stack-trace749314996'><pre>java.lang.AssertionError: Verification of &apos;status&apos; with value &apos;true&apos; in response json failed expected [true] but found [false]
	at org.testng.Assert.fail(Assert.java:96)
	at org.testng.Assert.failNotEquals(Assert.java:776)
	at org.testng.Assert.assertEqualsImpl(Assert.java:137)
	at org.testng.Assert.assertEquals(Assert.java:118)
	at com.schemaxtech.testAutomationFramework.TestAutomationUtil.verifyResponse(TestAutomationUtil.java:345)
	at com.schemaxtech.testAutomationFrameworkTest.DepartmentType.createdepartmenttype(DepartmentType.java:69)
	at sun.reflect.NativeMethodAccessorImpl.invoke0(Native Method)
	at sun.reflect.NativeMethodAccessorImpl.invoke(NativeMethodAccessorImpl.java:62)
	at sun.reflect.DelegatingMethodAccessorImpl.invoke(DelegatingMethodAccessorImpl.java:43)
	at java.lang.reflect.Method.invoke(Method.java:498)
	at org.testng.internal.MethodInvocationHelper.invokeMethod(MethodInvocationHelper.java:124)
	at org.testng.internal.Invoker.invokeMethod(Invoker.java:583)
	at org.testng.internal.Invoker.invokeTestMethod(Invoker.java:719)
	at org.testng.internal.Invoker.invokeTestMethods(Invoker.java:989)
	at org.testng.internal.TestMethodWorker.invokeTestMethods(TestMethodWorker.java:125)
	at org.testng.internal.TestMethodWorker.run(TestMethodWorker.java:109)
	at java.util.concurrent.ThreadPoolExecutor.runWorker(ThreadPoolExecutor.java:1149)
	at java.util.concurrent.ThreadPoolExecutor$Worker.run(ThreadPoolExecutor.java:624)
	at java.lang.Thread.run(Thread.java:748)
</pre></div></td>
<td>2</td>
<td>com.schemaxtech.testAutomationFrameworkTest.DepartmentType@3a5ed7a6</td></tr>
<tr>
<td title='com.schemaxtech.testAutomationFrameworkTest.DepartmentType.createdepartmenttype()'><b>createdepartmenttype</b><br>Test class: com.schemaxtech.testAutomationFrameworkTest.DepartmentType<br>Parameters: TC_002, {"department_type":"Packing2"}, {status=true}, {department_type=data/department_type, status=status}</td>
<td><div><pre>java.lang.AssertionError: Verification of &apos;status&apos; with value &apos;true&apos; in response json failed expected [true] but found [false]
	at com.schemaxtech.testAutomationFramework.TestAutomationUtil.verifyResponse(TestAutomationUtil.java:345)
	at com.schemaxtech.testAutomationFrameworkTest.DepartmentType.createdepartmenttype(DepartmentType.java:69)
	at java.util.concurrent.ThreadPoolExecutor.runWorker(ThreadPoolExecutor.java:1149)
	at java.util.concurrent.ThreadPoolExecutor$Worker.run(ThreadPoolExecutor.java:624)
	at java.lang.Thread.run(Thread.java:748)
... Removed 14 stack frames</pre></div><a href='#' onClick='toggleBox("stack-trace1901428441", this, "Click to show all stack frames", "Click to hide stack frames")'>Click to show all stack frames</a>
<div class='stack-trace' id='stack-trace1901428441'><pre>java.lang.AssertionError: Verification of &apos;status&apos; with value &apos;true&apos; in response json failed expected [true] but found [false]
	at org.testng.Assert.fail(Assert.java:96)
	at org.testng.Assert.failNotEquals(Assert.java:776)
	at org.testng.Assert.assertEqualsImpl(Assert.java:137)
	at org.testng.Assert.assertEquals(Assert.java:118)
	at com.schemaxtech.testAutomationFramework.TestAutomationUtil.verifyResponse(TestAutomationUtil.java:345)
	at com.schemaxtech.testAutomationFrameworkTest.DepartmentType.createdepartmenttype(DepartmentType.java:69)
	at sun.reflect.NativeMethodAccessorImpl.invoke0(Native Method)
	at sun.reflect.NativeMethodAccessorImpl.invoke(NativeMethodAccessorImpl.java:62)
	at sun.reflect.DelegatingMethodAccessorImpl.invoke(DelegatingMethodAccessorImpl.java:43)
	at java.lang.reflect.Method.invoke(Method.java:498)
	at org.testng.internal.MethodInvocationHelper.invokeMethod(MethodInvocationHelper.java:124)
	at org.testng.internal.Invoker.invokeMethod(Invoker.java:583)
	at org.testng.internal.Invoker.invokeTestMethod(Invoker.java:719)
	at org.testng.internal.Invoker.invokeTestMethods(Invoker.java:989)
	at org.testng.internal.TestMethodWorker.invokeTestMethods(TestMethodWorker.java:125)
	at org.testng.internal.TestMethodWorker.run(TestMethodWorker.java:109)
	at java.util.concurrent.ThreadPoolExecutor.runWorker(ThreadPoolExecutor.java:1149)
	at java.util.concurrent.ThreadPoolExecutor$Worker.run(ThreadPoolExecutor.java:624)
	at java.lang.Thread.run(Thread.java:748)
</pre></div></td>
<td>0</td>
<td>com.schemaxtech.testAutomationFrameworkTest.DepartmentType@3a5ed7a6</td></tr>
<tr>
<td title='com.schemaxtech.testAutomationFrameworkTest.Workstation.deActivateWorkstation()'><b>deActivateWorkstation</b><br>Test class: com.schemaxtech.testAutomationFrameworkTest.Workstation<br>Parameters: TC_001, {"workstation_id":"fe42f216-9961-41e3-a598-c4460e037a94"}, {errorInfo=, status=true}, {errorInfo=errorInfo, status=status}</td>
<td><div><pre>java.lang.AssertionError: Verification of &apos;status&apos; with value &apos;true&apos; in response json failed expected [true] but found [false]
	at com.schemaxtech.testAutomationFramework.TestAutomationUtil.verifyResponse(TestAutomationUtil.java:345)
	at com.schemaxtech.testAutomationFrameworkTest.Workstation.deActivateWorkstation(Workstation.java:98)
	at java.util.concurrent.ThreadPoolExecutor.runWorker(ThreadPoolExecutor.java:1149)
	at java.util.concurrent.ThreadPoolExecutor$Worker.run(ThreadPoolExecutor.java:624)
	at java.lang.Thread.run(Thread.java:748)
... Removed 14 stack frames</pre></div><a href='#' onClick='toggleBox("stack-trace471936539", this, "Click to show all stack frames", "Click to hide stack frames")'>Click to show all stack frames</a>
<div class='stack-trace' id='stack-trace471936539'><pre>java.lang.AssertionError: Verification of &apos;status&apos; with value &apos;true&apos; in response json failed expected [true] but found [false]
	at org.testng.Assert.fail(Assert.java:96)
	at org.testng.Assert.failNotEquals(Assert.java:776)
	at org.testng.Assert.assertEqualsImpl(Assert.java:137)
	at org.testng.Assert.assertEquals(Assert.java:118)
	at com.schemaxtech.testAutomationFramework.TestAutomationUtil.verifyResponse(TestAutomationUtil.java:345)
	at com.schemaxtech.testAutomationFrameworkTest.Workstation.deActivateWorkstation(Workstation.java:98)
	at sun.reflect.NativeMethodAccessorImpl.invoke0(Native Method)
	at sun.reflect.NativeMethodAccessorImpl.invoke(NativeMethodAccessorImpl.java:62)
	at sun.reflect.DelegatingMethodAccessorImpl.invoke(DelegatingMethodAccessorImpl.java:43)
	at java.lang.reflect.Method.invoke(Method.java:498)
	at org.testng.internal.MethodInvocationHelper.invokeMethod(MethodInvocationHelper.java:124)
	at org.testng.internal.Invoker.invokeMethod(Invoker.java:583)
	at org.testng.internal.Invoker.invokeTestMethod(Invoker.java:719)
	at org.testng.internal.Invoker.invokeTestMethods(Invoker.java:989)
	at org.testng.internal.TestMethodWorker.invokeTestMethods(TestMethodWorker.java:125)
	at org.testng.internal.TestMethodWorker.run(TestMethodWorker.java:109)
	at java.util.concurrent.ThreadPoolExecutor.runWorker(ThreadPoolExecutor.java:1149)
	at java.util.concurrent.ThreadPoolExecutor$Worker.run(ThreadPoolExecutor.java:624)
	at java.lang.Thread.run(Thread.java:748)
</pre></div></td>
<td>0</td>
<td>com.schemaxtech.testAutomationFrameworkTest.Workstation@731a74c</td></tr>
<tr>
<td title='com.schemaxtech.testAutomationFrameworkTest.Workstation.deActivateWorkstation()'><b>deActivateWorkstation</b><br>Test class: com.schemaxtech.testAutomationFrameworkTest.Workstation<br>Parameters: TC_002, {"workstation_id":"f884a94f-0c94-48e5-ab8c"}, {errorInfo=Workstation not found., status=false}, {errorInfo=errorInfo, status=status}</td>
<td><div><pre>java.lang.Exception: Given value not found in response json
	at com.schemaxtech.testAutomationFramework.TestAutomationUtil.verifyResponse(TestAutomationUtil.java:356)
	at com.schemaxtech.testAutomationFrameworkTest.Workstation.deActivateWorkstation(Workstation.java:98)
	at java.util.concurrent.ThreadPoolExecutor.runWorker(ThreadPoolExecutor.java:1149)
	at java.util.concurrent.ThreadPoolExecutor$Worker.run(ThreadPoolExecutor.java:624)
	at java.lang.Thread.run(Thread.java:748)
... Removed 10 stack frames</pre></div><a href='#' onClick='toggleBox("stack-trace1099752086", this, "Click to show all stack frames", "Click to hide stack frames")'>Click to show all stack frames</a>
<div class='stack-trace' id='stack-trace1099752086'><pre>java.lang.Exception: Given value not found in response json
	at com.schemaxtech.testAutomationFramework.TestAutomationUtil.verifyResponse(TestAutomationUtil.java:356)
	at com.schemaxtech.testAutomationFrameworkTest.Workstation.deActivateWorkstation(Workstation.java:98)
	at sun.reflect.NativeMethodAccessorImpl.invoke0(Native Method)
	at sun.reflect.NativeMethodAccessorImpl.invoke(NativeMethodAccessorImpl.java:62)
	at sun.reflect.DelegatingMethodAccessorImpl.invoke(DelegatingMethodAccessorImpl.java:43)
	at java.lang.reflect.Method.invoke(Method.java:498)
	at org.testng.internal.MethodInvocationHelper.invokeMethod(MethodInvocationHelper.java:124)
	at org.testng.internal.Invoker.invokeMethod(Invoker.java:583)
	at org.testng.internal.Invoker.invokeTestMethod(Invoker.java:719)
	at org.testng.internal.Invoker.invokeTestMethods(Invoker.java:989)
	at org.testng.internal.TestMethodWorker.invokeTestMethods(TestMethodWorker.java:125)
	at org.testng.internal.TestMethodWorker.run(TestMethodWorker.java:109)
	at java.util.concurrent.ThreadPoolExecutor.runWorker(ThreadPoolExecutor.java:1149)
	at java.util.concurrent.ThreadPoolExecutor$Worker.run(ThreadPoolExecutor.java:624)
	at java.lang.Thread.run(Thread.java:748)
</pre></div></td>
<td>0</td>
<td>com.schemaxtech.testAutomationFrameworkTest.Workstation@731a74c</td></tr>
<tr>
<td title='com.schemaxtech.testAutomationFrameworkTest.Company.deaCompany()'><b>deaCompany</b><br>Test class: com.schemaxtech.testAutomationFrameworkTest.Company<br>Parameters: Tc_002, {"company_code":"Test309"}, {errorInfo=, status=true}, {errorInfo=errorInfo, status=status}</td>
<td><div><pre>java.lang.AssertionError: Verification of &apos;status&apos; with value &apos;true&apos; in response json failed expected [true] but found [false]
	at com.schemaxtech.testAutomationFramework.TestAutomationUtil.verifyResponse(TestAutomationUtil.java:345)
	at com.schemaxtech.testAutomationFrameworkTest.Company.deaCompany(Company.java:103)
	at java.util.concurrent.ThreadPoolExecutor.runWorker(ThreadPoolExecutor.java:1149)
	at java.util.concurrent.ThreadPoolExecutor$Worker.run(ThreadPoolExecutor.java:624)
	at java.lang.Thread.run(Thread.java:748)
... Removed 14 stack frames</pre></div><a href='#' onClick='toggleBox("stack-trace387197630", this, "Click to show all stack frames", "Click to hide stack frames")'>Click to show all stack frames</a>
<div class='stack-trace' id='stack-trace387197630'><pre>java.lang.AssertionError: Verification of &apos;status&apos; with value &apos;true&apos; in response json failed expected [true] but found [false]
	at org.testng.Assert.fail(Assert.java:96)
	at org.testng.Assert.failNotEquals(Assert.java:776)
	at org.testng.Assert.assertEqualsImpl(Assert.java:137)
	at org.testng.Assert.assertEquals(Assert.java:118)
	at com.schemaxtech.testAutomationFramework.TestAutomationUtil.verifyResponse(TestAutomationUtil.java:345)
	at com.schemaxtech.testAutomationFrameworkTest.Company.deaCompany(Company.java:103)
	at sun.reflect.NativeMethodAccessorImpl.invoke0(Native Method)
	at sun.reflect.NativeMethodAccessorImpl.invoke(NativeMethodAccessorImpl.java:62)
	at sun.reflect.DelegatingMethodAccessorImpl.invoke(DelegatingMethodAccessorImpl.java:43)
	at java.lang.reflect.Method.invoke(Method.java:498)
	at org.testng.internal.MethodInvocationHelper.invokeMethod(MethodInvocationHelper.java:124)
	at org.testng.internal.Invoker.invokeMethod(Invoker.java:583)
	at org.testng.internal.Invoker.invokeTestMethod(Invoker.java:719)
	at org.testng.internal.Invoker.invokeTestMethods(Invoker.java:989)
	at org.testng.internal.TestMethodWorker.invokeTestMethods(TestMethodWorker.java:125)
	at org.testng.internal.TestMethodWorker.run(TestMethodWorker.java:109)
	at java.util.concurrent.ThreadPoolExecutor.runWorker(ThreadPoolExecutor.java:1149)
	at java.util.concurrent.ThreadPoolExecutor$Worker.run(ThreadPoolExecutor.java:624)
	at java.lang.Thread.run(Thread.java:748)
</pre></div></td>
<td>0</td>
<td>com.schemaxtech.testAutomationFrameworkTest.Company@7791a895</td></tr>
<tr>
<td title='com.schemaxtech.testAutomationFrameworkTest.Cluster.deacCluster()'><b>deacCluster</b><br>Test class: com.schemaxtech.testAutomationFrameworkTest.Cluster<br>Parameters: Tc_001, {"cluster_code":"Testa309"}, {errorInfo=, status=true}, {errInfo=errInfo, status=status}</td>
<td><div><pre>java.lang.AssertionError: Verification of &apos;status&apos; with value &apos;true&apos; in response json failed expected [true] but found [false]
	at com.schemaxtech.testAutomationFramework.TestAutomationUtil.verifyResponse(TestAutomationUtil.java:345)
	at com.schemaxtech.testAutomationFrameworkTest.Cluster.deacCluster(Cluster.java:91)
	at java.util.concurrent.ThreadPoolExecutor.runWorker(ThreadPoolExecutor.java:1149)
	at java.util.concurrent.ThreadPoolExecutor$Worker.run(ThreadPoolExecutor.java:624)
	at java.lang.Thread.run(Thread.java:748)
... Removed 14 stack frames</pre></div><a href='#' onClick='toggleBox("stack-trace208503846", this, "Click to show all stack frames", "Click to hide stack frames")'>Click to show all stack frames</a>
<div class='stack-trace' id='stack-trace208503846'><pre>java.lang.AssertionError: Verification of &apos;status&apos; with value &apos;true&apos; in response json failed expected [true] but found [false]
	at org.testng.Assert.fail(Assert.java:96)
	at org.testng.Assert.failNotEquals(Assert.java:776)
	at org.testng.Assert.assertEqualsImpl(Assert.java:137)
	at org.testng.Assert.assertEquals(Assert.java:118)
	at com.schemaxtech.testAutomationFramework.TestAutomationUtil.verifyResponse(TestAutomationUtil.java:345)
	at com.schemaxtech.testAutomationFrameworkTest.Cluster.deacCluster(Cluster.java:91)
	at sun.reflect.NativeMethodAccessorImpl.invoke0(Native Method)
	at sun.reflect.NativeMethodAccessorImpl.invoke(NativeMethodAccessorImpl.java:62)
	at sun.reflect.DelegatingMethodAccessorImpl.invoke(DelegatingMethodAccessorImpl.java:43)
	at java.lang.reflect.Method.invoke(Method.java:498)
	at org.testng.internal.MethodInvocationHelper.invokeMethod(MethodInvocationHelper.java:124)
	at org.testng.internal.Invoker.invokeMethod(Invoker.java:583)
	at org.testng.internal.Invoker.invokeTestMethod(Invoker.java:719)
	at org.testng.internal.Invoker.invokeTestMethods(Invoker.java:989)
	at org.testng.internal.TestMethodWorker.invokeTestMethods(TestMethodWorker.java:125)
	at org.testng.internal.TestMethodWorker.run(TestMethodWorker.java:109)
	at java.util.concurrent.ThreadPoolExecutor.runWorker(ThreadPoolExecutor.java:1149)
	at java.util.concurrent.ThreadPoolExecutor$Worker.run(ThreadPoolExecutor.java:624)
	at java.lang.Thread.run(Thread.java:748)
</pre></div></td>
<td>0</td>
<td>com.schemaxtech.testAutomationFrameworkTest.Cluster@6325a3ee</td></tr>
<tr>
<td title='com.schemaxtech.testAutomationFrameworkTest.Plant.deacPlant()'><b>deacPlant</b><br>Test class: com.schemaxtech.testAutomationFrameworkTest.Plant<br>Parameters: Tc_001, {"plant_code":"Testp309"}, {plant_code=Testp309, errInfo=, status=true}, {plant_code=data/plant_code, errInfo=errInfo, status=status}</td>
<td><div><pre>java.lang.Exception: Given value not found in response json
	at com.schemaxtech.testAutomationFramework.TestAutomationUtil.verifyResponse(TestAutomationUtil.java:356)
	at com.schemaxtech.testAutomationFrameworkTest.Plant.deacPlant(Plant.java:80)
	at java.util.concurrent.ThreadPoolExecutor.runWorker(ThreadPoolExecutor.java:1149)
	at java.util.concurrent.ThreadPoolExecutor$Worker.run(ThreadPoolExecutor.java:624)
	at java.lang.Thread.run(Thread.java:748)
... Removed 10 stack frames</pre></div><a href='#' onClick='toggleBox("stack-trace827712131", this, "Click to show all stack frames", "Click to hide stack frames")'>Click to show all stack frames</a>
<div class='stack-trace' id='stack-trace827712131'><pre>java.lang.Exception: Given value not found in response json
	at com.schemaxtech.testAutomationFramework.TestAutomationUtil.verifyResponse(TestAutomationUtil.java:356)
	at com.schemaxtech.testAutomationFrameworkTest.Plant.deacPlant(Plant.java:80)
	at sun.reflect.NativeMethodAccessorImpl.invoke0(Native Method)
	at sun.reflect.NativeMethodAccessorImpl.invoke(NativeMethodAccessorImpl.java:62)
	at sun.reflect.DelegatingMethodAccessorImpl.invoke(DelegatingMethodAccessorImpl.java:43)
	at java.lang.reflect.Method.invoke(Method.java:498)
	at org.testng.internal.MethodInvocationHelper.invokeMethod(MethodInvocationHelper.java:124)
	at org.testng.internal.Invoker.invokeMethod(Invoker.java:583)
	at org.testng.internal.Invoker.invokeTestMethod(Invoker.java:719)
	at org.testng.internal.Invoker.invokeTestMethods(Invoker.java:989)
	at org.testng.internal.TestMethodWorker.invokeTestMethods(TestMethodWorker.java:125)
	at org.testng.internal.TestMethodWorker.run(TestMethodWorker.java:109)
	at java.util.concurrent.ThreadPoolExecutor.runWorker(ThreadPoolExecutor.java:1149)
	at java.util.concurrent.ThreadPoolExecutor$Worker.run(ThreadPoolExecutor.java:624)
	at java.lang.Thread.run(Thread.java:748)
</pre></div></td>
<td>0</td>
<td>com.schemaxtech.testAutomationFrameworkTest.Plant@1f28c152</td></tr>
<tr>
<td title='com.schemaxtech.testAutomationFrameworkTest.Reasons.deactRe()'><b>deactRe</b><br>Test class: com.schemaxtech.testAutomationFrameworkTest.Reasons<br>Parameters: Tc_001, {"reason_id":"62c47dee-7bd4-486e-a396-6e5c8f120437"}, {errInfo=, status=true}, {reason_code=data/reason_code, reason_group=data/reason_group, department_type=data/departmentType/department_type, is_external=data/is_external, reason_description=data/reason_description, isActive=data/isActive, reason_id=data/reason_id, status=status}</td>
<td><div><pre>java.lang.AssertionError: Verification of &apos;status&apos; with value &apos;true&apos; in response json failed expected [true] but found [false]
	at com.schemaxtech.testAutomationFramework.TestAutomationUtil.verifyResponse(TestAutomationUtil.java:345)
	at com.schemaxtech.testAutomationFrameworkTest.Reasons.deactRe(Reasons.java:89)
	at java.util.concurrent.ThreadPoolExecutor.runWorker(ThreadPoolExecutor.java:1149)
	at java.util.concurrent.ThreadPoolExecutor$Worker.run(ThreadPoolExecutor.java:624)
	at java.lang.Thread.run(Thread.java:748)
... Removed 14 stack frames</pre></div><a href='#' onClick='toggleBox("stack-trace2024622149", this, "Click to show all stack frames", "Click to hide stack frames")'>Click to show all stack frames</a>
<div class='stack-trace' id='stack-trace2024622149'><pre>java.lang.AssertionError: Verification of &apos;status&apos; with value &apos;true&apos; in response json failed expected [true] but found [false]
	at org.testng.Assert.fail(Assert.java:96)
	at org.testng.Assert.failNotEquals(Assert.java:776)
	at org.testng.Assert.assertEqualsImpl(Assert.java:137)
	at org.testng.Assert.assertEquals(Assert.java:118)
	at com.schemaxtech.testAutomationFramework.TestAutomationUtil.verifyResponse(TestAutomationUtil.java:345)
	at com.schemaxtech.testAutomationFrameworkTest.Reasons.deactRe(Reasons.java:89)
	at sun.reflect.NativeMethodAccessorImpl.invoke0(Native Method)
	at sun.reflect.NativeMethodAccessorImpl.invoke(NativeMethodAccessorImpl.java:62)
	at sun.reflect.DelegatingMethodAccessorImpl.invoke(DelegatingMethodAccessorImpl.java:43)
	at java.lang.reflect.Method.invoke(Method.java:498)
	at org.testng.internal.MethodInvocationHelper.invokeMethod(MethodInvocationHelper.java:124)
	at org.testng.internal.Invoker.invokeMethod(Invoker.java:583)
	at org.testng.internal.Invoker.invokeTestMethod(Invoker.java:719)
	at org.testng.internal.Invoker.invokeTestMethods(Invoker.java:989)
	at org.testng.internal.TestMethodWorker.invokeTestMethods(TestMethodWorker.java:125)
	at org.testng.internal.TestMethodWorker.run(TestMethodWorker.java:109)
	at java.util.concurrent.ThreadPoolExecutor.runWorker(ThreadPoolExecutor.java:1149)
	at java.util.concurrent.ThreadPoolExecutor$Worker.run(ThreadPoolExecutor.java:624)
	at java.lang.Thread.run(Thread.java:748)
</pre></div></td>
<td>0</td>
<td>com.schemaxtech.testAutomationFrameworkTest.Reasons@67b92f0a</td></tr>
<tr>
<td title='com.schemaxtech.testAutomationFrameworkTest.Surplus.deactivateSurpluslocation()'><b>deactivateSurpluslocation</b><br>Test class: com.schemaxtech.testAutomationFrameworkTest.Surplus<br>Parameters: TC_001, {"surplus_location_code":"locationT309"}, {errorInfo=successfully deactivated., status=}, {surplus_location_category_id=data/surplus_location_category_id, surplus_location_description=data/surplus_location_description, surplus_location_code=data/surplus_location_code, errorInfo=errorInfo, isActive=data/isActive, status=status}</td>
<td><div><pre>java.lang.AssertionError: Verification of &apos;errorInfo&apos; with value &apos;successfully deactivated.&apos; in response json failed expected [successfully deactivated.] but found [surplusLocation not found.]
	at com.schemaxtech.testAutomationFramework.TestAutomationUtil.verifyResponse(TestAutomationUtil.java:345)
	at com.schemaxtech.testAutomationFrameworkTest.Surplus.deactivateSurpluslocation(Surplus.java:96)
	at java.util.concurrent.ThreadPoolExecutor.runWorker(ThreadPoolExecutor.java:1149)
	at java.util.concurrent.ThreadPoolExecutor$Worker.run(ThreadPoolExecutor.java:624)
	at java.lang.Thread.run(Thread.java:748)
... Removed 14 stack frames</pre></div><a href='#' onClick='toggleBox("stack-trace2135798121", this, "Click to show all stack frames", "Click to hide stack frames")'>Click to show all stack frames</a>
<div class='stack-trace' id='stack-trace2135798121'><pre>java.lang.AssertionError: Verification of &apos;errorInfo&apos; with value &apos;successfully deactivated.&apos; in response json failed expected [successfully deactivated.] but found [surplusLocation not found.]
	at org.testng.Assert.fail(Assert.java:96)
	at org.testng.Assert.failNotEquals(Assert.java:776)
	at org.testng.Assert.assertEqualsImpl(Assert.java:137)
	at org.testng.Assert.assertEquals(Assert.java:118)
	at com.schemaxtech.testAutomationFramework.TestAutomationUtil.verifyResponse(TestAutomationUtil.java:345)
	at com.schemaxtech.testAutomationFrameworkTest.Surplus.deactivateSurpluslocation(Surplus.java:96)
	at sun.reflect.NativeMethodAccessorImpl.invoke0(Native Method)
	at sun.reflect.NativeMethodAccessorImpl.invoke(NativeMethodAccessorImpl.java:62)
	at sun.reflect.DelegatingMethodAccessorImpl.invoke(DelegatingMethodAccessorImpl.java:43)
	at java.lang.reflect.Method.invoke(Method.java:498)
	at org.testng.internal.MethodInvocationHelper.invokeMethod(MethodInvocationHelper.java:124)
	at org.testng.internal.Invoker.invokeMethod(Invoker.java:583)
	at org.testng.internal.Invoker.invokeTestMethod(Invoker.java:719)
	at org.testng.internal.Invoker.invokeTestMethods(Invoker.java:989)
	at org.testng.internal.TestMethodWorker.invokeTestMethods(TestMethodWorker.java:125)
	at org.testng.internal.TestMethodWorker.run(TestMethodWorker.java:109)
	at java.util.concurrent.ThreadPoolExecutor.runWorker(ThreadPoolExecutor.java:1149)
	at java.util.concurrent.ThreadPoolExecutor$Worker.run(ThreadPoolExecutor.java:624)
	at java.lang.Thread.run(Thread.java:748)
</pre></div></td>
<td>0</td>
<td>com.schemaxtech.testAutomationFrameworkTest.Surplus@369f73a2</td></tr>
<tr>
<td title='com.schemaxtech.testAutomationFrameworkTest.Company.getCompany()'><b>getCompany</b><br>Test class: com.schemaxtech.testAutomationFrameworkTest.Company<br>Parameters: Tc_002, {"company_code":"Test309"}, {errorInfo=, company_code=Test309, status=true}, {errorInfo=errorInfo, company_code=data/company_code, status=status}</td>
<td><div><pre>java.lang.Exception: Given value not found in response json
	at com.schemaxtech.testAutomationFramework.TestAutomationUtil.verifyResponse(TestAutomationUtil.java:356)
	at com.schemaxtech.testAutomationFrameworkTest.Company.getCompany(Company.java:92)
	at java.util.concurrent.ThreadPoolExecutor.runWorker(ThreadPoolExecutor.java:1149)
	at java.util.concurrent.ThreadPoolExecutor$Worker.run(ThreadPoolExecutor.java:624)
	at java.lang.Thread.run(Thread.java:748)
... Removed 10 stack frames</pre></div><a href='#' onClick='toggleBox("stack-trace1728388865", this, "Click to show all stack frames", "Click to hide stack frames")'>Click to show all stack frames</a>
<div class='stack-trace' id='stack-trace1728388865'><pre>java.lang.Exception: Given value not found in response json
	at com.schemaxtech.testAutomationFramework.TestAutomationUtil.verifyResponse(TestAutomationUtil.java:356)
	at com.schemaxtech.testAutomationFrameworkTest.Company.getCompany(Company.java:92)
	at sun.reflect.NativeMethodAccessorImpl.invoke0(Native Method)
	at sun.reflect.NativeMethodAccessorImpl.invoke(NativeMethodAccessorImpl.java:62)
	at sun.reflect.DelegatingMethodAccessorImpl.invoke(DelegatingMethodAccessorImpl.java:43)
	at java.lang.reflect.Method.invoke(Method.java:498)
	at org.testng.internal.MethodInvocationHelper.invokeMethod(MethodInvocationHelper.java:124)
	at org.testng.internal.Invoker.invokeMethod(Invoker.java:583)
	at org.testng.internal.Invoker.invokeTestMethod(Invoker.java:719)
	at org.testng.internal.Invoker.invokeTestMethods(Invoker.java:989)
	at org.testng.internal.TestMethodWorker.invokeTestMethods(TestMethodWorker.java:125)
	at org.testng.internal.TestMethodWorker.run(TestMethodWorker.java:109)
	at java.util.concurrent.ThreadPoolExecutor.runWorker(ThreadPoolExecutor.java:1149)
	at java.util.concurrent.ThreadPoolExecutor$Worker.run(ThreadPoolExecutor.java:624)
	at java.lang.Thread.run(Thread.java:748)
</pre></div></td>
<td>0</td>
<td>com.schemaxtech.testAutomationFrameworkTest.Company@7791a895</td></tr>
<tr>
<td title='com.schemaxtech.testAutomationFrameworkTest.Reasons.getRe()'><b>getRe</b><br>Test class: com.schemaxtech.testAutomationFrameworkTest.Reasons<br>Parameters: Tc_001, {"reason_id":"56934b65-4e94-4cbb-ba93-fe15cf5fc99d"}, {errInfo=, status=true}, {reason_code=data/reason_code, reason_group=data/reason_group, department_type=data/departmentType/department_type, is_external=data/is_external, reason_description=data/reason_description, isActive=data/isActive, reason_id=data/reason_id, status=status}</td>
<td><div><pre>java.lang.AssertionError: Verification of &apos;status&apos; with value &apos;true&apos; in response json failed expected [true] but found [false]
	at com.schemaxtech.testAutomationFramework.TestAutomationUtil.verifyResponse(TestAutomationUtil.java:345)
	at com.schemaxtech.testAutomationFrameworkTest.Reasons.getRe(Reasons.java:99)
	at java.util.concurrent.ThreadPoolExecutor.runWorker(ThreadPoolExecutor.java:1149)
	at java.util.concurrent.ThreadPoolExecutor$Worker.run(ThreadPoolExecutor.java:624)
	at java.lang.Thread.run(Thread.java:748)
... Removed 14 stack frames</pre></div><a href='#' onClick='toggleBox("stack-trace809480484", this, "Click to show all stack frames", "Click to hide stack frames")'>Click to show all stack frames</a>
<div class='stack-trace' id='stack-trace809480484'><pre>java.lang.AssertionError: Verification of &apos;status&apos; with value &apos;true&apos; in response json failed expected [true] but found [false]
	at org.testng.Assert.fail(Assert.java:96)
	at org.testng.Assert.failNotEquals(Assert.java:776)
	at org.testng.Assert.assertEqualsImpl(Assert.java:137)
	at org.testng.Assert.assertEquals(Assert.java:118)
	at com.schemaxtech.testAutomationFramework.TestAutomationUtil.verifyResponse(TestAutomationUtil.java:345)
	at com.schemaxtech.testAutomationFrameworkTest.Reasons.getRe(Reasons.java:99)
	at sun.reflect.NativeMethodAccessorImpl.invoke0(Native Method)
	at sun.reflect.NativeMethodAccessorImpl.invoke(NativeMethodAccessorImpl.java:62)
	at sun.reflect.DelegatingMethodAccessorImpl.invoke(DelegatingMethodAccessorImpl.java:43)
	at java.lang.reflect.Method.invoke(Method.java:498)
	at org.testng.internal.MethodInvocationHelper.invokeMethod(MethodInvocationHelper.java:124)
	at org.testng.internal.Invoker.invokeMethod(Invoker.java:583)
	at org.testng.internal.Invoker.invokeTestMethod(Invoker.java:719)
	at org.testng.internal.Invoker.invokeTestMethods(Invoker.java:989)
	at org.testng.internal.TestMethodWorker.invokeTestMethods(TestMethodWorker.java:125)
	at org.testng.internal.TestMethodWorker.run(TestMethodWorker.java:109)
	at java.util.concurrent.ThreadPoolExecutor.runWorker(ThreadPoolExecutor.java:1149)
	at java.util.concurrent.ThreadPoolExecutor$Worker.run(ThreadPoolExecutor.java:624)
	at java.lang.Thread.run(Thread.java:748)
</pre></div></td>
<td>0</td>
<td>com.schemaxtech.testAutomationFrameworkTest.Reasons@67b92f0a</td></tr>
<tr>
<td title='com.schemaxtech.testAutomationFrameworkTest.Surplus.getSurpluslocation()'><b>getSurpluslocation</b><br>Test class: com.schemaxtech.testAutomationFrameworkTest.Surplus<br>Parameters: TC_001, {"surplus_location_code":"demo123"}, {errorInfo=, surplus_location_code=demo123, status=true}, {surplus_location_category_id=data/surplus_location_category_id, surplus_location_description=data/surplus_location_description, surplus_location_code=data/surplus_location_code, errorInfo=errorInfo, isActive=data/isActive, status=status}</td>
<td><div><pre>java.lang.Exception: Given value not found in response json
	at com.schemaxtech.testAutomationFramework.TestAutomationUtil.verifyResponse(TestAutomationUtil.java:356)
	at com.schemaxtech.testAutomationFrameworkTest.Surplus.getSurpluslocation(Surplus.java:86)
	at java.util.concurrent.ThreadPoolExecutor.runWorker(ThreadPoolExecutor.java:1149)
	at java.util.concurrent.ThreadPoolExecutor$Worker.run(ThreadPoolExecutor.java:624)
	at java.lang.Thread.run(Thread.java:748)
... Removed 10 stack frames</pre></div><a href='#' onClick='toggleBox("stack-trace499652848", this, "Click to show all stack frames", "Click to hide stack frames")'>Click to show all stack frames</a>
<div class='stack-trace' id='stack-trace499652848'><pre>java.lang.Exception: Given value not found in response json
	at com.schemaxtech.testAutomationFramework.TestAutomationUtil.verifyResponse(TestAutomationUtil.java:356)
	at com.schemaxtech.testAutomationFrameworkTest.Surplus.getSurpluslocation(Surplus.java:86)
	at sun.reflect.NativeMethodAccessorImpl.invoke0(Native Method)
	at sun.reflect.NativeMethodAccessorImpl.invoke(NativeMethodAccessorImpl.java:62)
	at sun.reflect.DelegatingMethodAccessorImpl.invoke(DelegatingMethodAccessorImpl.java:43)
	at java.lang.reflect.Method.invoke(Method.java:498)
	at org.testng.internal.MethodInvocationHelper.invokeMethod(MethodInvocationHelper.java:124)
	at org.testng.internal.Invoker.invokeMethod(Invoker.java:583)
	at org.testng.internal.Invoker.invokeTestMethod(Invoker.java:719)
	at org.testng.internal.Invoker.invokeTestMethods(Invoker.java:989)
	at org.testng.internal.TestMethodWorker.invokeTestMethods(TestMethodWorker.java:125)
	at org.testng.internal.TestMethodWorker.run(TestMethodWorker.java:109)
	at java.util.concurrent.ThreadPoolExecutor.runWorker(ThreadPoolExecutor.java:1149)
	at java.util.concurrent.ThreadPoolExecutor$Worker.run(ThreadPoolExecutor.java:624)
	at java.lang.Thread.run(Thread.java:748)
</pre></div></td>
<td>0</td>
<td>com.schemaxtech.testAutomationFrameworkTest.Surplus@369f73a2</td></tr>
<tr>
<td title='com.schemaxtech.testAutomationFrameworkTest.Surplus.getSurpluslocation()'><b>getSurpluslocation</b><br>Test class: com.schemaxtech.testAutomationFrameworkTest.Surplus<br>Parameters: TC_003, {"surplus_location_code":""}, {errorInfo=, surplus_location_code=, status=true}, {surplus_location_category_id=data/surplus_location_category_id, surplus_location_description=data/surplus_location_description, surplus_location_code=data/surplus_location_code, errorInfo=errorInfo, isActive=data/isActive, status=status}</td>
<td><div><pre>java.lang.AssertionError: Verification of &apos;status&apos; with value &apos;true&apos; in response json failed expected [true] but found [false]
	at com.schemaxtech.testAutomationFramework.TestAutomationUtil.verifyResponse(TestAutomationUtil.java:345)
	at com.schemaxtech.testAutomationFrameworkTest.Surplus.getSurpluslocation(Surplus.java:86)
	at java.util.concurrent.ThreadPoolExecutor.runWorker(ThreadPoolExecutor.java:1149)
	at java.util.concurrent.ThreadPoolExecutor$Worker.run(ThreadPoolExecutor.java:624)
	at java.lang.Thread.run(Thread.java:748)
... Removed 14 stack frames</pre></div><a href='#' onClick='toggleBox("stack-trace380915517", this, "Click to show all stack frames", "Click to hide stack frames")'>Click to show all stack frames</a>
<div class='stack-trace' id='stack-trace380915517'><pre>java.lang.AssertionError: Verification of &apos;status&apos; with value &apos;true&apos; in response json failed expected [true] but found [false]
	at org.testng.Assert.fail(Assert.java:96)
	at org.testng.Assert.failNotEquals(Assert.java:776)
	at org.testng.Assert.assertEqualsImpl(Assert.java:137)
	at org.testng.Assert.assertEquals(Assert.java:118)
	at com.schemaxtech.testAutomationFramework.TestAutomationUtil.verifyResponse(TestAutomationUtil.java:345)
	at com.schemaxtech.testAutomationFrameworkTest.Surplus.getSurpluslocation(Surplus.java:86)
	at sun.reflect.NativeMethodAccessorImpl.invoke0(Native Method)
	at sun.reflect.NativeMethodAccessorImpl.invoke(NativeMethodAccessorImpl.java:62)
	at sun.reflect.DelegatingMethodAccessorImpl.invoke(DelegatingMethodAccessorImpl.java:43)
	at java.lang.reflect.Method.invoke(Method.java:498)
	at org.testng.internal.MethodInvocationHelper.invokeMethod(MethodInvocationHelper.java:124)
	at org.testng.internal.Invoker.invokeMethod(Invoker.java:583)
	at org.testng.internal.Invoker.invokeTestMethod(Invoker.java:719)
	at org.testng.internal.Invoker.invokeTestMethods(Invoker.java:989)
	at org.testng.internal.TestMethodWorker.invokeTestMethods(TestMethodWorker.java:125)
	at org.testng.internal.TestMethodWorker.run(TestMethodWorker.java:109)
	at java.util.concurrent.ThreadPoolExecutor.runWorker(ThreadPoolExecutor.java:1149)
	at java.util.concurrent.ThreadPoolExecutor$Worker.run(ThreadPoolExecutor.java:624)
	at java.lang.Thread.run(Thread.java:748)
</pre></div></td>
<td>0</td>
<td>com.schemaxtech.testAutomationFrameworkTest.Surplus@369f73a2</td></tr>
<tr>
<td title='com.schemaxtech.testAutomationFrameworkTest.Workstation.getWorkstationByWorkstaioncode()'><b>getWorkstationByWorkstaioncode</b><br>Test class: com.schemaxtech.testAutomationFrameworkTest.Workstation<br>Parameters: TC_001, {"workstation_id":"983dc0e1-12d4-456e-a8ac-7e0125fd7966"}, {status=true}, {workstation_code=data/workstation_code, activated_date=data/activated_date, section_code=data/section_code, workstation_id=data/workstation_id, isActive=isActive, workstation_description=data/workstation_description, deactivated_date=data/deactivated_date, workstation_type_id=data/workstation_type_id, status=status}</td>
<td><div><pre>java.lang.AssertionError: Verification of &apos;status&apos; with value &apos;true&apos; in response json failed expected [true] but found [false]
	at com.schemaxtech.testAutomationFramework.TestAutomationUtil.verifyResponse(TestAutomationUtil.java:345)
	at com.schemaxtech.testAutomationFrameworkTest.Workstation.getWorkstationByWorkstaioncode(Workstation.java:77)
	at java.util.concurrent.ThreadPoolExecutor.runWorker(ThreadPoolExecutor.java:1149)
	at java.util.concurrent.ThreadPoolExecutor$Worker.run(ThreadPoolExecutor.java:624)
	at java.lang.Thread.run(Thread.java:748)
... Removed 14 stack frames</pre></div><a href='#' onClick='toggleBox("stack-trace2076982233", this, "Click to show all stack frames", "Click to hide stack frames")'>Click to show all stack frames</a>
<div class='stack-trace' id='stack-trace2076982233'><pre>java.lang.AssertionError: Verification of &apos;status&apos; with value &apos;true&apos; in response json failed expected [true] but found [false]
	at org.testng.Assert.fail(Assert.java:96)
	at org.testng.Assert.failNotEquals(Assert.java:776)
	at org.testng.Assert.assertEqualsImpl(Assert.java:137)
	at org.testng.Assert.assertEquals(Assert.java:118)
	at com.schemaxtech.testAutomationFramework.TestAutomationUtil.verifyResponse(TestAutomationUtil.java:345)
	at com.schemaxtech.testAutomationFrameworkTest.Workstation.getWorkstationByWorkstaioncode(Workstation.java:77)
	at sun.reflect.NativeMethodAccessorImpl.invoke0(Native Method)
	at sun.reflect.NativeMethodAccessorImpl.invoke(NativeMethodAccessorImpl.java:62)
	at sun.reflect.DelegatingMethodAccessorImpl.invoke(DelegatingMethodAccessorImpl.java:43)
	at java.lang.reflect.Method.invoke(Method.java:498)
	at org.testng.internal.MethodInvocationHelper.invokeMethod(MethodInvocationHelper.java:124)
	at org.testng.internal.Invoker.invokeMethod(Invoker.java:583)
	at org.testng.internal.Invoker.invokeTestMethod(Invoker.java:719)
	at org.testng.internal.Invoker.invokeTestMethods(Invoker.java:989)
	at org.testng.internal.TestMethodWorker.invokeTestMethods(TestMethodWorker.java:125)
	at org.testng.internal.TestMethodWorker.run(TestMethodWorker.java:109)
	at java.util.concurrent.ThreadPoolExecutor.runWorker(ThreadPoolExecutor.java:1149)
	at java.util.concurrent.ThreadPoolExecutor$Worker.run(ThreadPoolExecutor.java:624)
	at java.lang.Thread.run(Thread.java:748)
</pre></div></td>
<td>0</td>
<td>com.schemaxtech.testAutomationFrameworkTest.Workstation@731a74c</td></tr>
<tr>
<td title='com.schemaxtech.testAutomationFrameworkTest.Company.postSampleTest()'><b>postSampleTest</b><br>Test class: com.schemaxtech.testAutomationFrameworkTest.Company<br>Parameters: TC_001, {"uid_country":"string","country":"string","gender":"string","land_line_no":"string","mobile_no":"string","last_name":"string","middle_name":"string","location_type":"string","long":"string","zipcode":"string","land_mark":"string","company_name":"company309","door_no":"string","address_line_1":"string","company_code":"comp309","address_line_2":"string","state":"string","first_name":"string","lat":"string","email":"string"}, {errorInfo=, company_code=comp309, company_name=company309}, {errorInfo=errorInfo, company_code=data/company_code, company_name=data/company_name}</td>
<td><div><pre>java.lang.AssertionError: Verification of &apos;company_code&apos; with value &apos;comp309&apos; in response json failed expected [comp309] but found [COMP309]
	at com.schemaxtech.testAutomationFramework.TestAutomationUtil.verifyResponse(TestAutomationUtil.java:345)
	at com.schemaxtech.testAutomationFrameworkTest.Company.postSampleTest(Company.java:81)
	at java.util.concurrent.ThreadPoolExecutor.runWorker(ThreadPoolExecutor.java:1149)
	at java.util.concurrent.ThreadPoolExecutor$Worker.run(ThreadPoolExecutor.java:624)
	at java.lang.Thread.run(Thread.java:748)
... Removed 14 stack frames</pre></div><a href='#' onClick='toggleBox("stack-trace1292992019", this, "Click to show all stack frames", "Click to hide stack frames")'>Click to show all stack frames</a>
<div class='stack-trace' id='stack-trace1292992019'><pre>java.lang.AssertionError: Verification of &apos;company_code&apos; with value &apos;comp309&apos; in response json failed expected [comp309] but found [COMP309]
	at org.testng.Assert.fail(Assert.java:96)
	at org.testng.Assert.failNotEquals(Assert.java:776)
	at org.testng.Assert.assertEqualsImpl(Assert.java:137)
	at org.testng.Assert.assertEquals(Assert.java:118)
	at com.schemaxtech.testAutomationFramework.TestAutomationUtil.verifyResponse(TestAutomationUtil.java:345)
	at com.schemaxtech.testAutomationFrameworkTest.Company.postSampleTest(Company.java:81)
	at sun.reflect.NativeMethodAccessorImpl.invoke0(Native Method)
	at sun.reflect.NativeMethodAccessorImpl.invoke(NativeMethodAccessorImpl.java:62)
	at sun.reflect.DelegatingMethodAccessorImpl.invoke(DelegatingMethodAccessorImpl.java:43)
	at java.lang.reflect.Method.invoke(Method.java:498)
	at org.testng.internal.MethodInvocationHelper.invokeMethod(MethodInvocationHelper.java:124)
	at org.testng.internal.Invoker.invokeMethod(Invoker.java:583)
	at org.testng.internal.Invoker.invokeTestMethod(Invoker.java:719)
	at org.testng.internal.Invoker.invokeTestMethods(Invoker.java:989)
	at org.testng.internal.TestMethodWorker.invokeTestMethods(TestMethodWorker.java:125)
	at org.testng.internal.TestMethodWorker.run(TestMethodWorker.java:109)
	at java.util.concurrent.ThreadPoolExecutor.runWorker(ThreadPoolExecutor.java:1149)
	at java.util.concurrent.ThreadPoolExecutor$Worker.run(ThreadPoolExecutor.java:624)
	at java.lang.Thread.run(Thread.java:748)
</pre></div></td>
<td>0</td>
<td>com.schemaxtech.testAutomationFrameworkTest.Company@7791a895</td></tr>
<tr>
<td title='com.schemaxtech.testAutomationFrameworkTest.Company.postSampleTest()'><b>postSampleTest</b><br>Test class: com.schemaxtech.testAutomationFrameworkTest.Company<br>Parameters: TC_002, {"uid_country":"string","country":"string","gender":"string","land_line_no":"string","mobile_no":"string","last_name":"string","middle_name":"string","location_type":"string","long":"string","zipcode":"string","land_mark":"string","company_name":"companyname004","door_no":"string","address_line_1":"string","company_code":"comp","address_line_2":"string","state":"string","first_name":"string","lat":"string","email":"string"}, {errorInfo=Company code already exist., company_code=, company_name=}, {errorInfo=errorInfo, company_code=data/company_code, company_name=data/company_name}</td>
<td><div><pre>java.lang.Exception: Given value not found in response json
	at com.schemaxtech.testAutomationFramework.TestAutomationUtil.verifyResponse(TestAutomationUtil.java:356)
	at com.schemaxtech.testAutomationFrameworkTest.Company.postSampleTest(Company.java:81)
	at java.util.concurrent.ThreadPoolExecutor.runWorker(ThreadPoolExecutor.java:1149)
	at java.util.concurrent.ThreadPoolExecutor$Worker.run(ThreadPoolExecutor.java:624)
	at java.lang.Thread.run(Thread.java:748)
... Removed 10 stack frames</pre></div><a href='#' onClick='toggleBox("stack-trace637093688", this, "Click to show all stack frames", "Click to hide stack frames")'>Click to show all stack frames</a>
<div class='stack-trace' id='stack-trace637093688'><pre>java.lang.Exception: Given value not found in response json
	at com.schemaxtech.testAutomationFramework.TestAutomationUtil.verifyResponse(TestAutomationUtil.java:356)
	at com.schemaxtech.testAutomationFrameworkTest.Company.postSampleTest(Company.java:81)
	at sun.reflect.NativeMethodAccessorImpl.invoke0(Native Method)
	at sun.reflect.NativeMethodAccessorImpl.invoke(NativeMethodAccessorImpl.java:62)
	at sun.reflect.DelegatingMethodAccessorImpl.invoke(DelegatingMethodAccessorImpl.java:43)
	at java.lang.reflect.Method.invoke(Method.java:498)
	at org.testng.internal.MethodInvocationHelper.invokeMethod(MethodInvocationHelper.java:124)
	at org.testng.internal.Invoker.invokeMethod(Invoker.java:583)
	at org.testng.internal.Invoker.invokeTestMethod(Invoker.java:719)
	at org.testng.internal.Invoker.invokeTestMethods(Invoker.java:989)
	at org.testng.internal.TestMethodWorker.invokeTestMethods(TestMethodWorker.java:125)
	at org.testng.internal.TestMethodWorker.run(TestMethodWorker.java:109)
	at java.util.concurrent.ThreadPoolExecutor.runWorker(ThreadPoolExecutor.java:1149)
	at java.util.concurrent.ThreadPoolExecutor$Worker.run(ThreadPoolExecutor.java:624)
	at java.lang.Thread.run(Thread.java:748)
</pre></div></td>
<td>0</td>
<td>com.schemaxtech.testAutomationFrameworkTest.Company@7791a895</td></tr>
<tr>
<td title='com.schemaxtech.testAutomationFrameworkTest.Cluster.updateCluster()'><b>updateCluster</b><br>Test class: com.schemaxtech.testAutomationFrameworkTest.Cluster<br>Parameters: TC_001, {"country":"Priya343","gender":"Priya336","contact_uid":"31c5a4a9-85b0-4fa3-9b63-a581543aa101","date_of_birth":"2/3/2012","mobile_no":"Priya349","isActive":true,"location_uid":"e445d5d3-7af1-4443-8e38-71364fdc47a7","ref_uid":"string","long":"Priya347","land_mark":"Priya341","door_no":"Priya338","address_line_1":"Priya339","address_line_2":"Priya340","state":"Priya342","first_name":"","email":"Priya350","lat":"Priya346","cluster_code":"Testc117","uid_country":"string","cluster_name":"Test","land_line_no":"Priya348","address_uid":"7ac1adb8-7d09-4e97-8af0-9f63b8ee5d9c","last_name":"","activated_date":"1999-05-08","middle_name":"","location_type":"Priya345","zipcode":"Priya344","corporate_code":"Test117","user_uid":"87c503fe-0502-42bb-a0c1-029f616620e2"}, {cluster_name=Test, errorInfo=, cluster_code=Testc117}, {country=data/country, gender=data/gender, contact_uid=data/contact_uid, date_of_birth=data/date_of_birth, mobile_no=data/mobile_no, location_uid=data/location_uid, long=data/long, land_mark=data/land_mark, door_no=data/door_no, address_line_1=data/address_line_1, address_line_2=data/address_line_2, state=data/state, first_name=data/first_name, cluster_code=data/cluster_code, lat=data/lat, email=data/email, cluster_name=data/cluster_name, land_line_no=data/land_line_no, address_uid=data/address_uid, last_name=data/last_name, middle_name=data/middle_name, location_type=data/location_type, corporate_code=data/corporate_code, zipcode=data/zipcode, status=status, user_uid=data/user_uid}</td>
<td><div><pre>java.lang.Exception: Given value not found in response json
	at com.schemaxtech.testAutomationFramework.TestAutomationUtil.verifyResponse(TestAutomationUtil.java:356)
	at com.schemaxtech.testAutomationFrameworkTest.Cluster.updateCluster(Cluster.java:80)
	at java.util.concurrent.ThreadPoolExecutor.runWorker(ThreadPoolExecutor.java:1149)
	at java.util.concurrent.ThreadPoolExecutor$Worker.run(ThreadPoolExecutor.java:624)
	at java.lang.Thread.run(Thread.java:748)
... Removed 10 stack frames</pre></div><a href='#' onClick='toggleBox("stack-trace1269219445", this, "Click to show all stack frames", "Click to hide stack frames")'>Click to show all stack frames</a>
<div class='stack-trace' id='stack-trace1269219445'><pre>java.lang.Exception: Given value not found in response json
	at com.schemaxtech.testAutomationFramework.TestAutomationUtil.verifyResponse(TestAutomationUtil.java:356)
	at com.schemaxtech.testAutomationFrameworkTest.Cluster.updateCluster(Cluster.java:80)
	at sun.reflect.NativeMethodAccessorImpl.invoke0(Native Method)
	at sun.reflect.NativeMethodAccessorImpl.invoke(NativeMethodAccessorImpl.java:62)
	at sun.reflect.DelegatingMethodAccessorImpl.invoke(DelegatingMethodAccessorImpl.java:43)
	at java.lang.reflect.Method.invoke(Method.java:498)
	at org.testng.internal.MethodInvocationHelper.invokeMethod(MethodInvocationHelper.java:124)
	at org.testng.internal.Invoker.invokeMethod(Invoker.java:583)
	at org.testng.internal.Invoker.invokeTestMethod(Invoker.java:719)
	at org.testng.internal.Invoker.invokeTestMethods(Invoker.java:989)
	at org.testng.internal.TestMethodWorker.invokeTestMethods(TestMethodWorker.java:125)
	at org.testng.internal.TestMethodWorker.run(TestMethodWorker.java:109)
	at java.util.concurrent.ThreadPoolExecutor.runWorker(ThreadPoolExecutor.java:1149)
	at java.util.concurrent.ThreadPoolExecutor$Worker.run(ThreadPoolExecutor.java:624)
	at java.lang.Thread.run(Thread.java:748)
</pre></div></td>
<td>0</td>
<td>com.schemaxtech.testAutomationFrameworkTest.Cluster@6325a3ee</td></tr>
<tr>
<td title='com.schemaxtech.testAutomationFrameworkTest.Company.updateCompany()'><b>updateCompany</b><br>Test class: com.schemaxtech.testAutomationFrameworkTest.Company<br>Parameters: Tc_001, {"country":"Priya343","gender":"Priya336","contact_uid":"6afdef3f-d0a8-435b-9c39-b291e5088454","date_of_birth":"5/5/2015","mobile_no":"Priya349","location_uid":"5740459a-9d61-489f-b418-57090e08f50e","long":"Priya347","land_mark":"Priya341","door_no":"Priya338","address_line_1":"Priya339","company_code":"Brandix001","address_line_2":"Priya340","state":"Priya342","first_name":"","lat":"Priya346","email":"Priya350","uid_country":"string","land_line_no":"Priya348","address_uid":"6ad38952-2bf4-4fab-be01-e32af4e6a8aa","last_name":"","middle_name":"","location_type":"Priya345","zipcode":"Priya344","company_name":"demo","user_uid":"4ef0f668-f5b1-420a-be90-103a01a8a1a0"}, {contact_uid=6afdef3f-d0a8-435b-9c39-b291e5088454, company_name=demo, address_uid=6ad38952-2bf4-4fab-be01-e32af4e6a8aa, errorInfo=, company_code=Brandix001, location_uid=5740459a-9d61-489f-b418-57090e08f50e, user_uid=4ef0f668-f5b1-420a-be90-103a01a8a1a0}, {contact_uid=data/contact_uid, company_name=data/company_name, address_uid=data/address_uid, errorInfo=errorInfo, company_code=data/company_code, location_uid=data/location_uid, user_uid=data/user_uid}</td>
<td><div><pre>java.lang.Exception: Given value not found in response json
	at com.schemaxtech.testAutomationFramework.TestAutomationUtil.verifyResponse(TestAutomationUtil.java:356)
	at com.schemaxtech.testAutomationFrameworkTest.Company.updateCompany(Company.java:114)
	at java.util.concurrent.ThreadPoolExecutor.runWorker(ThreadPoolExecutor.java:1149)
	at java.util.concurrent.ThreadPoolExecutor$Worker.run(ThreadPoolExecutor.java:624)
	at java.lang.Thread.run(Thread.java:748)
... Removed 10 stack frames</pre></div><a href='#' onClick='toggleBox("stack-trace1614900594", this, "Click to show all stack frames", "Click to hide stack frames")'>Click to show all stack frames</a>
<div class='stack-trace' id='stack-trace1614900594'><pre>java.lang.Exception: Given value not found in response json
	at com.schemaxtech.testAutomationFramework.TestAutomationUtil.verifyResponse(TestAutomationUtil.java:356)
	at com.schemaxtech.testAutomationFrameworkTest.Company.updateCompany(Company.java:114)
	at sun.reflect.NativeMethodAccessorImpl.invoke0(Native Method)
	at sun.reflect.NativeMethodAccessorImpl.invoke(NativeMethodAccessorImpl.java:62)
	at sun.reflect.DelegatingMethodAccessorImpl.invoke(DelegatingMethodAccessorImpl.java:43)
	at java.lang.reflect.Method.invoke(Method.java:498)
	at org.testng.internal.MethodInvocationHelper.invokeMethod(MethodInvocationHelper.java:124)
	at org.testng.internal.Invoker.invokeMethod(Invoker.java:583)
	at org.testng.internal.Invoker.invokeTestMethod(Invoker.java:719)
	at org.testng.internal.Invoker.invokeTestMethods(Invoker.java:989)
	at org.testng.internal.TestMethodWorker.invokeTestMethods(TestMethodWorker.java:125)
	at org.testng.internal.TestMethodWorker.run(TestMethodWorker.java:109)
	at java.util.concurrent.ThreadPoolExecutor.runWorker(ThreadPoolExecutor.java:1149)
	at java.util.concurrent.ThreadPoolExecutor$Worker.run(ThreadPoolExecutor.java:624)
	at java.lang.Thread.run(Thread.java:748)
</pre></div></td>
<td>0</td>
<td>com.schemaxtech.testAutomationFrameworkTest.Company@7791a895</td></tr>
<tr>
<td title='com.schemaxtech.testAutomationFrameworkTest.PPS.updateProductionOrder()'><b>updateProductionOrder</b><br>Test class: com.schemaxtech.testAutomationFrameworkTest.PPS<br>Parameters: Tc_001, {"po_details_size_quantities":[{"master_po_details_id":"31ce6f17-b666-4503-8f32-69f64b040b8c","style":"tshirt","quantity":"100","color":"R","size":"M"}],"po_number":"d2bd0923-0551-4eb5-86dc-acf3008add95","master_po_number":"3cb7495d-08b8-418a-b193-5708b51e3f76","po_description":"string","reference_fg_color":"string","color_ratios":[{"master_po_details_id":"31ce6f17-b666-4503-8f32-69f64b040b8c","style":"shirt","color":"g","ratio":0}],"po_type":"Normal"}, {status=true}, {status=status}</td>
<td><div><pre>java.lang.AssertionError: Verification of &apos;status&apos; with value &apos;true&apos; in response json failed expected [true] but found [false]
	at com.schemaxtech.testAutomationFramework.TestAutomationUtil.verifyResponse(TestAutomationUtil.java:345)
	at com.schemaxtech.testAutomationFrameworkTest.PPS.updateProductionOrder(PPS.java:353)
	at java.util.concurrent.ThreadPoolExecutor.runWorker(ThreadPoolExecutor.java:1149)
	at java.util.concurrent.ThreadPoolExecutor$Worker.run(ThreadPoolExecutor.java:624)
	at java.lang.Thread.run(Thread.java:748)
... Removed 14 stack frames</pre></div><a href='#' onClick='toggleBox("stack-trace1626894503", this, "Click to show all stack frames", "Click to hide stack frames")'>Click to show all stack frames</a>
<div class='stack-trace' id='stack-trace1626894503'><pre>java.lang.AssertionError: Verification of &apos;status&apos; with value &apos;true&apos; in response json failed expected [true] but found [false]
	at org.testng.Assert.fail(Assert.java:96)
	at org.testng.Assert.failNotEquals(Assert.java:776)
	at org.testng.Assert.assertEqualsImpl(Assert.java:137)
	at org.testng.Assert.assertEquals(Assert.java:118)
	at com.schemaxtech.testAutomationFramework.TestAutomationUtil.verifyResponse(TestAutomationUtil.java:345)
	at com.schemaxtech.testAutomationFrameworkTest.PPS.updateProductionOrder(PPS.java:353)
	at sun.reflect.NativeMethodAccessorImpl.invoke0(Native Method)
	at sun.reflect.NativeMethodAccessorImpl.invoke(NativeMethodAccessorImpl.java:62)
	at sun.reflect.DelegatingMethodAccessorImpl.invoke(DelegatingMethodAccessorImpl.java:43)
	at java.lang.reflect.Method.invoke(Method.java:498)
	at org.testng.internal.MethodInvocationHelper.invokeMethod(MethodInvocationHelper.java:124)
	at org.testng.internal.Invoker.invokeMethod(Invoker.java:583)
	at org.testng.internal.Invoker.invokeTestMethod(Invoker.java:719)
	at org.testng.internal.Invoker.invokeTestMethods(Invoker.java:989)
	at org.testng.internal.TestMethodWorker.invokeTestMethods(TestMethodWorker.java:125)
	at org.testng.internal.TestMethodWorker.run(TestMethodWorker.java:109)
	at java.util.concurrent.ThreadPoolExecutor.runWorker(ThreadPoolExecutor.java:1149)
	at java.util.concurrent.ThreadPoolExecutor$Worker.run(ThreadPoolExecutor.java:624)
	at java.lang.Thread.run(Thread.java:748)
</pre></div></td>
<td>0</td>
<td>com.schemaxtech.testAutomationFrameworkTest.PPS@2b9627bc</td></tr>
<tr>
<td title='com.schemaxtech.testAutomationFrameworkTest.Reasons.updateRe()'><b>updateRe</b><br>Test class: com.schemaxtech.testAutomationFrameworkTest.Reasons<br>Parameters: Tc_001, {"reason_code":"test12","reason_group":"Rejection","reason_description":"test12","department_type":"planning","reason_id":"6c866024-b0c0-4dbc-bc69-c9b036eb8c28"}, {reason_code=test12, reason_group=Rejection, errInfo=, status=true}, {reason_code=data/reason_code, reason_group=data/reason_group, department_type=data/departmentType/department_type, is_external=data/is_external, reason_description=data/reason_description, isActive=data/isActive, reason_id=data/reason_id, status=status}</td>
<td><div><pre>java.lang.Exception: Given value not found in response json
	at com.schemaxtech.testAutomationFramework.TestAutomationUtil.verifyResponse(TestAutomationUtil.java:356)
	at com.schemaxtech.testAutomationFrameworkTest.Reasons.updateRe(Reasons.java:79)
	at java.util.concurrent.ThreadPoolExecutor.runWorker(ThreadPoolExecutor.java:1149)
	at java.util.concurrent.ThreadPoolExecutor$Worker.run(ThreadPoolExecutor.java:624)
	at java.lang.Thread.run(Thread.java:748)
... Removed 10 stack frames</pre></div><a href='#' onClick='toggleBox("stack-trace1732091943", this, "Click to show all stack frames", "Click to hide stack frames")'>Click to show all stack frames</a>
<div class='stack-trace' id='stack-trace1732091943'><pre>java.lang.Exception: Given value not found in response json
	at com.schemaxtech.testAutomationFramework.TestAutomationUtil.verifyResponse(TestAutomationUtil.java:356)
	at com.schemaxtech.testAutomationFrameworkTest.Reasons.updateRe(Reasons.java:79)
	at sun.reflect.NativeMethodAccessorImpl.invoke0(Native Method)
	at sun.reflect.NativeMethodAccessorImpl.invoke(NativeMethodAccessorImpl.java:62)
	at sun.reflect.DelegatingMethodAccessorImpl.invoke(DelegatingMethodAccessorImpl.java:43)
	at java.lang.reflect.Method.invoke(Method.java:498)
	at org.testng.internal.MethodInvocationHelper.invokeMethod(MethodInvocationHelper.java:124)
	at org.testng.internal.Invoker.invokeMethod(Invoker.java:583)
	at org.testng.internal.Invoker.invokeTestMethod(Invoker.java:719)
	at org.testng.internal.Invoker.invokeTestMethods(Invoker.java:989)
	at org.testng.internal.TestMethodWorker.invokeTestMethods(TestMethodWorker.java:125)
	at org.testng.internal.TestMethodWorker.run(TestMethodWorker.java:109)
	at java.util.concurrent.ThreadPoolExecutor.runWorker(ThreadPoolExecutor.java:1149)
	at java.util.concurrent.ThreadPoolExecutor$Worker.run(ThreadPoolExecutor.java:624)
	at java.lang.Thread.run(Thread.java:748)
</pre></div></td>
<td>0</td>
<td>com.schemaxtech.testAutomationFrameworkTest.Reasons@67b92f0a</td></tr>
<tr>
<td title='com.schemaxtech.testAutomationFrameworkTest.Workstation.updateWorkstation()'><b>updateWorkstation</b><br>Test class: com.schemaxtech.testAutomationFrameworkTest.Workstation<br>Parameters: TC_001, {"workstation_code":2,"section_code":"P12345","activated_date":"","workstation_id":"dbc66a82-5361-4eb4-9d98-f7c612286778","isActive":"","workstation_description":"cutting6445try3900000","workstation_type_id":"ad336703-f3e3-4d6e-bcc4-0cd39c816de6","deactivated_date":""}, {workstation_id=, workstation_type_id=, status=true}, {workstation_code=data/workstation_code, section_code=data/section_code, workstation_id=data/workstation_id, workstation_description=data/workstation_description, workstation_type_id=data/workstation_type_id, status=status}</td>
<td><div><pre>java.lang.AssertionError: Verification of &apos;status&apos; with value &apos;true&apos; in response json failed expected [true] but found [false]
	at com.schemaxtech.testAutomationFramework.TestAutomationUtil.verifyResponse(TestAutomationUtil.java:345)
	at com.schemaxtech.testAutomationFrameworkTest.Workstation.updateWorkstation(Workstation.java:87)
	at java.util.concurrent.ThreadPoolExecutor.runWorker(ThreadPoolExecutor.java:1149)
	at java.util.concurrent.ThreadPoolExecutor$Worker.run(ThreadPoolExecutor.java:624)
	at java.lang.Thread.run(Thread.java:748)
... Removed 14 stack frames</pre></div><a href='#' onClick='toggleBox("stack-trace193768729", this, "Click to show all stack frames", "Click to hide stack frames")'>Click to show all stack frames</a>
<div class='stack-trace' id='stack-trace193768729'><pre>java.lang.AssertionError: Verification of &apos;status&apos; with value &apos;true&apos; in response json failed expected [true] but found [false]
	at org.testng.Assert.fail(Assert.java:96)
	at org.testng.Assert.failNotEquals(Assert.java:776)
	at org.testng.Assert.assertEqualsImpl(Assert.java:137)
	at org.testng.Assert.assertEquals(Assert.java:118)
	at com.schemaxtech.testAutomationFramework.TestAutomationUtil.verifyResponse(TestAutomationUtil.java:345)
	at com.schemaxtech.testAutomationFrameworkTest.Workstation.updateWorkstation(Workstation.java:87)
	at sun.reflect.NativeMethodAccessorImpl.invoke0(Native Method)
	at sun.reflect.NativeMethodAccessorImpl.invoke(NativeMethodAccessorImpl.java:62)
	at sun.reflect.DelegatingMethodAccessorImpl.invoke(DelegatingMethodAccessorImpl.java:43)
	at java.lang.reflect.Method.invoke(Method.java:498)
	at org.testng.internal.MethodInvocationHelper.invokeMethod(MethodInvocationHelper.java:124)
	at org.testng.internal.Invoker.invokeMethod(Invoker.java:583)
	at org.testng.internal.Invoker.invokeTestMethod(Invoker.java:719)
	at org.testng.internal.Invoker.invokeTestMethods(Invoker.java:989)
	at org.testng.internal.TestMethodWorker.invokeTestMethods(TestMethodWorker.java:125)
	at org.testng.internal.TestMethodWorker.run(TestMethodWorker.java:109)
	at java.util.concurrent.ThreadPoolExecutor.runWorker(ThreadPoolExecutor.java:1149)
	at java.util.concurrent.ThreadPoolExecutor$Worker.run(ThreadPoolExecutor.java:624)
	at java.lang.Thread.run(Thread.java:748)
</pre></div></td>
<td>0</td>
<td>com.schemaxtech.testAutomationFrameworkTest.Workstation@731a74c</td></tr>
<tr>
<td title='com.schemaxtech.testAutomationFrameworkTest.Workstation.updateWorkstation()'><b>updateWorkstation</b><br>Test class: com.schemaxtech.testAutomationFrameworkTest.Workstation<br>Parameters: TC_003, {"workstation_code":6,"section_code":"sec1","activated_date":"","workstation_id":"f884a94f-0c94-48e5-ab8c-cb80acb9d0cf","isActive":"","workstation_description":"","workstation_type_id":"ad336703-f3e3-4d6e-bcc4-0cd39c816de6","deactivated_date":""}, {workstation_id=, workstation_type_id=, status=true}, {workstation_code=data/workstation_code, section_code=data/section_code, workstation_id=data/workstation_id, workstation_description=data/workstation_description, workstation_type_id=data/workstation_type_id, status=status}</td>
<td><div><pre>java.lang.AssertionError: Verification of &apos;status&apos; with value &apos;true&apos; in response json failed expected [true] but found [false]
	at com.schemaxtech.testAutomationFramework.TestAutomationUtil.verifyResponse(TestAutomationUtil.java:345)
	at com.schemaxtech.testAutomationFrameworkTest.Workstation.updateWorkstation(Workstation.java:87)
	at java.util.concurrent.ThreadPoolExecutor.runWorker(ThreadPoolExecutor.java:1149)
	at java.util.concurrent.ThreadPoolExecutor$Worker.run(ThreadPoolExecutor.java:624)
	at java.lang.Thread.run(Thread.java:748)
... Removed 14 stack frames</pre></div><a href='#' onClick='toggleBox("stack-trace919038707", this, "Click to show all stack frames", "Click to hide stack frames")'>Click to show all stack frames</a>
<div class='stack-trace' id='stack-trace919038707'><pre>java.lang.AssertionError: Verification of &apos;status&apos; with value &apos;true&apos; in response json failed expected [true] but found [false]
	at org.testng.Assert.fail(Assert.java:96)
	at org.testng.Assert.failNotEquals(Assert.java:776)
	at org.testng.Assert.assertEqualsImpl(Assert.java:137)
	at org.testng.Assert.assertEquals(Assert.java:118)
	at com.schemaxtech.testAutomationFramework.TestAutomationUtil.verifyResponse(TestAutomationUtil.java:345)
	at com.schemaxtech.testAutomationFrameworkTest.Workstation.updateWorkstation(Workstation.java:87)
	at sun.reflect.NativeMethodAccessorImpl.invoke0(Native Method)
	at sun.reflect.NativeMethodAccessorImpl.invoke(NativeMethodAccessorImpl.java:62)
	at sun.reflect.DelegatingMethodAccessorImpl.invoke(DelegatingMethodAccessorImpl.java:43)
	at java.lang.reflect.Method.invoke(Method.java:498)
	at org.testng.internal.MethodInvocationHelper.invokeMethod(MethodInvocationHelper.java:124)
	at org.testng.internal.Invoker.invokeMethod(Invoker.java:583)
	at org.testng.internal.Invoker.invokeTestMethod(Invoker.java:719)
	at org.testng.internal.Invoker.invokeTestMethods(Invoker.java:989)
	at org.testng.internal.TestMethodWorker.invokeTestMethods(TestMethodWorker.java:125)
	at org.testng.internal.TestMethodWorker.run(TestMethodWorker.java:109)
	at java.util.concurrent.ThreadPoolExecutor.runWorker(ThreadPoolExecutor.java:1149)
	at java.util.concurrent.ThreadPoolExecutor$Worker.run(ThreadPoolExecutor.java:624)
	at java.lang.Thread.run(Thread.java:748)
</pre></div></td>
<td>0</td>
<td>com.schemaxtech.testAutomationFrameworkTest.Workstation@731a74c</td></tr>
<tr>
<td title='com.schemaxtech.testAutomationFrameworkTest.Workstation.updateWorkstation()'><b>updateWorkstation</b><br>Test class: com.schemaxtech.testAutomationFrameworkTest.Workstation<br>Parameters: TC_004, {"workstation_code":6,"section_code":"sec1","activated_date":"","workstation_id":"f884a94f-0c94-48e5-ab8c-cb80acb9d0cf","isActive":"","workstation_description":"cutting6445try3","workstation_type_id":"","deactivated_date":""}, {workstation_id=, workstation_type_id=, status=true}, {workstation_code=data/workstation_code, section_code=data/section_code, workstation_id=data/workstation_id, workstation_description=data/workstation_description, workstation_type_id=data/workstation_type_id, status=status}</td>
<td><div><pre>java.lang.AssertionError: Verification of &apos;status&apos; with value &apos;true&apos; in response json failed expected [true] but found [false]
	at com.schemaxtech.testAutomationFramework.TestAutomationUtil.verifyResponse(TestAutomationUtil.java:345)
	at com.schemaxtech.testAutomationFrameworkTest.Workstation.updateWorkstation(Workstation.java:87)
	at java.util.concurrent.ThreadPoolExecutor.runWorker(ThreadPoolExecutor.java:1149)
	at java.util.concurrent.ThreadPoolExecutor$Worker.run(ThreadPoolExecutor.java:624)
	at java.lang.Thread.run(Thread.java:748)
... Removed 14 stack frames</pre></div><a href='#' onClick='toggleBox("stack-trace537735456", this, "Click to show all stack frames", "Click to hide stack frames")'>Click to show all stack frames</a>
<div class='stack-trace' id='stack-trace537735456'><pre>java.lang.AssertionError: Verification of &apos;status&apos; with value &apos;true&apos; in response json failed expected [true] but found [false]
	at org.testng.Assert.fail(Assert.java:96)
	at org.testng.Assert.failNotEquals(Assert.java:776)
	at org.testng.Assert.assertEqualsImpl(Assert.java:137)
	at org.testng.Assert.assertEquals(Assert.java:118)
	at com.schemaxtech.testAutomationFramework.TestAutomationUtil.verifyResponse(TestAutomationUtil.java:345)
	at com.schemaxtech.testAutomationFrameworkTest.Workstation.updateWorkstation(Workstation.java:87)
	at sun.reflect.NativeMethodAccessorImpl.invoke0(Native Method)
	at sun.reflect.NativeMethodAccessorImpl.invoke(NativeMethodAccessorImpl.java:62)
	at sun.reflect.DelegatingMethodAccessorImpl.invoke(DelegatingMethodAccessorImpl.java:43)
	at java.lang.reflect.Method.invoke(Method.java:498)
	at org.testng.internal.MethodInvocationHelper.invokeMethod(MethodInvocationHelper.java:124)
	at org.testng.internal.Invoker.invokeMethod(Invoker.java:583)
	at org.testng.internal.Invoker.invokeTestMethod(Invoker.java:719)
	at org.testng.internal.Invoker.invokeTestMethods(Invoker.java:989)
	at org.testng.internal.TestMethodWorker.invokeTestMethods(TestMethodWorker.java:125)
	at org.testng.internal.TestMethodWorker.run(TestMethodWorker.java:109)
	at java.util.concurrent.ThreadPoolExecutor.runWorker(ThreadPoolExecutor.java:1149)
	at java.util.concurrent.ThreadPoolExecutor$Worker.run(ThreadPoolExecutor.java:624)
	at java.lang.Thread.run(Thread.java:748)
</pre></div></td>
<td>0</td>
<td>com.schemaxtech.testAutomationFrameworkTest.Workstation@731a74c</td></tr>
<tr>
<td title='com.schemaxtech.testAutomationFrameworkTest.Workstation.updateWorkstation()'><b>updateWorkstation</b><br>Test class: com.schemaxtech.testAutomationFrameworkTest.Workstation<br>Parameters: TC_007, {"workstation_code":6,"section_code":"sec1","activated_date":"","workstation_id":"f884a94f-0c94-48e5-ab8c-cb80acb9d0cf","isActive":"","workstation_description":"cutting6445try3","workstation_type_id":"bc06c472-e364-4852-89dd","deactivated_date":""}, {workstation_id=, workstation_type_id=, status=true}, {workstation_code=data/workstation_code, section_code=data/section_code, workstation_id=data/workstation_id, workstation_description=data/workstation_description, workstation_type_id=data/workstation_type_id, status=status}</td>
<td><div><pre>java.lang.AssertionError: Verification of &apos;status&apos; with value &apos;true&apos; in response json failed expected [true] but found [false]
	at com.schemaxtech.testAutomationFramework.TestAutomationUtil.verifyResponse(TestAutomationUtil.java:345)
	at com.schemaxtech.testAutomationFrameworkTest.Workstation.updateWorkstation(Workstation.java:87)
	at java.util.concurrent.ThreadPoolExecutor.runWorker(ThreadPoolExecutor.java:1149)
	at java.util.concurrent.ThreadPoolExecutor$Worker.run(ThreadPoolExecutor.java:624)
	at java.lang.Thread.run(Thread.java:748)
... Removed 14 stack frames</pre></div><a href='#' onClick='toggleBox("stack-trace1306217149", this, "Click to show all stack frames", "Click to hide stack frames")'>Click to show all stack frames</a>
<div class='stack-trace' id='stack-trace1306217149'><pre>java.lang.AssertionError: Verification of &apos;status&apos; with value &apos;true&apos; in response json failed expected [true] but found [false]
	at org.testng.Assert.fail(Assert.java:96)
	at org.testng.Assert.failNotEquals(Assert.java:776)
	at org.testng.Assert.assertEqualsImpl(Assert.java:137)
	at org.testng.Assert.assertEquals(Assert.java:118)
	at com.schemaxtech.testAutomationFramework.TestAutomationUtil.verifyResponse(TestAutomationUtil.java:345)
	at com.schemaxtech.testAutomationFrameworkTest.Workstation.updateWorkstation(Workstation.java:87)
	at sun.reflect.NativeMethodAccessorImpl.invoke0(Native Method)
	at sun.reflect.NativeMethodAccessorImpl.invoke(NativeMethodAccessorImpl.java:62)
	at sun.reflect.DelegatingMethodAccessorImpl.invoke(DelegatingMethodAccessorImpl.java:43)
	at java.lang.reflect.Method.invoke(Method.java:498)
	at org.testng.internal.MethodInvocationHelper.invokeMethod(MethodInvocationHelper.java:124)
	at org.testng.internal.Invoker.invokeMethod(Invoker.java:583)
	at org.testng.internal.Invoker.invokeTestMethod(Invoker.java:719)
	at org.testng.internal.Invoker.invokeTestMethods(Invoker.java:989)
	at org.testng.internal.TestMethodWorker.invokeTestMethods(TestMethodWorker.java:125)
	at org.testng.internal.TestMethodWorker.run(TestMethodWorker.java:109)
	at java.util.concurrent.ThreadPoolExecutor.runWorker(ThreadPoolExecutor.java:1149)
	at java.util.concurrent.ThreadPoolExecutor$Worker.run(ThreadPoolExecutor.java:624)
	at java.lang.Thread.run(Thread.java:748)
</pre></div></td>
<td>0</td>
<td>com.schemaxtech.testAutomationFrameworkTest.Workstation@731a74c</td></tr>
<tr>
<td title='com.schemaxtech.testAutomationFrameworkTest.Workstation.updateWorkstation()'><b>updateWorkstation</b><br>Test class: com.schemaxtech.testAutomationFrameworkTest.Workstation<br>Parameters: TC_009, {"workstation_code":6,"section_code":"sec16","activated_date":"","workstation_id":"f884a94f-0c94-48e5-ab8c-cb80acb9d0cf","isActive":"","workstation_description":"cutting6445try3","workstation_type_id":"ad336703-f3e3-4d6e-bcc4-0cd39c816de6","deactivated_date":""}, {workstation_id=, workstation_type_id=, status=true}, {workstation_code=data/workstation_code, section_code=data/section_code, workstation_id=data/workstation_id, workstation_description=data/workstation_description, workstation_type_id=data/workstation_type_id, status=status}</td>
<td><div><pre>java.lang.AssertionError: Verification of &apos;status&apos; with value &apos;true&apos; in response json failed expected [true] but found [false]
	at com.schemaxtech.testAutomationFramework.TestAutomationUtil.verifyResponse(TestAutomationUtil.java:345)
	at com.schemaxtech.testAutomationFrameworkTest.Workstation.updateWorkstation(Workstation.java:87)
	at java.util.concurrent.ThreadPoolExecutor.runWorker(ThreadPoolExecutor.java:1149)
	at java.util.concurrent.ThreadPoolExecutor$Worker.run(ThreadPoolExecutor.java:624)
	at java.lang.Thread.run(Thread.java:748)
... Removed 14 stack frames</pre></div><a href='#' onClick='toggleBox("stack-trace1435605623", this, "Click to show all stack frames", "Click to hide stack frames")'>Click to show all stack frames</a>
<div class='stack-trace' id='stack-trace1435605623'><pre>java.lang.AssertionError: Verification of &apos;status&apos; with value &apos;true&apos; in response json failed expected [true] but found [false]
	at org.testng.Assert.fail(Assert.java:96)
	at org.testng.Assert.failNotEquals(Assert.java:776)
	at org.testng.Assert.assertEqualsImpl(Assert.java:137)
	at org.testng.Assert.assertEquals(Assert.java:118)
	at com.schemaxtech.testAutomationFramework.TestAutomationUtil.verifyResponse(TestAutomationUtil.java:345)
	at com.schemaxtech.testAutomationFrameworkTest.Workstation.updateWorkstation(Workstation.java:87)
	at sun.reflect.NativeMethodAccessorImpl.invoke0(Native Method)
	at sun.reflect.NativeMethodAccessorImpl.invoke(NativeMethodAccessorImpl.java:62)
	at sun.reflect.DelegatingMethodAccessorImpl.invoke(DelegatingMethodAccessorImpl.java:43)
	at java.lang.reflect.Method.invoke(Method.java:498)
	at org.testng.internal.MethodInvocationHelper.invokeMethod(MethodInvocationHelper.java:124)
	at org.testng.internal.Invoker.invokeMethod(Invoker.java:583)
	at org.testng.internal.Invoker.invokeTestMethod(Invoker.java:719)
	at org.testng.internal.Invoker.invokeTestMethods(Invoker.java:989)
	at org.testng.internal.TestMethodWorker.invokeTestMethods(TestMethodWorker.java:125)
	at org.testng.internal.TestMethodWorker.run(TestMethodWorker.java:109)
	at java.util.concurrent.ThreadPoolExecutor.runWorker(ThreadPoolExecutor.java:1149)
	at java.util.concurrent.ThreadPoolExecutor$Worker.run(ThreadPoolExecutor.java:624)
	at java.lang.Thread.run(Thread.java:748)
</pre></div></td>
<td>0</td>
<td>com.schemaxtech.testAutomationFrameworkTest.Workstation@731a74c</td></tr>
</table><p>
<table width='100%' border='1' class='invocation-passed'>
<tr><td colspan='4' align='center'><b>PASSED TESTS</b></td></tr>
<tr><td><b>Test method</b></td>
<td width="30%"><b>Exception</b></td>
<td width="10%"><b>Time (seconds)</b></td>
<td><b>Instance</b></td>
</tr>
<tr>
<td title='com.schemaxtech.testAutomationFrameworkTest.Department.CreateDepartment()'><b>CreateDepartment</b><br>Test class: com.schemaxtech.testAutomationFrameworkTest.Department<br>Parameters: TC_003, {"department_code":"DEP309","is_active":true,"gender":"female","department_type":"stitching1","date_of_birth":"08-08-1995","land_line_no":12345,"department_name":"EMB309","mobile_no":"123L","sla":3,"last_name":"Plant3309","middle_name":"Plant2309","plant_code":"Testp110","first_name":"Plant1309","email":"test@gmail.com"}, {is_active=, status=false}, {is_active=data/is_active, status=status}</td>
<td></td>
<td>0</td>
<td>com.schemaxtech.testAutomationFrameworkTest.Department@1d16f93d</td></tr>
<tr>
<td title='com.schemaxtech.testAutomationFrameworkTest.Department.CreateDepartment()'><b>CreateDepartment</b><br>Test class: com.schemaxtech.testAutomationFrameworkTest.Department<br>Parameters: TC_004, {"department_code":"DEP309","is_active":true,"gender":"female","department_type":"making","date_of_birth":"08-08-1995","land_line_no":12345,"department_name":"EMB1309","mobile_no":"123L","sla":3,"last_name":"Plant3309","middle_name":"Plant2309","plant_code":"QCI","first_name":"Plant1309","email":"test@gmail.com"}, {is_active=, status=false}, {is_active=data/is_active, status=status}</td>
<td></td>
<td>0</td>
<td>com.schemaxtech.testAutomationFrameworkTest.Department@1d16f93d</td></tr>
<tr>
<td title='com.schemaxtech.testAutomationFrameworkTest.PPS.CreatePO()'><b>CreatePO</b><br>Test class: com.schemaxtech.testAutomationFrameworkTest.PPS<br>Parameters: Tc_001, {"systematic_po":false,"po_description":"Test_po","master_po_type":"normal","moDetails":[{"z_feature_desc":"string","color":"string","destination":"string","mo_number":"string","z_code":"string","mo_status":"string","mo_quantity":0,"schedule":"string","vpo":"string","size":"string","order_quantity":0,"packing_method":"string","style":"string","operation_sequence":"string"}]}, {status=true}, {status=status}</td>
<td></td>
<td>0</td>
<td>com.schemaxtech.testAutomationFrameworkTest.PPS@2b9627bc</td></tr>
<tr>
<td title='com.schemaxtech.testAutomationFrameworkTest.Surplus.CreateSurpluslocation()'><b>CreateSurpluslocation</b><br>Test class: com.schemaxtech.testAutomationFrameworkTest.Surplus<br>Parameters: TC_003, {"surplus_location_category_id":"6b9832c3-0c69-4e7f-873e-07089a163d13","surplus_location_description":"surplusstore309","isActive":true,"surplus_location_code":""}, {errorInfo=, code=500, isActive=, status=}, {surplus_location_category_id=data/surplus_location_category_id, surplus_location_description=data/surplus_location_description, surplus_location_code=data/surplus_location_code, errorInfo=errorInfo, isActive=data/isActive, status=status}</td>
<td></td>
<td>0</td>
<td>com.schemaxtech.testAutomationFrameworkTest.Surplus@369f73a2</td></tr>
<tr>
<td title='com.schemaxtech.testAutomationFrameworkTest.Surplus.CreateSurpluslocation()'><b>CreateSurpluslocation</b><br>Test class: com.schemaxtech.testAutomationFrameworkTest.Surplus<br>Parameters: TC_004, {"surplus_location_category_id":"6b9832c3-0c69-4e7-873e-07089a163d13","surplus_location_description":"surplusstore309","isActive":true,"surplus_location_code":"location5432309"}, {errorInfo=, code=500, isActive=, status=}, {surplus_location_category_id=data/surplus_location_category_id, surplus_location_description=data/surplus_location_description, surplus_location_code=data/surplus_location_code, errorInfo=errorInfo, isActive=data/isActive, status=status}</td>
<td></td>
<td>0</td>
<td>com.schemaxtech.testAutomationFrameworkTest.Surplus@369f73a2</td></tr>
<tr>
<td title='com.schemaxtech.testAutomationFrameworkTest.Department.DeactivateDepartment()'><b>DeactivateDepartment</b><br>Test class: com.schemaxtech.testAutomationFrameworkTest.Department<br>Parameters: TC_001, {"department_code":"P001"}, {status=true}, {department_code=data/department_code, status=status}</td>
<td></td>
<td>0</td>
<td>com.schemaxtech.testAutomationFrameworkTest.Department@1d16f93d</td></tr>
<tr>
<td title='com.schemaxtech.testAutomationFrameworkTest.Department.DeactivateDepartment()'><b>DeactivateDepartment</b><br>Test class: com.schemaxtech.testAutomationFrameworkTest.Department<br>Parameters: TC_002, {"department_code":"P123456789"}, {status=true}, {department_code=data/department_code, status=status}</td>
<td></td>
<td>0</td>
<td>com.schemaxtech.testAutomationFrameworkTest.Department@1d16f93d</td></tr>
<tr>
<td title='com.schemaxtech.testAutomationFrameworkTest.Section.DeactivateSection()'><b>DeactivateSection</b><br>Test class: com.schemaxtech.testAutomationFrameworkTest.Section<br>Parameters: TC_002, {"section_code":"P123456789"}, {status=false}, {section_code=data/section_code, status=status}</td>
<td></td>
<td>0</td>
<td>com.schemaxtech.testAutomationFrameworkTest.Section@7d907bac</td></tr>
<tr>
<td title='com.schemaxtech.testAutomationFrameworkTest.Surplus.UpdateSurpluslocation()'><b>UpdateSurpluslocation</b><br>Test class: com.schemaxtech.testAutomationFrameworkTest.Surplus<br>Parameters: TC_003, {"surplus_location_category_id":"6b9832c3-0c69-4e7f-873e-07089a1613","surplus_location_description":"surplusstore","isActive":true,"surplus_location_code":"location54321","surplus_location_id":"bec46162-5854-4544-b679-bd27f66e4cf0"}, {errorInfo=, code=500, isActive=, status=}, {surplus_location_category_id=data/surplus_location_category_id, surplus_location_description=data/surplus_location_description, surplus_location_code=data/surplus_location_code, errorInfo=errorInfo, isActive=data/isActive, status=status}</td>
<td></td>
<td>0</td>
<td>com.schemaxtech.testAutomationFrameworkTest.Surplus@369f73a2</td></tr>
<tr>
<td title='com.schemaxtech.testAutomationFrameworkTest.Surplus.UpdateSurpluslocation()'><b>UpdateSurpluslocation</b><br>Test class: com.schemaxtech.testAutomationFrameworkTest.Surplus<br>Parameters: TC_004, {"surplus_location_category_id":"","surplus_location_description":"","isActive":"","surplus_location_code":"","surplus_location_id":"c191c8ff-a8e1-4404-b55c-fafc30f7d5a8"}, {errorInfo=, code=, isActive=, status=false}, {surplus_location_category_id=data/surplus_location_category_id, surplus_location_description=data/surplus_location_description, surplus_location_code=data/surplus_location_code, errorInfo=errorInfo, isActive=data/isActive, status=status}</td>
<td></td>
<td>0</td>
<td>com.schemaxtech.testAutomationFrameworkTest.Surplus@369f73a2</td></tr>
<tr>
<td title='com.schemaxtech.testAutomationFrameworkTest.Cluster.createCluster()'><b>createCluster</b><br>Test class: com.schemaxtech.testAutomationFrameworkTest.Cluster<br>Parameters: TC_002, {"uid_country":"string","country":"Priya344","cluster_name":"","gender":"Priya337","date_of_birth":"2/4/2012","land_line_no":"Priya349","mobile_no":"Priya350","last_name":"","activated_date":"1992-05-01","middle_name":"","location_type":"Priya346","long":"Priya348","zipcode":"Priya345","corporate_code":"Testin","land_mark":"Priya342","door_no":"Priya339","address_line_1":"Priya340","address_line_2":"Priya341","state":"Priya343","first_name":"","email":"Priya351","lat":"Priya347","cluster_code":"Demo309"}, {cluster_name=, errorInfo=Company Does not Exist, cluster_code=, status=}, {cluster_name=data/cluster_name, country=data/country, gender=data/gender, date_of_birth=data/date_of_birth, land_line_no=data/land_line_no, mobile_no=data/mobile_no, last_name=data/last_name, middle_name=data/middle_name, location_type=data/location_type, long=data/long, corporate_code=data/corporate_code, zipcode=data/zipcode, land_mark=data/land_mark, door_no=data/door_no, address_line_1=data/address_line_1, address_line_2=data/address_line_2, state=data/state, first_name=data/first_name, cluster_code=data/cluster_code, lat=data/lat, email=data/email, status=status}</td>
<td></td>
<td>0</td>
<td>com.schemaxtech.testAutomationFrameworkTest.Cluster@6325a3ee</td></tr>
<tr>
<td title='com.schemaxtech.testAutomationFrameworkTest.Plant.createPlant()'><b>createPlant</b><br>Test class: com.schemaxtech.testAutomationFrameworkTest.Plant<br>Parameters: Tc_002, {"uid_country":"string","country":"sample17","gender":"sample26","land_line_no":"sample19","date_of_birth":"05-05-1999","mobile_no":"sample20","last_name":"sample25","middle_name":"sample24","plant_type":"sample5","location_type":"sample9","long":"sample11","ref_uid":"string","zipcode":"sample18","land_mark":"sample15","door_no":"sample12","address_line_1":"sample13","plant_code":"Testp1309","address_line_2":"sample14","state":"sample16","first_name":"sample23","lat":"sample10","email":"sample21","cluster_code":"Testin","plant_name":"sample1"}, {plant_code=, errInfo=cluster not exist., status=false}, {country=data/country, gender=data/gender, date_of_birth=data/date_of_birth, mobile_no=data/mobile_no, long=data/long, plant_ref_code=data/plant_ref_code, plant_start_time=data/plant_start_time, land_mark=data/land_mark, door_no=data/door_no, address_line_1=data/address_line_1, plant_code=data/plant_code, address_line_2=data/address_line_2, state=data/state, first_name=data/first_name, lat=data/lat, email=data/email, cluster_code=data/cluster_code, is_active=data/is_active, land_line_no=data/land_line_no, parent_plant_code=data/parent_plant_code, activated_date=data/activated_date, last_name=data/last_name, plant_end_time=data/plant_end_time, middle_name=data/middle_name, plant_type=data/plant_type, location_type=data/location_type, zipcode=data/zipcode, errInfo=errInfo, plant_name=data/plant_name, status=status}</td>
<td></td>
<td>0</td>
<td>com.schemaxtech.testAutomationFrameworkTest.Plant@1f28c152</td></tr>
<tr>
<td title='com.schemaxtech.testAutomationFrameworkTest.Reasons.createRe()'><b>createRe</b><br>Test class: com.schemaxtech.testAutomationFrameworkTest.Reasons<br>Parameters: Tc_002, {"reason_code":"Test001309","reason_group":"Rejection","is_external":true,"reason_description":"sample","isActive":true,"department_type":""}, {reason_code=, errInfo=Error while creating Reason, status=false}, {reason_code=data/reason_code, reason_group=data/reason_group, department_type=data/department_type/department_type, reason_description=data/reason_description, status=status, reason_id=data/reason_id}</td>
<td></td>
<td>0</td>
<td>com.schemaxtech.testAutomationFrameworkTest.Reasons@67b92f0a</td></tr>
<tr>
<td title='com.schemaxtech.testAutomationFrameworkTest.Reasons.createRe()'><b>createRe</b><br>Test class: com.schemaxtech.testAutomationFrameworkTest.Reasons<br>Parameters: Tc_003, {"reason_code":"Test001309","reason_group":"","is_external":true,"reason_description":"sample","isActive":true,"department_type":"Planning"}, {reason_code=, errInfo=Error while creating Reason, status=false}, {reason_code=data/reason_code, reason_group=data/reason_group, department_type=data/department_type/department_type, reason_description=data/reason_description, status=status, reason_id=data/reason_id}</td>
<td></td>
<td>0</td>
<td>com.schemaxtech.testAutomationFrameworkTest.Reasons@67b92f0a</td></tr>
<tr>
<td title='com.schemaxtech.testAutomationFrameworkTest.PPS.createSubProductionOrder()'><b>createSubProductionOrder</b><br>Test class: com.schemaxtech.testAutomationFrameworkTest.PPS<br>Parameters: Tc_001, {"master_po_number":"3cb7495d-08b8-418a-b193-5708b51e3f76","po_number":"d2bd0923-0551-4eb5-86dc-acf3008add95"}, {errInfo=, status=true}, {errInfo=errInfo, master_po_number=data/master_po_number, status=status}</td>
<td></td>
<td>0</td>
<td>com.schemaxtech.testAutomationFrameworkTest.PPS@2b9627bc</td></tr>
<tr>
<td title='com.schemaxtech.testAutomationFrameworkTest.Company.deaCompany()'><b>deaCompany</b><br>Test class: com.schemaxtech.testAutomationFrameworkTest.Company<br>Parameters: Tc_001, {"company_code":"Testi"}, {errorInfo=Company not found., status=false}, {errorInfo=errorInfo, status=status}</td>
<td></td>
<td>0</td>
<td>com.schemaxtech.testAutomationFrameworkTest.Company@7791a895</td></tr>
<tr>
<td title='com.schemaxtech.testAutomationFrameworkTest.WorkstationT.deaWorkstationT()'><b>deaWorkstationT</b><br>Test class: com.schemaxtech.testAutomationFrameworkTest.WorkstationT<br>Parameters: Tc_001, {"company_code":"0071"}, {errInfo=, status=false}, {errInfo=errInfo, data=data, status=status}</td>
<td></td>
<td>0</td>
<td>com.schemaxtech.testAutomationFrameworkTest.WorkstationT@4b4523f8</td></tr>
<tr>
<td title='com.schemaxtech.testAutomationFrameworkTest.WorkstationT.deaWorkstationT()'><b>deaWorkstationT</b><br>Test class: com.schemaxtech.testAutomationFrameworkTest.WorkstationT<br>Parameters: Tc_002, {"company_code":"0071"}, {errInfo=The workstation type doesnt exist, status=false}, {errInfo=errInfo, data=data, status=status}</td>
<td></td>
<td>0</td>
<td>com.schemaxtech.testAutomationFrameworkTest.WorkstationT@4b4523f8</td></tr>
<tr>
<td title='com.schemaxtech.testAutomationFrameworkTest.Cluster.deacCluster()'><b>deacCluster</b><br>Test class: com.schemaxtech.testAutomationFrameworkTest.Cluster<br>Parameters: Tc_002, {"cluster_code":"Testin"}, {errorInfo=Cluster does not exist to delete, status=false}, {errInfo=errInfo, status=status}</td>
<td></td>
<td>0</td>
<td>com.schemaxtech.testAutomationFrameworkTest.Cluster@6325a3ee</td></tr>
<tr>
<td title='com.schemaxtech.testAutomationFrameworkTest.Plant.deacPlant()'><b>deacPlant</b><br>Test class: com.schemaxtech.testAutomationFrameworkTest.Plant<br>Parameters: Tc_002, {"plant_code":"Testin"}, {plant_code=, errInfo=Plant code not found., status=false}, {plant_code=data/plant_code, errInfo=errInfo, status=status}</td>
<td></td>
<td>0</td>
<td>com.schemaxtech.testAutomationFrameworkTest.Plant@1f28c152</td></tr>
<tr>
<td title='com.schemaxtech.testAutomationFrameworkTest.Reasons.deactRe()'><b>deactRe</b><br>Test class: com.schemaxtech.testAutomationFrameworkTest.Reasons<br>Parameters: Tc_002, {"reason_id":"62c47pee-7bd4-486e-a396-6e5c8f120437"}, {errInfo=Error while reatreaving Reasons, status=}, {reason_code=data/reason_code, reason_group=data/reason_group, department_type=data/departmentType/department_type, is_external=data/is_external, reason_description=data/reason_description, isActive=data/isActive, reason_id=data/reason_id, status=status}</td>
<td></td>
<td>0</td>
<td>com.schemaxtech.testAutomationFrameworkTest.Reasons@67b92f0a</td></tr>
<tr>
<td title='com.schemaxtech.testAutomationFrameworkTest.Surplus.deactivateSurpluslocation()'><b>deactivateSurpluslocation</b><br>Test class: com.schemaxtech.testAutomationFrameworkTest.Surplus<br>Parameters: TC_002, {"surplus_location_code":"location54321H00"}, {errorInfo=surplusLocation not found., status=}, {surplus_location_category_id=data/surplus_location_category_id, surplus_location_description=data/surplus_location_description, surplus_location_code=data/surplus_location_code, errorInfo=errorInfo, isActive=data/isActive, status=status}</td>
<td></td>
<td>0</td>
<td>com.schemaxtech.testAutomationFrameworkTest.Surplus@369f73a2</td></tr>
<tr>
<td title='com.schemaxtech.testAutomationFrameworkTest.Company.getCompany()'><b>getCompany</b><br>Test class: com.schemaxtech.testAutomationFrameworkTest.Company<br>Parameters: Tc_001, {"company_code":"Test789789"}, {errorInfo=Company not found, company_code=, status=false}, {errorInfo=errorInfo, company_code=data/company_code, status=status}</td>
<td></td>
<td>0</td>
<td>com.schemaxtech.testAutomationFrameworkTest.Company@7791a895</td></tr>
<tr>
<td title='com.schemaxtech.testAutomationFrameworkTest.PPS.getMasterAndSubPoSizeWiseQuantitiesByMasterPo()'><b>getMasterAndSubPoSizeWiseQuantitiesByMasterPo</b><br>Test class: com.schemaxtech.testAutomationFrameworkTest.PPS<br>Parameters: Tc_001, {"master_po_number":"3cb7495d-08b8-418a-b193-5708b51e3f76"}, {errInfo=, status=true}, {errInfo=errInfo, master_po_number=data/master_po_number, status=status}</td>
<td></td>
<td>0</td>
<td>com.schemaxtech.testAutomationFrameworkTest.PPS@2b9627bc</td></tr>
<tr>
<td title='com.schemaxtech.testAutomationFrameworkTest.PPS.getMasterPoDetails()'><b>getMasterPoDetails</b><br>Test class: com.schemaxtech.testAutomationFrameworkTest.PPS<br>Parameters: Tc_001, {"master_po_number":"3cb7495d-08b8-418a-b193-5708b51e3f76"}, {errInfo=, status=true}, {errInfo=errInfo, master_po_number=data/master_po_number, status=status}</td>
<td></td>
<td>0</td>
<td>com.schemaxtech.testAutomationFrameworkTest.PPS@2b9627bc</td></tr>
<tr>
<td title='com.schemaxtech.testAutomationFrameworkTest.PPS.getMasterPoStyleColorsDetails()'><b>getMasterPoStyleColorsDetails</b><br>Test class: com.schemaxtech.testAutomationFrameworkTest.PPS<br>Parameters: Tc_001, {"master_po_number":"3cb7495d-08b8-418a-b193-5708b51e3f76"}, {errInfo=, status=true}, {errInfo=errInfo, master_po_number=data/master_po_number, status=status}</td>
<td></td>
<td>0</td>
<td>com.schemaxtech.testAutomationFrameworkTest.PPS@2b9627bc</td></tr>
<tr>
<td title='com.schemaxtech.testAutomationFrameworkTest.PPS.getPo()'><b>getPo</b><br>Test class: com.schemaxtech.testAutomationFrameworkTest.PPS<br>Parameters: Tc_001, {"master_po_number":"3cb7495d-08b8-418a-b193-5708b51e3f76"}, {errInfo=, status=true}, {errInfo=errInfo, master_po_number=data/master_po_number, status=status}</td>
<td></td>
<td>0</td>
<td>com.schemaxtech.testAutomationFrameworkTest.PPS@2b9627bc</td></tr>
<tr>
<td title='com.schemaxtech.testAutomationFrameworkTest.Reasons.getRe()'><b>getRe</b><br>Test class: com.schemaxtech.testAutomationFrameworkTest.Reasons<br>Parameters: Tc_002, {"reason_id":"56934b65-4e94-4cbb-ba93-fe15cf5fc99"}, {errInfo=Error while reatreaving Reasons, status=}, {reason_code=data/reason_code, reason_group=data/reason_group, department_type=data/departmentType/department_type, is_external=data/is_external, reason_description=data/reason_description, isActive=data/isActive, reason_id=data/reason_id, status=status}</td>
<td></td>
<td>0</td>
<td>com.schemaxtech.testAutomationFrameworkTest.Reasons@67b92f0a</td></tr>
<tr>
<td title='com.schemaxtech.testAutomationFrameworkTest.Surplus.getSurpluslocation()'><b>getSurpluslocation</b><br>Test class: com.schemaxtech.testAutomationFrameworkTest.Surplus<br>Parameters: TC_002, {"surplus_location_code":"demo12"}, {errorInfo=, surplus_location_code=, status=false}, {surplus_location_category_id=data/surplus_location_category_id, surplus_location_description=data/surplus_location_description, surplus_location_code=data/surplus_location_code, errorInfo=errorInfo, isActive=data/isActive, status=status}</td>
<td></td>
<td>0</td>
<td>com.schemaxtech.testAutomationFrameworkTest.Surplus@369f73a2</td></tr>
<tr>
<td title='com.schemaxtech.testAutomationFrameworkTest.Workstation.getWorkstationByWorkstaioncode()'><b>getWorkstationByWorkstaioncode</b><br>Test class: com.schemaxtech.testAutomationFrameworkTest.Workstation<br>Parameters: TC_002, {"workstation_id":"f884a94f-0c94-48e5-ab8c-cb80ac"}, {status=false}, {workstation_code=data/workstation_code, activated_date=data/activated_date, section_code=data/section_code, workstation_id=data/workstation_id, isActive=isActive, workstation_description=data/workstation_description, deactivated_date=data/deactivated_date, workstation_type_id=data/workstation_type_id, status=status}</td>
<td></td>
<td>0</td>
<td>com.schemaxtech.testAutomationFrameworkTest.Workstation@731a74c</td></tr>
<tr>
<td title='com.schemaxtech.testAutomationFrameworkTest.PPS.getsubPoDetailsWithMasterPo()'><b>getsubPoDetailsWithMasterPo</b><br>Test class: com.schemaxtech.testAutomationFrameworkTest.PPS<br>Parameters: Tc_001, {"master_po_number":"3cb7495d-08b8-418a-b193-5708b51e3f76","po_number":"d2bd0923-0551-4eb5-86dc-acf3008add95"}, {errInfo=, status=true}, {errInfo=errInfo, master_po_number=data/master_po_number, status=status}</td>
<td></td>
<td>0</td>
<td>com.schemaxtech.testAutomationFrameworkTest.PPS@2b9627bc</td></tr>
<tr>
<td title='com.schemaxtech.testAutomationFrameworkTest.PPS.productionOrderCreation()'><b>productionOrderCreation</b><br>Test class: com.schemaxtech.testAutomationFrameworkTest.PPS<br>Parameters: Tc_001, {"po_details_size_quantities":[{"master_po_details_id":"31ce6f17-b666-4503-8f32-69f64b040b8c","quantity":0,"color":"string","size":"string","style":"string"}],"master_po_details_id":"31ce6f17-b666-4503-8f32-69f64b040b8c","master_po_number":"3cb7495d-08b8-418a-b193-5708b51e3f76","po_description":"string","reference_fg_color":"string","color_ratios":[{"master_po_details_id":"31ce6f17-b666-4503-8f32-69f64b040b8c","color":"string","style":"string","ratio":0}],"po_type":"Normal"}, {errInfo=, status=true}, {errInfo=errInfo, master_po_number=data/master_po_number, status=status}</td>
<td></td>
<td>0</td>
<td>com.schemaxtech.testAutomationFrameworkTest.PPS@2b9627bc</td></tr>
<tr>
<td title='com.schemaxtech.testAutomationFrameworkTest.Cluster.updateCluster()'><b>updateCluster</b><br>Test class: com.schemaxtech.testAutomationFrameworkTest.Cluster<br>Parameters: TC_002, {"country":"Priya344","gender":"Priya337","contact_uid":"31c5a4a9-85b0-4fa3-9b63-a581543aa101","date_of_birth":"2/4/2012","mobile_no":"Priya350","isActive":true,"location_uid":"e445d5d3-7af1-4443-8e38-71364fdc47a7","ref_uid":"string","long":"Priya348","land_mark":"Priya342","door_no":"Priya339","address_line_1":"Priya340","address_line_2":"Priya341","state":"Priya343","first_name":"","email":"Priya351","lat":"Priya347","cluster_code":"Testin","uid_country":"string","cluster_name":"","land_line_no":"Priya349","address_uid":"7ac1adb8-7d09-4e97-8af0-9f63b8ee5d9c","last_name":"","activated_date":"1999-05-08","middle_name":"","location_type":"Priya346","zipcode":"Priya345","corporate_code":"Testin","user_uid":""}, {cluster_name=, errorInfo=Cluster  Does not Exist, cluster_code=}, {country=data/country, gender=data/gender, contact_uid=data/contact_uid, date_of_birth=data/date_of_birth, mobile_no=data/mobile_no, location_uid=data/location_uid, long=data/long, land_mark=data/land_mark, door_no=data/door_no, address_line_1=data/address_line_1, address_line_2=data/address_line_2, state=data/state, first_name=data/first_name, cluster_code=data/cluster_code, lat=data/lat, email=data/email, cluster_name=data/cluster_name, land_line_no=data/land_line_no, address_uid=data/address_uid, last_name=data/last_name, middle_name=data/middle_name, location_type=data/location_type, corporate_code=data/corporate_code, zipcode=data/zipcode, status=status, user_uid=data/user_uid}</td>
<td></td>
<td>0</td>
<td>com.schemaxtech.testAutomationFrameworkTest.Cluster@6325a3ee</td></tr>
<tr>
<td title='com.schemaxtech.testAutomationFrameworkTest.Company.updateCompany()'><b>updateCompany</b><br>Test class: com.schemaxtech.testAutomationFrameworkTest.Company<br>Parameters: Tc_002, {"country":"Priya344","gender":"Priya337","contact_uid":"fd595685-54c2-44c1-ac91-49b8d565a4d8","date_of_birth":"2/4/2012","mobile_no":"Priya350","location_uid":"cf130bcb-e3ba-4784-9590-39279cbeb873","long":"Priya348","land_mark":"Priya342","door_no":"Priya339","address_line_1":"Priya340","company_code":309,"address_line_2":"Priya341","state":"Priya343","first_name":"","lat":"Priya347","email":"Priya351","uid_country":"string","land_line_no":"Priya349","address_uid":"2269f3cd-e05c-46a4-ab83-d6499f51a41c","last_name":"","middle_name":"","location_type":"Priya346","zipcode":"Priya345","company_name":"demo1234","user_uid":"7631b113-d66d-42d7-9416-5e983ffd4dbe"}, {contact_uid=, company_name=, address_uid=, errorInfo=Company not found., company_code=, location_uid=, user_uid=}, {contact_uid=data/contact_uid, company_name=data/company_name, address_uid=data/address_uid, errorInfo=errorInfo, company_code=data/company_code, location_uid=data/location_uid, user_uid=data/user_uid}</td>
<td></td>
<td>0</td>
<td>com.schemaxtech.testAutomationFrameworkTest.Company@7791a895</td></tr>
<tr>
<td title='com.schemaxtech.testAutomationFrameworkTest.Reasons.updateRe()'><b>updateRe</b><br>Test class: com.schemaxtech.testAutomationFrameworkTest.Reasons<br>Parameters: Tc_002, {"reason_code":"test12345","reason_group":"Rejection","reason_description":"demo","department_type":"","reason_id":"6c866024-b0c0-4dbc-bc69-c9b036eb8c28"}, {reason_code=, reason_group=, errInfo=Error while updating Reason, status=false}, {reason_code=data/reason_code, reason_group=data/reason_group, department_type=data/departmentType/department_type, is_external=data/is_external, reason_description=data/reason_description, isActive=data/isActive, reason_id=data/reason_id, status=status}</td>
<td></td>
<td>0</td>
<td>com.schemaxtech.testAutomationFrameworkTest.Reasons@67b92f0a</td></tr>
<tr>
<td title='com.schemaxtech.testAutomationFrameworkTest.Reasons.updateRe()'><b>updateRe</b><br>Test class: com.schemaxtech.testAutomationFrameworkTest.Reasons<br>Parameters: Tc_003, {"reason_code":"","reason_group":"","reason_description":"","department_type":"planning","reason_id":""}, {reason_code=, reason_group=, errInfo=Reason Code for this department Type Already Exists!!!, status=false}, {reason_code=data/reason_code, reason_group=data/reason_group, department_type=data/departmentType/department_type, is_external=data/is_external, reason_description=data/reason_description, isActive=data/isActive, reason_id=data/reason_id, status=status}</td>
<td></td>
<td>0</td>
<td>com.schemaxtech.testAutomationFrameworkTest.Reasons@67b92f0a</td></tr>
<tr>
<td title='com.schemaxtech.testAutomationFrameworkTest.Workstation.updateWorkstation()'><b>updateWorkstation</b><br>Test class: com.schemaxtech.testAutomationFrameworkTest.Workstation<br>Parameters: TC_002, {"workstation_code":5,"section_code":"sec01","activated_date":"","workstation_id":"203c8164-4795-414e-a1be-0d937cb16dbb","isActive":"","workstation_description":"string","workstation_type_id":"ad336703-f3e3-4d6e-bcc4-0cd39c816de6","deactivated_date":""}, {workstation_id=, workstation_type_id=, status=false}, {workstation_code=data/workstation_code, section_code=data/section_code, workstation_id=data/workstation_id, workstation_description=data/workstation_description, workstation_type_id=data/workstation_type_id, status=status}</td>
<td></td>
<td>0</td>
<td>com.schemaxtech.testAutomationFrameworkTest.Workstation@731a74c</td></tr>
<tr>
<td title='com.schemaxtech.testAutomationFrameworkTest.Workstation.updateWorkstation()'><b>updateWorkstation</b><br>Test class: com.schemaxtech.testAutomationFrameworkTest.Workstation<br>Parameters: TC_005, {"workstation_code":26,"section_code":"","activated_date":"","workstation_id":"dbc66a82-5361-4eb4-9d98-f7c612286778","isActive":"","workstation_description":"cutting6445try3","workstation_type_id":"ad336703-f3e3-4d6e-bcc4-0cd39c816de6","deactivated_date":""}, {workstation_id=, workstation_type_id=, status=false}, {workstation_code=data/workstation_code, section_code=data/section_code, workstation_id=data/workstation_id, workstation_description=data/workstation_description, workstation_type_id=data/workstation_type_id, status=status}</td>
<td></td>
<td>0</td>
<td>com.schemaxtech.testAutomationFrameworkTest.Workstation@731a74c</td></tr>
<tr>
<td title='com.schemaxtech.testAutomationFrameworkTest.Workstation.updateWorkstation()'><b>updateWorkstation</b><br>Test class: com.schemaxtech.testAutomationFrameworkTest.Workstation<br>Parameters: TC_006, {"workstation_code":26,"section_code":"P12345","activated_date":"","workstation_id":"","isActive":"","workstation_description":"cutting6445try3876","workstation_type_id":"ad336703-f3e3-4d6e-bcc4-0cd39c816de6","deactivated_date":""}, {workstation_id=, workstation_type_id=, status=false}, {workstation_code=data/workstation_code, section_code=data/section_code, workstation_id=data/workstation_id, workstation_description=data/workstation_description, workstation_type_id=data/workstation_type_id, status=status}</td>
<td></td>
<td>0</td>
<td>com.schemaxtech.testAutomationFrameworkTest.Workstation@731a74c</td></tr>
<tr>
<td title='com.schemaxtech.testAutomationFrameworkTest.Workstation.updateWorkstation()'><b>updateWorkstation</b><br>Test class: com.schemaxtech.testAutomationFrameworkTest.Workstation<br>Parameters: TC_008, {"workstation_code":67,"section_code":"sec1","activated_date":"","workstation_id":"f884a94f-0c94-48e5-ab8c-cb80acb9d0cf","isActive":"","workstation_description":"cutting6445try3","workstation_type_id":"ad336703-f3e3-4d6e-bcc4-0cd39c816de6","deactivated_date":""}, {workstation_id=, workstation_type_id=, status=false}, {workstation_code=data/workstation_code, section_code=data/section_code, workstation_id=data/workstation_id, workstation_description=data/workstation_description, workstation_type_id=data/workstation_type_id, status=status}</td>
<td></td>
<td>0</td>
<td>com.schemaxtech.testAutomationFrameworkTest.Workstation@731a74c</td></tr>
<tr>
<td title='com.schemaxtech.testAutomationFrameworkTest.WorkstationT.updateWorkstationT()'><b>updateWorkstationT</b><br>Test class: com.schemaxtech.testAutomationFrameworkTest.WorkstationT<br>Parameters: Tc_001, {"workstation_type_description":"Testing2","department_type":"abc","workstation_type_code":"planning147"}, {errInfo=The workstation type doesnt exist, workstation_type_code=, status=}, {workstation_type_description=data/workstation_type_description, is_active=data/is_active, errInfo=errInfo, department_type=data/department_type, workstation_type_code=data/workstation_type_code, activated_date=data/activated_date, workstation_type_id=data/workstation_type_id, status=status}</td>
<td></td>
<td>0</td>
<td>com.schemaxtech.testAutomationFrameworkTest.WorkstationT@4b4523f8</td></tr>
<tr>
<td title='com.schemaxtech.testAutomationFrameworkTest.WorkstationT.updateWorkstationT()'><b>updateWorkstationT</b><br>Test class: com.schemaxtech.testAutomationFrameworkTest.WorkstationT<br>Parameters: Tc_002, {"workstation_type_description":"Testing3","department_type":"planning","workstation_type_code":"planning001"}, {errInfo=The workstation type doesnt exist, workstation_type_code=, status=}, {workstation_type_description=data/workstation_type_description, is_active=data/is_active, errInfo=errInfo, department_type=data/department_type, workstation_type_code=data/workstation_type_code, activated_date=data/activated_date, workstation_type_id=data/workstation_type_id, status=status}</td>
<td></td>
<td>0</td>
<td>com.schemaxtech.testAutomationFrameworkTest.WorkstationT@4b4523f8</td></tr>
</table><p>
<table width='100%' border='1' class='invocation-skipped'>
<tr><td colspan='4' align='center'><b>SKIPPED TESTS</b></td></tr>
<tr><td><b>Test method</b></td>
<td width="30%"><b>Exception</b></td>
<td width="10%"><b>Time (seconds)</b></td>
<td><b>Instance</b></td>
</tr>
<tr>
<td title='com.schemaxtech.testAutomationFrameworkTest.Department.UpdateDepartment()'><b>UpdateDepartment</b><br>Test class: com.schemaxtech.testAutomationFrameworkTest.Department</td>
<td><div><pre>java.lang.RuntimeException: java.lang.NullPointerException
	at java.util.concurrent.ThreadPoolExecutor.runWorker(ThreadPoolExecutor.java:1149)
	at java.util.concurrent.ThreadPoolExecutor$Worker.run(ThreadPoolExecutor.java:624)
	at java.lang.Thread.run(Thread.java:748)
Caused by: java.lang.NullPointerException
	at com.schemaxtech.testAutomationFramework.TestAutomationUtil.fetchCsvTestData(TestAutomationUtil.java:74)
	at com.schemaxtech.testAutomationFramework.TestAutomationUtil.updatJsonWithTestDataMaster(TestAutomationUtil.java:277)
	at com.schemaxtech.testAutomationFrameworkTest.Department.sampleDataProvider(Department.java:32)
	... 10 more
... Removed 15 stack frames</pre></div><a href='#' onClick='toggleBox("stack-trace1388693538", this, "Click to show all stack frames", "Click to hide stack frames")'>Click to show all stack frames</a>
<div class='stack-trace' id='stack-trace1388693538'><pre>java.lang.RuntimeException: java.lang.NullPointerException
	at org.testng.internal.MethodInvocationHelper.invokeMethodNoCheckedException(MethodInvocationHelper.java:49)
	at org.testng.internal.MethodInvocationHelper.invokeDataProvider(MethodInvocationHelper.java:131)
	at org.testng.internal.Parameters.handleParameters(Parameters.java:706)
	at org.testng.internal.ParameterHandler.handleParameters(ParameterHandler.java:49)
	at org.testng.internal.ParameterHandler.createParameters(ParameterHandler.java:37)
	at org.testng.internal.Invoker.invokeTestMethods(Invoker.java:924)
	at org.testng.internal.TestMethodWorker.invokeTestMethods(TestMethodWorker.java:125)
	at org.testng.internal.TestMethodWorker.run(TestMethodWorker.java:109)
	at java.util.concurrent.ThreadPoolExecutor.runWorker(ThreadPoolExecutor.java:1149)
	at java.util.concurrent.ThreadPoolExecutor$Worker.run(ThreadPoolExecutor.java:624)
	at java.lang.Thread.run(Thread.java:748)
Caused by: java.lang.NullPointerException
	at com.schemaxtech.testAutomationFramework.TestAutomationUtil.fetchCsvTestData(TestAutomationUtil.java:74)
	at com.schemaxtech.testAutomationFramework.TestAutomationUtil.updatJsonWithTestDataMaster(TestAutomationUtil.java:277)
	at com.schemaxtech.testAutomationFrameworkTest.Department.sampleDataProvider(Department.java:32)
	at sun.reflect.NativeMethodAccessorImpl.invoke0(Native Method)
	at sun.reflect.NativeMethodAccessorImpl.invoke(NativeMethodAccessorImpl.java:62)
	at sun.reflect.DelegatingMethodAccessorImpl.invoke(DelegatingMethodAccessorImpl.java:43)
	at java.lang.reflect.Method.invoke(Method.java:498)
	at org.testng.internal.MethodInvocationHelper.invokeMethod(MethodInvocationHelper.java:124)
	at org.testng.internal.MethodInvocationHelper.invokeMethod(MethodInvocationHelper.java:74)
	at org.testng.internal.MethodInvocationHelper.invokeMethodNoCheckedException(MethodInvocationHelper.java:45)
	... 10 more
</pre></div></td>
<td>0</td>
<td>com.schemaxtech.testAutomationFrameworkTest.Department@1d16f93d</td></tr>
<tr>
<td title='com.schemaxtech.testAutomationFrameworkTest.Section.UpdateSection()'><b>UpdateSection</b><br>Test class: com.schemaxtech.testAutomationFrameworkTest.Section</td>
<td><div><pre>java.lang.RuntimeException: java.lang.NullPointerException
	at java.util.concurrent.ThreadPoolExecutor.runWorker(ThreadPoolExecutor.java:1149)
	at java.util.concurrent.ThreadPoolExecutor$Worker.run(ThreadPoolExecutor.java:624)
	at java.lang.Thread.run(Thread.java:748)
Caused by: java.lang.NullPointerException
	at com.schemaxtech.testAutomationFramework.TestAutomationUtil.fetchCsvTestData(TestAutomationUtil.java:74)
	at com.schemaxtech.testAutomationFramework.TestAutomationUtil.updatJsonWithTestDataMaster(TestAutomationUtil.java:277)
	at com.schemaxtech.testAutomationFrameworkTest.Section.sampleDataProvider(Section.java:32)
	... 10 more
... Removed 15 stack frames</pre></div><a href='#' onClick='toggleBox("stack-trace2112165978", this, "Click to show all stack frames", "Click to hide stack frames")'>Click to show all stack frames</a>
<div class='stack-trace' id='stack-trace2112165978'><pre>java.lang.RuntimeException: java.lang.NullPointerException
	at org.testng.internal.MethodInvocationHelper.invokeMethodNoCheckedException(MethodInvocationHelper.java:49)
	at org.testng.internal.MethodInvocationHelper.invokeDataProvider(MethodInvocationHelper.java:131)
	at org.testng.internal.Parameters.handleParameters(Parameters.java:706)
	at org.testng.internal.ParameterHandler.handleParameters(ParameterHandler.java:49)
	at org.testng.internal.ParameterHandler.createParameters(ParameterHandler.java:37)
	at org.testng.internal.Invoker.invokeTestMethods(Invoker.java:924)
	at org.testng.internal.TestMethodWorker.invokeTestMethods(TestMethodWorker.java:125)
	at org.testng.internal.TestMethodWorker.run(TestMethodWorker.java:109)
	at java.util.concurrent.ThreadPoolExecutor.runWorker(ThreadPoolExecutor.java:1149)
	at java.util.concurrent.ThreadPoolExecutor$Worker.run(ThreadPoolExecutor.java:624)
	at java.lang.Thread.run(Thread.java:748)
Caused by: java.lang.NullPointerException
	at com.schemaxtech.testAutomationFramework.TestAutomationUtil.fetchCsvTestData(TestAutomationUtil.java:74)
	at com.schemaxtech.testAutomationFramework.TestAutomationUtil.updatJsonWithTestDataMaster(TestAutomationUtil.java:277)
	at com.schemaxtech.testAutomationFrameworkTest.Section.sampleDataProvider(Section.java:32)
	at sun.reflect.NativeMethodAccessorImpl.invoke0(Native Method)
	at sun.reflect.NativeMethodAccessorImpl.invoke(NativeMethodAccessorImpl.java:62)
	at sun.reflect.DelegatingMethodAccessorImpl.invoke(DelegatingMethodAccessorImpl.java:43)
	at java.lang.reflect.Method.invoke(Method.java:498)
	at org.testng.internal.MethodInvocationHelper.invokeMethod(MethodInvocationHelper.java:124)
	at org.testng.internal.MethodInvocationHelper.invokeMethod(MethodInvocationHelper.java:74)
	at org.testng.internal.MethodInvocationHelper.invokeMethodNoCheckedException(MethodInvocationHelper.java:45)
	... 10 more
</pre></div></td>
<td>0</td>
<td>com.schemaxtech.testAutomationFrameworkTest.Section@7d907bac</td></tr>
</table><p>
</body>
</html>