<?xml version="1.0" encoding="UTF-8"?>
<!-- Generated by org.testng.reporters.JUnitXMLReporter -->
<testsuite hostname="Gateway-PC" ignored="0" name="Test" tests="102" failures="49" timestamp="27 Dec 2019 06:48:20 GMT" time="7.156" errors="0">
  <testcase name="CreateSurpluslocation" time="2.784" classname="com.schemaxtech.testAutomationFrameworkTest.Surplus">
    <failure type="java.lang.AssertionError" message="Verification of &amp;apos;errorInfo&amp;apos; with value &amp;apos;Success&amp;apos; in response json failed expected [Success] but found [Surplus Location Category Doesnot exist.]">
      <![CDATA[java.lang.AssertionError: Verification of 'errorInfo' with value 'Success' in response json failed expected [Success] but found [Surplus Location Category Doesnot exist.]at com.schemaxtech.testAutomationFramework.TestAutomationUtil.verifyResponse(TestAutomationUtil.java:338)at com.schemaxtech.testAutomationFrameworkTest.Surplus.CreateSurpluslocation(Surplus.java:66)at java.util.concurrent.ThreadPoolExecutor.runWorker(ThreadPoolExecutor.java:1149)at java.util.concurrent.ThreadPoolExecutor$Worker.run(ThreadPoolExecutor.java:624)at java.lang.Thread.run(Thread.java:748)... Removed 14 stack frames]]>
    </failure>
  </testcase> <!-- CreateSurpluslocation -->
  <testcase name="createdepartmenttype" time="2.785" classname="com.schemaxtech.testAutomationFrameworkTest.DepartmentType">
    <failure type="java.lang.AssertionError" message="Verification of &amp;apos;status&amp;apos; with value &amp;apos;true&amp;apos; in response json failed expected [true] but found [false]">
      <![CDATA[java.lang.AssertionError: Verification of 'status' with value 'true' in response json failed expected [true] but found [false]at com.schemaxtech.testAutomationFramework.TestAutomationUtil.verifyResponse(TestAutomationUtil.java:338)at com.schemaxtech.testAutomationFrameworkTest.DepartmentType.createdepartmenttype(DepartmentType.java:91)at java.util.concurrent.ThreadPoolExecutor.runWorker(ThreadPoolExecutor.java:1149)at java.util.concurrent.ThreadPoolExecutor$Worker.run(ThreadPoolExecutor.java:624)at java.lang.Thread.run(Thread.java:748)... Removed 14 stack frames]]>
    </failure>
  </testcase> <!-- createdepartmenttype -->
  <testcase name="CreateSurpluslocation" time="0.064" classname="com.schemaxtech.testAutomationFrameworkTest.Surplus">
    <failure type="java.lang.AssertionError" message="Verification of &amp;apos;errorInfo&amp;apos; with value &amp;apos;Surplus Location Code already exist.&amp;apos; in response json failed expected [Surplus Location Code already exist.] but found [Surplus Location Category Doesnot exist.]">
      <![CDATA[java.lang.AssertionError: Verification of 'errorInfo' with value 'Surplus Location Code already exist.' in response json failed expected [Surplus Location Code already exist.] but found [Surplus Location Category Doesnot exist.]at com.schemaxtech.testAutomationFramework.TestAutomationUtil.verifyResponse(TestAutomationUtil.java:338)at com.schemaxtech.testAutomationFrameworkTest.Surplus.CreateSurpluslocation(Surplus.java:66)at java.util.concurrent.ThreadPoolExecutor.runWorker(ThreadPoolExecutor.java:1149)at java.util.concurrent.ThreadPoolExecutor$Worker.run(ThreadPoolExecutor.java:624)at java.lang.Thread.run(Thread.java:748)... Removed 14 stack frames]]>
    </failure>
  </testcase> <!-- CreateSurpluslocation -->
  <testcase name="createdepartmenttype" time="0.103" classname="com.schemaxtech.testAutomationFrameworkTest.DepartmentType">
    <failure type="java.lang.AssertionError" message="Verification of &amp;apos;status&amp;apos; with value &amp;apos;true&amp;apos; in response json failed expected [true] but found [false]">
      <![CDATA[java.lang.AssertionError: Verification of 'status' with value 'true' in response json failed expected [true] but found [false]at com.schemaxtech.testAutomationFramework.TestAutomationUtil.verifyResponse(TestAutomationUtil.java:338)at com.schemaxtech.testAutomationFrameworkTest.DepartmentType.createdepartmenttype(DepartmentType.java:91)at java.util.concurrent.ThreadPoolExecutor.runWorker(ThreadPoolExecutor.java:1149)at java.util.concurrent.ThreadPoolExecutor$Worker.run(ThreadPoolExecutor.java:624)at java.lang.Thread.run(Thread.java:748)... Removed 14 stack frames]]>
    </failure>
  </testcase> <!-- createdepartmenttype -->
  <testcase name="CreateSurpluslocation" time="0.076" classname="com.schemaxtech.testAutomationFrameworkTest.Surplus"/>
  <testcase name="CreateSurpluslocation" time="0.049" classname="com.schemaxtech.testAutomationFrameworkTest.Surplus"/>
  <testcase name="UpdateSurpluslocation" time="0.067" classname="com.schemaxtech.testAutomationFrameworkTest.Surplus">
    <failure type="java.lang.AssertionError" message="Verification of &amp;apos;errorInfo&amp;apos; with value &amp;apos;Surplus Location Updated Sucessfully&amp;apos; in response json failed expected [Surplus Location Updated Sucessfully] but found [Surplus Location Code already exist.]">
      <![CDATA[java.lang.AssertionError: Verification of 'errorInfo' with value 'Surplus Location Updated Sucessfully' in response json failed expected [Surplus Location Updated Sucessfully] but found [Surplus Location Code already exist.]at com.schemaxtech.testAutomationFramework.TestAutomationUtil.verifyResponse(TestAutomationUtil.java:338)at com.schemaxtech.testAutomationFrameworkTest.Surplus.UpdateSurpluslocation(Surplus.java:76)at java.util.concurrent.ThreadPoolExecutor.runWorker(ThreadPoolExecutor.java:1149)at java.util.concurrent.ThreadPoolExecutor$Worker.run(ThreadPoolExecutor.java:624)at java.lang.Thread.run(Thread.java:748)... Removed 14 stack frames]]>
    </failure>
  </testcase> <!-- UpdateSurpluslocation -->
  <testcase name="createWorkstation" time="0.132" classname="com.schemaxtech.testAutomationFrameworkTest.Workstation">
    <failure type="java.lang.NullPointerException">
      <![CDATA[java.lang.NullPointerExceptionat com.schemaxtech.testAutomationFramework.TestAutomationUtil.verifyResponse(TestAutomationUtil.java:323)at com.schemaxtech.testAutomationFrameworkTest.Workstation.createWorkstation(Workstation.java:69)at java.util.concurrent.ThreadPoolExecutor.runWorker(ThreadPoolExecutor.java:1149)at java.util.concurrent.ThreadPoolExecutor$Worker.run(ThreadPoolExecutor.java:624)at java.lang.Thread.run(Thread.java:748)... Removed 10 stack frames]]>
    </failure>
  </testcase> <!-- createWorkstation -->
  <testcase name="createWorkstationT" time="0.179" classname="com.schemaxtech.testAutomationFrameworkTest.WorkstationT">
    <failure type="java.lang.NullPointerException">
      <![CDATA[java.lang.NullPointerExceptionat com.schemaxtech.testAutomationFramework.TestAutomationUtil.verifyResponse(TestAutomationUtil.java:323)at com.schemaxtech.testAutomationFrameworkTest.WorkstationT.createWorkstationT(WorkstationT.java:89)at java.util.concurrent.ThreadPoolExecutor.runWorker(ThreadPoolExecutor.java:1149)at java.util.concurrent.ThreadPoolExecutor$Worker.run(ThreadPoolExecutor.java:624)at java.lang.Thread.run(Thread.java:748)... Removed 10 stack frames]]>
    </failure>
  </testcase> <!-- createWorkstationT -->
  <testcase name="createWorkstationT" time="0.164" classname="com.schemaxtech.testAutomationFrameworkTest.WorkstationT">
    <failure type="java.lang.NullPointerException">
      <![CDATA[java.lang.NullPointerExceptionat com.schemaxtech.testAutomationFramework.TestAutomationUtil.verifyResponse(TestAutomationUtil.java:323)at com.schemaxtech.testAutomationFrameworkTest.WorkstationT.createWorkstationT(WorkstationT.java:89)at java.util.concurrent.ThreadPoolExecutor.runWorker(ThreadPoolExecutor.java:1149)at java.util.concurrent.ThreadPoolExecutor$Worker.run(ThreadPoolExecutor.java:624)at java.lang.Thread.run(Thread.java:748)... Removed 10 stack frames]]>
    </failure>
  </testcase> <!-- createWorkstationT -->
  <testcase name="createPlant" time="0.132" classname="com.schemaxtech.testAutomationFrameworkTest.Plant">
    <failure type="java.lang.NullPointerException">
      <![CDATA[java.lang.NullPointerExceptionat com.schemaxtech.testAutomationFramework.TestAutomationUtil.verifyResponse(TestAutomationUtil.java:323)at com.schemaxtech.testAutomationFrameworkTest.Plant.createPlant(Plant.java:89)at java.util.concurrent.ThreadPoolExecutor.runWorker(ThreadPoolExecutor.java:1149)at java.util.concurrent.ThreadPoolExecutor$Worker.run(ThreadPoolExecutor.java:624)at java.lang.Thread.run(Thread.java:748)... Removed 10 stack frames]]>
    </failure>
  </testcase> <!-- createPlant -->
  <testcase name="UpdateSurpluslocation" time="0.136" classname="com.schemaxtech.testAutomationFrameworkTest.Surplus">
    <failure type="java.lang.AssertionError" message="Verification of &amp;apos;errorInfo&amp;apos; with value &amp;apos;Surplus Location Updated Sucessfully&amp;apos; in response json failed expected [Surplus Location Updated Sucessfully] but found [Surplus Location Code already exist.]">
      <![CDATA[java.lang.AssertionError: Verification of 'errorInfo' with value 'Surplus Location Updated Sucessfully' in response json failed expected [Surplus Location Updated Sucessfully] but found [Surplus Location Code already exist.]at com.schemaxtech.testAutomationFramework.TestAutomationUtil.verifyResponse(TestAutomationUtil.java:338)at com.schemaxtech.testAutomationFrameworkTest.Surplus.UpdateSurpluslocation(Surplus.java:76)at java.util.concurrent.ThreadPoolExecutor.runWorker(ThreadPoolExecutor.java:1149)at java.util.concurrent.ThreadPoolExecutor$Worker.run(ThreadPoolExecutor.java:624)at java.lang.Thread.run(Thread.java:748)... Removed 14 stack frames]]>
    </failure>
  </testcase> <!-- UpdateSurpluslocation -->
  <testcase name="createWorkstation" time="0.102" classname="com.schemaxtech.testAutomationFrameworkTest.Workstation">
    <failure type="java.lang.NullPointerException">
      <![CDATA[java.lang.NullPointerExceptionat com.schemaxtech.testAutomationFramework.TestAutomationUtil.verifyResponse(TestAutomationUtil.java:323)at com.schemaxtech.testAutomationFrameworkTest.Workstation.createWorkstation(Workstation.java:69)at java.util.concurrent.ThreadPoolExecutor.runWorker(ThreadPoolExecutor.java:1149)at java.util.concurrent.ThreadPoolExecutor$Worker.run(ThreadPoolExecutor.java:624)at java.lang.Thread.run(Thread.java:748)... Removed 10 stack frames]]>
    </failure>
  </testcase> <!-- createWorkstation -->
  <testcase name="createWorkstationT" time="0.092" classname="com.schemaxtech.testAutomationFrameworkTest.WorkstationT">
    <failure type="org.json.JSONException" message="JSONObject[&amp;quot;data&amp;quot;] not found.">
      <![CDATA[org.json.JSONException: JSONObject["data"] not found.at org.json.JSONObject.get(JSONObject.java:566)at com.schemaxtech.testAutomationFrameworkTest.WorkstationT.createWorkstationT(WorkstationT.java:90)at java.util.concurrent.ThreadPoolExecutor.runWorker(ThreadPoolExecutor.java:1149)at java.util.concurrent.ThreadPoolExecutor$Worker.run(ThreadPoolExecutor.java:624)at java.lang.Thread.run(Thread.java:748)... Removed 10 stack frames]]>
    </failure>
  </testcase> <!-- createWorkstationT -->
  <testcase name="createPlant" time="0.16" classname="com.schemaxtech.testAutomationFrameworkTest.Plant"/>
  <testcase name="UpdateSurpluslocation" time="0.179" classname="com.schemaxtech.testAutomationFrameworkTest.Surplus"/>
  <testcase name="createWorkstationT" time="0.125" classname="com.schemaxtech.testAutomationFrameworkTest.WorkstationT">
    <failure type="java.lang.NullPointerException">
      <![CDATA[java.lang.NullPointerExceptionat com.schemaxtech.testAutomationFramework.TestAutomationUtil.verifyResponse(TestAutomationUtil.java:323)at com.schemaxtech.testAutomationFrameworkTest.WorkstationT.createWorkstationT(WorkstationT.java:89)at java.util.concurrent.ThreadPoolExecutor.runWorker(ThreadPoolExecutor.java:1149)at java.util.concurrent.ThreadPoolExecutor$Worker.run(ThreadPoolExecutor.java:624)at java.lang.Thread.run(Thread.java:748)... Removed 10 stack frames]]>
    </failure>
  </testcase> <!-- createWorkstationT -->
  <testcase name="createWorkstation" time="0.187" classname="com.schemaxtech.testAutomationFrameworkTest.Workstation">
    <failure type="java.lang.NullPointerException">
      <![CDATA[java.lang.NullPointerExceptionat com.schemaxtech.testAutomationFramework.TestAutomationUtil.verifyResponse(TestAutomationUtil.java:323)at com.schemaxtech.testAutomationFrameworkTest.Workstation.createWorkstation(Workstation.java:69)at java.util.concurrent.ThreadPoolExecutor.runWorker(ThreadPoolExecutor.java:1149)at java.util.concurrent.ThreadPoolExecutor$Worker.run(ThreadPoolExecutor.java:624)at java.lang.Thread.run(Thread.java:748)... Removed 10 stack frames]]>
    </failure>
  </testcase> <!-- createWorkstation -->
  <testcase name="createWorkstationT" time="0.249" classname="com.schemaxtech.testAutomationFrameworkTest.WorkstationT">
    <failure type="org.json.JSONException" message="JSONObject[&amp;quot;data&amp;quot;] not found.">
      <![CDATA[org.json.JSONException: JSONObject["data"] not found.at org.json.JSONObject.get(JSONObject.java:566)at com.schemaxtech.testAutomationFrameworkTest.WorkstationT.createWorkstationT(WorkstationT.java:90)at java.util.concurrent.ThreadPoolExecutor.runWorker(ThreadPoolExecutor.java:1149)at java.util.concurrent.ThreadPoolExecutor$Worker.run(ThreadPoolExecutor.java:624)at java.lang.Thread.run(Thread.java:748)... Removed 10 stack frames]]>
    </failure>
  </testcase> <!-- createWorkstationT -->
  <testcase name="UpdateSurpluslocation" time="0.086" classname="com.schemaxtech.testAutomationFrameworkTest.Surplus"/>
  <testcase name="CreateSection" time="0.119" classname="com.schemaxtech.testAutomationFrameworkTest.Section"/>
  <testcase name="getPlant" time="0.281" classname="com.schemaxtech.testAutomationFrameworkTest.Plant"/>
  <testcase name="CreateSection" time="0.137" classname="com.schemaxtech.testAutomationFrameworkTest.Section"/>
  <testcase name="createWorkstationT" time="0.247" classname="com.schemaxtech.testAutomationFrameworkTest.WorkstationT">
    <failure type="java.lang.NullPointerException">
      <![CDATA[java.lang.NullPointerExceptionat com.schemaxtech.testAutomationFramework.TestAutomationUtil.verifyResponse(TestAutomationUtil.java:323)at com.schemaxtech.testAutomationFrameworkTest.WorkstationT.createWorkstationT(WorkstationT.java:89)at java.util.concurrent.ThreadPoolExecutor.runWorker(ThreadPoolExecutor.java:1149)at java.util.concurrent.ThreadPoolExecutor$Worker.run(ThreadPoolExecutor.java:624)at java.lang.Thread.run(Thread.java:748)... Removed 10 stack frames]]>
    </failure>
  </testcase> <!-- createWorkstationT -->
  <testcase name="getPlant" time="0.133" classname="com.schemaxtech.testAutomationFrameworkTest.Plant"/>
  <testcase name="getCluster" time="0.093" classname="com.schemaxtech.testAutomationFrameworkTest.Cluster"/>
  <testcase name="CreateSection" time="0.164" classname="com.schemaxtech.testAutomationFrameworkTest.Section"/>
  <testcase name="getCluster" time="0.139" classname="com.schemaxtech.testAutomationFrameworkTest.Cluster"/>
  <testcase name="CreateDepartment" time="0.168" classname="com.schemaxtech.testAutomationFrameworkTest.Department">
    <failure type="java.lang.AssertionError" message="Verification of &amp;apos;status&amp;apos; with value &amp;apos;true&amp;apos; in response json failed expected [true] but found [false]">
      <![CDATA[java.lang.AssertionError: Verification of 'status' with value 'true' in response json failed expected [true] but found [false]at com.schemaxtech.testAutomationFramework.TestAutomationUtil.verifyResponse(TestAutomationUtil.java:338)at com.schemaxtech.testAutomationFrameworkTest.Department.CreateDepartment(Department.java:89)at java.util.concurrent.ThreadPoolExecutor.runWorker(ThreadPoolExecutor.java:1149)at java.util.concurrent.ThreadPoolExecutor$Worker.run(ThreadPoolExecutor.java:624)at java.lang.Thread.run(Thread.java:748)... Removed 14 stack frames]]>
    </failure>
  </testcase> <!-- CreateDepartment -->
  <testcase name="createRe" time="0.142" classname="com.schemaxtech.testAutomationFrameworkTest.Reasons">
    <failure type="java.lang.NullPointerException">
      <![CDATA[java.lang.NullPointerExceptionat com.schemaxtech.testAutomationFramework.TestAutomationUtil.verifyResponse(TestAutomationUtil.java:323)at com.schemaxtech.testAutomationFrameworkTest.Reasons.createRe(Reasons.java:91)at java.util.concurrent.ThreadPoolExecutor.runWorker(ThreadPoolExecutor.java:1149)at java.util.concurrent.ThreadPoolExecutor$Worker.run(ThreadPoolExecutor.java:624)at java.lang.Thread.run(Thread.java:748)... Removed 10 stack frames]]>
    </failure>
  </testcase> <!-- createRe -->
  <testcase name="CreateDepartment" time="0.06" classname="com.schemaxtech.testAutomationFrameworkTest.Department">
    <failure type="java.lang.AssertionError" message="Verification of &amp;apos;status&amp;apos; with value &amp;apos;true&amp;apos; in response json failed expected [true] but found [false]">
      <![CDATA[java.lang.AssertionError: Verification of 'status' with value 'true' in response json failed expected [true] but found [false]at com.schemaxtech.testAutomationFramework.TestAutomationUtil.verifyResponse(TestAutomationUtil.java:338)at com.schemaxtech.testAutomationFrameworkTest.Department.CreateDepartment(Department.java:89)at java.util.concurrent.ThreadPoolExecutor.runWorker(ThreadPoolExecutor.java:1149)at java.util.concurrent.ThreadPoolExecutor$Worker.run(ThreadPoolExecutor.java:624)at java.lang.Thread.run(Thread.java:748)... Removed 14 stack frames]]>
    </failure>
  </testcase> <!-- CreateDepartment -->
  <testcase name="createRe" time="0.055" classname="com.schemaxtech.testAutomationFrameworkTest.Reasons"/>
  <testcase name="CreateDepartment" time="0.123" classname="com.schemaxtech.testAutomationFrameworkTest.Department"/>
  <testcase name="createRe" time="0.143" classname="com.schemaxtech.testAutomationFrameworkTest.Reasons"/>
  <testcase name="CreatePO" time="0.286" classname="com.schemaxtech.testAutomationFrameworkTest.PPS"/>
  <testcase name="CreateDepartment" time="0.088" classname="com.schemaxtech.testAutomationFrameworkTest.Department"/>
  <testcase name="postSampleTest" time="0.237" classname="com.schemaxtech.testAutomationFrameworkTest.Company"/>
  <testcase name="postSampleTest" time="0.234" classname="com.schemaxtech.testAutomationFrameworkTest.Company">
    <failure type="java.lang.AssertionError" message="Verification of &amp;apos;status&amp;apos; with value &amp;apos;false&amp;apos; in response json failed expected [false] but found [true]">
      <![CDATA[java.lang.AssertionError: Verification of 'status' with value 'false' in response json failed expected [false] but found [true]at com.schemaxtech.testAutomationFramework.TestAutomationUtil.verifyResponse(TestAutomationUtil.java:338)at com.schemaxtech.testAutomationFrameworkTest.Company.postSampleTest(Company.java:100)at java.util.concurrent.ThreadPoolExecutor.runWorker(ThreadPoolExecutor.java:1149)at java.util.concurrent.ThreadPoolExecutor$Worker.run(ThreadPoolExecutor.java:624)at java.lang.Thread.run(Thread.java:748)... Removed 14 stack frames]]>
    </failure>
  </testcase> <!-- postSampleTest -->
  <testcase name="postSampleTest" time="0.051" classname="com.schemaxtech.testAutomationFrameworkTest.Company"/>
  <testcase name="createCluster" time="0.692" classname="com.schemaxtech.testAutomationFrameworkTest.Cluster"/>
  <testcase name="createCluster" time="0.054" classname="com.schemaxtech.testAutomationFrameworkTest.Cluster"/>
  <testcase name="updateWorkstation" time="0.0" classname="com.schemaxtech.testAutomationFrameworkTest.WorkstationT">
    <skipped/>
  </testcase> <!-- updateWorkstation -->
  <testcase name="updateWorkstation" time="0.073" classname="com.schemaxtech.testAutomationFrameworkTest.Workstation">
    <failure type="java.lang.AssertionError" message="Verification of &amp;apos;status&amp;apos; with value &amp;apos;true&amp;apos; in response json failed expected [true] but found [false]">
      <![CDATA[java.lang.AssertionError: Verification of 'status' with value 'true' in response json failed expected [true] but found [false]at com.schemaxtech.testAutomationFramework.TestAutomationUtil.verifyResponse(TestAutomationUtil.java:338)at com.schemaxtech.testAutomationFrameworkTest.Workstation.updateWorkstation(Workstation.java:89)at java.util.concurrent.ThreadPoolExecutor.runWorker(ThreadPoolExecutor.java:1149)at java.util.concurrent.ThreadPoolExecutor$Worker.run(ThreadPoolExecutor.java:624)at java.lang.Thread.run(Thread.java:748)... Removed 14 stack frames]]>
    </failure>
  </testcase> <!-- updateWorkstation -->
  <testcase name="updateWorkstationT" time="0.083" classname="com.schemaxtech.testAutomationFrameworkTest.WorkstationT"/>
  <testcase name="updatePlant" time="0.148" classname="com.schemaxtech.testAutomationFrameworkTest.Plant">
    <failure type="java.lang.NullPointerException">
      <![CDATA[java.lang.NullPointerExceptionat com.schemaxtech.testAutomationFramework.TestAutomationUtil.verifyResponse(TestAutomationUtil.java:323)at com.schemaxtech.testAutomationFrameworkTest.Plant.updatePlant(Plant.java:116)at java.util.concurrent.ThreadPoolExecutor.runWorker(ThreadPoolExecutor.java:1149)at java.util.concurrent.ThreadPoolExecutor$Worker.run(ThreadPoolExecutor.java:624)at java.lang.Thread.run(Thread.java:748)... Removed 10 stack frames]]>
    </failure>
  </testcase> <!-- updatePlant -->
  <testcase name="updateWorkstation" time="0.179" classname="com.schemaxtech.testAutomationFrameworkTest.Workstation"/>
  <testcase name="updateWorkstationT" time="0.221" classname="com.schemaxtech.testAutomationFrameworkTest.WorkstationT"/>
  <testcase name="updateWorkstationT" time="0.195" classname="com.schemaxtech.testAutomationFrameworkTest.WorkstationT"/>
  <testcase name="getSurpluslocation" time="0.245" classname="com.schemaxtech.testAutomationFrameworkTest.Surplus">
    <failure type="java.lang.NullPointerException">
      <![CDATA[java.lang.NullPointerExceptionat com.schemaxtech.testAutomationFramework.TestAutomationUtil.verifyResponse(TestAutomationUtil.java:323)at com.schemaxtech.testAutomationFrameworkTest.Surplus.getSurpluslocation(Surplus.java:86)at java.util.concurrent.ThreadPoolExecutor.runWorker(ThreadPoolExecutor.java:1149)at java.util.concurrent.ThreadPoolExecutor$Worker.run(ThreadPoolExecutor.java:624)at java.lang.Thread.run(Thread.java:748)... Removed 10 stack frames]]>
    </failure>
  </testcase> <!-- getSurpluslocation -->
  <testcase name="getSurpluslocation" time="0.043" classname="com.schemaxtech.testAutomationFrameworkTest.Surplus"/>
  <testcase name="updateWorkstation" time="0.076" classname="com.schemaxtech.testAutomationFrameworkTest.Workstation">
    <failure type="java.lang.AssertionError" message="Verification of &amp;apos;status&amp;apos; with value &amp;apos;true&amp;apos; in response json failed expected [true] but found [false]">
      <![CDATA[java.lang.AssertionError: Verification of 'status' with value 'true' in response json failed expected [true] but found [false]at com.schemaxtech.testAutomationFramework.TestAutomationUtil.verifyResponse(TestAutomationUtil.java:338)at com.schemaxtech.testAutomationFrameworkTest.Workstation.updateWorkstation(Workstation.java:89)at java.util.concurrent.ThreadPoolExecutor.runWorker(ThreadPoolExecutor.java:1149)at java.util.concurrent.ThreadPoolExecutor$Worker.run(ThreadPoolExecutor.java:624)at java.lang.Thread.run(Thread.java:748)... Removed 14 stack frames]]>
    </failure>
  </testcase> <!-- updateWorkstation -->
  <testcase name="updatePlant" time="0.126" classname="com.schemaxtech.testAutomationFrameworkTest.Plant"/>
  <testcase name="updateWorkstationT" time="0.108" classname="com.schemaxtech.testAutomationFrameworkTest.WorkstationT"/>
  <testcase name="getCompany" time="0.113" classname="com.schemaxtech.testAutomationFrameworkTest.Sample">
    <failure type="org.json.JSONException" message="JSONObject[&amp;quot;data&amp;quot;] not found.">
      <![CDATA[org.json.JSONException: JSONObject["data"] not found.at org.json.JSONObject.get(JSONObject.java:566)at com.schemaxtech.testAutomationFrameworkTest.Sample.getCompany(Sample.java:136)at java.util.concurrent.ThreadPoolExecutor.runWorker(ThreadPoolExecutor.java:1149)at java.util.concurrent.ThreadPoolExecutor$Worker.run(ThreadPoolExecutor.java:624)at java.lang.Thread.run(Thread.java:748)... Removed 10 stack frames]]>
    </failure>
  </testcase> <!-- getCompany -->
  <testcase name="getSurpluslocation" time="0.099" classname="com.schemaxtech.testAutomationFrameworkTest.Surplus">
    <failure type="java.lang.AssertionError" message="Verification of &amp;apos;status&amp;apos; with value &amp;apos;true&amp;apos; in response json failed expected [true] but found [false]">
      <![CDATA[java.lang.AssertionError: Verification of 'status' with value 'true' in response json failed expected [true] but found [false]at com.schemaxtech.testAutomationFramework.TestAutomationUtil.verifyResponse(TestAutomationUtil.java:338)at com.schemaxtech.testAutomationFrameworkTest.Surplus.getSurpluslocation(Surplus.java:86)at java.util.concurrent.ThreadPoolExecutor.runWorker(ThreadPoolExecutor.java:1149)at java.util.concurrent.ThreadPoolExecutor$Worker.run(ThreadPoolExecutor.java:624)at java.lang.Thread.run(Thread.java:748)... Removed 14 stack frames]]>
    </failure>
  </testcase> <!-- getSurpluslocation -->
  <testcase name="getCompany" time="0.124" classname="com.schemaxtech.testAutomationFrameworkTest.Sample">
    <failure type="org.json.JSONException" message="JSONObject[&amp;quot;data&amp;quot;] not found.">
      <![CDATA[org.json.JSONException: JSONObject["data"] not found.at org.json.JSONObject.get(JSONObject.java:566)at com.schemaxtech.testAutomationFrameworkTest.Sample.getCompany(Sample.java:136)at java.util.concurrent.ThreadPoolExecutor.runWorker(ThreadPoolExecutor.java:1149)at java.util.concurrent.ThreadPoolExecutor$Worker.run(ThreadPoolExecutor.java:624)at java.lang.Thread.run(Thread.java:748)... Removed 10 stack frames]]>
    </failure>
  </testcase> <!-- getCompany -->
  <testcase name="updateWorkstation" time="0.225" classname="com.schemaxtech.testAutomationFrameworkTest.Workstation">
    <failure type="java.lang.AssertionError" message="Verification of &amp;apos;status&amp;apos; with value &amp;apos;true&amp;apos; in response json failed expected [true] but found [false]">
      <![CDATA[java.lang.AssertionError: Verification of 'status' with value 'true' in response json failed expected [true] but found [false]at com.schemaxtech.testAutomationFramework.TestAutomationUtil.verifyResponse(TestAutomationUtil.java:338)at com.schemaxtech.testAutomationFrameworkTest.Workstation.updateWorkstation(Workstation.java:89)at java.util.concurrent.ThreadPoolExecutor.runWorker(ThreadPoolExecutor.java:1149)at java.util.concurrent.ThreadPoolExecutor$Worker.run(ThreadPoolExecutor.java:624)at java.lang.Thread.run(Thread.java:748)... Removed 14 stack frames]]>
    </failure>
  </testcase> <!-- updateWorkstation -->
  <testcase name="updateRe" time="0.131" classname="com.schemaxtech.testAutomationFrameworkTest.Reasons">
    <failure type="java.lang.NullPointerException">
      <![CDATA[java.lang.NullPointerExceptionat com.schemaxtech.testAutomationFramework.TestAutomationUtil.verifyResponse(TestAutomationUtil.java:323)at com.schemaxtech.testAutomationFrameworkTest.Reasons.updateRe(Reasons.java:101)at java.util.concurrent.ThreadPoolExecutor.runWorker(ThreadPoolExecutor.java:1149)at java.util.concurrent.ThreadPoolExecutor$Worker.run(ThreadPoolExecutor.java:624)at java.lang.Thread.run(Thread.java:748)... Removed 10 stack frames]]>
    </failure>
  </testcase> <!-- updateRe -->
  <testcase name="GetDepartment" time="0.144" classname="com.schemaxtech.testAutomationFrameworkTest.Department">
    <failure type="java.lang.NullPointerException">
      <![CDATA[java.lang.NullPointerExceptionat com.schemaxtech.testAutomationFramework.TestAutomationUtil.verifyResponse(TestAutomationUtil.java:323)at com.schemaxtech.testAutomationFrameworkTest.Department.GetDepartment(Department.java:100)at java.util.concurrent.ThreadPoolExecutor.runWorker(ThreadPoolExecutor.java:1149)at java.util.concurrent.ThreadPoolExecutor$Worker.run(ThreadPoolExecutor.java:624)at java.lang.Thread.run(Thread.java:748)... Removed 10 stack frames]]>
    </failure>
  </testcase> <!-- GetDepartment -->
  <testcase name="updateWorkstation" time="0.076" classname="com.schemaxtech.testAutomationFrameworkTest.Workstation"/>
  <testcase name="updateCluster" time="0.129" classname="com.schemaxtech.testAutomationFrameworkTest.Cluster"/>
  <testcase name="getPo" time="0.125" classname="com.schemaxtech.testAutomationFrameworkTest.PPS"/>
  <testcase name="GetDepartment" time="0.08" classname="com.schemaxtech.testAutomationFrameworkTest.Department"/>
  <testcase name="updateRe" time="0.118" classname="com.schemaxtech.testAutomationFrameworkTest.Reasons"/>
  <testcase name="updateCluster" time="0.072" classname="com.schemaxtech.testAutomationFrameworkTest.Cluster"/>
  <testcase name="updateWorkstation" time="0.094" classname="com.schemaxtech.testAutomationFrameworkTest.Workstation"/>
  <testcase name="updateRe" time="0.061" classname="com.schemaxtech.testAutomationFrameworkTest.Reasons"/>
  <testcase name="updateWorkstation" time="0.06" classname="com.schemaxtech.testAutomationFrameworkTest.Workstation">
    <failure type="java.lang.AssertionError" message="Verification of &amp;apos;status&amp;apos; with value &amp;apos;true&amp;apos; in response json failed expected [true] but found [false]">
      <![CDATA[java.lang.AssertionError: Verification of 'status' with value 'true' in response json failed expected [true] but found [false]at com.schemaxtech.testAutomationFramework.TestAutomationUtil.verifyResponse(TestAutomationUtil.java:338)at com.schemaxtech.testAutomationFrameworkTest.Workstation.updateWorkstation(Workstation.java:89)at java.util.concurrent.ThreadPoolExecutor.runWorker(ThreadPoolExecutor.java:1149)at java.util.concurrent.ThreadPoolExecutor$Worker.run(ThreadPoolExecutor.java:624)at java.lang.Thread.run(Thread.java:748)... Removed 14 stack frames]]>
    </failure>
  </testcase> <!-- updateWorkstation -->
  <testcase name="updateWorkstation" time="0.045" classname="com.schemaxtech.testAutomationFrameworkTest.Workstation"/>
  <testcase name="updateWorkstation" time="0.136" classname="com.schemaxtech.testAutomationFrameworkTest.Workstation">
    <failure type="java.lang.AssertionError" message="Verification of &amp;apos;status&amp;apos; with value &amp;apos;true&amp;apos; in response json failed expected [true] but found [false]">
      <![CDATA[java.lang.AssertionError: Verification of 'status' with value 'true' in response json failed expected [true] but found [false]at com.schemaxtech.testAutomationFramework.TestAutomationUtil.verifyResponse(TestAutomationUtil.java:338)at com.schemaxtech.testAutomationFrameworkTest.Workstation.updateWorkstation(Workstation.java:89)at java.util.concurrent.ThreadPoolExecutor.runWorker(ThreadPoolExecutor.java:1149)at java.util.concurrent.ThreadPoolExecutor$Worker.run(ThreadPoolExecutor.java:624)at java.lang.Thread.run(Thread.java:748)... Removed 14 stack frames]]>
    </failure>
  </testcase> <!-- updateWorkstation -->
  <testcase name="getWorkstationByWorkstaioncode" time="0.0" classname="com.schemaxtech.testAutomationFrameworkTest.WorkstationT">
    <skipped/>
  </testcase> <!-- getWorkstationByWorkstaioncode -->
  <testcase name="getWorkstationByWorkstaioncode" time="0.06" classname="com.schemaxtech.testAutomationFrameworkTest.Workstation">
    <failure type="java.lang.AssertionError" message="Verification of &amp;apos;status&amp;apos; with value &amp;apos;true&amp;apos; in response json failed expected [true] but found [false]">
      <![CDATA[java.lang.AssertionError: Verification of 'status' with value 'true' in response json failed expected [true] but found [false]at com.schemaxtech.testAutomationFramework.TestAutomationUtil.verifyResponse(TestAutomationUtil.java:338)at com.schemaxtech.testAutomationFrameworkTest.Workstation.getWorkstationByWorkstaioncode(Workstation.java:79)at java.util.concurrent.ThreadPoolExecutor.runWorker(ThreadPoolExecutor.java:1149)at java.util.concurrent.ThreadPoolExecutor$Worker.run(ThreadPoolExecutor.java:624)at java.lang.Thread.run(Thread.java:748)... Removed 14 stack frames]]>
    </failure>
  </testcase> <!-- getWorkstationByWorkstaioncode -->
  <testcase name="createWtom" time="0.097" classname="com.schemaxtech.testAutomationFrameworkTest.WorkstationT">
    <failure type="java.lang.AssertionError" message="Verification of &amp;apos;status&amp;apos; with value &amp;apos;true&amp;apos; in response json failed expected [true] but found [false]">
      <![CDATA[java.lang.AssertionError: Verification of 'status' with value 'true' in response json failed expected [true] but found [false]at com.schemaxtech.testAutomationFramework.TestAutomationUtil.verifyResponse(TestAutomationUtil.java:338)at com.schemaxtech.testAutomationFrameworkTest.WorkstationT.createWtom(WorkstationT.java:120)at java.util.concurrent.ThreadPoolExecutor.runWorker(ThreadPoolExecutor.java:1149)at java.util.concurrent.ThreadPoolExecutor$Worker.run(ThreadPoolExecutor.java:624)at java.lang.Thread.run(Thread.java:748)... Removed 14 stack frames]]>
    </failure>
  </testcase> <!-- createWtom -->
  <testcase name="createWtom" time="0.052" classname="com.schemaxtech.testAutomationFrameworkTest.WorkstationT">
    <failure type="java.lang.AssertionError" message="Verification of &amp;apos;status&amp;apos; with value &amp;apos;true&amp;apos; in response json failed expected [true] but found [false]">
      <![CDATA[java.lang.AssertionError: Verification of 'status' with value 'true' in response json failed expected [true] but found [false]at com.schemaxtech.testAutomationFramework.TestAutomationUtil.verifyResponse(TestAutomationUtil.java:338)at com.schemaxtech.testAutomationFrameworkTest.WorkstationT.createWtom(WorkstationT.java:120)at java.util.concurrent.ThreadPoolExecutor.runWorker(ThreadPoolExecutor.java:1149)at java.util.concurrent.ThreadPoolExecutor$Worker.run(ThreadPoolExecutor.java:624)at java.lang.Thread.run(Thread.java:748)... Removed 14 stack frames]]>
    </failure>
  </testcase> <!-- createWtom -->
  <testcase name="deactivateSurpluslocation" time="0.067" classname="com.schemaxtech.testAutomationFrameworkTest.Surplus">
    <failure type="java.lang.AssertionError" message="Verification of &amp;apos;errorInfo&amp;apos; with value &amp;apos;successfully deactivated.&amp;apos; in response json failed expected [successfully deactivated.] but found [surplusLocation not found.]">
      <![CDATA[java.lang.AssertionError: Verification of 'errorInfo' with value 'successfully deactivated.' in response json failed expected [successfully deactivated.] but found [surplusLocation not found.]at com.schemaxtech.testAutomationFramework.TestAutomationUtil.verifyResponse(TestAutomationUtil.java:338)at com.schemaxtech.testAutomationFrameworkTest.Surplus.deactivateSurpluslocation(Surplus.java:96)at java.util.concurrent.ThreadPoolExecutor.runWorker(ThreadPoolExecutor.java:1149)at java.util.concurrent.ThreadPoolExecutor$Worker.run(ThreadPoolExecutor.java:624)at java.lang.Thread.run(Thread.java:748)... Removed 14 stack frames]]>
    </failure>
  </testcase> <!-- deactivateSurpluslocation -->
  <testcase name="UpdateSection" time="0.071" classname="com.schemaxtech.testAutomationFrameworkTest.Section">
    <failure type="java.lang.AssertionError" message="Verification of &amp;apos;status&amp;apos; with value &amp;apos;true&amp;apos; in response json failed expected [true] but found [false]">
      <![CDATA[java.lang.AssertionError: Verification of 'status' with value 'true' in response json failed expected [true] but found [false]at com.schemaxtech.testAutomationFramework.TestAutomationUtil.verifyResponse(TestAutomationUtil.java:338)at com.schemaxtech.testAutomationFrameworkTest.Section.UpdateSection(Section.java:100)at java.util.concurrent.ThreadPoolExecutor.runWorker(ThreadPoolExecutor.java:1149)at java.util.concurrent.ThreadPoolExecutor$Worker.run(ThreadPoolExecutor.java:624)at java.lang.Thread.run(Thread.java:748)... Removed 14 stack frames]]>
    </failure>
  </testcase> <!-- UpdateSection -->
  <testcase name="createWtom" time="0.058" classname="com.schemaxtech.testAutomationFrameworkTest.WorkstationT">
    <failure type="java.lang.AssertionError" message="Verification of &amp;apos;status&amp;apos; with value &amp;apos;true&amp;apos; in response json failed expected [true] but found [false]">
      <![CDATA[java.lang.AssertionError: Verification of 'status' with value 'true' in response json failed expected [true] but found [false]at com.schemaxtech.testAutomationFramework.TestAutomationUtil.verifyResponse(TestAutomationUtil.java:338)at com.schemaxtech.testAutomationFrameworkTest.WorkstationT.createWtom(WorkstationT.java:120)at java.util.concurrent.ThreadPoolExecutor.runWorker(ThreadPoolExecutor.java:1149)at java.util.concurrent.ThreadPoolExecutor$Worker.run(ThreadPoolExecutor.java:624)at java.lang.Thread.run(Thread.java:748)... Removed 14 stack frames]]>
    </failure>
  </testcase> <!-- createWtom -->
  <testcase name="deactivateSurpluslocation" time="0.044" classname="com.schemaxtech.testAutomationFrameworkTest.Surplus"/>
  <testcase name="updateCompany" time="0.0" classname="com.schemaxtech.testAutomationFrameworkTest.Sample">
    <skipped/>
  </testcase> <!-- updateCompany -->
  <testcase name="getWorkstationByWorkstaioncode" time="0.106" classname="com.schemaxtech.testAutomationFrameworkTest.Workstation"/>
  <testcase name="createWtom" time="0.087" classname="com.schemaxtech.testAutomationFrameworkTest.WorkstationT">
    <failure type="java.lang.AssertionError" message="Verification of &amp;apos;status&amp;apos; with value &amp;apos;true&amp;apos; in response json failed expected [true] but found [false]">
      <![CDATA[java.lang.AssertionError: Verification of 'status' with value 'true' in response json failed expected [true] but found [false]at com.schemaxtech.testAutomationFramework.TestAutomationUtil.verifyResponse(TestAutomationUtil.java:338)at com.schemaxtech.testAutomationFrameworkTest.WorkstationT.createWtom(WorkstationT.java:120)at java.util.concurrent.ThreadPoolExecutor.runWorker(ThreadPoolExecutor.java:1149)at java.util.concurrent.ThreadPoolExecutor$Worker.run(ThreadPoolExecutor.java:624)at java.lang.Thread.run(Thread.java:748)... Removed 14 stack frames]]>
    </failure>
  </testcase> <!-- createWtom -->
  <testcase name="UpdateSection" time="0.119" classname="com.schemaxtech.testAutomationFrameworkTest.Section"/>
  <testcase name="UpdateDepartment" time="0.098" classname="com.schemaxtech.testAutomationFrameworkTest.Department"/>
  <testcase name="deactRe" time="0.092" classname="com.schemaxtech.testAutomationFrameworkTest.Reasons">
    <failure type="java.lang.AssertionError" message="Verification of &amp;apos;status&amp;apos; with value &amp;apos;true&amp;apos; in response json failed expected [true] but found [false]">
      <![CDATA[java.lang.AssertionError: Verification of 'status' with value 'true' in response json failed expected [true] but found [false]at com.schemaxtech.testAutomationFramework.TestAutomationUtil.verifyResponse(TestAutomationUtil.java:338)at com.schemaxtech.testAutomationFrameworkTest.Reasons.deactRe(Reasons.java:111)at java.util.concurrent.ThreadPoolExecutor.runWorker(ThreadPoolExecutor.java:1149)at java.util.concurrent.ThreadPoolExecutor$Worker.run(ThreadPoolExecutor.java:624)at java.lang.Thread.run(Thread.java:748)... Removed 14 stack frames]]>
    </failure>
  </testcase> <!-- deactRe -->
  <testcase name="UpdateSection" time="0.046" classname="com.schemaxtech.testAutomationFrameworkTest.Section">
    <failure type="java.lang.AssertionError" message="Verification of &amp;apos;status&amp;apos; with value &amp;apos;true&amp;apos; in response json failed expected [true] but found [false]">
      <![CDATA[java.lang.AssertionError: Verification of 'status' with value 'true' in response json failed expected [true] but found [false]at com.schemaxtech.testAutomationFramework.TestAutomationUtil.verifyResponse(TestAutomationUtil.java:338)at com.schemaxtech.testAutomationFrameworkTest.Section.UpdateSection(Section.java:100)at java.util.concurrent.ThreadPoolExecutor.runWorker(ThreadPoolExecutor.java:1149)at java.util.concurrent.ThreadPoolExecutor$Worker.run(ThreadPoolExecutor.java:624)at java.lang.Thread.run(Thread.java:748)... Removed 14 stack frames]]>
    </failure>
  </testcase> <!-- UpdateSection -->
  <testcase name="UpdateDepartment" time="0.037" classname="com.schemaxtech.testAutomationFrameworkTest.Department"/>
  <testcase name="deactRe" time="0.031" classname="com.schemaxtech.testAutomationFrameworkTest.Reasons"/>
  <testcase name="deActivateWorkstation" time="0.0" classname="com.schemaxtech.testAutomationFrameworkTest.WorkstationT">
    <skipped/>
  </testcase> <!-- deActivateWorkstation -->
  <testcase name="getRe" time="0.063" classname="com.schemaxtech.testAutomationFrameworkTest.Reasons">
    <failure type="java.lang.AssertionError" message="Verification of &amp;apos;status&amp;apos; with value &amp;apos;true&amp;apos; in response json failed expected [true] but found [false]">
      <![CDATA[java.lang.AssertionError: Verification of 'status' with value 'true' in response json failed expected [true] but found [false]at com.schemaxtech.testAutomationFramework.TestAutomationUtil.verifyResponse(TestAutomationUtil.java:338)at com.schemaxtech.testAutomationFrameworkTest.Reasons.getRe(Reasons.java:121)at java.util.concurrent.ThreadPoolExecutor.runWorker(ThreadPoolExecutor.java:1149)at java.util.concurrent.ThreadPoolExecutor$Worker.run(ThreadPoolExecutor.java:624)at java.lang.Thread.run(Thread.java:748)... Removed 14 stack frames]]>
    </failure>
  </testcase> <!-- getRe -->
  <testcase name="deActivateWorkstation" time="0.06" classname="com.schemaxtech.testAutomationFrameworkTest.Workstation">
    <failure type="java.lang.AssertionError" message="Verification of &amp;apos;status&amp;apos; with value &amp;apos;true&amp;apos; in response json failed expected [true] but found [false]">
      <![CDATA[java.lang.AssertionError: Verification of 'status' with value 'true' in response json failed expected [true] but found [false]at com.schemaxtech.testAutomationFramework.TestAutomationUtil.verifyResponse(TestAutomationUtil.java:338)at com.schemaxtech.testAutomationFrameworkTest.Workstation.deActivateWorkstation(Workstation.java:100)at java.util.concurrent.ThreadPoolExecutor.runWorker(ThreadPoolExecutor.java:1149)at java.util.concurrent.ThreadPoolExecutor$Worker.run(ThreadPoolExecutor.java:624)at java.lang.Thread.run(Thread.java:748)... Removed 14 stack frames]]>
    </failure>
  </testcase> <!-- deActivateWorkstation -->
  <testcase name="productionOrderCreation" time="0.086" classname="com.schemaxtech.testAutomationFrameworkTest.PPS">
    <failure type="java.lang.NullPointerException">
      <![CDATA[java.lang.NullPointerExceptionat com.schemaxtech.testAutomationFramework.TestAutomationUtil.verifyResponse(TestAutomationUtil.java:323)at com.schemaxtech.testAutomationFrameworkTest.PPS.productionOrderCreation(PPS.java:331)at java.util.concurrent.ThreadPoolExecutor.runWorker(ThreadPoolExecutor.java:1149)at java.util.concurrent.ThreadPoolExecutor$Worker.run(ThreadPoolExecutor.java:624)at java.lang.Thread.run(Thread.java:748)... Removed 10 stack frames]]>
    </failure>
  </testcase> <!-- productionOrderCreation -->
  <testcase name="getRe" time="0.052" classname="com.schemaxtech.testAutomationFrameworkTest.Reasons"/>
  <testcase name="deActivateWorkstation" time="0.074" classname="com.schemaxtech.testAutomationFrameworkTest.Workstation">
    <failure type="java.lang.NullPointerException">
      <![CDATA[java.lang.NullPointerExceptionat com.schemaxtech.testAutomationFramework.TestAutomationUtil.verifyResponse(TestAutomationUtil.java:323)at com.schemaxtech.testAutomationFrameworkTest.Workstation.deActivateWorkstation(Workstation.java:100)at java.util.concurrent.ThreadPoolExecutor.runWorker(ThreadPoolExecutor.java:1149)at java.util.concurrent.ThreadPoolExecutor$Worker.run(ThreadPoolExecutor.java:624)at java.lang.Thread.run(Thread.java:748)... Removed 10 stack frames]]>
    </failure>
  </testcase> <!-- deActivateWorkstation -->
  <testcase name="createWorkstation" time="0.058" classname="com.schemaxtech.testAutomationFrameworkTest.WorkstationT">
    <failure type="java.lang.NullPointerException">
      <![CDATA[java.lang.NullPointerExceptionat com.schemaxtech.testAutomationFramework.TestAutomationUtil.verifyResponse(TestAutomationUtil.java:323)at com.schemaxtech.testAutomationFrameworkTest.WorkstationT.createWorkstation(WorkstationT.java:143)at java.util.concurrent.ThreadPoolExecutor.runWorker(ThreadPoolExecutor.java:1149)at java.util.concurrent.ThreadPoolExecutor$Worker.run(ThreadPoolExecutor.java:624)at java.lang.Thread.run(Thread.java:748)... Removed 10 stack frames]]>
    </failure>
  </testcase> <!-- createWorkstation -->
  <testcase name="createWorkstation" time="0.052" classname="com.schemaxtech.testAutomationFrameworkTest.WorkstationT">
    <failure type="java.lang.NullPointerException">
      <![CDATA[java.lang.NullPointerExceptionat com.schemaxtech.testAutomationFramework.TestAutomationUtil.verifyResponse(TestAutomationUtil.java:323)at com.schemaxtech.testAutomationFrameworkTest.WorkstationT.createWorkstation(WorkstationT.java:143)at java.util.concurrent.ThreadPoolExecutor.runWorker(ThreadPoolExecutor.java:1149)at java.util.concurrent.ThreadPoolExecutor$Worker.run(ThreadPoolExecutor.java:624)at java.lang.Thread.run(Thread.java:748)... Removed 10 stack frames]]>
    </failure>
  </testcase> <!-- createWorkstation -->
  <testcase name="updateProductionOrder" time="0.162" classname="com.schemaxtech.testAutomationFrameworkTest.PPS"/>
  <testcase name="createWorkstation" time="0.057" classname="com.schemaxtech.testAutomationFrameworkTest.WorkstationT">
    <failure type="java.lang.NullPointerException">
      <![CDATA[java.lang.NullPointerExceptionat com.schemaxtech.testAutomationFramework.TestAutomationUtil.verifyResponse(TestAutomationUtil.java:323)at com.schemaxtech.testAutomationFrameworkTest.WorkstationT.createWorkstation(WorkstationT.java:143)at java.util.concurrent.ThreadPoolExecutor.runWorker(ThreadPoolExecutor.java:1149)at java.util.concurrent.ThreadPoolExecutor$Worker.run(ThreadPoolExecutor.java:624)at java.lang.Thread.run(Thread.java:748)... Removed 10 stack frames]]>
    </failure>
  </testcase> <!-- createWorkstation -->
  <testcase name="getMasterAndSubPoSizeWiseQuantitiesByMasterPo" time="0.064" classname="com.schemaxtech.testAutomationFrameworkTest.PPS"/>
  <testcase name="getMasterPoDetails" time="0.075" classname="com.schemaxtech.testAutomationFrameworkTest.PPS"/>
  <testcase name="getsubPoDetailsWithMasterPo" time="0.057" classname="com.schemaxtech.testAutomationFrameworkTest.PPS"/>
  <testcase name="createSubProductionOrder" time="0.061" classname="com.schemaxtech.testAutomationFrameworkTest.PPS">
    <failure type="java.lang.AssertionError" message="Verification of &amp;apos;status&amp;apos; with value &amp;apos;true&amp;apos; in response json failed expected [true] but found [false]">
      <![CDATA[java.lang.AssertionError: Verification of 'status' with value 'true' in response json failed expected [true] but found [false]at com.schemaxtech.testAutomationFramework.TestAutomationUtil.verifyResponse(TestAutomationUtil.java:338)at com.schemaxtech.testAutomationFrameworkTest.PPS.createSubProductionOrder(PPS.java:414)at java.util.concurrent.ThreadPoolExecutor.runWorker(ThreadPoolExecutor.java:1149)at java.util.concurrent.ThreadPoolExecutor$Worker.run(ThreadPoolExecutor.java:624)at java.lang.Thread.run(Thread.java:748)... Removed 14 stack frames]]>
    </failure>
  </testcase> <!-- createSubProductionOrder -->
  <testcase name="getMasterPoStyleColorsDetails" time="0.066" classname="com.schemaxtech.testAutomationFrameworkTest.PPS"/>
</testsuite> <!-- Test -->
