<?xml version="1.0" encoding="UTF-8"?>
<testng-results skipped="4" failed="49" ignored="0" total="102" passed="49">
  <reporter-output>
  </reporter-output>
  <suite name="Suite" duration-ms="7156" started-at="2019-12-27T06:48:12Z" finished-at="2019-12-27T06:48:20Z">
    <groups>
    </groups>
    <test name="Test" duration-ms="7156" started-at="2019-12-27T06:48:12Z" finished-at="2019-12-27T06:48:20Z">
      <class name="com.schemaxtech.testAutomationFrameworkTest.Section">
        <test-method status="PASS" signature="CreateSection(java.lang.String, org.json.JSONObject, java.util.Map, java.util.Map)[pri:1, instance:com.schemaxtech.testAutomationFrameworkTest.Section@46d56d67]" name="CreateSection" duration-ms="119" started-at="2019-12-27T12:18:16Z" data-provider="sampleDataProviderget" finished-at="2019-12-27T12:18:16Z">
          <params>
            <param index="0">
              <value>
                <![CDATA[TC_001]]>
              </value>
            </param>
            <param index="1">
              <value>
                <![CDATA[{"gender":"string","section_name":"Section11401","date_of_birth":"8/8/1995","land_line_no":"string","departmentCode":"DEP401","mobile_no":"string","section_code":"Section401","last_name":"string","middle_name":"string","first_name":"string","email":"string"}]]>
              </value>
            </param>
            <param index="2">
              <value>
                <![CDATA[{status=false}]]>
              </value>
            </param>
            <param index="3">
              <value>
                <![CDATA[{status=status}]]>
              </value>
            </param>
          </params>
          <reporter-output>
          </reporter-output>
        </test-method> <!-- CreateSection -->
        <test-method status="PASS" signature="CreateSection(java.lang.String, org.json.JSONObject, java.util.Map, java.util.Map)[pri:1, instance:com.schemaxtech.testAutomationFrameworkTest.Section@46d56d67]" name="CreateSection" duration-ms="137" started-at="2019-12-27T12:18:16Z" data-provider="sampleDataProviderget" finished-at="2019-12-27T12:18:16Z">
          <params>
            <param index="0">
              <value>
                <![CDATA[TC_002]]>
              </value>
            </param>
            <param index="1">
              <value>
                <![CDATA[{"gender":"string","section_name":"string","date_of_birth":"8/8/1995","land_line_no":"string","departmentCode":123,"mobile_no":"string","section_code":123,"last_name":"string","middle_name":"string","first_name":"string","email":"string"}]]>
              </value>
            </param>
            <param index="2">
              <value>
                <![CDATA[{status=}]]>
              </value>
            </param>
            <param index="3">
              <value>
                <![CDATA[{status=status}]]>
              </value>
            </param>
          </params>
          <reporter-output>
          </reporter-output>
        </test-method> <!-- CreateSection -->
        <test-method status="PASS" signature="CreateSection(java.lang.String, org.json.JSONObject, java.util.Map, java.util.Map)[pri:1, instance:com.schemaxtech.testAutomationFrameworkTest.Section@46d56d67]" name="CreateSection" duration-ms="164" started-at="2019-12-27T12:18:16Z" data-provider="sampleDataProviderget" finished-at="2019-12-27T12:18:16Z">
          <params>
            <param index="0">
              <value>
                <![CDATA[TC_003]]>
              </value>
            </param>
            <param index="1">
              <value>
                <![CDATA[{"gender":"string","section_name":"Section001","date_of_birth":"8/8/1995","land_line_no":"string","departmentCode":"DEP401","mobile_no":"string","section_code":"Section4401","last_name":"string","middle_name":"string","first_name":"string","email":"string"}]]>
              </value>
            </param>
            <param index="2">
              <value>
                <![CDATA[{status=false}]]>
              </value>
            </param>
            <param index="3">
              <value>
                <![CDATA[{status=status}]]>
              </value>
            </param>
          </params>
          <reporter-output>
          </reporter-output>
        </test-method> <!-- CreateSection -->
        <test-method status="FAIL" signature="UpdateSection(java.lang.String, org.json.JSONObject, java.util.Map, java.util.Map)[pri:3, instance:com.schemaxtech.testAutomationFrameworkTest.Section@46d56d67]" name="UpdateSection" duration-ms="71" started-at="2019-12-27T12:18:19Z" data-provider="sampleDataProviderget" finished-at="2019-12-27T12:18:19Z">
          <params>
            <param index="0">
              <value>
                <![CDATA[TC_001]]>
              </value>
            </param>
            <param index="1">
              <value>
                <![CDATA[{"uid_country":"string","gender":"string","contact_uid":"string","section_name":"Section401401","date_of_birth":"8/8/1995","land_line_no":"string","departmentCode":"DEP401","mobile_no":"string","last_name":"string","middle_name":"string","ref_uid":"string","section_code":"Section401","first_name":"string","email":"string","user_uid":"string"}]]>
              </value>
            </param>
            <param index="2">
              <value>
                <![CDATA[{status=true}]]>
              </value>
            </param>
            <param index="3">
              <value>
                <![CDATA[{status=status}]]>
              </value>
            </param>
          </params>
          <exception class="java.lang.AssertionError">
            <message>
              <![CDATA[Verification of 'status' with value 'true' in response json failed expected [true] but found [false]]]>
            </message>
            <full-stacktrace>
              <![CDATA[java.lang.AssertionError: Verification of 'status' with value 'true' in response json failed expected [true] but found [false]at org.testng.Assert.fail(Assert.java:96)at org.testng.Assert.failNotEquals(Assert.java:776)at org.testng.Assert.assertEqualsImpl(Assert.java:137)at org.testng.Assert.assertEquals(Assert.java:118)at com.schemaxtech.testAutomationFramework.TestAutomationUtil.verifyResponse(TestAutomationUtil.java:338)at com.schemaxtech.testAutomationFrameworkTest.Section.UpdateSection(Section.java:100)at sun.reflect.NativeMethodAccessorImpl.invoke0(Native Method)at sun.reflect.NativeMethodAccessorImpl.invoke(NativeMethodAccessorImpl.java:62)at sun.reflect.DelegatingMethodAccessorImpl.invoke(DelegatingMethodAccessorImpl.java:43)at java.lang.reflect.Method.invoke(Method.java:498)at org.testng.internal.MethodInvocationHelper.invokeMethod(MethodInvocationHelper.java:124)at org.testng.internal.Invoker.invokeMethod(Invoker.java:571)at org.testng.internal.Invoker.invokeTestMethod(Invoker.java:707)at org.testng.internal.Invoker.invokeTestMethods(Invoker.java:979)at org.testng.internal.TestMethodWorker.invokeTestMethods(TestMethodWorker.java:125)at org.testng.internal.TestMethodWorker.run(TestMethodWorker.java:109)at java.util.concurrent.ThreadPoolExecutor.runWorker(ThreadPoolExecutor.java:1149)at java.util.concurrent.ThreadPoolExecutor$Worker.run(ThreadPoolExecutor.java:624)at java.lang.Thread.run(Thread.java:748)]]>
            </full-stacktrace>
          </exception> <!-- java.lang.AssertionError -->
          <reporter-output>
          </reporter-output>
        </test-method> <!-- UpdateSection -->
        <test-method status="PASS" signature="UpdateSection(java.lang.String, org.json.JSONObject, java.util.Map, java.util.Map)[pri:3, instance:com.schemaxtech.testAutomationFrameworkTest.Section@46d56d67]" name="UpdateSection" duration-ms="119" started-at="2019-12-27T12:18:19Z" data-provider="sampleDataProviderget" finished-at="2019-12-27T12:18:19Z">
          <params>
            <param index="0">
              <value>
                <![CDATA[TC_002]]>
              </value>
            </param>
            <param index="1">
              <value>
                <![CDATA[{"uid_country":"string","gender":"string","contact_uid":"string","section_name":"string","date_of_birth":"8/8/1995","land_line_no":"string","departmentCode":123,"mobile_no":"string","last_name":"string","middle_name":"string","ref_uid":"string","section_code":123,"first_name":"string","email":"string","user_uid":"string"}]]>
              </value>
            </param>
            <param index="2">
              <value>
                <![CDATA[{status=false}]]>
              </value>
            </param>
            <param index="3">
              <value>
                <![CDATA[{status=status}]]>
              </value>
            </param>
          </params>
          <reporter-output>
          </reporter-output>
        </test-method> <!-- UpdateSection -->
        <test-method status="FAIL" signature="UpdateSection(java.lang.String, org.json.JSONObject, java.util.Map, java.util.Map)[pri:3, instance:com.schemaxtech.testAutomationFrameworkTest.Section@46d56d67]" name="UpdateSection" duration-ms="46" started-at="2019-12-27T12:18:19Z" data-provider="sampleDataProviderget" finished-at="2019-12-27T12:18:19Z">
          <params>
            <param index="0">
              <value>
                <![CDATA[TC_003]]>
              </value>
            </param>
            <param index="1">
              <value>
                <![CDATA[{"uid_country":"string","gender":"string","contact_uid":"string","section_name":"Section001","date_of_birth":"8/8/1995","land_line_no":"string","departmentCode":"DEP401","mobile_no":"string","last_name":"string","middle_name":"string","ref_uid":"string","section_code":"Section4401","first_name":"string","email":"string","user_uid":"string"}]]>
              </value>
            </param>
            <param index="2">
              <value>
                <![CDATA[{status=true}]]>
              </value>
            </param>
            <param index="3">
              <value>
                <![CDATA[{status=status}]]>
              </value>
            </param>
          </params>
          <exception class="java.lang.AssertionError">
            <message>
              <![CDATA[Verification of 'status' with value 'true' in response json failed expected [true] but found [false]]]>
            </message>
            <full-stacktrace>
              <![CDATA[java.lang.AssertionError: Verification of 'status' with value 'true' in response json failed expected [true] but found [false]at org.testng.Assert.fail(Assert.java:96)at org.testng.Assert.failNotEquals(Assert.java:776)at org.testng.Assert.assertEqualsImpl(Assert.java:137)at org.testng.Assert.assertEquals(Assert.java:118)at com.schemaxtech.testAutomationFramework.TestAutomationUtil.verifyResponse(TestAutomationUtil.java:338)at com.schemaxtech.testAutomationFrameworkTest.Section.UpdateSection(Section.java:100)at sun.reflect.NativeMethodAccessorImpl.invoke0(Native Method)at sun.reflect.NativeMethodAccessorImpl.invoke(NativeMethodAccessorImpl.java:62)at sun.reflect.DelegatingMethodAccessorImpl.invoke(DelegatingMethodAccessorImpl.java:43)at java.lang.reflect.Method.invoke(Method.java:498)at org.testng.internal.MethodInvocationHelper.invokeMethod(MethodInvocationHelper.java:124)at org.testng.internal.Invoker.invokeMethod(Invoker.java:571)at org.testng.internal.Invoker.invokeTestMethod(Invoker.java:707)at org.testng.internal.Invoker.invokeTestMethods(Invoker.java:979)at org.testng.internal.TestMethodWorker.invokeTestMethods(TestMethodWorker.java:125)at org.testng.internal.TestMethodWorker.run(TestMethodWorker.java:109)at java.util.concurrent.ThreadPoolExecutor.runWorker(ThreadPoolExecutor.java:1149)at java.util.concurrent.ThreadPoolExecutor$Worker.run(ThreadPoolExecutor.java:624)at java.lang.Thread.run(Thread.java:748)]]>
            </full-stacktrace>
          </exception> <!-- java.lang.AssertionError -->
          <reporter-output>
          </reporter-output>
        </test-method> <!-- UpdateSection -->
      </class> <!-- com.schemaxtech.testAutomationFrameworkTest.Section -->
      <class name="com.schemaxtech.testAutomationFrameworkTest.DepartmentType">
        <test-method status="FAIL" signature="createdepartmenttype(java.lang.String, org.json.JSONObject, java.util.Map, java.util.Map)[pri:0, instance:com.schemaxtech.testAutomationFrameworkTest.DepartmentType@28d25987]" name="createdepartmenttype" duration-ms="2785" started-at="2019-12-27T12:18:13Z" data-provider="sampleDataProviderget" finished-at="2019-12-27T12:18:15Z">
          <params>
            <param index="0">
              <value>
                <![CDATA[TC_001]]>
              </value>
            </param>
            <param index="1">
              <value>
                <![CDATA[{"department_type":"stitching1"}]]>
              </value>
            </param>
            <param index="2">
              <value>
                <![CDATA[{status=true}]]>
              </value>
            </param>
            <param index="3">
              <value>
                <![CDATA[{department_type=data/department_type, status=status}]]>
              </value>
            </param>
          </params>
          <exception class="java.lang.AssertionError">
            <message>
              <![CDATA[Verification of 'status' with value 'true' in response json failed expected [true] but found [false]]]>
            </message>
            <full-stacktrace>
              <![CDATA[java.lang.AssertionError: Verification of 'status' with value 'true' in response json failed expected [true] but found [false]at org.testng.Assert.fail(Assert.java:96)at org.testng.Assert.failNotEquals(Assert.java:776)at org.testng.Assert.assertEqualsImpl(Assert.java:137)at org.testng.Assert.assertEquals(Assert.java:118)at com.schemaxtech.testAutomationFramework.TestAutomationUtil.verifyResponse(TestAutomationUtil.java:338)at com.schemaxtech.testAutomationFrameworkTest.DepartmentType.createdepartmenttype(DepartmentType.java:91)at sun.reflect.NativeMethodAccessorImpl.invoke0(Native Method)at sun.reflect.NativeMethodAccessorImpl.invoke(NativeMethodAccessorImpl.java:62)at sun.reflect.DelegatingMethodAccessorImpl.invoke(DelegatingMethodAccessorImpl.java:43)at java.lang.reflect.Method.invoke(Method.java:498)at org.testng.internal.MethodInvocationHelper.invokeMethod(MethodInvocationHelper.java:124)at org.testng.internal.Invoker.invokeMethod(Invoker.java:571)at org.testng.internal.Invoker.invokeTestMethod(Invoker.java:707)at org.testng.internal.Invoker.invokeTestMethods(Invoker.java:979)at org.testng.internal.TestMethodWorker.invokeTestMethods(TestMethodWorker.java:125)at org.testng.internal.TestMethodWorker.run(TestMethodWorker.java:109)at java.util.concurrent.ThreadPoolExecutor.runWorker(ThreadPoolExecutor.java:1149)at java.util.concurrent.ThreadPoolExecutor$Worker.run(ThreadPoolExecutor.java:624)at java.lang.Thread.run(Thread.java:748)]]>
            </full-stacktrace>
          </exception> <!-- java.lang.AssertionError -->
          <reporter-output>
          </reporter-output>
        </test-method> <!-- createdepartmenttype -->
        <test-method status="FAIL" signature="createdepartmenttype(java.lang.String, org.json.JSONObject, java.util.Map, java.util.Map)[pri:0, instance:com.schemaxtech.testAutomationFrameworkTest.DepartmentType@28d25987]" name="createdepartmenttype" duration-ms="103" started-at="2019-12-27T12:18:15Z" data-provider="sampleDataProviderget" finished-at="2019-12-27T12:18:15Z">
          <params>
            <param index="0">
              <value>
                <![CDATA[TC_002]]>
              </value>
            </param>
            <param index="1">
              <value>
                <![CDATA[{"department_type":"Packing2"}]]>
              </value>
            </param>
            <param index="2">
              <value>
                <![CDATA[{status=true}]]>
              </value>
            </param>
            <param index="3">
              <value>
                <![CDATA[{department_type=data/department_type, status=status}]]>
              </value>
            </param>
          </params>
          <exception class="java.lang.AssertionError">
            <message>
              <![CDATA[Verification of 'status' with value 'true' in response json failed expected [true] but found [false]]]>
            </message>
            <full-stacktrace>
              <![CDATA[java.lang.AssertionError: Verification of 'status' with value 'true' in response json failed expected [true] but found [false]at org.testng.Assert.fail(Assert.java:96)at org.testng.Assert.failNotEquals(Assert.java:776)at org.testng.Assert.assertEqualsImpl(Assert.java:137)at org.testng.Assert.assertEquals(Assert.java:118)at com.schemaxtech.testAutomationFramework.TestAutomationUtil.verifyResponse(TestAutomationUtil.java:338)at com.schemaxtech.testAutomationFrameworkTest.DepartmentType.createdepartmenttype(DepartmentType.java:91)at sun.reflect.NativeMethodAccessorImpl.invoke0(Native Method)at sun.reflect.NativeMethodAccessorImpl.invoke(NativeMethodAccessorImpl.java:62)at sun.reflect.DelegatingMethodAccessorImpl.invoke(DelegatingMethodAccessorImpl.java:43)at java.lang.reflect.Method.invoke(Method.java:498)at org.testng.internal.MethodInvocationHelper.invokeMethod(MethodInvocationHelper.java:124)at org.testng.internal.Invoker.invokeMethod(Invoker.java:571)at org.testng.internal.Invoker.invokeTestMethod(Invoker.java:707)at org.testng.internal.Invoker.invokeTestMethods(Invoker.java:979)at org.testng.internal.TestMethodWorker.invokeTestMethods(TestMethodWorker.java:125)at org.testng.internal.TestMethodWorker.run(TestMethodWorker.java:109)at java.util.concurrent.ThreadPoolExecutor.runWorker(ThreadPoolExecutor.java:1149)at java.util.concurrent.ThreadPoolExecutor$Worker.run(ThreadPoolExecutor.java:624)at java.lang.Thread.run(Thread.java:748)]]>
            </full-stacktrace>
          </exception> <!-- java.lang.AssertionError -->
          <reporter-output>
          </reporter-output>
        </test-method> <!-- createdepartmenttype -->
      </class> <!-- com.schemaxtech.testAutomationFrameworkTest.DepartmentType -->
      <class name="com.schemaxtech.testAutomationFrameworkTest.WorkstationT">
        <test-method status="FAIL" signature="createWorkstationT(java.lang.String, org.json.JSONObject, java.util.Map, java.util.Map)[pri:1, instance:com.schemaxtech.testAutomationFrameworkTest.WorkstationT@475530b9]" name="createWorkstationT" duration-ms="179" started-at="2019-12-27T12:18:16Z" data-provider="sampleDataProviderget" finished-at="2019-12-27T12:18:16Z">
          <params>
            <param index="0">
              <value>
                <![CDATA[Tc_002]]>
              </value>
            </param>
            <param index="1">
              <value>
                <![CDATA[{"workstation_type_description":"Testing","department_type":"planning","workstation_type_code":"planning401"}]]>
              </value>
            </param>
            <param index="2">
              <value>
                <![CDATA[{errInfo=, workstation_type_code=PLANNING401}]]>
              </value>
            </param>
            <param index="3">
              <value>
                <![CDATA[{workstation_type_description=data/workstation_type_description, errInfo=errInfo, department_type=data/department_type, workstation_type_code=data/workstation_type_code, activated_date=data/activated_date, workstation_type_id=data/workstation_type_id, status=status}]]>
              </value>
            </param>
          </params>
          <exception class="java.lang.NullPointerException">
            <full-stacktrace>
              <![CDATA[java.lang.NullPointerExceptionat com.schemaxtech.testAutomationFramework.TestAutomationUtil.verifyResponse(TestAutomationUtil.java:323)at com.schemaxtech.testAutomationFrameworkTest.WorkstationT.createWorkstationT(WorkstationT.java:89)at sun.reflect.NativeMethodAccessorImpl.invoke0(Native Method)at sun.reflect.NativeMethodAccessorImpl.invoke(NativeMethodAccessorImpl.java:62)at sun.reflect.DelegatingMethodAccessorImpl.invoke(DelegatingMethodAccessorImpl.java:43)at java.lang.reflect.Method.invoke(Method.java:498)at org.testng.internal.MethodInvocationHelper.invokeMethod(MethodInvocationHelper.java:124)at org.testng.internal.Invoker.invokeMethod(Invoker.java:571)at org.testng.internal.Invoker.invokeTestMethod(Invoker.java:707)at org.testng.internal.Invoker.invokeTestMethods(Invoker.java:979)at org.testng.internal.TestMethodWorker.invokeTestMethods(TestMethodWorker.java:125)at org.testng.internal.TestMethodWorker.run(TestMethodWorker.java:109)at java.util.concurrent.ThreadPoolExecutor.runWorker(ThreadPoolExecutor.java:1149)at java.util.concurrent.ThreadPoolExecutor$Worker.run(ThreadPoolExecutor.java:624)at java.lang.Thread.run(Thread.java:748)]]>
            </full-stacktrace>
          </exception> <!-- java.lang.NullPointerException -->
          <reporter-output>
          </reporter-output>
        </test-method> <!-- createWorkstationT -->
        <test-method status="FAIL" signature="createWorkstationT(java.lang.String, org.json.JSONObject, java.util.Map, java.util.Map)[pri:1, instance:com.schemaxtech.testAutomationFrameworkTest.WorkstationT@475530b9]" name="createWorkstationT" duration-ms="92" started-at="2019-12-27T12:18:16Z" data-provider="sampleDataProviderget" finished-at="2019-12-27T12:18:16Z">
          <params>
            <param index="0">
              <value>
                <![CDATA[Tc_001]]>
              </value>
            </param>
            <param index="1">
              <value>
                <![CDATA[{"workstation_type_description":"Testing1","department_type":"abc1","workstation_type_code":"planning401"}]]>
              </value>
            </param>
            <param index="2">
              <value>
                <![CDATA[{errInfo=The department type doesnt exist, workstation_type_code=}]]>
              </value>
            </param>
            <param index="3">
              <value>
                <![CDATA[{workstation_type_description=data/workstation_type_description, errInfo=errInfo, department_type=data/department_type, workstation_type_code=data/workstation_type_code, activated_date=data/activated_date, workstation_type_id=data/workstation_type_id, status=status}]]>
              </value>
            </param>
          </params>
          <exception class="org.json.JSONException">
            <message>
              <![CDATA[JSONObject["data"] not found.]]>
            </message>
            <full-stacktrace>
              <![CDATA[org.json.JSONException: JSONObject["data"] not found.at org.json.JSONObject.get(JSONObject.java:566)at com.schemaxtech.testAutomationFrameworkTest.WorkstationT.createWorkstationT(WorkstationT.java:90)at sun.reflect.NativeMethodAccessorImpl.invoke0(Native Method)at sun.reflect.NativeMethodAccessorImpl.invoke(NativeMethodAccessorImpl.java:62)at sun.reflect.DelegatingMethodAccessorImpl.invoke(DelegatingMethodAccessorImpl.java:43)at java.lang.reflect.Method.invoke(Method.java:498)at org.testng.internal.MethodInvocationHelper.invokeMethod(MethodInvocationHelper.java:124)at org.testng.internal.Invoker.invokeMethod(Invoker.java:571)at org.testng.internal.Invoker.invokeTestMethod(Invoker.java:707)at org.testng.internal.Invoker.invokeTestMethods(Invoker.java:979)at org.testng.internal.TestMethodWorker.invokeTestMethods(TestMethodWorker.java:125)at org.testng.internal.TestMethodWorker.run(TestMethodWorker.java:109)at java.util.concurrent.ThreadPoolExecutor.runWorker(ThreadPoolExecutor.java:1149)at java.util.concurrent.ThreadPoolExecutor$Worker.run(ThreadPoolExecutor.java:624)at java.lang.Thread.run(Thread.java:748)]]>
            </full-stacktrace>
          </exception> <!-- org.json.JSONException -->
          <reporter-output>
          </reporter-output>
        </test-method> <!-- createWorkstationT -->
        <test-method status="FAIL" signature="createWorkstationT(java.lang.String, org.json.JSONObject, java.util.Map, java.util.Map)[pri:1, instance:com.schemaxtech.testAutomationFrameworkTest.WorkstationT@475530b9]" name="createWorkstationT" duration-ms="125" started-at="2019-12-27T12:18:16Z" data-provider="sampleDataProviderget" finished-at="2019-12-27T12:18:16Z">
          <params>
            <param index="0">
              <value>
                <![CDATA[Tc_003]]>
              </value>
            </param>
            <param index="1">
              <value>
                <![CDATA[{"workstation_type_description":"Testing","department_type":"planning","workstation_type_code":"planning1401"}]]>
              </value>
            </param>
            <param index="2">
              <value>
                <![CDATA[{errInfo=, workstation_type_code=PLANNING1401}]]>
              </value>
            </param>
            <param index="3">
              <value>
                <![CDATA[{workstation_type_description=data/workstation_type_description, errInfo=errInfo, department_type=data/department_type, workstation_type_code=data/workstation_type_code, activated_date=data/activated_date, workstation_type_id=data/workstation_type_id, status=status}]]>
              </value>
            </param>
          </params>
          <exception class="java.lang.NullPointerException">
            <full-stacktrace>
              <![CDATA[java.lang.NullPointerExceptionat com.schemaxtech.testAutomationFramework.TestAutomationUtil.verifyResponse(TestAutomationUtil.java:323)at com.schemaxtech.testAutomationFrameworkTest.WorkstationT.createWorkstationT(WorkstationT.java:89)at sun.reflect.NativeMethodAccessorImpl.invoke0(Native Method)at sun.reflect.NativeMethodAccessorImpl.invoke(NativeMethodAccessorImpl.java:62)at sun.reflect.DelegatingMethodAccessorImpl.invoke(DelegatingMethodAccessorImpl.java:43)at java.lang.reflect.Method.invoke(Method.java:498)at org.testng.internal.MethodInvocationHelper.invokeMethod(MethodInvocationHelper.java:124)at org.testng.internal.Invoker.invokeMethod(Invoker.java:571)at org.testng.internal.Invoker.invokeTestMethod(Invoker.java:707)at org.testng.internal.Invoker.invokeTestMethods(Invoker.java:979)at org.testng.internal.TestMethodWorker.invokeTestMethods(TestMethodWorker.java:125)at org.testng.internal.TestMethodWorker.run(TestMethodWorker.java:109)at java.util.concurrent.ThreadPoolExecutor.runWorker(ThreadPoolExecutor.java:1149)at java.util.concurrent.ThreadPoolExecutor$Worker.run(ThreadPoolExecutor.java:624)at java.lang.Thread.run(Thread.java:748)]]>
            </full-stacktrace>
          </exception> <!-- java.lang.NullPointerException -->
          <reporter-output>
          </reporter-output>
        </test-method> <!-- createWorkstationT -->
        <test-method status="PASS" signature="updateWorkstationT(java.lang.String, org.json.JSONObject, java.util.Map, java.util.Map)[pri:2, instance:com.schemaxtech.testAutomationFrameworkTest.WorkstationT@475530b9]" name="updateWorkstationT" duration-ms="83" started-at="2019-12-27T12:18:18Z" data-provider="sampleDataProviderget" finished-at="2019-12-27T12:18:18Z">
          <params>
            <param index="0">
              <value>
                <![CDATA[Tc_001]]>
              </value>
            </param>
            <param index="1">
              <value>
                <![CDATA[{"workstation_type_description":"Testing2","department_type":"abc","workstation_type_code":"planning147"}]]>
              </value>
            </param>
            <param index="2">
              <value>
                <![CDATA[{errInfo=The workstation type doesnt exist, workstation_type_code=, status=}]]>
              </value>
            </param>
            <param index="3">
              <value>
                <![CDATA[{workstation_type_description=data/workstation_type_description, is_active=data/is_active, errInfo=errInfo, department_type=data/department_type, workstation_type_code=data/workstation_type_code, activated_date=data/activated_date, workstation_type_id=data/workstation_type_id, status=status}]]>
              </value>
            </param>
          </params>
          <reporter-output>
          </reporter-output>
        </test-method> <!-- updateWorkstationT -->
        <test-method status="SKIP" signature="updateWorkstation(java.lang.String, org.json.JSONObject, java.util.Map, java.util.Map)[pri:2, instance:com.schemaxtech.testAutomationFrameworkTest.WorkstationT@475530b9]" name="updateWorkstation" duration-ms="0" started-at="2019-12-27T12:18:18Z" data-provider="sampleDataProvider" finished-at="2019-12-27T12:18:18Z">
          <exception class="java.lang.RuntimeException">
            <message>
              <![CDATA[java.lang.NullPointerException]]>
            </message>
            <full-stacktrace>
              <![CDATA[java.lang.RuntimeException: java.lang.NullPointerExceptionat org.testng.internal.MethodInvocationHelper.invokeMethodNoCheckedException(MethodInvocationHelper.java:49)at org.testng.internal.MethodInvocationHelper.invokeDataProvider(MethodInvocationHelper.java:131)at org.testng.internal.Parameters.handleParameters(Parameters.java:706)at org.testng.internal.ParameterHandler.handleParameters(ParameterHandler.java:49)at org.testng.internal.ParameterHandler.createParameters(ParameterHandler.java:37)at org.testng.internal.Invoker.invokeTestMethods(Invoker.java:914)at org.testng.internal.TestMethodWorker.invokeTestMethods(TestMethodWorker.java:125)at org.testng.internal.TestMethodWorker.run(TestMethodWorker.java:109)at java.util.concurrent.ThreadPoolExecutor.runWorker(ThreadPoolExecutor.java:1149)at java.util.concurrent.ThreadPoolExecutor$Worker.run(ThreadPoolExecutor.java:624)at java.lang.Thread.run(Thread.java:748)Caused by: java.lang.NullPointerExceptionat org.json.JSONObject.getNames(JSONObject.java:813)at com.schemaxtech.testAutomationFramework.TestAutomationUtil.updateJsonWithTestData(TestAutomationUtil.java:446)at com.schemaxtech.testAutomationFramework.TestAutomationUtil.updatJsonWithTestDataMaster(TestAutomationUtil.java:427)at com.schemaxtech.testAutomationFrameworkTest.WorkstationT.sampleDataProvider(WorkstationT.java:35)at sun.reflect.NativeMethodAccessorImpl.invoke0(Native Method)at sun.reflect.NativeMethodAccessorImpl.invoke(NativeMethodAccessorImpl.java:62)at sun.reflect.DelegatingMethodAccessorImpl.invoke(DelegatingMethodAccessorImpl.java:43)at java.lang.reflect.Method.invoke(Method.java:498)at org.testng.internal.MethodInvocationHelper.invokeMethod(MethodInvocationHelper.java:124)at org.testng.internal.MethodInvocationHelper.invokeMethod(MethodInvocationHelper.java:74)at org.testng.internal.MethodInvocationHelper.invokeMethodNoCheckedException(MethodInvocationHelper.java:45)... 10 more]]>
            </full-stacktrace>
          </exception> <!-- java.lang.RuntimeException -->
          <reporter-output>
          </reporter-output>
        </test-method> <!-- updateWorkstation -->
        <test-method status="PASS" signature="updateWorkstationT(java.lang.String, org.json.JSONObject, java.util.Map, java.util.Map)[pri:2, instance:com.schemaxtech.testAutomationFrameworkTest.WorkstationT@475530b9]" name="updateWorkstationT" duration-ms="195" started-at="2019-12-27T12:18:18Z" data-provider="sampleDataProviderget" finished-at="2019-12-27T12:18:18Z">
          <params>
            <param index="0">
              <value>
                <![CDATA[Tc_002]]>
              </value>
            </param>
            <param index="1">
              <value>
                <![CDATA[{"workstation_type_description":"Testing3","department_type":"planning","workstation_type_code":"planning001"}]]>
              </value>
            </param>
            <param index="2">
              <value>
                <![CDATA[{errInfo=The workstation type doesnt exist, workstation_type_code=, status=}]]>
              </value>
            </param>
            <param index="3">
              <value>
                <![CDATA[{workstation_type_description=data/workstation_type_description, is_active=data/is_active, errInfo=errInfo, department_type=data/department_type, workstation_type_code=data/workstation_type_code, activated_date=data/activated_date, workstation_type_id=data/workstation_type_id, status=status}]]>
              </value>
            </param>
          </params>
          <reporter-output>
          </reporter-output>
        </test-method> <!-- updateWorkstationT -->
        <test-method status="FAIL" signature="createWtom(java.lang.String, org.json.JSONObject, java.util.Map, java.util.Map)[pri:3, instance:com.schemaxtech.testAutomationFrameworkTest.WorkstationT@475530b9]" name="createWtom" duration-ms="97" started-at="2019-12-27T12:18:19Z" data-provider="sampleDataProviderget" finished-at="2019-12-27T12:18:19Z">
          <params>
            <param index="0">
              <value>
                <![CDATA[Tc_001]]>
              </value>
            </param>
            <param index="1">
              <value>
                <![CDATA[{"operation_code":["10","15"]}]]>
              </value>
            </param>
            <param index="2">
              <value>
                <![CDATA[{status=true}]]>
              </value>
            </param>
            <param index="3">
              <value>
                <![CDATA[{errInfo=errInfo, workstation_type_id=data/workstation_type_id, status=status}]]>
              </value>
            </param>
          </params>
          <exception class="java.lang.AssertionError">
            <message>
              <![CDATA[Verification of 'status' with value 'true' in response json failed expected [true] but found [false]]]>
            </message>
            <full-stacktrace>
              <![CDATA[java.lang.AssertionError: Verification of 'status' with value 'true' in response json failed expected [true] but found [false]at org.testng.Assert.fail(Assert.java:96)at org.testng.Assert.failNotEquals(Assert.java:776)at org.testng.Assert.assertEqualsImpl(Assert.java:137)at org.testng.Assert.assertEquals(Assert.java:118)at com.schemaxtech.testAutomationFramework.TestAutomationUtil.verifyResponse(TestAutomationUtil.java:338)at com.schemaxtech.testAutomationFrameworkTest.WorkstationT.createWtom(WorkstationT.java:120)at sun.reflect.NativeMethodAccessorImpl.invoke0(Native Method)at sun.reflect.NativeMethodAccessorImpl.invoke(NativeMethodAccessorImpl.java:62)at sun.reflect.DelegatingMethodAccessorImpl.invoke(DelegatingMethodAccessorImpl.java:43)at java.lang.reflect.Method.invoke(Method.java:498)at org.testng.internal.MethodInvocationHelper.invokeMethod(MethodInvocationHelper.java:124)at org.testng.internal.Invoker.invokeMethod(Invoker.java:571)at org.testng.internal.Invoker.invokeTestMethod(Invoker.java:707)at org.testng.internal.Invoker.invokeTestMethods(Invoker.java:979)at org.testng.internal.TestMethodWorker.invokeTestMethods(TestMethodWorker.java:125)at org.testng.internal.TestMethodWorker.run(TestMethodWorker.java:109)at java.util.concurrent.ThreadPoolExecutor.runWorker(ThreadPoolExecutor.java:1149)at java.util.concurrent.ThreadPoolExecutor$Worker.run(ThreadPoolExecutor.java:624)at java.lang.Thread.run(Thread.java:748)]]>
            </full-stacktrace>
          </exception> <!-- java.lang.AssertionError -->
          <reporter-output>
          </reporter-output>
        </test-method> <!-- createWtom -->
        <test-method status="SKIP" signature="getWorkstationByWorkstaioncode(java.lang.String, org.json.JSONObject, java.util.Map, java.util.Map)[pri:3, instance:com.schemaxtech.testAutomationFrameworkTest.WorkstationT@475530b9]" name="getWorkstationByWorkstaioncode" duration-ms="0" started-at="2019-12-27T12:18:19Z" data-provider="sampleDataProvider" finished-at="2019-12-27T12:18:19Z">
          <exception class="java.lang.RuntimeException">
            <message>
              <![CDATA[java.lang.NullPointerException]]>
            </message>
            <full-stacktrace>
              <![CDATA[java.lang.RuntimeException: java.lang.NullPointerExceptionat org.testng.internal.MethodInvocationHelper.invokeMethodNoCheckedException(MethodInvocationHelper.java:49)at org.testng.internal.MethodInvocationHelper.invokeDataProvider(MethodInvocationHelper.java:131)at org.testng.internal.Parameters.handleParameters(Parameters.java:706)at org.testng.internal.ParameterHandler.handleParameters(ParameterHandler.java:49)at org.testng.internal.ParameterHandler.createParameters(ParameterHandler.java:37)at org.testng.internal.Invoker.invokeTestMethods(Invoker.java:914)at org.testng.internal.TestMethodWorker.invokeTestMethods(TestMethodWorker.java:125)at org.testng.internal.TestMethodWorker.run(TestMethodWorker.java:109)at java.util.concurrent.ThreadPoolExecutor.runWorker(ThreadPoolExecutor.java:1149)at java.util.concurrent.ThreadPoolExecutor$Worker.run(ThreadPoolExecutor.java:624)at java.lang.Thread.run(Thread.java:748)Caused by: java.lang.NullPointerExceptionat org.json.JSONObject.getNames(JSONObject.java:813)at com.schemaxtech.testAutomationFramework.TestAutomationUtil.updateJsonWithTestData(TestAutomationUtil.java:446)at com.schemaxtech.testAutomationFramework.TestAutomationUtil.updatJsonWithTestDataMaster(TestAutomationUtil.java:427)at com.schemaxtech.testAutomationFrameworkTest.WorkstationT.sampleDataProvider(WorkstationT.java:35)at sun.reflect.NativeMethodAccessorImpl.invoke0(Native Method)at sun.reflect.NativeMethodAccessorImpl.invoke(NativeMethodAccessorImpl.java:62)at sun.reflect.DelegatingMethodAccessorImpl.invoke(DelegatingMethodAccessorImpl.java:43)at java.lang.reflect.Method.invoke(Method.java:498)at org.testng.internal.MethodInvocationHelper.invokeMethod(MethodInvocationHelper.java:124)at org.testng.internal.MethodInvocationHelper.invokeMethod(MethodInvocationHelper.java:74)at org.testng.internal.MethodInvocationHelper.invokeMethodNoCheckedException(MethodInvocationHelper.java:45)... 10 more]]>
            </full-stacktrace>
          </exception> <!-- java.lang.RuntimeException -->
          <reporter-output>
          </reporter-output>
        </test-method> <!-- getWorkstationByWorkstaioncode -->
        <test-method status="FAIL" signature="createWtom(java.lang.String, org.json.JSONObject, java.util.Map, java.util.Map)[pri:3, instance:com.schemaxtech.testAutomationFrameworkTest.WorkstationT@475530b9]" name="createWtom" duration-ms="58" started-at="2019-12-27T12:18:19Z" data-provider="sampleDataProviderget" finished-at="2019-12-27T12:18:19Z">
          <params>
            <param index="0">
              <value>
                <![CDATA[Tc_002]]>
              </value>
            </param>
            <param index="1">
              <value>
                <![CDATA[{"operation_code":["10"]}]]>
              </value>
            </param>
            <param index="2">
              <value>
                <![CDATA[{status=true}]]>
              </value>
            </param>
            <param index="3">
              <value>
                <![CDATA[{errInfo=errInfo, workstation_type_id=data/workstation_type_id, status=status}]]>
              </value>
            </param>
          </params>
          <exception class="java.lang.AssertionError">
            <message>
              <![CDATA[Verification of 'status' with value 'true' in response json failed expected [true] but found [false]]]>
            </message>
            <full-stacktrace>
              <![CDATA[java.lang.AssertionError: Verification of 'status' with value 'true' in response json failed expected [true] but found [false]at org.testng.Assert.fail(Assert.java:96)at org.testng.Assert.failNotEquals(Assert.java:776)at org.testng.Assert.assertEqualsImpl(Assert.java:137)at org.testng.Assert.assertEquals(Assert.java:118)at com.schemaxtech.testAutomationFramework.TestAutomationUtil.verifyResponse(TestAutomationUtil.java:338)at com.schemaxtech.testAutomationFrameworkTest.WorkstationT.createWtom(WorkstationT.java:120)at sun.reflect.NativeMethodAccessorImpl.invoke0(Native Method)at sun.reflect.NativeMethodAccessorImpl.invoke(NativeMethodAccessorImpl.java:62)at sun.reflect.DelegatingMethodAccessorImpl.invoke(DelegatingMethodAccessorImpl.java:43)at java.lang.reflect.Method.invoke(Method.java:498)at org.testng.internal.MethodInvocationHelper.invokeMethod(MethodInvocationHelper.java:124)at org.testng.internal.Invoker.invokeMethod(Invoker.java:571)at org.testng.internal.Invoker.invokeTestMethod(Invoker.java:707)at org.testng.internal.Invoker.invokeTestMethods(Invoker.java:979)at org.testng.internal.TestMethodWorker.invokeTestMethods(TestMethodWorker.java:125)at org.testng.internal.TestMethodWorker.run(TestMethodWorker.java:109)at java.util.concurrent.ThreadPoolExecutor.runWorker(ThreadPoolExecutor.java:1149)at java.util.concurrent.ThreadPoolExecutor$Worker.run(ThreadPoolExecutor.java:624)at java.lang.Thread.run(Thread.java:748)]]>
            </full-stacktrace>
          </exception> <!-- java.lang.AssertionError -->
          <reporter-output>
          </reporter-output>
        </test-method> <!-- createWtom -->
        <test-method status="SKIP" signature="deActivateWorkstation(java.lang.String, org.json.JSONObject, java.util.Map, java.util.Map)[pri:4, instance:com.schemaxtech.testAutomationFrameworkTest.WorkstationT@475530b9]" name="deActivateWorkstation" duration-ms="0" started-at="2019-12-27T12:18:19Z" data-provider="sampleDataProvider" finished-at="2019-12-27T12:18:19Z">
          <exception class="java.lang.RuntimeException">
            <message>
              <![CDATA[java.lang.NullPointerException]]>
            </message>
            <full-stacktrace>
              <![CDATA[java.lang.RuntimeException: java.lang.NullPointerExceptionat org.testng.internal.MethodInvocationHelper.invokeMethodNoCheckedException(MethodInvocationHelper.java:49)at org.testng.internal.MethodInvocationHelper.invokeDataProvider(MethodInvocationHelper.java:131)at org.testng.internal.Parameters.handleParameters(Parameters.java:706)at org.testng.internal.ParameterHandler.handleParameters(ParameterHandler.java:49)at org.testng.internal.ParameterHandler.createParameters(ParameterHandler.java:37)at org.testng.internal.Invoker.invokeTestMethods(Invoker.java:914)at org.testng.internal.TestMethodWorker.invokeTestMethods(TestMethodWorker.java:125)at org.testng.internal.TestMethodWorker.run(TestMethodWorker.java:109)at java.util.concurrent.ThreadPoolExecutor.runWorker(ThreadPoolExecutor.java:1149)at java.util.concurrent.ThreadPoolExecutor$Worker.run(ThreadPoolExecutor.java:624)at java.lang.Thread.run(Thread.java:748)Caused by: java.lang.NullPointerExceptionat org.json.JSONObject.getNames(JSONObject.java:813)at com.schemaxtech.testAutomationFramework.TestAutomationUtil.updateJsonWithTestData(TestAutomationUtil.java:446)at com.schemaxtech.testAutomationFramework.TestAutomationUtil.updatJsonWithTestDataMaster(TestAutomationUtil.java:427)at com.schemaxtech.testAutomationFrameworkTest.WorkstationT.sampleDataProvider(WorkstationT.java:35)at sun.reflect.NativeMethodAccessorImpl.invoke0(Native Method)at sun.reflect.NativeMethodAccessorImpl.invoke(NativeMethodAccessorImpl.java:62)at sun.reflect.DelegatingMethodAccessorImpl.invoke(DelegatingMethodAccessorImpl.java:43)at java.lang.reflect.Method.invoke(Method.java:498)at org.testng.internal.MethodInvocationHelper.invokeMethod(MethodInvocationHelper.java:124)at org.testng.internal.MethodInvocationHelper.invokeMethod(MethodInvocationHelper.java:74)at org.testng.internal.MethodInvocationHelper.invokeMethodNoCheckedException(MethodInvocationHelper.java:45)... 10 more]]>
            </full-stacktrace>
          </exception> <!-- java.lang.RuntimeException -->
          <reporter-output>
          </reporter-output>
        </test-method> <!-- deActivateWorkstation -->
        <test-method status="FAIL" signature="createWorkstation(java.lang.String, org.json.JSONObject, java.util.Map, java.util.Map)[pri:5, instance:com.schemaxtech.testAutomationFrameworkTest.WorkstationT@475530b9]" name="createWorkstation" duration-ms="58" started-at="2019-12-27T12:18:19Z" data-provider="sampleDataProviderget" finished-at="2019-12-27T12:18:19Z">
          <params>
            <param index="0">
              <value>
                <![CDATA[TC_001]]>
              </value>
            </param>
            <param index="1">
              <value>
                <![CDATA[{"workstation_code":"","section_code":"Section401","activated_date":"string","isActive":true,"workstation_description":"Sample401","deactivated_date":"string"}]]>
              </value>
            </param>
            <param index="2">
              <value>
                <![CDATA[{status=false}]]>
              </value>
            </param>
            <param index="3">
              <value>
                <![CDATA[{workstation_code=data/workstation_code, activated_date=data/activated_date, section_code=data/section_code, workstation_id=data/workstation_id, isActive=isActive, workstation_description=data/workstation_description, workstation_type_id=data/workstation_type_id, deactivated_date=data/deactivated_date, status=status}]]>
              </value>
            </param>
          </params>
          <exception class="java.lang.NullPointerException">
            <full-stacktrace>
              <![CDATA[java.lang.NullPointerExceptionat com.schemaxtech.testAutomationFramework.TestAutomationUtil.verifyResponse(TestAutomationUtil.java:323)at com.schemaxtech.testAutomationFrameworkTest.WorkstationT.createWorkstation(WorkstationT.java:143)at sun.reflect.NativeMethodAccessorImpl.invoke0(Native Method)at sun.reflect.NativeMethodAccessorImpl.invoke(NativeMethodAccessorImpl.java:62)at sun.reflect.DelegatingMethodAccessorImpl.invoke(DelegatingMethodAccessorImpl.java:43)at java.lang.reflect.Method.invoke(Method.java:498)at org.testng.internal.MethodInvocationHelper.invokeMethod(MethodInvocationHelper.java:124)at org.testng.internal.Invoker.invokeMethod(Invoker.java:571)at org.testng.internal.Invoker.invokeTestMethod(Invoker.java:707)at org.testng.internal.Invoker.invokeTestMethods(Invoker.java:979)at org.testng.internal.TestMethodWorker.invokeTestMethods(TestMethodWorker.java:125)at org.testng.internal.TestMethodWorker.run(TestMethodWorker.java:109)at java.util.concurrent.ThreadPoolExecutor.runWorker(ThreadPoolExecutor.java:1149)at java.util.concurrent.ThreadPoolExecutor$Worker.run(ThreadPoolExecutor.java:624)at java.lang.Thread.run(Thread.java:748)]]>
            </full-stacktrace>
          </exception> <!-- java.lang.NullPointerException -->
          <reporter-output>
          </reporter-output>
        </test-method> <!-- createWorkstation -->
        <test-method status="FAIL" signature="createWorkstation(java.lang.String, org.json.JSONObject, java.util.Map, java.util.Map)[pri:5, instance:com.schemaxtech.testAutomationFrameworkTest.WorkstationT@475530b9]" name="createWorkstation" duration-ms="52" started-at="2019-12-27T12:18:19Z" data-provider="sampleDataProviderget" finished-at="2019-12-27T12:18:19Z">
          <params>
            <param index="0">
              <value>
                <![CDATA[TC_002]]>
              </value>
            </param>
            <param index="1">
              <value>
                <![CDATA[{"workstation_code":"WRKS401","section_code":"","activated_date":"string","isActive":true,"workstation_description":"Sample401","deactivated_date":"string"}]]>
              </value>
            </param>
            <param index="2">
              <value>
                <![CDATA[{status=false}]]>
              </value>
            </param>
            <param index="3">
              <value>
                <![CDATA[{workstation_code=data/workstation_code, activated_date=data/activated_date, section_code=data/section_code, workstation_id=data/workstation_id, isActive=isActive, workstation_description=data/workstation_description, workstation_type_id=data/workstation_type_id, deactivated_date=data/deactivated_date, status=status}]]>
              </value>
            </param>
          </params>
          <exception class="java.lang.NullPointerException">
            <full-stacktrace>
              <![CDATA[java.lang.NullPointerExceptionat com.schemaxtech.testAutomationFramework.TestAutomationUtil.verifyResponse(TestAutomationUtil.java:323)at com.schemaxtech.testAutomationFrameworkTest.WorkstationT.createWorkstation(WorkstationT.java:143)at sun.reflect.NativeMethodAccessorImpl.invoke0(Native Method)at sun.reflect.NativeMethodAccessorImpl.invoke(NativeMethodAccessorImpl.java:62)at sun.reflect.DelegatingMethodAccessorImpl.invoke(DelegatingMethodAccessorImpl.java:43)at java.lang.reflect.Method.invoke(Method.java:498)at org.testng.internal.MethodInvocationHelper.invokeMethod(MethodInvocationHelper.java:124)at org.testng.internal.Invoker.invokeMethod(Invoker.java:571)at org.testng.internal.Invoker.invokeTestMethod(Invoker.java:707)at org.testng.internal.Invoker.invokeTestMethods(Invoker.java:979)at org.testng.internal.TestMethodWorker.invokeTestMethods(TestMethodWorker.java:125)at org.testng.internal.TestMethodWorker.run(TestMethodWorker.java:109)at java.util.concurrent.ThreadPoolExecutor.runWorker(ThreadPoolExecutor.java:1149)at java.util.concurrent.ThreadPoolExecutor$Worker.run(ThreadPoolExecutor.java:624)at java.lang.Thread.run(Thread.java:748)]]>
            </full-stacktrace>
          </exception> <!-- java.lang.NullPointerException -->
          <reporter-output>
          </reporter-output>
        </test-method> <!-- createWorkstation -->
        <test-method status="FAIL" signature="createWorkstation(java.lang.String, org.json.JSONObject, java.util.Map, java.util.Map)[pri:5, instance:com.schemaxtech.testAutomationFrameworkTest.WorkstationT@475530b9]" name="createWorkstation" duration-ms="57" started-at="2019-12-27T12:18:19Z" data-provider="sampleDataProviderget" finished-at="2019-12-27T12:18:19Z">
          <params>
            <param index="0">
              <value>
                <![CDATA[TC_003]]>
              </value>
            </param>
            <param index="1">
              <value>
                <![CDATA[{"workstation_code":"WRKS401","section_code":"Section401","activated_date":"string","isActive":true,"workstation_description":"Sample401","deactivated_date":"string"}]]>
              </value>
            </param>
            <param index="2">
              <value>
                <![CDATA[{status=true}]]>
              </value>
            </param>
            <param index="3">
              <value>
                <![CDATA[{workstation_code=data/workstation_code, activated_date=data/activated_date, section_code=data/section_code, workstation_id=data/workstation_id, isActive=isActive, workstation_description=data/workstation_description, workstation_type_id=data/workstation_type_id, deactivated_date=data/deactivated_date, status=status}]]>
              </value>
            </param>
          </params>
          <exception class="java.lang.NullPointerException">
            <full-stacktrace>
              <![CDATA[java.lang.NullPointerExceptionat com.schemaxtech.testAutomationFramework.TestAutomationUtil.verifyResponse(TestAutomationUtil.java:323)at com.schemaxtech.testAutomationFrameworkTest.WorkstationT.createWorkstation(WorkstationT.java:143)at sun.reflect.NativeMethodAccessorImpl.invoke0(Native Method)at sun.reflect.NativeMethodAccessorImpl.invoke(NativeMethodAccessorImpl.java:62)at sun.reflect.DelegatingMethodAccessorImpl.invoke(DelegatingMethodAccessorImpl.java:43)at java.lang.reflect.Method.invoke(Method.java:498)at org.testng.internal.MethodInvocationHelper.invokeMethod(MethodInvocationHelper.java:124)at org.testng.internal.Invoker.invokeMethod(Invoker.java:571)at org.testng.internal.Invoker.invokeTestMethod(Invoker.java:707)at org.testng.internal.Invoker.invokeTestMethods(Invoker.java:979)at org.testng.internal.TestMethodWorker.invokeTestMethods(TestMethodWorker.java:125)at org.testng.internal.TestMethodWorker.run(TestMethodWorker.java:109)at java.util.concurrent.ThreadPoolExecutor.runWorker(ThreadPoolExecutor.java:1149)at java.util.concurrent.ThreadPoolExecutor$Worker.run(ThreadPoolExecutor.java:624)at java.lang.Thread.run(Thread.java:748)]]>
            </full-stacktrace>
          </exception> <!-- java.lang.NullPointerException -->
          <reporter-output>
          </reporter-output>
        </test-method> <!-- createWorkstation -->
      </class> <!-- com.schemaxtech.testAutomationFrameworkTest.WorkstationT -->
      <class name="com.schemaxtech.testAutomationFrameworkTest.Workstation">
        <test-method status="FAIL" signature="createWorkstation(java.lang.String, org.json.JSONObject, java.util.Map, java.util.Map)[pri:1, instance:com.schemaxtech.testAutomationFrameworkTest.Workstation@4c70fda8]" name="createWorkstation" duration-ms="132" started-at="2019-12-27T12:18:16Z" data-provider="sampleDataProvider" finished-at="2019-12-27T12:18:16Z">
          <params>
            <param index="0">
              <value>
                <![CDATA[TC_001]]>
              </value>
            </param>
            <param index="1">
              <value>
                <![CDATA[{"workstation_code":"","section_code":"Section401","activated_date":"string","isActive":true,"workstation_description":"Sample401","workstation_type_id":"string","deactivated_date":"string"}]]>
              </value>
            </param>
            <param index="2">
              <value>
                <![CDATA[{status=false}]]>
              </value>
            </param>
            <param index="3">
              <value>
                <![CDATA[{workstation_code=data/workstation_code, activated_date=data/activated_date, section_code=data/section_code, workstation_id=data/workstation_id, isActive=isActive, workstation_description=data/workstation_description, workstation_type_id=data/workstation_type_id, deactivated_date=data/deactivated_date, status=status}]]>
              </value>
            </param>
          </params>
          <exception class="java.lang.NullPointerException">
            <full-stacktrace>
              <![CDATA[java.lang.NullPointerExceptionat com.schemaxtech.testAutomationFramework.TestAutomationUtil.verifyResponse(TestAutomationUtil.java:323)at com.schemaxtech.testAutomationFrameworkTest.Workstation.createWorkstation(Workstation.java:69)at sun.reflect.NativeMethodAccessorImpl.invoke0(Native Method)at sun.reflect.NativeMethodAccessorImpl.invoke(NativeMethodAccessorImpl.java:62)at sun.reflect.DelegatingMethodAccessorImpl.invoke(DelegatingMethodAccessorImpl.java:43)at java.lang.reflect.Method.invoke(Method.java:498)at org.testng.internal.MethodInvocationHelper.invokeMethod(MethodInvocationHelper.java:124)at org.testng.internal.Invoker.invokeMethod(Invoker.java:571)at org.testng.internal.Invoker.invokeTestMethod(Invoker.java:707)at org.testng.internal.Invoker.invokeTestMethods(Invoker.java:979)at org.testng.internal.TestMethodWorker.invokeTestMethods(TestMethodWorker.java:125)at org.testng.internal.TestMethodWorker.run(TestMethodWorker.java:109)at java.util.concurrent.ThreadPoolExecutor.runWorker(ThreadPoolExecutor.java:1149)at java.util.concurrent.ThreadPoolExecutor$Worker.run(ThreadPoolExecutor.java:624)at java.lang.Thread.run(Thread.java:748)]]>
            </full-stacktrace>
          </exception> <!-- java.lang.NullPointerException -->
          <reporter-output>
          </reporter-output>
        </test-method> <!-- createWorkstation -->
        <test-method status="FAIL" signature="createWorkstationT(java.lang.String, org.json.JSONObject, java.util.Map, java.util.Map)[pri:1, instance:com.schemaxtech.testAutomationFrameworkTest.Workstation@4c70fda8]" name="createWorkstationT" duration-ms="164" started-at="2019-12-27T12:18:16Z" data-provider="sampleDataProviderget" finished-at="2019-12-27T12:18:16Z">
          <params>
            <param index="0">
              <value>
                <![CDATA[Tc_002]]>
              </value>
            </param>
            <param index="1">
              <value>
                <![CDATA[{"workstation_type_description":"Testing","department_type":"planning","workstation_type_code":"planning401"}]]>
              </value>
            </param>
            <param index="2">
              <value>
                <![CDATA[{errInfo=, workstation_type_code=PLANNING401}]]>
              </value>
            </param>
            <param index="3">
              <value>
                <![CDATA[{workstation_type_description=data/workstation_type_description, errInfo=errInfo, department_type=data/department_type, workstation_type_code=data/workstation_type_code, activated_date=data/activated_date, workstation_type_id=data/workstation_type_id, status=status}]]>
              </value>
            </param>
          </params>
          <exception class="java.lang.NullPointerException">
            <full-stacktrace>
              <![CDATA[java.lang.NullPointerExceptionat com.schemaxtech.testAutomationFramework.TestAutomationUtil.verifyResponse(TestAutomationUtil.java:323)at com.schemaxtech.testAutomationFrameworkTest.WorkstationT.createWorkstationT(WorkstationT.java:89)at sun.reflect.NativeMethodAccessorImpl.invoke0(Native Method)at sun.reflect.NativeMethodAccessorImpl.invoke(NativeMethodAccessorImpl.java:62)at sun.reflect.DelegatingMethodAccessorImpl.invoke(DelegatingMethodAccessorImpl.java:43)at java.lang.reflect.Method.invoke(Method.java:498)at org.testng.internal.MethodInvocationHelper.invokeMethod(MethodInvocationHelper.java:124)at org.testng.internal.Invoker.invokeMethod(Invoker.java:571)at org.testng.internal.Invoker.invokeTestMethod(Invoker.java:707)at org.testng.internal.Invoker.invokeTestMethods(Invoker.java:979)at org.testng.internal.TestMethodWorker.invokeTestMethods(TestMethodWorker.java:125)at org.testng.internal.TestMethodWorker.run(TestMethodWorker.java:109)at java.util.concurrent.ThreadPoolExecutor.runWorker(ThreadPoolExecutor.java:1149)at java.util.concurrent.ThreadPoolExecutor$Worker.run(ThreadPoolExecutor.java:624)at java.lang.Thread.run(Thread.java:748)]]>
            </full-stacktrace>
          </exception> <!-- java.lang.NullPointerException -->
          <reporter-output>
          </reporter-output>
        </test-method> <!-- createWorkstationT -->
        <test-method status="FAIL" signature="createWorkstation(java.lang.String, org.json.JSONObject, java.util.Map, java.util.Map)[pri:1, instance:com.schemaxtech.testAutomationFrameworkTest.Workstation@4c70fda8]" name="createWorkstation" duration-ms="102" started-at="2019-12-27T12:18:16Z" data-provider="sampleDataProvider" finished-at="2019-12-27T12:18:16Z">
          <params>
            <param index="0">
              <value>
                <![CDATA[TC_002]]>
              </value>
            </param>
            <param index="1">
              <value>
                <![CDATA[{"workstation_code":"WRKS401","section_code":"","activated_date":"string","isActive":true,"workstation_description":"Sample401","workstation_type_id":"string","deactivated_date":"string"}]]>
              </value>
            </param>
            <param index="2">
              <value>
                <![CDATA[{status=false}]]>
              </value>
            </param>
            <param index="3">
              <value>
                <![CDATA[{workstation_code=data/workstation_code, activated_date=data/activated_date, section_code=data/section_code, workstation_id=data/workstation_id, isActive=isActive, workstation_description=data/workstation_description, workstation_type_id=data/workstation_type_id, deactivated_date=data/deactivated_date, status=status}]]>
              </value>
            </param>
          </params>
          <exception class="java.lang.NullPointerException">
            <full-stacktrace>
              <![CDATA[java.lang.NullPointerExceptionat com.schemaxtech.testAutomationFramework.TestAutomationUtil.verifyResponse(TestAutomationUtil.java:323)at com.schemaxtech.testAutomationFrameworkTest.Workstation.createWorkstation(Workstation.java:69)at sun.reflect.NativeMethodAccessorImpl.invoke0(Native Method)at sun.reflect.NativeMethodAccessorImpl.invoke(NativeMethodAccessorImpl.java:62)at sun.reflect.DelegatingMethodAccessorImpl.invoke(DelegatingMethodAccessorImpl.java:43)at java.lang.reflect.Method.invoke(Method.java:498)at org.testng.internal.MethodInvocationHelper.invokeMethod(MethodInvocationHelper.java:124)at org.testng.internal.Invoker.invokeMethod(Invoker.java:571)at org.testng.internal.Invoker.invokeTestMethod(Invoker.java:707)at org.testng.internal.Invoker.invokeTestMethods(Invoker.java:979)at org.testng.internal.TestMethodWorker.invokeTestMethods(TestMethodWorker.java:125)at org.testng.internal.TestMethodWorker.run(TestMethodWorker.java:109)at java.util.concurrent.ThreadPoolExecutor.runWorker(ThreadPoolExecutor.java:1149)at java.util.concurrent.ThreadPoolExecutor$Worker.run(ThreadPoolExecutor.java:624)at java.lang.Thread.run(Thread.java:748)]]>
            </full-stacktrace>
          </exception> <!-- java.lang.NullPointerException -->
          <reporter-output>
          </reporter-output>
        </test-method> <!-- createWorkstation -->
        <test-method status="FAIL" signature="createWorkstationT(java.lang.String, org.json.JSONObject, java.util.Map, java.util.Map)[pri:1, instance:com.schemaxtech.testAutomationFrameworkTest.Workstation@4c70fda8]" name="createWorkstationT" duration-ms="249" started-at="2019-12-27T12:18:16Z" data-provider="sampleDataProviderget" finished-at="2019-12-27T12:18:16Z">
          <params>
            <param index="0">
              <value>
                <![CDATA[Tc_001]]>
              </value>
            </param>
            <param index="1">
              <value>
                <![CDATA[{"workstation_type_description":"Testing1","department_type":"abc1","workstation_type_code":"planning401"}]]>
              </value>
            </param>
            <param index="2">
              <value>
                <![CDATA[{errInfo=The department type doesnt exist, workstation_type_code=}]]>
              </value>
            </param>
            <param index="3">
              <value>
                <![CDATA[{workstation_type_description=data/workstation_type_description, errInfo=errInfo, department_type=data/department_type, workstation_type_code=data/workstation_type_code, activated_date=data/activated_date, workstation_type_id=data/workstation_type_id, status=status}]]>
              </value>
            </param>
          </params>
          <exception class="org.json.JSONException">
            <message>
              <![CDATA[JSONObject["data"] not found.]]>
            </message>
            <full-stacktrace>
              <![CDATA[org.json.JSONException: JSONObject["data"] not found.at org.json.JSONObject.get(JSONObject.java:566)at com.schemaxtech.testAutomationFrameworkTest.WorkstationT.createWorkstationT(WorkstationT.java:90)at sun.reflect.NativeMethodAccessorImpl.invoke0(Native Method)at sun.reflect.NativeMethodAccessorImpl.invoke(NativeMethodAccessorImpl.java:62)at sun.reflect.DelegatingMethodAccessorImpl.invoke(DelegatingMethodAccessorImpl.java:43)at java.lang.reflect.Method.invoke(Method.java:498)at org.testng.internal.MethodInvocationHelper.invokeMethod(MethodInvocationHelper.java:124)at org.testng.internal.Invoker.invokeMethod(Invoker.java:571)at org.testng.internal.Invoker.invokeTestMethod(Invoker.java:707)at org.testng.internal.Invoker.invokeTestMethods(Invoker.java:979)at org.testng.internal.TestMethodWorker.invokeTestMethods(TestMethodWorker.java:125)at org.testng.internal.TestMethodWorker.run(TestMethodWorker.java:109)at java.util.concurrent.ThreadPoolExecutor.runWorker(ThreadPoolExecutor.java:1149)at java.util.concurrent.ThreadPoolExecutor$Worker.run(ThreadPoolExecutor.java:624)at java.lang.Thread.run(Thread.java:748)]]>
            </full-stacktrace>
          </exception> <!-- org.json.JSONException -->
          <reporter-output>
          </reporter-output>
        </test-method> <!-- createWorkstationT -->
        <test-method status="FAIL" signature="createWorkstation(java.lang.String, org.json.JSONObject, java.util.Map, java.util.Map)[pri:1, instance:com.schemaxtech.testAutomationFrameworkTest.Workstation@4c70fda8]" name="createWorkstation" duration-ms="187" started-at="2019-12-27T12:18:16Z" data-provider="sampleDataProvider" finished-at="2019-12-27T12:18:16Z">
          <params>
            <param index="0">
              <value>
                <![CDATA[TC_003]]>
              </value>
            </param>
            <param index="1">
              <value>
                <![CDATA[{"workstation_code":"WRKS401","section_code":"Section401","activated_date":"string","isActive":true,"workstation_description":"Sample401","workstation_type_id":"string","deactivated_date":"string"}]]>
              </value>
            </param>
            <param index="2">
              <value>
                <![CDATA[{status=true}]]>
              </value>
            </param>
            <param index="3">
              <value>
                <![CDATA[{workstation_code=data/workstation_code, activated_date=data/activated_date, section_code=data/section_code, workstation_id=data/workstation_id, isActive=isActive, workstation_description=data/workstation_description, workstation_type_id=data/workstation_type_id, deactivated_date=data/deactivated_date, status=status}]]>
              </value>
            </param>
          </params>
          <exception class="java.lang.NullPointerException">
            <full-stacktrace>
              <![CDATA[java.lang.NullPointerExceptionat com.schemaxtech.testAutomationFramework.TestAutomationUtil.verifyResponse(TestAutomationUtil.java:323)at com.schemaxtech.testAutomationFrameworkTest.Workstation.createWorkstation(Workstation.java:69)at sun.reflect.NativeMethodAccessorImpl.invoke0(Native Method)at sun.reflect.NativeMethodAccessorImpl.invoke(NativeMethodAccessorImpl.java:62)at sun.reflect.DelegatingMethodAccessorImpl.invoke(DelegatingMethodAccessorImpl.java:43)at java.lang.reflect.Method.invoke(Method.java:498)at org.testng.internal.MethodInvocationHelper.invokeMethod(MethodInvocationHelper.java:124)at org.testng.internal.Invoker.invokeMethod(Invoker.java:571)at org.testng.internal.Invoker.invokeTestMethod(Invoker.java:707)at org.testng.internal.Invoker.invokeTestMethods(Invoker.java:979)at org.testng.internal.TestMethodWorker.invokeTestMethods(TestMethodWorker.java:125)at org.testng.internal.TestMethodWorker.run(TestMethodWorker.java:109)at java.util.concurrent.ThreadPoolExecutor.runWorker(ThreadPoolExecutor.java:1149)at java.util.concurrent.ThreadPoolExecutor$Worker.run(ThreadPoolExecutor.java:624)at java.lang.Thread.run(Thread.java:748)]]>
            </full-stacktrace>
          </exception> <!-- java.lang.NullPointerException -->
          <reporter-output>
          </reporter-output>
        </test-method> <!-- createWorkstation -->
        <test-method status="FAIL" signature="createWorkstationT(java.lang.String, org.json.JSONObject, java.util.Map, java.util.Map)[pri:1, instance:com.schemaxtech.testAutomationFrameworkTest.Workstation@4c70fda8]" name="createWorkstationT" duration-ms="247" started-at="2019-12-27T12:18:16Z" data-provider="sampleDataProviderget" finished-at="2019-12-27T12:18:16Z">
          <params>
            <param index="0">
              <value>
                <![CDATA[Tc_003]]>
              </value>
            </param>
            <param index="1">
              <value>
                <![CDATA[{"workstation_type_description":"Testing","department_type":"planning","workstation_type_code":"planning1401"}]]>
              </value>
            </param>
            <param index="2">
              <value>
                <![CDATA[{errInfo=, workstation_type_code=PLANNING1401}]]>
              </value>
            </param>
            <param index="3">
              <value>
                <![CDATA[{workstation_type_description=data/workstation_type_description, errInfo=errInfo, department_type=data/department_type, workstation_type_code=data/workstation_type_code, activated_date=data/activated_date, workstation_type_id=data/workstation_type_id, status=status}]]>
              </value>
            </param>
          </params>
          <exception class="java.lang.NullPointerException">
            <full-stacktrace>
              <![CDATA[java.lang.NullPointerExceptionat com.schemaxtech.testAutomationFramework.TestAutomationUtil.verifyResponse(TestAutomationUtil.java:323)at com.schemaxtech.testAutomationFrameworkTest.WorkstationT.createWorkstationT(WorkstationT.java:89)at sun.reflect.NativeMethodAccessorImpl.invoke0(Native Method)at sun.reflect.NativeMethodAccessorImpl.invoke(NativeMethodAccessorImpl.java:62)at sun.reflect.DelegatingMethodAccessorImpl.invoke(DelegatingMethodAccessorImpl.java:43)at java.lang.reflect.Method.invoke(Method.java:498)at org.testng.internal.MethodInvocationHelper.invokeMethod(MethodInvocationHelper.java:124)at org.testng.internal.Invoker.invokeMethod(Invoker.java:571)at org.testng.internal.Invoker.invokeTestMethod(Invoker.java:707)at org.testng.internal.Invoker.invokeTestMethods(Invoker.java:979)at org.testng.internal.TestMethodWorker.invokeTestMethods(TestMethodWorker.java:125)at org.testng.internal.TestMethodWorker.run(TestMethodWorker.java:109)at java.util.concurrent.ThreadPoolExecutor.runWorker(ThreadPoolExecutor.java:1149)at java.util.concurrent.ThreadPoolExecutor$Worker.run(ThreadPoolExecutor.java:624)at java.lang.Thread.run(Thread.java:748)]]>
            </full-stacktrace>
          </exception> <!-- java.lang.NullPointerException -->
          <reporter-output>
          </reporter-output>
        </test-method> <!-- createWorkstationT -->
        <test-method status="FAIL" signature="updateWorkstation(java.lang.String, org.json.JSONObject, java.util.Map, java.util.Map)[pri:2, instance:com.schemaxtech.testAutomationFrameworkTest.Workstation@4c70fda8]" name="updateWorkstation" duration-ms="73" started-at="2019-12-27T12:18:18Z" data-provider="sampleDataProvider" finished-at="2019-12-27T12:18:18Z">
          <params>
            <param index="0">
              <value>
                <![CDATA[TC_001]]>
              </value>
            </param>
            <param index="1">
              <value>
                <![CDATA[{"workstation_code":2,"section_code":"P12345","activated_date":"","workstation_id":"dbc66a82-5361-4eb4-9d98-f7c612286778","isActive":"","workstation_description":"cutting6445try3900000","workstation_type_id":"ad336703-f3e3-4d6e-bcc4-0cd39c816de6","deactivated_date":""}]]>
              </value>
            </param>
            <param index="2">
              <value>
                <![CDATA[{workstation_id=, workstation_type_id=, status=true}]]>
              </value>
            </param>
            <param index="3">
              <value>
                <![CDATA[{workstation_code=data/workstation_code, section_code=data/section_code, workstation_id=data/workstation_id, workstation_description=data/workstation_description, workstation_type_id=data/workstation_type_id, status=status}]]>
              </value>
            </param>
          </params>
          <exception class="java.lang.AssertionError">
            <message>
              <![CDATA[Verification of 'status' with value 'true' in response json failed expected [true] but found [false]]]>
            </message>
            <full-stacktrace>
              <![CDATA[java.lang.AssertionError: Verification of 'status' with value 'true' in response json failed expected [true] but found [false]at org.testng.Assert.fail(Assert.java:96)at org.testng.Assert.failNotEquals(Assert.java:776)at org.testng.Assert.assertEqualsImpl(Assert.java:137)at org.testng.Assert.assertEquals(Assert.java:118)at com.schemaxtech.testAutomationFramework.TestAutomationUtil.verifyResponse(TestAutomationUtil.java:338)at com.schemaxtech.testAutomationFrameworkTest.Workstation.updateWorkstation(Workstation.java:89)at sun.reflect.NativeMethodAccessorImpl.invoke0(Native Method)at sun.reflect.NativeMethodAccessorImpl.invoke(NativeMethodAccessorImpl.java:62)at sun.reflect.DelegatingMethodAccessorImpl.invoke(DelegatingMethodAccessorImpl.java:43)at java.lang.reflect.Method.invoke(Method.java:498)at org.testng.internal.MethodInvocationHelper.invokeMethod(MethodInvocationHelper.java:124)at org.testng.internal.Invoker.invokeMethod(Invoker.java:571)at org.testng.internal.Invoker.invokeTestMethod(Invoker.java:707)at org.testng.internal.Invoker.invokeTestMethods(Invoker.java:979)at org.testng.internal.TestMethodWorker.invokeTestMethods(TestMethodWorker.java:125)at org.testng.internal.TestMethodWorker.run(TestMethodWorker.java:109)at java.util.concurrent.ThreadPoolExecutor.runWorker(ThreadPoolExecutor.java:1149)at java.util.concurrent.ThreadPoolExecutor$Worker.run(ThreadPoolExecutor.java:624)at java.lang.Thread.run(Thread.java:748)]]>
            </full-stacktrace>
          </exception> <!-- java.lang.AssertionError -->
          <reporter-output>
          </reporter-output>
        </test-method> <!-- updateWorkstation -->
        <test-method status="PASS" signature="updateWorkstationT(java.lang.String, org.json.JSONObject, java.util.Map, java.util.Map)[pri:2, instance:com.schemaxtech.testAutomationFrameworkTest.Workstation@4c70fda8]" name="updateWorkstationT" duration-ms="221" started-at="2019-12-27T12:18:18Z" data-provider="sampleDataProviderget" finished-at="2019-12-27T12:18:18Z">
          <params>
            <param index="0">
              <value>
                <![CDATA[Tc_001]]>
              </value>
            </param>
            <param index="1">
              <value>
                <![CDATA[{"workstation_type_description":"Testing2","department_type":"abc","workstation_type_code":"planning147"}]]>
              </value>
            </param>
            <param index="2">
              <value>
                <![CDATA[{errInfo=The workstation type doesnt exist, workstation_type_code=, status=}]]>
              </value>
            </param>
            <param index="3">
              <value>
                <![CDATA[{workstation_type_description=data/workstation_type_description, is_active=data/is_active, errInfo=errInfo, department_type=data/department_type, workstation_type_code=data/workstation_type_code, activated_date=data/activated_date, workstation_type_id=data/workstation_type_id, status=status}]]>
              </value>
            </param>
          </params>
          <reporter-output>
          </reporter-output>
        </test-method> <!-- updateWorkstationT -->
        <test-method status="PASS" signature="updateWorkstation(java.lang.String, org.json.JSONObject, java.util.Map, java.util.Map)[pri:2, instance:com.schemaxtech.testAutomationFrameworkTest.Workstation@4c70fda8]" name="updateWorkstation" duration-ms="179" started-at="2019-12-27T12:18:18Z" data-provider="sampleDataProvider" finished-at="2019-12-27T12:18:18Z">
          <params>
            <param index="0">
              <value>
                <![CDATA[TC_002]]>
              </value>
            </param>
            <param index="1">
              <value>
                <![CDATA[{"workstation_code":5,"section_code":"sec01","activated_date":"","workstation_id":"203c8164-4795-414e-a1be-0d937cb16dbb","isActive":"","workstation_description":"string","workstation_type_id":"ad336703-f3e3-4d6e-bcc4-0cd39c816de6","deactivated_date":""}]]>
              </value>
            </param>
            <param index="2">
              <value>
                <![CDATA[{workstation_id=, workstation_type_id=, status=false}]]>
              </value>
            </param>
            <param index="3">
              <value>
                <![CDATA[{workstation_code=data/workstation_code, section_code=data/section_code, workstation_id=data/workstation_id, workstation_description=data/workstation_description, workstation_type_id=data/workstation_type_id, status=status}]]>
              </value>
            </param>
          </params>
          <reporter-output>
          </reporter-output>
        </test-method> <!-- updateWorkstation -->
        <test-method status="FAIL" signature="updateWorkstation(java.lang.String, org.json.JSONObject, java.util.Map, java.util.Map)[pri:2, instance:com.schemaxtech.testAutomationFrameworkTest.Workstation@4c70fda8]" name="updateWorkstation" duration-ms="76" started-at="2019-12-27T12:18:18Z" data-provider="sampleDataProvider" finished-at="2019-12-27T12:18:18Z">
          <params>
            <param index="0">
              <value>
                <![CDATA[TC_003]]>
              </value>
            </param>
            <param index="1">
              <value>
                <![CDATA[{"workstation_code":6,"section_code":"sec1","activated_date":"","workstation_id":"f884a94f-0c94-48e5-ab8c-cb80acb9d0cf","isActive":"","workstation_description":"","workstation_type_id":"ad336703-f3e3-4d6e-bcc4-0cd39c816de6","deactivated_date":""}]]>
              </value>
            </param>
            <param index="2">
              <value>
                <![CDATA[{workstation_id=, workstation_type_id=, status=true}]]>
              </value>
            </param>
            <param index="3">
              <value>
                <![CDATA[{workstation_code=data/workstation_code, section_code=data/section_code, workstation_id=data/workstation_id, workstation_description=data/workstation_description, workstation_type_id=data/workstation_type_id, status=status}]]>
              </value>
            </param>
          </params>
          <exception class="java.lang.AssertionError">
            <message>
              <![CDATA[Verification of 'status' with value 'true' in response json failed expected [true] but found [false]]]>
            </message>
            <full-stacktrace>
              <![CDATA[java.lang.AssertionError: Verification of 'status' with value 'true' in response json failed expected [true] but found [false]at org.testng.Assert.fail(Assert.java:96)at org.testng.Assert.failNotEquals(Assert.java:776)at org.testng.Assert.assertEqualsImpl(Assert.java:137)at org.testng.Assert.assertEquals(Assert.java:118)at com.schemaxtech.testAutomationFramework.TestAutomationUtil.verifyResponse(TestAutomationUtil.java:338)at com.schemaxtech.testAutomationFrameworkTest.Workstation.updateWorkstation(Workstation.java:89)at sun.reflect.NativeMethodAccessorImpl.invoke0(Native Method)at sun.reflect.NativeMethodAccessorImpl.invoke(NativeMethodAccessorImpl.java:62)at sun.reflect.DelegatingMethodAccessorImpl.invoke(DelegatingMethodAccessorImpl.java:43)at java.lang.reflect.Method.invoke(Method.java:498)at org.testng.internal.MethodInvocationHelper.invokeMethod(MethodInvocationHelper.java:124)at org.testng.internal.Invoker.invokeMethod(Invoker.java:571)at org.testng.internal.Invoker.invokeTestMethod(Invoker.java:707)at org.testng.internal.Invoker.invokeTestMethods(Invoker.java:979)at org.testng.internal.TestMethodWorker.invokeTestMethods(TestMethodWorker.java:125)at org.testng.internal.TestMethodWorker.run(TestMethodWorker.java:109)at java.util.concurrent.ThreadPoolExecutor.runWorker(ThreadPoolExecutor.java:1149)at java.util.concurrent.ThreadPoolExecutor$Worker.run(ThreadPoolExecutor.java:624)at java.lang.Thread.run(Thread.java:748)]]>
            </full-stacktrace>
          </exception> <!-- java.lang.AssertionError -->
          <reporter-output>
          </reporter-output>
        </test-method> <!-- updateWorkstation -->
        <test-method status="PASS" signature="updateWorkstationT(java.lang.String, org.json.JSONObject, java.util.Map, java.util.Map)[pri:2, instance:com.schemaxtech.testAutomationFrameworkTest.Workstation@4c70fda8]" name="updateWorkstationT" duration-ms="108" started-at="2019-12-27T12:18:18Z" data-provider="sampleDataProviderget" finished-at="2019-12-27T12:18:18Z">
          <params>
            <param index="0">
              <value>
                <![CDATA[Tc_002]]>
              </value>
            </param>
            <param index="1">
              <value>
                <![CDATA[{"workstation_type_description":"Testing3","department_type":"planning","workstation_type_code":"planning001"}]]>
              </value>
            </param>
            <param index="2">
              <value>
                <![CDATA[{errInfo=The workstation type doesnt exist, workstation_type_code=, status=}]]>
              </value>
            </param>
            <param index="3">
              <value>
                <![CDATA[{workstation_type_description=data/workstation_type_description, is_active=data/is_active, errInfo=errInfo, department_type=data/department_type, workstation_type_code=data/workstation_type_code, activated_date=data/activated_date, workstation_type_id=data/workstation_type_id, status=status}]]>
              </value>
            </param>
          </params>
          <reporter-output>
          </reporter-output>
        </test-method> <!-- updateWorkstationT -->
        <test-method status="FAIL" signature="updateWorkstation(java.lang.String, org.json.JSONObject, java.util.Map, java.util.Map)[pri:2, instance:com.schemaxtech.testAutomationFrameworkTest.Workstation@4c70fda8]" name="updateWorkstation" duration-ms="225" started-at="2019-12-27T12:18:18Z" data-provider="sampleDataProvider" finished-at="2019-12-27T12:18:18Z">
          <params>
            <param index="0">
              <value>
                <![CDATA[TC_004]]>
              </value>
            </param>
            <param index="1">
              <value>
                <![CDATA[{"workstation_code":6,"section_code":"sec1","activated_date":"","workstation_id":"f884a94f-0c94-48e5-ab8c-cb80acb9d0cf","isActive":"","workstation_description":"cutting6445try3","workstation_type_id":"","deactivated_date":""}]]>
              </value>
            </param>
            <param index="2">
              <value>
                <![CDATA[{workstation_id=, workstation_type_id=, status=true}]]>
              </value>
            </param>
            <param index="3">
              <value>
                <![CDATA[{workstation_code=data/workstation_code, section_code=data/section_code, workstation_id=data/workstation_id, workstation_description=data/workstation_description, workstation_type_id=data/workstation_type_id, status=status}]]>
              </value>
            </param>
          </params>
          <exception class="java.lang.AssertionError">
            <message>
              <![CDATA[Verification of 'status' with value 'true' in response json failed expected [true] but found [false]]]>
            </message>
            <full-stacktrace>
              <![CDATA[java.lang.AssertionError: Verification of 'status' with value 'true' in response json failed expected [true] but found [false]at org.testng.Assert.fail(Assert.java:96)at org.testng.Assert.failNotEquals(Assert.java:776)at org.testng.Assert.assertEqualsImpl(Assert.java:137)at org.testng.Assert.assertEquals(Assert.java:118)at com.schemaxtech.testAutomationFramework.TestAutomationUtil.verifyResponse(TestAutomationUtil.java:338)at com.schemaxtech.testAutomationFrameworkTest.Workstation.updateWorkstation(Workstation.java:89)at sun.reflect.NativeMethodAccessorImpl.invoke0(Native Method)at sun.reflect.NativeMethodAccessorImpl.invoke(NativeMethodAccessorImpl.java:62)at sun.reflect.DelegatingMethodAccessorImpl.invoke(DelegatingMethodAccessorImpl.java:43)at java.lang.reflect.Method.invoke(Method.java:498)at org.testng.internal.MethodInvocationHelper.invokeMethod(MethodInvocationHelper.java:124)at org.testng.internal.Invoker.invokeMethod(Invoker.java:571)at org.testng.internal.Invoker.invokeTestMethod(Invoker.java:707)at org.testng.internal.Invoker.invokeTestMethods(Invoker.java:979)at org.testng.internal.TestMethodWorker.invokeTestMethods(TestMethodWorker.java:125)at org.testng.internal.TestMethodWorker.run(TestMethodWorker.java:109)at java.util.concurrent.ThreadPoolExecutor.runWorker(ThreadPoolExecutor.java:1149)at java.util.concurrent.ThreadPoolExecutor$Worker.run(ThreadPoolExecutor.java:624)at java.lang.Thread.run(Thread.java:748)]]>
            </full-stacktrace>
          </exception> <!-- java.lang.AssertionError -->
          <reporter-output>
          </reporter-output>
        </test-method> <!-- updateWorkstation -->
        <test-method status="PASS" signature="updateWorkstation(java.lang.String, org.json.JSONObject, java.util.Map, java.util.Map)[pri:2, instance:com.schemaxtech.testAutomationFrameworkTest.Workstation@4c70fda8]" name="updateWorkstation" duration-ms="76" started-at="2019-12-27T12:18:18Z" data-provider="sampleDataProvider" finished-at="2019-12-27T12:18:18Z">
          <params>
            <param index="0">
              <value>
                <![CDATA[TC_005]]>
              </value>
            </param>
            <param index="1">
              <value>
                <![CDATA[{"workstation_code":26,"section_code":"","activated_date":"","workstation_id":"dbc66a82-5361-4eb4-9d98-f7c612286778","isActive":"","workstation_description":"cutting6445try3","workstation_type_id":"ad336703-f3e3-4d6e-bcc4-0cd39c816de6","deactivated_date":""}]]>
              </value>
            </param>
            <param index="2">
              <value>
                <![CDATA[{workstation_id=, workstation_type_id=, status=false}]]>
              </value>
            </param>
            <param index="3">
              <value>
                <![CDATA[{workstation_code=data/workstation_code, section_code=data/section_code, workstation_id=data/workstation_id, workstation_description=data/workstation_description, workstation_type_id=data/workstation_type_id, status=status}]]>
              </value>
            </param>
          </params>
          <reporter-output>
          </reporter-output>
        </test-method> <!-- updateWorkstation -->
        <test-method status="PASS" signature="updateWorkstation(java.lang.String, org.json.JSONObject, java.util.Map, java.util.Map)[pri:2, instance:com.schemaxtech.testAutomationFrameworkTest.Workstation@4c70fda8]" name="updateWorkstation" duration-ms="94" started-at="2019-12-27T12:18:18Z" data-provider="sampleDataProvider" finished-at="2019-12-27T12:18:18Z">
          <params>
            <param index="0">
              <value>
                <![CDATA[TC_006]]>
              </value>
            </param>
            <param index="1">
              <value>
                <![CDATA[{"workstation_code":26,"section_code":"P12345","activated_date":"","workstation_id":"","isActive":"","workstation_description":"cutting6445try3876","workstation_type_id":"ad336703-f3e3-4d6e-bcc4-0cd39c816de6","deactivated_date":""}]]>
              </value>
            </param>
            <param index="2">
              <value>
                <![CDATA[{workstation_id=, workstation_type_id=, status=false}]]>
              </value>
            </param>
            <param index="3">
              <value>
                <![CDATA[{workstation_code=data/workstation_code, section_code=data/section_code, workstation_id=data/workstation_id, workstation_description=data/workstation_description, workstation_type_id=data/workstation_type_id, status=status}]]>
              </value>
            </param>
          </params>
          <reporter-output>
          </reporter-output>
        </test-method> <!-- updateWorkstation -->
        <test-method status="FAIL" signature="updateWorkstation(java.lang.String, org.json.JSONObject, java.util.Map, java.util.Map)[pri:2, instance:com.schemaxtech.testAutomationFrameworkTest.Workstation@4c70fda8]" name="updateWorkstation" duration-ms="60" started-at="2019-12-27T12:18:18Z" data-provider="sampleDataProvider" finished-at="2019-12-27T12:18:18Z">
          <params>
            <param index="0">
              <value>
                <![CDATA[TC_007]]>
              </value>
            </param>
            <param index="1">
              <value>
                <![CDATA[{"workstation_code":6,"section_code":"sec1","activated_date":"","workstation_id":"f884a94f-0c94-48e5-ab8c-cb80acb9d0cf","isActive":"","workstation_description":"cutting6445try3","workstation_type_id":"bc06c472-e364-4852-89dd","deactivated_date":""}]]>
              </value>
            </param>
            <param index="2">
              <value>
                <![CDATA[{workstation_id=, workstation_type_id=, status=true}]]>
              </value>
            </param>
            <param index="3">
              <value>
                <![CDATA[{workstation_code=data/workstation_code, section_code=data/section_code, workstation_id=data/workstation_id, workstation_description=data/workstation_description, workstation_type_id=data/workstation_type_id, status=status}]]>
              </value>
            </param>
          </params>
          <exception class="java.lang.AssertionError">
            <message>
              <![CDATA[Verification of 'status' with value 'true' in response json failed expected [true] but found [false]]]>
            </message>
            <full-stacktrace>
              <![CDATA[java.lang.AssertionError: Verification of 'status' with value 'true' in response json failed expected [true] but found [false]at org.testng.Assert.fail(Assert.java:96)at org.testng.Assert.failNotEquals(Assert.java:776)at org.testng.Assert.assertEqualsImpl(Assert.java:137)at org.testng.Assert.assertEquals(Assert.java:118)at com.schemaxtech.testAutomationFramework.TestAutomationUtil.verifyResponse(TestAutomationUtil.java:338)at com.schemaxtech.testAutomationFrameworkTest.Workstation.updateWorkstation(Workstation.java:89)at sun.reflect.NativeMethodAccessorImpl.invoke0(Native Method)at sun.reflect.NativeMethodAccessorImpl.invoke(NativeMethodAccessorImpl.java:62)at sun.reflect.DelegatingMethodAccessorImpl.invoke(DelegatingMethodAccessorImpl.java:43)at java.lang.reflect.Method.invoke(Method.java:498)at org.testng.internal.MethodInvocationHelper.invokeMethod(MethodInvocationHelper.java:124)at org.testng.internal.Invoker.invokeMethod(Invoker.java:571)at org.testng.internal.Invoker.invokeTestMethod(Invoker.java:707)at org.testng.internal.Invoker.invokeTestMethods(Invoker.java:979)at org.testng.internal.TestMethodWorker.invokeTestMethods(TestMethodWorker.java:125)at org.testng.internal.TestMethodWorker.run(TestMethodWorker.java:109)at java.util.concurrent.ThreadPoolExecutor.runWorker(ThreadPoolExecutor.java:1149)at java.util.concurrent.ThreadPoolExecutor$Worker.run(ThreadPoolExecutor.java:624)at java.lang.Thread.run(Thread.java:748)]]>
            </full-stacktrace>
          </exception> <!-- java.lang.AssertionError -->
          <reporter-output>
          </reporter-output>
        </test-method> <!-- updateWorkstation -->
        <test-method status="PASS" signature="updateWorkstation(java.lang.String, org.json.JSONObject, java.util.Map, java.util.Map)[pri:2, instance:com.schemaxtech.testAutomationFrameworkTest.Workstation@4c70fda8]" name="updateWorkstation" duration-ms="45" started-at="2019-12-27T12:18:18Z" data-provider="sampleDataProvider" finished-at="2019-12-27T12:18:19Z">
          <params>
            <param index="0">
              <value>
                <![CDATA[TC_008]]>
              </value>
            </param>
            <param index="1">
              <value>
                <![CDATA[{"workstation_code":67,"section_code":"sec1","activated_date":"","workstation_id":"f884a94f-0c94-48e5-ab8c-cb80acb9d0cf","isActive":"","workstation_description":"cutting6445try3","workstation_type_id":"ad336703-f3e3-4d6e-bcc4-0cd39c816de6","deactivated_date":""}]]>
              </value>
            </param>
            <param index="2">
              <value>
                <![CDATA[{workstation_id=, workstation_type_id=, status=false}]]>
              </value>
            </param>
            <param index="3">
              <value>
                <![CDATA[{workstation_code=data/workstation_code, section_code=data/section_code, workstation_id=data/workstation_id, workstation_description=data/workstation_description, workstation_type_id=data/workstation_type_id, status=status}]]>
              </value>
            </param>
          </params>
          <reporter-output>
          </reporter-output>
        </test-method> <!-- updateWorkstation -->
        <test-method status="FAIL" signature="updateWorkstation(java.lang.String, org.json.JSONObject, java.util.Map, java.util.Map)[pri:2, instance:com.schemaxtech.testAutomationFrameworkTest.Workstation@4c70fda8]" name="updateWorkstation" duration-ms="136" started-at="2019-12-27T12:18:19Z" data-provider="sampleDataProvider" finished-at="2019-12-27T12:18:19Z">
          <params>
            <param index="0">
              <value>
                <![CDATA[TC_009]]>
              </value>
            </param>
            <param index="1">
              <value>
                <![CDATA[{"workstation_code":6,"section_code":"sec16","activated_date":"","workstation_id":"f884a94f-0c94-48e5-ab8c-cb80acb9d0cf","isActive":"","workstation_description":"cutting6445try3","workstation_type_id":"ad336703-f3e3-4d6e-bcc4-0cd39c816de6","deactivated_date":""}]]>
              </value>
            </param>
            <param index="2">
              <value>
                <![CDATA[{workstation_id=, workstation_type_id=, status=true}]]>
              </value>
            </param>
            <param index="3">
              <value>
                <![CDATA[{workstation_code=data/workstation_code, section_code=data/section_code, workstation_id=data/workstation_id, workstation_description=data/workstation_description, workstation_type_id=data/workstation_type_id, status=status}]]>
              </value>
            </param>
          </params>
          <exception class="java.lang.AssertionError">
            <message>
              <![CDATA[Verification of 'status' with value 'true' in response json failed expected [true] but found [false]]]>
            </message>
            <full-stacktrace>
              <![CDATA[java.lang.AssertionError: Verification of 'status' with value 'true' in response json failed expected [true] but found [false]at org.testng.Assert.fail(Assert.java:96)at org.testng.Assert.failNotEquals(Assert.java:776)at org.testng.Assert.assertEqualsImpl(Assert.java:137)at org.testng.Assert.assertEquals(Assert.java:118)at com.schemaxtech.testAutomationFramework.TestAutomationUtil.verifyResponse(TestAutomationUtil.java:338)at com.schemaxtech.testAutomationFrameworkTest.Workstation.updateWorkstation(Workstation.java:89)at sun.reflect.NativeMethodAccessorImpl.invoke0(Native Method)at sun.reflect.NativeMethodAccessorImpl.invoke(NativeMethodAccessorImpl.java:62)at sun.reflect.DelegatingMethodAccessorImpl.invoke(DelegatingMethodAccessorImpl.java:43)at java.lang.reflect.Method.invoke(Method.java:498)at org.testng.internal.MethodInvocationHelper.invokeMethod(MethodInvocationHelper.java:124)at org.testng.internal.Invoker.invokeMethod(Invoker.java:571)at org.testng.internal.Invoker.invokeTestMethod(Invoker.java:707)at org.testng.internal.Invoker.invokeTestMethods(Invoker.java:979)at org.testng.internal.TestMethodWorker.invokeTestMethods(TestMethodWorker.java:125)at org.testng.internal.TestMethodWorker.run(TestMethodWorker.java:109)at java.util.concurrent.ThreadPoolExecutor.runWorker(ThreadPoolExecutor.java:1149)at java.util.concurrent.ThreadPoolExecutor$Worker.run(ThreadPoolExecutor.java:624)at java.lang.Thread.run(Thread.java:748)]]>
            </full-stacktrace>
          </exception> <!-- java.lang.AssertionError -->
          <reporter-output>
          </reporter-output>
        </test-method> <!-- updateWorkstation -->
        <test-method status="FAIL" signature="getWorkstationByWorkstaioncode(java.lang.String, org.json.JSONObject, java.util.Map, java.util.Map)[pri:3, instance:com.schemaxtech.testAutomationFrameworkTest.Workstation@4c70fda8]" name="getWorkstationByWorkstaioncode" duration-ms="60" started-at="2019-12-27T12:18:19Z" data-provider="sampleDataProvider" finished-at="2019-12-27T12:18:19Z">
          <params>
            <param index="0">
              <value>
                <![CDATA[TC_001]]>
              </value>
            </param>
            <param index="1">
              <value>
                <![CDATA[{"workstation_id":"983dc0e1-12d4-456e-a8ac-7e0125fd7966"}]]>
              </value>
            </param>
            <param index="2">
              <value>
                <![CDATA[{status=true}]]>
              </value>
            </param>
            <param index="3">
              <value>
                <![CDATA[{workstation_code=data/workstation_code, activated_date=data/activated_date, section_code=data/section_code, workstation_id=data/workstation_id, isActive=isActive, workstation_description=data/workstation_description, deactivated_date=data/deactivated_date, workstation_type_id=data/workstation_type_id, status=status}]]>
              </value>
            </param>
          </params>
          <exception class="java.lang.AssertionError">
            <message>
              <![CDATA[Verification of 'status' with value 'true' in response json failed expected [true] but found [false]]]>
            </message>
            <full-stacktrace>
              <![CDATA[java.lang.AssertionError: Verification of 'status' with value 'true' in response json failed expected [true] but found [false]at org.testng.Assert.fail(Assert.java:96)at org.testng.Assert.failNotEquals(Assert.java:776)at org.testng.Assert.assertEqualsImpl(Assert.java:137)at org.testng.Assert.assertEquals(Assert.java:118)at com.schemaxtech.testAutomationFramework.TestAutomationUtil.verifyResponse(TestAutomationUtil.java:338)at com.schemaxtech.testAutomationFrameworkTest.Workstation.getWorkstationByWorkstaioncode(Workstation.java:79)at sun.reflect.NativeMethodAccessorImpl.invoke0(Native Method)at sun.reflect.NativeMethodAccessorImpl.invoke(NativeMethodAccessorImpl.java:62)at sun.reflect.DelegatingMethodAccessorImpl.invoke(DelegatingMethodAccessorImpl.java:43)at java.lang.reflect.Method.invoke(Method.java:498)at org.testng.internal.MethodInvocationHelper.invokeMethod(MethodInvocationHelper.java:124)at org.testng.internal.Invoker.invokeMethod(Invoker.java:571)at org.testng.internal.Invoker.invokeTestMethod(Invoker.java:707)at org.testng.internal.Invoker.invokeTestMethods(Invoker.java:979)at org.testng.internal.TestMethodWorker.invokeTestMethods(TestMethodWorker.java:125)at org.testng.internal.TestMethodWorker.run(TestMethodWorker.java:109)at java.util.concurrent.ThreadPoolExecutor.runWorker(ThreadPoolExecutor.java:1149)at java.util.concurrent.ThreadPoolExecutor$Worker.run(ThreadPoolExecutor.java:624)at java.lang.Thread.run(Thread.java:748)]]>
            </full-stacktrace>
          </exception> <!-- java.lang.AssertionError -->
          <reporter-output>
          </reporter-output>
        </test-method> <!-- getWorkstationByWorkstaioncode -->
        <test-method status="FAIL" signature="createWtom(java.lang.String, org.json.JSONObject, java.util.Map, java.util.Map)[pri:3, instance:com.schemaxtech.testAutomationFrameworkTest.Workstation@4c70fda8]" name="createWtom" duration-ms="52" started-at="2019-12-27T12:18:19Z" data-provider="sampleDataProviderget" finished-at="2019-12-27T12:18:19Z">
          <params>
            <param index="0">
              <value>
                <![CDATA[Tc_001]]>
              </value>
            </param>
            <param index="1">
              <value>
                <![CDATA[{"operation_code":["10","15"]}]]>
              </value>
            </param>
            <param index="2">
              <value>
                <![CDATA[{status=true}]]>
              </value>
            </param>
            <param index="3">
              <value>
                <![CDATA[{errInfo=errInfo, workstation_type_id=data/workstation_type_id, status=status}]]>
              </value>
            </param>
          </params>
          <exception class="java.lang.AssertionError">
            <message>
              <![CDATA[Verification of 'status' with value 'true' in response json failed expected [true] but found [false]]]>
            </message>
            <full-stacktrace>
              <![CDATA[java.lang.AssertionError: Verification of 'status' with value 'true' in response json failed expected [true] but found [false]at org.testng.Assert.fail(Assert.java:96)at org.testng.Assert.failNotEquals(Assert.java:776)at org.testng.Assert.assertEqualsImpl(Assert.java:137)at org.testng.Assert.assertEquals(Assert.java:118)at com.schemaxtech.testAutomationFramework.TestAutomationUtil.verifyResponse(TestAutomationUtil.java:338)at com.schemaxtech.testAutomationFrameworkTest.WorkstationT.createWtom(WorkstationT.java:120)at sun.reflect.NativeMethodAccessorImpl.invoke0(Native Method)at sun.reflect.NativeMethodAccessorImpl.invoke(NativeMethodAccessorImpl.java:62)at sun.reflect.DelegatingMethodAccessorImpl.invoke(DelegatingMethodAccessorImpl.java:43)at java.lang.reflect.Method.invoke(Method.java:498)at org.testng.internal.MethodInvocationHelper.invokeMethod(MethodInvocationHelper.java:124)at org.testng.internal.Invoker.invokeMethod(Invoker.java:571)at org.testng.internal.Invoker.invokeTestMethod(Invoker.java:707)at org.testng.internal.Invoker.invokeTestMethods(Invoker.java:979)at org.testng.internal.TestMethodWorker.invokeTestMethods(TestMethodWorker.java:125)at org.testng.internal.TestMethodWorker.run(TestMethodWorker.java:109)at java.util.concurrent.ThreadPoolExecutor.runWorker(ThreadPoolExecutor.java:1149)at java.util.concurrent.ThreadPoolExecutor$Worker.run(ThreadPoolExecutor.java:624)at java.lang.Thread.run(Thread.java:748)]]>
            </full-stacktrace>
          </exception> <!-- java.lang.AssertionError -->
          <reporter-output>
          </reporter-output>
        </test-method> <!-- createWtom -->
        <test-method status="PASS" signature="getWorkstationByWorkstaioncode(java.lang.String, org.json.JSONObject, java.util.Map, java.util.Map)[pri:3, instance:com.schemaxtech.testAutomationFrameworkTest.Workstation@4c70fda8]" name="getWorkstationByWorkstaioncode" duration-ms="106" started-at="2019-12-27T12:18:19Z" data-provider="sampleDataProvider" finished-at="2019-12-27T12:18:19Z">
          <params>
            <param index="0">
              <value>
                <![CDATA[TC_002]]>
              </value>
            </param>
            <param index="1">
              <value>
                <![CDATA[{"workstation_id":"f884a94f-0c94-48e5-ab8c-cb80ac"}]]>
              </value>
            </param>
            <param index="2">
              <value>
                <![CDATA[{status=false}]]>
              </value>
            </param>
            <param index="3">
              <value>
                <![CDATA[{workstation_code=data/workstation_code, activated_date=data/activated_date, section_code=data/section_code, workstation_id=data/workstation_id, isActive=isActive, workstation_description=data/workstation_description, deactivated_date=data/deactivated_date, workstation_type_id=data/workstation_type_id, status=status}]]>
              </value>
            </param>
          </params>
          <reporter-output>
          </reporter-output>
        </test-method> <!-- getWorkstationByWorkstaioncode -->
        <test-method status="FAIL" signature="createWtom(java.lang.String, org.json.JSONObject, java.util.Map, java.util.Map)[pri:3, instance:com.schemaxtech.testAutomationFrameworkTest.Workstation@4c70fda8]" name="createWtom" duration-ms="87" started-at="2019-12-27T12:18:19Z" data-provider="sampleDataProviderget" finished-at="2019-12-27T12:18:19Z">
          <params>
            <param index="0">
              <value>
                <![CDATA[Tc_002]]>
              </value>
            </param>
            <param index="1">
              <value>
                <![CDATA[{"operation_code":["10"]}]]>
              </value>
            </param>
            <param index="2">
              <value>
                <![CDATA[{status=true}]]>
              </value>
            </param>
            <param index="3">
              <value>
                <![CDATA[{errInfo=errInfo, workstation_type_id=data/workstation_type_id, status=status}]]>
              </value>
            </param>
          </params>
          <exception class="java.lang.AssertionError">
            <message>
              <![CDATA[Verification of 'status' with value 'true' in response json failed expected [true] but found [false]]]>
            </message>
            <full-stacktrace>
              <![CDATA[java.lang.AssertionError: Verification of 'status' with value 'true' in response json failed expected [true] but found [false]at org.testng.Assert.fail(Assert.java:96)at org.testng.Assert.failNotEquals(Assert.java:776)at org.testng.Assert.assertEqualsImpl(Assert.java:137)at org.testng.Assert.assertEquals(Assert.java:118)at com.schemaxtech.testAutomationFramework.TestAutomationUtil.verifyResponse(TestAutomationUtil.java:338)at com.schemaxtech.testAutomationFrameworkTest.WorkstationT.createWtom(WorkstationT.java:120)at sun.reflect.NativeMethodAccessorImpl.invoke0(Native Method)at sun.reflect.NativeMethodAccessorImpl.invoke(NativeMethodAccessorImpl.java:62)at sun.reflect.DelegatingMethodAccessorImpl.invoke(DelegatingMethodAccessorImpl.java:43)at java.lang.reflect.Method.invoke(Method.java:498)at org.testng.internal.MethodInvocationHelper.invokeMethod(MethodInvocationHelper.java:124)at org.testng.internal.Invoker.invokeMethod(Invoker.java:571)at org.testng.internal.Invoker.invokeTestMethod(Invoker.java:707)at org.testng.internal.Invoker.invokeTestMethods(Invoker.java:979)at org.testng.internal.TestMethodWorker.invokeTestMethods(TestMethodWorker.java:125)at org.testng.internal.TestMethodWorker.run(TestMethodWorker.java:109)at java.util.concurrent.ThreadPoolExecutor.runWorker(ThreadPoolExecutor.java:1149)at java.util.concurrent.ThreadPoolExecutor$Worker.run(ThreadPoolExecutor.java:624)at java.lang.Thread.run(Thread.java:748)]]>
            </full-stacktrace>
          </exception> <!-- java.lang.AssertionError -->
          <reporter-output>
          </reporter-output>
        </test-method> <!-- createWtom -->
        <test-method status="FAIL" signature="deActivateWorkstation(java.lang.String, org.json.JSONObject, java.util.Map, java.util.Map)[pri:4, instance:com.schemaxtech.testAutomationFrameworkTest.Workstation@4c70fda8]" name="deActivateWorkstation" duration-ms="60" started-at="2019-12-27T12:18:19Z" data-provider="sampleDataProvider" finished-at="2019-12-27T12:18:19Z">
          <params>
            <param index="0">
              <value>
                <![CDATA[TC_001]]>
              </value>
            </param>
            <param index="1">
              <value>
                <![CDATA[{"workstation_id":"fe42f216-9961-41e3-a598-c4460e037a94"}]]>
              </value>
            </param>
            <param index="2">
              <value>
                <![CDATA[{errorInfo=, status=true}]]>
              </value>
            </param>
            <param index="3">
              <value>
                <![CDATA[{errorInfo=errorInfo, status=status}]]>
              </value>
            </param>
          </params>
          <exception class="java.lang.AssertionError">
            <message>
              <![CDATA[Verification of 'status' with value 'true' in response json failed expected [true] but found [false]]]>
            </message>
            <full-stacktrace>
              <![CDATA[java.lang.AssertionError: Verification of 'status' with value 'true' in response json failed expected [true] but found [false]at org.testng.Assert.fail(Assert.java:96)at org.testng.Assert.failNotEquals(Assert.java:776)at org.testng.Assert.assertEqualsImpl(Assert.java:137)at org.testng.Assert.assertEquals(Assert.java:118)at com.schemaxtech.testAutomationFramework.TestAutomationUtil.verifyResponse(TestAutomationUtil.java:338)at com.schemaxtech.testAutomationFrameworkTest.Workstation.deActivateWorkstation(Workstation.java:100)at sun.reflect.NativeMethodAccessorImpl.invoke0(Native Method)at sun.reflect.NativeMethodAccessorImpl.invoke(NativeMethodAccessorImpl.java:62)at sun.reflect.DelegatingMethodAccessorImpl.invoke(DelegatingMethodAccessorImpl.java:43)at java.lang.reflect.Method.invoke(Method.java:498)at org.testng.internal.MethodInvocationHelper.invokeMethod(MethodInvocationHelper.java:124)at org.testng.internal.Invoker.invokeMethod(Invoker.java:571)at org.testng.internal.Invoker.invokeTestMethod(Invoker.java:707)at org.testng.internal.Invoker.invokeTestMethods(Invoker.java:979)at org.testng.internal.TestMethodWorker.invokeTestMethods(TestMethodWorker.java:125)at org.testng.internal.TestMethodWorker.run(TestMethodWorker.java:109)at java.util.concurrent.ThreadPoolExecutor.runWorker(ThreadPoolExecutor.java:1149)at java.util.concurrent.ThreadPoolExecutor$Worker.run(ThreadPoolExecutor.java:624)at java.lang.Thread.run(Thread.java:748)]]>
            </full-stacktrace>
          </exception> <!-- java.lang.AssertionError -->
          <reporter-output>
          </reporter-output>
        </test-method> <!-- deActivateWorkstation -->
        <test-method status="FAIL" signature="deActivateWorkstation(java.lang.String, org.json.JSONObject, java.util.Map, java.util.Map)[pri:4, instance:com.schemaxtech.testAutomationFrameworkTest.Workstation@4c70fda8]" name="deActivateWorkstation" duration-ms="74" started-at="2019-12-27T12:18:19Z" data-provider="sampleDataProvider" finished-at="2019-12-27T12:18:19Z">
          <params>
            <param index="0">
              <value>
                <![CDATA[TC_002]]>
              </value>
            </param>
            <param index="1">
              <value>
                <![CDATA[{"workstation_id":"f884a94f-0c94-48e5-ab8c"}]]>
              </value>
            </param>
            <param index="2">
              <value>
                <![CDATA[{errorInfo=Workstation not found., status=false}]]>
              </value>
            </param>
            <param index="3">
              <value>
                <![CDATA[{errorInfo=errorInfo, status=status}]]>
              </value>
            </param>
          </params>
          <exception class="java.lang.NullPointerException">
            <full-stacktrace>
              <![CDATA[java.lang.NullPointerExceptionat com.schemaxtech.testAutomationFramework.TestAutomationUtil.verifyResponse(TestAutomationUtil.java:323)at com.schemaxtech.testAutomationFrameworkTest.Workstation.deActivateWorkstation(Workstation.java:100)at sun.reflect.NativeMethodAccessorImpl.invoke0(Native Method)at sun.reflect.NativeMethodAccessorImpl.invoke(NativeMethodAccessorImpl.java:62)at sun.reflect.DelegatingMethodAccessorImpl.invoke(DelegatingMethodAccessorImpl.java:43)at java.lang.reflect.Method.invoke(Method.java:498)at org.testng.internal.MethodInvocationHelper.invokeMethod(MethodInvocationHelper.java:124)at org.testng.internal.Invoker.invokeMethod(Invoker.java:571)at org.testng.internal.Invoker.invokeTestMethod(Invoker.java:707)at org.testng.internal.Invoker.invokeTestMethods(Invoker.java:979)at org.testng.internal.TestMethodWorker.invokeTestMethods(TestMethodWorker.java:125)at org.testng.internal.TestMethodWorker.run(TestMethodWorker.java:109)at java.util.concurrent.ThreadPoolExecutor.runWorker(ThreadPoolExecutor.java:1149)at java.util.concurrent.ThreadPoolExecutor$Worker.run(ThreadPoolExecutor.java:624)at java.lang.Thread.run(Thread.java:748)]]>
            </full-stacktrace>
          </exception> <!-- java.lang.NullPointerException -->
          <reporter-output>
          </reporter-output>
        </test-method> <!-- deActivateWorkstation -->
      </class> <!-- com.schemaxtech.testAutomationFrameworkTest.Workstation -->
      <class name="com.schemaxtech.testAutomationFrameworkTest.PPS">
        <test-method status="PASS" signature="CreatePO(java.lang.String, org.json.JSONObject, java.util.Map, java.util.Map)[pri:1, instance:com.schemaxtech.testAutomationFrameworkTest.PPS@61832929]" name="CreatePO" duration-ms="286" started-at="2019-12-27T12:18:16Z" data-provider="sampleDataProviderget" finished-at="2019-12-27T12:18:17Z">
          <params>
            <param index="0">
              <value>
                <![CDATA[Tc_001]]>
              </value>
            </param>
            <param index="1">
              <value>
                <![CDATA[{"systematic_po":false,"po_description":"Test_po","master_po_type":"normal","moDetails":[{"z_feature_desc":"string","color":"string","destination":"string","mo_number":"string","z_code":"string","mo_status":"string","mo_quantity":0,"schedule":"string","vpo":"string","size":"string","order_quantity":0,"packing_method":"string","style":"string","operation_sequence":"string"}]}]]>
              </value>
            </param>
            <param index="2">
              <value>
                <![CDATA[{status=true}]]>
              </value>
            </param>
            <param index="3">
              <value>
                <![CDATA[{status=status}]]>
              </value>
            </param>
          </params>
          <reporter-output>
          </reporter-output>
        </test-method> <!-- CreatePO -->
        <test-method status="PASS" signature="getPo(java.lang.String, org.json.JSONObject, java.util.Map, java.util.Map)[pri:2, instance:com.schemaxtech.testAutomationFrameworkTest.PPS@61832929]" name="getPo" duration-ms="125" started-at="2019-12-27T12:18:18Z" data-provider="sampleDataProviderget" finished-at="2019-12-27T12:18:18Z">
          <params>
            <param index="0">
              <value>
                <![CDATA[Tc_001]]>
              </value>
            </param>
            <param index="1">
              <value>
                <![CDATA[{"master_po_number":"f1499541-e235-4c8b-bb50-b69a259eb42f"}]]>
              </value>
            </param>
            <param index="2">
              <value>
                <![CDATA[{errInfo=, status=true}]]>
              </value>
            </param>
            <param index="3">
              <value>
                <![CDATA[{errInfo=errInfo, master_po_number=data/master_po_number, status=status}]]>
              </value>
            </param>
          </params>
          <reporter-output>
          </reporter-output>
        </test-method> <!-- getPo -->
        <test-method status="FAIL" signature="productionOrderCreation(java.lang.String, org.json.JSONObject, java.util.Map, java.util.Map)[pri:4, instance:com.schemaxtech.testAutomationFrameworkTest.PPS@61832929]" name="productionOrderCreation" duration-ms="86" started-at="2019-12-27T12:18:19Z" data-provider="sampleDataProviderget" finished-at="2019-12-27T12:18:19Z">
          <params>
            <param index="0">
              <value>
                <![CDATA[Tc_001]]>
              </value>
            </param>
            <param index="1">
              <value>
                <![CDATA[{"po_details_size_quantities":[{"master_po_details_id":"496af74f-44ce-4f25-872f-75ce3e76d40a","quantity":0,"color":"string","size":"string","style":"string"}],"master_po_details_id":"496af74f-44ce-4f25-872f-75ce3e76d40a","master_po_number":"f1499541-e235-4c8b-bb50-b69a259eb42f","po_description":"string","reference_fg_color":"string","color_ratios":[{"master_po_details_id":"496af74f-44ce-4f25-872f-75ce3e76d40a","color":"string","style":"string","ratio":0}],"po_type":"Normal"}]]>
              </value>
            </param>
            <param index="2">
              <value>
                <![CDATA[{errInfo=, status=true}]]>
              </value>
            </param>
            <param index="3">
              <value>
                <![CDATA[{errInfo=errInfo, master_po_number=data/master_po_number, status=status}]]>
              </value>
            </param>
          </params>
          <exception class="java.lang.NullPointerException">
            <full-stacktrace>
              <![CDATA[java.lang.NullPointerExceptionat com.schemaxtech.testAutomationFramework.TestAutomationUtil.verifyResponse(TestAutomationUtil.java:323)at com.schemaxtech.testAutomationFrameworkTest.PPS.productionOrderCreation(PPS.java:331)at sun.reflect.NativeMethodAccessorImpl.invoke0(Native Method)at sun.reflect.NativeMethodAccessorImpl.invoke(NativeMethodAccessorImpl.java:62)at sun.reflect.DelegatingMethodAccessorImpl.invoke(DelegatingMethodAccessorImpl.java:43)at java.lang.reflect.Method.invoke(Method.java:498)at org.testng.internal.MethodInvocationHelper.invokeMethod(MethodInvocationHelper.java:124)at org.testng.internal.Invoker.invokeMethod(Invoker.java:571)at org.testng.internal.Invoker.invokeTestMethod(Invoker.java:707)at org.testng.internal.Invoker.invokeTestMethods(Invoker.java:979)at org.testng.internal.TestMethodWorker.invokeTestMethods(TestMethodWorker.java:125)at org.testng.internal.TestMethodWorker.run(TestMethodWorker.java:109)at java.util.concurrent.ThreadPoolExecutor.runWorker(ThreadPoolExecutor.java:1149)at java.util.concurrent.ThreadPoolExecutor$Worker.run(ThreadPoolExecutor.java:624)at java.lang.Thread.run(Thread.java:748)]]>
            </full-stacktrace>
          </exception> <!-- java.lang.NullPointerException -->
          <reporter-output>
          </reporter-output>
        </test-method> <!-- productionOrderCreation -->
        <test-method status="PASS" signature="updateProductionOrder(java.lang.String, org.json.JSONObject, java.util.Map, java.util.Map)[pri:5, instance:com.schemaxtech.testAutomationFrameworkTest.PPS@61832929]" name="updateProductionOrder" duration-ms="162" started-at="2019-12-27T12:18:19Z" data-provider="sampleDataProviderget" finished-at="2019-12-27T12:18:19Z">
          <params>
            <param index="0">
              <value>
                <![CDATA[Tc_001]]>
              </value>
            </param>
            <param index="1">
              <value>
                <![CDATA[{"po_details_size_quantities":[{"master_po_details_id":"496af74f-44ce-4f25-872f-75ce3e76d40a","style":"tshirt","quantity":"100","color":"R","size":"M"}],"master_po_number":"f1499541-e235-4c8b-bb50-b69a259eb42f","po_description":"string","reference_fg_color":"string","color_ratios":[{"master_po_details_id":"496af74f-44ce-4f25-872f-75ce3e76d40a","style":"shirt","color":"g","ratio":0}],"po_type":"Normal"}]]>
              </value>
            </param>
            <param index="2">
              <value>
                <![CDATA[{status=true}]]>
              </value>
            </param>
            <param index="3">
              <value>
                <![CDATA[{status=status}]]>
              </value>
            </param>
          </params>
          <reporter-output>
          </reporter-output>
        </test-method> <!-- updateProductionOrder -->
        <test-method status="PASS" signature="getMasterAndSubPoSizeWiseQuantitiesByMasterPo(java.lang.String, org.json.JSONObject, java.util.Map, java.util.Map)[pri:6, instance:com.schemaxtech.testAutomationFrameworkTest.PPS@61832929]" name="getMasterAndSubPoSizeWiseQuantitiesByMasterPo" duration-ms="64" started-at="2019-12-27T12:18:19Z" data-provider="sampleDataProviderget" finished-at="2019-12-27T12:18:19Z">
          <params>
            <param index="0">
              <value>
                <![CDATA[Tc_001]]>
              </value>
            </param>
            <param index="1">
              <value>
                <![CDATA[{"master_po_number":"f1499541-e235-4c8b-bb50-b69a259eb42f"}]]>
              </value>
            </param>
            <param index="2">
              <value>
                <![CDATA[{errInfo=, status=true}]]>
              </value>
            </param>
            <param index="3">
              <value>
                <![CDATA[{errInfo=errInfo, master_po_number=data/master_po_number, status=status}]]>
              </value>
            </param>
          </params>
          <reporter-output>
          </reporter-output>
        </test-method> <!-- getMasterAndSubPoSizeWiseQuantitiesByMasterPo -->
        <test-method status="PASS" signature="getMasterPoDetails(java.lang.String, org.json.JSONObject, java.util.Map, java.util.Map)[pri:7, instance:com.schemaxtech.testAutomationFrameworkTest.PPS@61832929]" name="getMasterPoDetails" duration-ms="75" started-at="2019-12-27T12:18:19Z" data-provider="sampleDataProviderget" finished-at="2019-12-27T12:18:19Z">
          <params>
            <param index="0">
              <value>
                <![CDATA[Tc_001]]>
              </value>
            </param>
            <param index="1">
              <value>
                <![CDATA[{"master_po_number":"f1499541-e235-4c8b-bb50-b69a259eb42f"}]]>
              </value>
            </param>
            <param index="2">
              <value>
                <![CDATA[{errInfo=, status=true}]]>
              </value>
            </param>
            <param index="3">
              <value>
                <![CDATA[{errInfo=errInfo, master_po_number=data/master_po_number, status=status}]]>
              </value>
            </param>
          </params>
          <reporter-output>
          </reporter-output>
        </test-method> <!-- getMasterPoDetails -->
        <test-method status="PASS" signature="getsubPoDetailsWithMasterPo(java.lang.String, org.json.JSONObject, java.util.Map, java.util.Map)[pri:8, instance:com.schemaxtech.testAutomationFrameworkTest.PPS@61832929]" name="getsubPoDetailsWithMasterPo" duration-ms="57" started-at="2019-12-27T12:18:19Z" data-provider="sampleDataProviderget" finished-at="2019-12-27T12:18:20Z">
          <params>
            <param index="0">
              <value>
                <![CDATA[Tc_001]]>
              </value>
            </param>
            <param index="1">
              <value>
                <![CDATA[{"master_po_number":"f1499541-e235-4c8b-bb50-b69a259eb42f"}]]>
              </value>
            </param>
            <param index="2">
              <value>
                <![CDATA[{errInfo=, status=true}]]>
              </value>
            </param>
            <param index="3">
              <value>
                <![CDATA[{errInfo=errInfo, master_po_number=data/master_po_number, status=status}]]>
              </value>
            </param>
          </params>
          <reporter-output>
          </reporter-output>
        </test-method> <!-- getsubPoDetailsWithMasterPo -->
        <test-method status="FAIL" signature="createSubProductionOrder(java.lang.String, org.json.JSONObject, java.util.Map, java.util.Map)[pri:9, instance:com.schemaxtech.testAutomationFrameworkTest.PPS@61832929]" name="createSubProductionOrder" duration-ms="61" started-at="2019-12-27T12:18:20Z" data-provider="sampleDataProviderget" finished-at="2019-12-27T12:18:20Z">
          <params>
            <param index="0">
              <value>
                <![CDATA[Tc_001]]>
              </value>
            </param>
            <param index="1">
              <value>
                <![CDATA[{"master_po_number":"f1499541-e235-4c8b-bb50-b69a259eb42f"}]]>
              </value>
            </param>
            <param index="2">
              <value>
                <![CDATA[{errInfo=, status=true}]]>
              </value>
            </param>
            <param index="3">
              <value>
                <![CDATA[{errInfo=errInfo, master_po_number=data/master_po_number, status=status}]]>
              </value>
            </param>
          </params>
          <exception class="java.lang.AssertionError">
            <message>
              <![CDATA[Verification of 'status' with value 'true' in response json failed expected [true] but found [false]]]>
            </message>
            <full-stacktrace>
              <![CDATA[java.lang.AssertionError: Verification of 'status' with value 'true' in response json failed expected [true] but found [false]at org.testng.Assert.fail(Assert.java:96)at org.testng.Assert.failNotEquals(Assert.java:776)at org.testng.Assert.assertEqualsImpl(Assert.java:137)at org.testng.Assert.assertEquals(Assert.java:118)at com.schemaxtech.testAutomationFramework.TestAutomationUtil.verifyResponse(TestAutomationUtil.java:338)at com.schemaxtech.testAutomationFrameworkTest.PPS.createSubProductionOrder(PPS.java:414)at sun.reflect.NativeMethodAccessorImpl.invoke0(Native Method)at sun.reflect.NativeMethodAccessorImpl.invoke(NativeMethodAccessorImpl.java:62)at sun.reflect.DelegatingMethodAccessorImpl.invoke(DelegatingMethodAccessorImpl.java:43)at java.lang.reflect.Method.invoke(Method.java:498)at org.testng.internal.MethodInvocationHelper.invokeMethod(MethodInvocationHelper.java:124)at org.testng.internal.Invoker.invokeMethod(Invoker.java:571)at org.testng.internal.Invoker.invokeTestMethod(Invoker.java:707)at org.testng.internal.Invoker.invokeTestMethods(Invoker.java:979)at org.testng.internal.TestMethodWorker.invokeTestMethods(TestMethodWorker.java:125)at org.testng.internal.TestMethodWorker.run(TestMethodWorker.java:109)at java.util.concurrent.ThreadPoolExecutor.runWorker(ThreadPoolExecutor.java:1149)at java.util.concurrent.ThreadPoolExecutor$Worker.run(ThreadPoolExecutor.java:624)at java.lang.Thread.run(Thread.java:748)]]>
            </full-stacktrace>
          </exception> <!-- java.lang.AssertionError -->
          <reporter-output>
          </reporter-output>
        </test-method> <!-- createSubProductionOrder -->
        <test-method status="PASS" signature="getMasterPoStyleColorsDetails(java.lang.String, org.json.JSONObject, java.util.Map, java.util.Map)[pri:9, instance:com.schemaxtech.testAutomationFrameworkTest.PPS@61832929]" name="getMasterPoStyleColorsDetails" duration-ms="66" started-at="2019-12-27T12:18:20Z" data-provider="sampleDataProviderget" finished-at="2019-12-27T12:18:20Z">
          <params>
            <param index="0">
              <value>
                <![CDATA[Tc_001]]>
              </value>
            </param>
            <param index="1">
              <value>
                <![CDATA[{"master_po_number":"f1499541-e235-4c8b-bb50-b69a259eb42f"}]]>
              </value>
            </param>
            <param index="2">
              <value>
                <![CDATA[{errInfo=, status=true}]]>
              </value>
            </param>
            <param index="3">
              <value>
                <![CDATA[{errInfo=errInfo, master_po_number=data/master_po_number, status=status}]]>
              </value>
            </param>
          </params>
          <reporter-output>
          </reporter-output>
        </test-method> <!-- getMasterPoStyleColorsDetails -->
      </class> <!-- com.schemaxtech.testAutomationFrameworkTest.PPS -->
      <class name="com.schemaxtech.testAutomationFrameworkTest.Reasons">
        <test-method status="FAIL" signature="createRe(java.lang.String, org.json.JSONObject, java.util.Map, java.util.Map)[pri:1, instance:com.schemaxtech.testAutomationFrameworkTest.Reasons@5b275dab]" name="createRe" duration-ms="142" started-at="2019-12-27T12:18:16Z" data-provider="sampleDataProviderget" finished-at="2019-12-27T12:18:17Z">
          <params>
            <param index="0">
              <value>
                <![CDATA[Tc_001]]>
              </value>
            </param>
            <param index="1">
              <value>
                <![CDATA[{"reason_code":"Rea401","reason_group":"Rejection","is_external":true,"reason_description":"sample","isActive":true,"department_type":"planning"}]]>
              </value>
            </param>
            <param index="2">
              <value>
                <![CDATA[{reason_code=Rea401, errInfo=, status=true}]]>
              </value>
            </param>
            <param index="3">
              <value>
                <![CDATA[{reason_code=data/reason_code, reason_group=data/reason_group, department_type=data/department_type/department_type, reason_description=data/reason_description, status=status, reason_id=data/reason_id}]]>
              </value>
            </param>
          </params>
          <exception class="java.lang.NullPointerException">
            <full-stacktrace>
              <![CDATA[java.lang.NullPointerExceptionat com.schemaxtech.testAutomationFramework.TestAutomationUtil.verifyResponse(TestAutomationUtil.java:323)at com.schemaxtech.testAutomationFrameworkTest.Reasons.createRe(Reasons.java:91)at sun.reflect.NativeMethodAccessorImpl.invoke0(Native Method)at sun.reflect.NativeMethodAccessorImpl.invoke(NativeMethodAccessorImpl.java:62)at sun.reflect.DelegatingMethodAccessorImpl.invoke(DelegatingMethodAccessorImpl.java:43)at java.lang.reflect.Method.invoke(Method.java:498)at org.testng.internal.MethodInvocationHelper.invokeMethod(MethodInvocationHelper.java:124)at org.testng.internal.Invoker.invokeMethod(Invoker.java:571)at org.testng.internal.Invoker.invokeTestMethod(Invoker.java:707)at org.testng.internal.Invoker.invokeTestMethods(Invoker.java:979)at org.testng.internal.TestMethodWorker.invokeTestMethods(TestMethodWorker.java:125)at org.testng.internal.TestMethodWorker.run(TestMethodWorker.java:109)at java.util.concurrent.ThreadPoolExecutor.runWorker(ThreadPoolExecutor.java:1149)at java.util.concurrent.ThreadPoolExecutor$Worker.run(ThreadPoolExecutor.java:624)at java.lang.Thread.run(Thread.java:748)]]>
            </full-stacktrace>
          </exception> <!-- java.lang.NullPointerException -->
          <reporter-output>
          </reporter-output>
        </test-method> <!-- createRe -->
        <test-method status="PASS" signature="createRe(java.lang.String, org.json.JSONObject, java.util.Map, java.util.Map)[pri:1, instance:com.schemaxtech.testAutomationFrameworkTest.Reasons@5b275dab]" name="createRe" duration-ms="55" started-at="2019-12-27T12:18:17Z" data-provider="sampleDataProviderget" finished-at="2019-12-27T12:18:17Z">
          <params>
            <param index="0">
              <value>
                <![CDATA[Tc_002]]>
              </value>
            </param>
            <param index="1">
              <value>
                <![CDATA[{"reason_code":"Test001401","reason_group":"Rejection","is_external":true,"reason_description":"sample","isActive":true,"department_type":""}]]>
              </value>
            </param>
            <param index="2">
              <value>
                <![CDATA[{reason_code=, errInfo=Error while creating Reason, status=false}]]>
              </value>
            </param>
            <param index="3">
              <value>
                <![CDATA[{reason_code=data/reason_code, reason_group=data/reason_group, department_type=data/department_type/department_type, reason_description=data/reason_description, status=status, reason_id=data/reason_id}]]>
              </value>
            </param>
          </params>
          <reporter-output>
          </reporter-output>
        </test-method> <!-- createRe -->
        <test-method status="PASS" signature="createRe(java.lang.String, org.json.JSONObject, java.util.Map, java.util.Map)[pri:1, instance:com.schemaxtech.testAutomationFrameworkTest.Reasons@5b275dab]" name="createRe" duration-ms="143" started-at="2019-12-27T12:18:17Z" data-provider="sampleDataProviderget" finished-at="2019-12-27T12:18:17Z">
          <params>
            <param index="0">
              <value>
                <![CDATA[Tc_003]]>
              </value>
            </param>
            <param index="1">
              <value>
                <![CDATA[{"reason_code":"Test001401","reason_group":"","is_external":true,"reason_description":"sample","isActive":true,"department_type":"Planning"}]]>
              </value>
            </param>
            <param index="2">
              <value>
                <![CDATA[{reason_code=, errInfo=Error while creating Reason, status=false}]]>
              </value>
            </param>
            <param index="3">
              <value>
                <![CDATA[{reason_code=data/reason_code, reason_group=data/reason_group, department_type=data/department_type/department_type, reason_description=data/reason_description, status=status, reason_id=data/reason_id}]]>
              </value>
            </param>
          </params>
          <reporter-output>
          </reporter-output>
        </test-method> <!-- createRe -->
        <test-method status="FAIL" signature="updateRe(java.lang.String, org.json.JSONObject, java.util.Map, java.util.Map)[pri:2, instance:com.schemaxtech.testAutomationFrameworkTest.Reasons@5b275dab]" name="updateRe" duration-ms="131" started-at="2019-12-27T12:18:18Z" data-provider="sampleDataProviderget" finished-at="2019-12-27T12:18:18Z">
          <params>
            <param index="0">
              <value>
                <![CDATA[Tc_001]]>
              </value>
            </param>
            <param index="1">
              <value>
                <![CDATA[{"reason_code":"test12","reason_group":"Rejection","reason_description":"test12","department_type":"planning","reason_id":"6c866024-b0c0-4dbc-bc69-c9b036eb8c28"}]]>
              </value>
            </param>
            <param index="2">
              <value>
                <![CDATA[{reason_code=test12, reason_group=Rejection, errInfo=, status=true}]]>
              </value>
            </param>
            <param index="3">
              <value>
                <![CDATA[{reason_code=data/reason_code, reason_group=data/reason_group, department_type=data/departmentType/department_type, is_external=data/is_external, reason_description=data/reason_description, isActive=data/isActive, reason_id=data/reason_id, status=status}]]>
              </value>
            </param>
          </params>
          <exception class="java.lang.NullPointerException">
            <full-stacktrace>
              <![CDATA[java.lang.NullPointerExceptionat com.schemaxtech.testAutomationFramework.TestAutomationUtil.verifyResponse(TestAutomationUtil.java:323)at com.schemaxtech.testAutomationFrameworkTest.Reasons.updateRe(Reasons.java:101)at sun.reflect.NativeMethodAccessorImpl.invoke0(Native Method)at sun.reflect.NativeMethodAccessorImpl.invoke(NativeMethodAccessorImpl.java:62)at sun.reflect.DelegatingMethodAccessorImpl.invoke(DelegatingMethodAccessorImpl.java:43)at java.lang.reflect.Method.invoke(Method.java:498)at org.testng.internal.MethodInvocationHelper.invokeMethod(MethodInvocationHelper.java:124)at org.testng.internal.Invoker.invokeMethod(Invoker.java:571)at org.testng.internal.Invoker.invokeTestMethod(Invoker.java:707)at org.testng.internal.Invoker.invokeTestMethods(Invoker.java:979)at org.testng.internal.TestMethodWorker.invokeTestMethods(TestMethodWorker.java:125)at org.testng.internal.TestMethodWorker.run(TestMethodWorker.java:109)at java.util.concurrent.ThreadPoolExecutor.runWorker(ThreadPoolExecutor.java:1149)at java.util.concurrent.ThreadPoolExecutor$Worker.run(ThreadPoolExecutor.java:624)at java.lang.Thread.run(Thread.java:748)]]>
            </full-stacktrace>
          </exception> <!-- java.lang.NullPointerException -->
          <reporter-output>
          </reporter-output>
        </test-method> <!-- updateRe -->
        <test-method status="PASS" signature="updateRe(java.lang.String, org.json.JSONObject, java.util.Map, java.util.Map)[pri:2, instance:com.schemaxtech.testAutomationFrameworkTest.Reasons@5b275dab]" name="updateRe" duration-ms="118" started-at="2019-12-27T12:18:18Z" data-provider="sampleDataProviderget" finished-at="2019-12-27T12:18:18Z">
          <params>
            <param index="0">
              <value>
                <![CDATA[Tc_002]]>
              </value>
            </param>
            <param index="1">
              <value>
                <![CDATA[{"reason_code":"test12345","reason_group":"Rejection","reason_description":"demo","department_type":"","reason_id":"6c866024-b0c0-4dbc-bc69-c9b036eb8c28"}]]>
              </value>
            </param>
            <param index="2">
              <value>
                <![CDATA[{reason_code=, reason_group=, errInfo=Error while updating Reason, status=false}]]>
              </value>
            </param>
            <param index="3">
              <value>
                <![CDATA[{reason_code=data/reason_code, reason_group=data/reason_group, department_type=data/departmentType/department_type, is_external=data/is_external, reason_description=data/reason_description, isActive=data/isActive, reason_id=data/reason_id, status=status}]]>
              </value>
            </param>
          </params>
          <reporter-output>
          </reporter-output>
        </test-method> <!-- updateRe -->
        <test-method status="PASS" signature="updateRe(java.lang.String, org.json.JSONObject, java.util.Map, java.util.Map)[pri:2, instance:com.schemaxtech.testAutomationFrameworkTest.Reasons@5b275dab]" name="updateRe" duration-ms="61" started-at="2019-12-27T12:18:18Z" data-provider="sampleDataProviderget" finished-at="2019-12-27T12:18:18Z">
          <params>
            <param index="0">
              <value>
                <![CDATA[Tc_003]]>
              </value>
            </param>
            <param index="1">
              <value>
                <![CDATA[{"reason_code":"","reason_group":"","reason_description":"","department_type":"planning","reason_id":""}]]>
              </value>
            </param>
            <param index="2">
              <value>
                <![CDATA[{reason_code=, reason_group=, errInfo=Reason Code for this department Type Already Exists!!!, status=false}]]>
              </value>
            </param>
            <param index="3">
              <value>
                <![CDATA[{reason_code=data/reason_code, reason_group=data/reason_group, department_type=data/departmentType/department_type, is_external=data/is_external, reason_description=data/reason_description, isActive=data/isActive, reason_id=data/reason_id, status=status}]]>
              </value>
            </param>
          </params>
          <reporter-output>
          </reporter-output>
        </test-method> <!-- updateRe -->
        <test-method status="FAIL" signature="deactRe(java.lang.String, org.json.JSONObject, java.util.Map, java.util.Map)[pri:3, instance:com.schemaxtech.testAutomationFrameworkTest.Reasons@5b275dab]" name="deactRe" duration-ms="92" started-at="2019-12-27T12:18:19Z" data-provider="sampleDataProviderget" finished-at="2019-12-27T12:18:19Z">
          <params>
            <param index="0">
              <value>
                <![CDATA[Tc_001]]>
              </value>
            </param>
            <param index="1">
              <value>
                <![CDATA[{"reason_id":"62c47dee-7bd4-486e-a396-6e5c8f120437"}]]>
              </value>
            </param>
            <param index="2">
              <value>
                <![CDATA[{errInfo=, status=true}]]>
              </value>
            </param>
            <param index="3">
              <value>
                <![CDATA[{reason_code=data/reason_code, reason_group=data/reason_group, department_type=data/departmentType/department_type, is_external=data/is_external, reason_description=data/reason_description, isActive=data/isActive, reason_id=data/reason_id, status=status}]]>
              </value>
            </param>
          </params>
          <exception class="java.lang.AssertionError">
            <message>
              <![CDATA[Verification of 'status' with value 'true' in response json failed expected [true] but found [false]]]>
            </message>
            <full-stacktrace>
              <![CDATA[java.lang.AssertionError: Verification of 'status' with value 'true' in response json failed expected [true] but found [false]at org.testng.Assert.fail(Assert.java:96)at org.testng.Assert.failNotEquals(Assert.java:776)at org.testng.Assert.assertEqualsImpl(Assert.java:137)at org.testng.Assert.assertEquals(Assert.java:118)at com.schemaxtech.testAutomationFramework.TestAutomationUtil.verifyResponse(TestAutomationUtil.java:338)at com.schemaxtech.testAutomationFrameworkTest.Reasons.deactRe(Reasons.java:111)at sun.reflect.NativeMethodAccessorImpl.invoke0(Native Method)at sun.reflect.NativeMethodAccessorImpl.invoke(NativeMethodAccessorImpl.java:62)at sun.reflect.DelegatingMethodAccessorImpl.invoke(DelegatingMethodAccessorImpl.java:43)at java.lang.reflect.Method.invoke(Method.java:498)at org.testng.internal.MethodInvocationHelper.invokeMethod(MethodInvocationHelper.java:124)at org.testng.internal.Invoker.invokeMethod(Invoker.java:571)at org.testng.internal.Invoker.invokeTestMethod(Invoker.java:707)at org.testng.internal.Invoker.invokeTestMethods(Invoker.java:979)at org.testng.internal.TestMethodWorker.invokeTestMethods(TestMethodWorker.java:125)at org.testng.internal.TestMethodWorker.run(TestMethodWorker.java:109)at java.util.concurrent.ThreadPoolExecutor.runWorker(ThreadPoolExecutor.java:1149)at java.util.concurrent.ThreadPoolExecutor$Worker.run(ThreadPoolExecutor.java:624)at java.lang.Thread.run(Thread.java:748)]]>
            </full-stacktrace>
          </exception> <!-- java.lang.AssertionError -->
          <reporter-output>
          </reporter-output>
        </test-method> <!-- deactRe -->
        <test-method status="PASS" signature="deactRe(java.lang.String, org.json.JSONObject, java.util.Map, java.util.Map)[pri:3, instance:com.schemaxtech.testAutomationFrameworkTest.Reasons@5b275dab]" name="deactRe" duration-ms="31" started-at="2019-12-27T12:18:19Z" data-provider="sampleDataProviderget" finished-at="2019-12-27T12:18:19Z">
          <params>
            <param index="0">
              <value>
                <![CDATA[Tc_002]]>
              </value>
            </param>
            <param index="1">
              <value>
                <![CDATA[{"reason_id":"62c47pee-7bd4-486e-a396-6e5c8f120437"}]]>
              </value>
            </param>
            <param index="2">
              <value>
                <![CDATA[{errInfo=Error while reatreaving Reasons, status=}]]>
              </value>
            </param>
            <param index="3">
              <value>
                <![CDATA[{reason_code=data/reason_code, reason_group=data/reason_group, department_type=data/departmentType/department_type, is_external=data/is_external, reason_description=data/reason_description, isActive=data/isActive, reason_id=data/reason_id, status=status}]]>
              </value>
            </param>
          </params>
          <reporter-output>
          </reporter-output>
        </test-method> <!-- deactRe -->
        <test-method status="FAIL" signature="getRe(java.lang.String, org.json.JSONObject, java.util.Map, java.util.Map)[pri:4, instance:com.schemaxtech.testAutomationFrameworkTest.Reasons@5b275dab]" name="getRe" duration-ms="63" started-at="2019-12-27T12:18:19Z" data-provider="sampleDataProviderget" finished-at="2019-12-27T12:18:19Z">
          <params>
            <param index="0">
              <value>
                <![CDATA[Tc_001]]>
              </value>
            </param>
            <param index="1">
              <value>
                <![CDATA[{"reason_id":"56934b65-4e94-4cbb-ba93-fe15cf5fc99d"}]]>
              </value>
            </param>
            <param index="2">
              <value>
                <![CDATA[{errInfo=, status=true}]]>
              </value>
            </param>
            <param index="3">
              <value>
                <![CDATA[{reason_code=data/reason_code, reason_group=data/reason_group, department_type=data/departmentType/department_type, is_external=data/is_external, reason_description=data/reason_description, isActive=data/isActive, reason_id=data/reason_id, status=status}]]>
              </value>
            </param>
          </params>
          <exception class="java.lang.AssertionError">
            <message>
              <![CDATA[Verification of 'status' with value 'true' in response json failed expected [true] but found [false]]]>
            </message>
            <full-stacktrace>
              <![CDATA[java.lang.AssertionError: Verification of 'status' with value 'true' in response json failed expected [true] but found [false]at org.testng.Assert.fail(Assert.java:96)at org.testng.Assert.failNotEquals(Assert.java:776)at org.testng.Assert.assertEqualsImpl(Assert.java:137)at org.testng.Assert.assertEquals(Assert.java:118)at com.schemaxtech.testAutomationFramework.TestAutomationUtil.verifyResponse(TestAutomationUtil.java:338)at com.schemaxtech.testAutomationFrameworkTest.Reasons.getRe(Reasons.java:121)at sun.reflect.NativeMethodAccessorImpl.invoke0(Native Method)at sun.reflect.NativeMethodAccessorImpl.invoke(NativeMethodAccessorImpl.java:62)at sun.reflect.DelegatingMethodAccessorImpl.invoke(DelegatingMethodAccessorImpl.java:43)at java.lang.reflect.Method.invoke(Method.java:498)at org.testng.internal.MethodInvocationHelper.invokeMethod(MethodInvocationHelper.java:124)at org.testng.internal.Invoker.invokeMethod(Invoker.java:571)at org.testng.internal.Invoker.invokeTestMethod(Invoker.java:707)at org.testng.internal.Invoker.invokeTestMethods(Invoker.java:979)at org.testng.internal.TestMethodWorker.invokeTestMethods(TestMethodWorker.java:125)at org.testng.internal.TestMethodWorker.run(TestMethodWorker.java:109)at java.util.concurrent.ThreadPoolExecutor.runWorker(ThreadPoolExecutor.java:1149)at java.util.concurrent.ThreadPoolExecutor$Worker.run(ThreadPoolExecutor.java:624)at java.lang.Thread.run(Thread.java:748)]]>
            </full-stacktrace>
          </exception> <!-- java.lang.AssertionError -->
          <reporter-output>
          </reporter-output>
        </test-method> <!-- getRe -->
        <test-method status="PASS" signature="getRe(java.lang.String, org.json.JSONObject, java.util.Map, java.util.Map)[pri:4, instance:com.schemaxtech.testAutomationFrameworkTest.Reasons@5b275dab]" name="getRe" duration-ms="52" started-at="2019-12-27T12:18:19Z" data-provider="sampleDataProviderget" finished-at="2019-12-27T12:18:19Z">
          <params>
            <param index="0">
              <value>
                <![CDATA[Tc_002]]>
              </value>
            </param>
            <param index="1">
              <value>
                <![CDATA[{"reason_id":"56934b65-4e94-4cbb-ba93-fe15cf5fc99"}]]>
              </value>
            </param>
            <param index="2">
              <value>
                <![CDATA[{errInfo=Error while reatreaving Reasons, status=}]]>
              </value>
            </param>
            <param index="3">
              <value>
                <![CDATA[{reason_code=data/reason_code, reason_group=data/reason_group, department_type=data/departmentType/department_type, is_external=data/is_external, reason_description=data/reason_description, isActive=data/isActive, reason_id=data/reason_id, status=status}]]>
              </value>
            </param>
          </params>
          <reporter-output>
          </reporter-output>
        </test-method> <!-- getRe -->
      </class> <!-- com.schemaxtech.testAutomationFrameworkTest.Reasons -->
      <class name="com.schemaxtech.testAutomationFrameworkTest.Surplus">
        <test-method status="FAIL" signature="CreateSurpluslocation(java.lang.String, org.json.JSONObject, java.util.Map, java.util.Map)[pri:0, instance:com.schemaxtech.testAutomationFrameworkTest.Surplus@224edc67]" name="CreateSurpluslocation" duration-ms="2784" started-at="2019-12-27T12:18:13Z" data-provider="sampleDataProvider" finished-at="2019-12-27T12:18:15Z">
          <params>
            <param index="0">
              <value>
                <![CDATA[TC_001]]>
              </value>
            </param>
            <param index="1">
              <value>
                <![CDATA[{"surplus_location_category_id":"6b9832c3-0c69-4e7f-873e-07089a163d13","surplus_location_description":"surplusstore401","isActive":true,"surplus_location_code":"locationT401"}]]>
              </value>
            </param>
            <param index="2">
              <value>
                <![CDATA[{errorInfo=Success, code=, isActive=true, status=true}]]>
              </value>
            </param>
            <param index="3">
              <value>
                <![CDATA[{surplus_location_category_id=data/surplus_location_category_id, surplus_location_description=data/surplus_location_description, surplus_location_code=data/surplus_location_code, errorInfo=errorInfo, isActive=data/isActive, status=status}]]>
              </value>
            </param>
          </params>
          <exception class="java.lang.AssertionError">
            <message>
              <![CDATA[Verification of 'errorInfo' with value 'Success' in response json failed expected [Success] but found [Surplus Location Category Doesnot exist.]]]>
            </message>
            <full-stacktrace>
              <![CDATA[java.lang.AssertionError: Verification of 'errorInfo' with value 'Success' in response json failed expected [Success] but found [Surplus Location Category Doesnot exist.]at org.testng.Assert.fail(Assert.java:96)at org.testng.Assert.failNotEquals(Assert.java:776)at org.testng.Assert.assertEqualsImpl(Assert.java:137)at org.testng.Assert.assertEquals(Assert.java:118)at com.schemaxtech.testAutomationFramework.TestAutomationUtil.verifyResponse(TestAutomationUtil.java:338)at com.schemaxtech.testAutomationFrameworkTest.Surplus.CreateSurpluslocation(Surplus.java:66)at sun.reflect.NativeMethodAccessorImpl.invoke0(Native Method)at sun.reflect.NativeMethodAccessorImpl.invoke(NativeMethodAccessorImpl.java:62)at sun.reflect.DelegatingMethodAccessorImpl.invoke(DelegatingMethodAccessorImpl.java:43)at java.lang.reflect.Method.invoke(Method.java:498)at org.testng.internal.MethodInvocationHelper.invokeMethod(MethodInvocationHelper.java:124)at org.testng.internal.Invoker.invokeMethod(Invoker.java:571)at org.testng.internal.Invoker.invokeTestMethod(Invoker.java:707)at org.testng.internal.Invoker.invokeTestMethods(Invoker.java:979)at org.testng.internal.TestMethodWorker.invokeTestMethods(TestMethodWorker.java:125)at org.testng.internal.TestMethodWorker.run(TestMethodWorker.java:109)at java.util.concurrent.ThreadPoolExecutor.runWorker(ThreadPoolExecutor.java:1149)at java.util.concurrent.ThreadPoolExecutor$Worker.run(ThreadPoolExecutor.java:624)at java.lang.Thread.run(Thread.java:748)]]>
            </full-stacktrace>
          </exception> <!-- java.lang.AssertionError -->
          <reporter-output>
          </reporter-output>
        </test-method> <!-- CreateSurpluslocation -->
        <test-method status="FAIL" signature="CreateSurpluslocation(java.lang.String, org.json.JSONObject, java.util.Map, java.util.Map)[pri:0, instance:com.schemaxtech.testAutomationFrameworkTest.Surplus@224edc67]" name="CreateSurpluslocation" duration-ms="64" started-at="2019-12-27T12:18:15Z" data-provider="sampleDataProvider" finished-at="2019-12-27T12:18:15Z">
          <params>
            <param index="0">
              <value>
                <![CDATA[TC_002]]>
              </value>
            </param>
            <param index="1">
              <value>
                <![CDATA[{"surplus_location_category_id":"6b9832c3-0c69-4e7f-873e-07089a163d13","surplus_location_description":"surplusstore401","isActive":true,"surplus_location_code":"locationT01"}]]>
              </value>
            </param>
            <param index="2">
              <value>
                <![CDATA[{errorInfo=Surplus Location Code already exist., code=, isActive=, status=}]]>
              </value>
            </param>
            <param index="3">
              <value>
                <![CDATA[{surplus_location_category_id=data/surplus_location_category_id, surplus_location_description=data/surplus_location_description, surplus_location_code=data/surplus_location_code, errorInfo=errorInfo, isActive=data/isActive, status=status}]]>
              </value>
            </param>
          </params>
          <exception class="java.lang.AssertionError">
            <message>
              <![CDATA[Verification of 'errorInfo' with value 'Surplus Location Code already exist.' in response json failed expected [Surplus Location Code already exist.] but found [Surplus Location Category Doesnot exist.]]]>
            </message>
            <full-stacktrace>
              <![CDATA[java.lang.AssertionError: Verification of 'errorInfo' with value 'Surplus Location Code already exist.' in response json failed expected [Surplus Location Code already exist.] but found [Surplus Location Category Doesnot exist.]at org.testng.Assert.fail(Assert.java:96)at org.testng.Assert.failNotEquals(Assert.java:776)at org.testng.Assert.assertEqualsImpl(Assert.java:137)at org.testng.Assert.assertEquals(Assert.java:118)at com.schemaxtech.testAutomationFramework.TestAutomationUtil.verifyResponse(TestAutomationUtil.java:338)at com.schemaxtech.testAutomationFrameworkTest.Surplus.CreateSurpluslocation(Surplus.java:66)at sun.reflect.NativeMethodAccessorImpl.invoke0(Native Method)at sun.reflect.NativeMethodAccessorImpl.invoke(NativeMethodAccessorImpl.java:62)at sun.reflect.DelegatingMethodAccessorImpl.invoke(DelegatingMethodAccessorImpl.java:43)at java.lang.reflect.Method.invoke(Method.java:498)at org.testng.internal.MethodInvocationHelper.invokeMethod(MethodInvocationHelper.java:124)at org.testng.internal.Invoker.invokeMethod(Invoker.java:571)at org.testng.internal.Invoker.invokeTestMethod(Invoker.java:707)at org.testng.internal.Invoker.invokeTestMethods(Invoker.java:979)at org.testng.internal.TestMethodWorker.invokeTestMethods(TestMethodWorker.java:125)at org.testng.internal.TestMethodWorker.run(TestMethodWorker.java:109)at java.util.concurrent.ThreadPoolExecutor.runWorker(ThreadPoolExecutor.java:1149)at java.util.concurrent.ThreadPoolExecutor$Worker.run(ThreadPoolExecutor.java:624)at java.lang.Thread.run(Thread.java:748)]]>
            </full-stacktrace>
          </exception> <!-- java.lang.AssertionError -->
          <reporter-output>
          </reporter-output>
        </test-method> <!-- CreateSurpluslocation -->
        <test-method status="PASS" signature="CreateSurpluslocation(java.lang.String, org.json.JSONObject, java.util.Map, java.util.Map)[pri:0, instance:com.schemaxtech.testAutomationFrameworkTest.Surplus@224edc67]" name="CreateSurpluslocation" duration-ms="76" started-at="2019-12-27T12:18:15Z" data-provider="sampleDataProvider" finished-at="2019-12-27T12:18:15Z">
          <params>
            <param index="0">
              <value>
                <![CDATA[TC_003]]>
              </value>
            </param>
            <param index="1">
              <value>
                <![CDATA[{"surplus_location_category_id":"6b9832c3-0c69-4e7f-873e-07089a163d13","surplus_location_description":"surplusstore401","isActive":true,"surplus_location_code":""}]]>
              </value>
            </param>
            <param index="2">
              <value>
                <![CDATA[{errorInfo=, code=500, isActive=, status=}]]>
              </value>
            </param>
            <param index="3">
              <value>
                <![CDATA[{surplus_location_category_id=data/surplus_location_category_id, surplus_location_description=data/surplus_location_description, surplus_location_code=data/surplus_location_code, errorInfo=errorInfo, isActive=data/isActive, status=status}]]>
              </value>
            </param>
          </params>
          <reporter-output>
          </reporter-output>
        </test-method> <!-- CreateSurpluslocation -->
        <test-method status="PASS" signature="CreateSurpluslocation(java.lang.String, org.json.JSONObject, java.util.Map, java.util.Map)[pri:0, instance:com.schemaxtech.testAutomationFrameworkTest.Surplus@224edc67]" name="CreateSurpluslocation" duration-ms="49" started-at="2019-12-27T12:18:15Z" data-provider="sampleDataProvider" finished-at="2019-12-27T12:18:16Z">
          <params>
            <param index="0">
              <value>
                <![CDATA[TC_004]]>
              </value>
            </param>
            <param index="1">
              <value>
                <![CDATA[{"surplus_location_category_id":"6b9832c3-0c69-4e7-873e-07089a163d13","surplus_location_description":"surplusstore401","isActive":true,"surplus_location_code":"location5432401"}]]>
              </value>
            </param>
            <param index="2">
              <value>
                <![CDATA[{errorInfo=, code=500, isActive=, status=}]]>
              </value>
            </param>
            <param index="3">
              <value>
                <![CDATA[{surplus_location_category_id=data/surplus_location_category_id, surplus_location_description=data/surplus_location_description, surplus_location_code=data/surplus_location_code, errorInfo=errorInfo, isActive=data/isActive, status=status}]]>
              </value>
            </param>
          </params>
          <reporter-output>
          </reporter-output>
        </test-method> <!-- CreateSurpluslocation -->
        <test-method status="FAIL" signature="UpdateSurpluslocation(java.lang.String, org.json.JSONObject, java.util.Map, java.util.Map)[pri:1, instance:com.schemaxtech.testAutomationFrameworkTest.Surplus@224edc67]" name="UpdateSurpluslocation" duration-ms="67" started-at="2019-12-27T12:18:16Z" data-provider="sampleDataProvider" finished-at="2019-12-27T12:18:16Z">
          <params>
            <param index="0">
              <value>
                <![CDATA[TC_001]]>
              </value>
            </param>
            <param index="1">
              <value>
                <![CDATA[{"surplus_location_category_id":"6b9832c3-0c69-4e7f-873e-07089a163d13","surplus_location_description":"surplusstore","isActive":true,"surplus_location_code":"location543210","surplus_location_id":"c191c8ff-a8e1-4404-b55c-fafc30f7d5a8"}]]>
              </value>
            </param>
            <param index="2">
              <value>
                <![CDATA[{errorInfo=Surplus Location Updated Sucessfully, code=, isActive=true, status=true}]]>
              </value>
            </param>
            <param index="3">
              <value>
                <![CDATA[{surplus_location_category_id=data/surplus_location_category_id, surplus_location_description=data/surplus_location_description, surplus_location_code=data/surplus_location_code, errorInfo=errorInfo, isActive=data/isActive, status=status}]]>
              </value>
            </param>
          </params>
          <exception class="java.lang.AssertionError">
            <message>
              <![CDATA[Verification of 'errorInfo' with value 'Surplus Location Updated Sucessfully' in response json failed expected [Surplus Location Updated Sucessfully] but found [Surplus Location Code already exist.]]]>
            </message>
            <full-stacktrace>
              <![CDATA[java.lang.AssertionError: Verification of 'errorInfo' with value 'Surplus Location Updated Sucessfully' in response json failed expected [Surplus Location Updated Sucessfully] but found [Surplus Location Code already exist.]at org.testng.Assert.fail(Assert.java:96)at org.testng.Assert.failNotEquals(Assert.java:776)at org.testng.Assert.assertEqualsImpl(Assert.java:137)at org.testng.Assert.assertEquals(Assert.java:118)at com.schemaxtech.testAutomationFramework.TestAutomationUtil.verifyResponse(TestAutomationUtil.java:338)at com.schemaxtech.testAutomationFrameworkTest.Surplus.UpdateSurpluslocation(Surplus.java:76)at sun.reflect.NativeMethodAccessorImpl.invoke0(Native Method)at sun.reflect.NativeMethodAccessorImpl.invoke(NativeMethodAccessorImpl.java:62)at sun.reflect.DelegatingMethodAccessorImpl.invoke(DelegatingMethodAccessorImpl.java:43)at java.lang.reflect.Method.invoke(Method.java:498)at org.testng.internal.MethodInvocationHelper.invokeMethod(MethodInvocationHelper.java:124)at org.testng.internal.Invoker.invokeMethod(Invoker.java:571)at org.testng.internal.Invoker.invokeTestMethod(Invoker.java:707)at org.testng.internal.Invoker.invokeTestMethods(Invoker.java:979)at org.testng.internal.TestMethodWorker.invokeTestMethods(TestMethodWorker.java:125)at org.testng.internal.TestMethodWorker.run(TestMethodWorker.java:109)at java.util.concurrent.ThreadPoolExecutor.runWorker(ThreadPoolExecutor.java:1149)at java.util.concurrent.ThreadPoolExecutor$Worker.run(ThreadPoolExecutor.java:624)at java.lang.Thread.run(Thread.java:748)]]>
            </full-stacktrace>
          </exception> <!-- java.lang.AssertionError -->
          <reporter-output>
          </reporter-output>
        </test-method> <!-- UpdateSurpluslocation -->
        <test-method status="FAIL" signature="UpdateSurpluslocation(java.lang.String, org.json.JSONObject, java.util.Map, java.util.Map)[pri:1, instance:com.schemaxtech.testAutomationFrameworkTest.Surplus@224edc67]" name="UpdateSurpluslocation" duration-ms="136" started-at="2019-12-27T12:18:16Z" data-provider="sampleDataProvider" finished-at="2019-12-27T12:18:16Z">
          <params>
            <param index="0">
              <value>
                <![CDATA[TC_002]]>
              </value>
            </param>
            <param index="1">
              <value>
                <![CDATA[{"surplus_location_category_id":"6b9832c3-0c69-4e7f-873e-07089a163d13","surplus_location_description":"surplusstore","isActive":true,"surplus_location_code":"location543210","surplus_location_id":"c191c8ff-a8e1-4404-b55c-fafc30f7d5a8"}]]>
              </value>
            </param>
            <param index="2">
              <value>
                <![CDATA[{errorInfo=Surplus Location Updated Sucessfully, code=, isActive=, status=}]]>
              </value>
            </param>
            <param index="3">
              <value>
                <![CDATA[{surplus_location_category_id=data/surplus_location_category_id, surplus_location_description=data/surplus_location_description, surplus_location_code=data/surplus_location_code, errorInfo=errorInfo, isActive=data/isActive, status=status}]]>
              </value>
            </param>
          </params>
          <exception class="java.lang.AssertionError">
            <message>
              <![CDATA[Verification of 'errorInfo' with value 'Surplus Location Updated Sucessfully' in response json failed expected [Surplus Location Updated Sucessfully] but found [Surplus Location Code already exist.]]]>
            </message>
            <full-stacktrace>
              <![CDATA[java.lang.AssertionError: Verification of 'errorInfo' with value 'Surplus Location Updated Sucessfully' in response json failed expected [Surplus Location Updated Sucessfully] but found [Surplus Location Code already exist.]at org.testng.Assert.fail(Assert.java:96)at org.testng.Assert.failNotEquals(Assert.java:776)at org.testng.Assert.assertEqualsImpl(Assert.java:137)at org.testng.Assert.assertEquals(Assert.java:118)at com.schemaxtech.testAutomationFramework.TestAutomationUtil.verifyResponse(TestAutomationUtil.java:338)at com.schemaxtech.testAutomationFrameworkTest.Surplus.UpdateSurpluslocation(Surplus.java:76)at sun.reflect.NativeMethodAccessorImpl.invoke0(Native Method)at sun.reflect.NativeMethodAccessorImpl.invoke(NativeMethodAccessorImpl.java:62)at sun.reflect.DelegatingMethodAccessorImpl.invoke(DelegatingMethodAccessorImpl.java:43)at java.lang.reflect.Method.invoke(Method.java:498)at org.testng.internal.MethodInvocationHelper.invokeMethod(MethodInvocationHelper.java:124)at org.testng.internal.Invoker.invokeMethod(Invoker.java:571)at org.testng.internal.Invoker.invokeTestMethod(Invoker.java:707)at org.testng.internal.Invoker.invokeTestMethods(Invoker.java:979)at org.testng.internal.TestMethodWorker.invokeTestMethods(TestMethodWorker.java:125)at org.testng.internal.TestMethodWorker.run(TestMethodWorker.java:109)at java.util.concurrent.ThreadPoolExecutor.runWorker(ThreadPoolExecutor.java:1149)at java.util.concurrent.ThreadPoolExecutor$Worker.run(ThreadPoolExecutor.java:624)at java.lang.Thread.run(Thread.java:748)]]>
            </full-stacktrace>
          </exception> <!-- java.lang.AssertionError -->
          <reporter-output>
          </reporter-output>
        </test-method> <!-- UpdateSurpluslocation -->
        <test-method status="PASS" signature="UpdateSurpluslocation(java.lang.String, org.json.JSONObject, java.util.Map, java.util.Map)[pri:1, instance:com.schemaxtech.testAutomationFrameworkTest.Surplus@224edc67]" name="UpdateSurpluslocation" duration-ms="179" started-at="2019-12-27T12:18:16Z" data-provider="sampleDataProvider" finished-at="2019-12-27T12:18:16Z">
          <params>
            <param index="0">
              <value>
                <![CDATA[TC_003]]>
              </value>
            </param>
            <param index="1">
              <value>
                <![CDATA[{"surplus_location_category_id":"6b9832c3-0c69-4e7f-873e-07089a1613","surplus_location_description":"surplusstore","isActive":true,"surplus_location_code":"location54321","surplus_location_id":"bec46162-5854-4544-b679-bd27f66e4cf0"}]]>
              </value>
            </param>
            <param index="2">
              <value>
                <![CDATA[{errorInfo=, code=500, isActive=, status=}]]>
              </value>
            </param>
            <param index="3">
              <value>
                <![CDATA[{surplus_location_category_id=data/surplus_location_category_id, surplus_location_description=data/surplus_location_description, surplus_location_code=data/surplus_location_code, errorInfo=errorInfo, isActive=data/isActive, status=status}]]>
              </value>
            </param>
          </params>
          <reporter-output>
          </reporter-output>
        </test-method> <!-- UpdateSurpluslocation -->
        <test-method status="PASS" signature="UpdateSurpluslocation(java.lang.String, org.json.JSONObject, java.util.Map, java.util.Map)[pri:1, instance:com.schemaxtech.testAutomationFrameworkTest.Surplus@224edc67]" name="UpdateSurpluslocation" duration-ms="86" started-at="2019-12-27T12:18:16Z" data-provider="sampleDataProvider" finished-at="2019-12-27T12:18:16Z">
          <params>
            <param index="0">
              <value>
                <![CDATA[TC_004]]>
              </value>
            </param>
            <param index="1">
              <value>
                <![CDATA[{"surplus_location_category_id":"","surplus_location_description":"","isActive":"","surplus_location_code":"","surplus_location_id":"c191c8ff-a8e1-4404-b55c-fafc30f7d5a8"}]]>
              </value>
            </param>
            <param index="2">
              <value>
                <![CDATA[{errorInfo=, code=, isActive=, status=false}]]>
              </value>
            </param>
            <param index="3">
              <value>
                <![CDATA[{surplus_location_category_id=data/surplus_location_category_id, surplus_location_description=data/surplus_location_description, surplus_location_code=data/surplus_location_code, errorInfo=errorInfo, isActive=data/isActive, status=status}]]>
              </value>
            </param>
          </params>
          <reporter-output>
          </reporter-output>
        </test-method> <!-- UpdateSurpluslocation -->
        <test-method status="FAIL" signature="getSurpluslocation(java.lang.String, org.json.JSONObject, java.util.Map, java.util.Map)[pri:2, instance:com.schemaxtech.testAutomationFrameworkTest.Surplus@224edc67]" name="getSurpluslocation" duration-ms="245" started-at="2019-12-27T12:18:18Z" data-provider="sampleDataProvider" finished-at="2019-12-27T12:18:18Z">
          <params>
            <param index="0">
              <value>
                <![CDATA[TC_001]]>
              </value>
            </param>
            <param index="1">
              <value>
                <![CDATA[{"surplus_location_code":"demo123"}]]>
              </value>
            </param>
            <param index="2">
              <value>
                <![CDATA[{errorInfo=, surplus_location_code=demo123, status=true}]]>
              </value>
            </param>
            <param index="3">
              <value>
                <![CDATA[{surplus_location_category_id=data/surplus_location_category_id, surplus_location_description=data/surplus_location_description, surplus_location_code=data/surplus_location_code, errorInfo=errorInfo, isActive=data/isActive, status=status}]]>
              </value>
            </param>
          </params>
          <exception class="java.lang.NullPointerException">
            <full-stacktrace>
              <![CDATA[java.lang.NullPointerExceptionat com.schemaxtech.testAutomationFramework.TestAutomationUtil.verifyResponse(TestAutomationUtil.java:323)at com.schemaxtech.testAutomationFrameworkTest.Surplus.getSurpluslocation(Surplus.java:86)at sun.reflect.NativeMethodAccessorImpl.invoke0(Native Method)at sun.reflect.NativeMethodAccessorImpl.invoke(NativeMethodAccessorImpl.java:62)at sun.reflect.DelegatingMethodAccessorImpl.invoke(DelegatingMethodAccessorImpl.java:43)at java.lang.reflect.Method.invoke(Method.java:498)at org.testng.internal.MethodInvocationHelper.invokeMethod(MethodInvocationHelper.java:124)at org.testng.internal.Invoker.invokeMethod(Invoker.java:571)at org.testng.internal.Invoker.invokeTestMethod(Invoker.java:707)at org.testng.internal.Invoker.invokeTestMethods(Invoker.java:979)at org.testng.internal.TestMethodWorker.invokeTestMethods(TestMethodWorker.java:125)at org.testng.internal.TestMethodWorker.run(TestMethodWorker.java:109)at java.util.concurrent.ThreadPoolExecutor.runWorker(ThreadPoolExecutor.java:1149)at java.util.concurrent.ThreadPoolExecutor$Worker.run(ThreadPoolExecutor.java:624)at java.lang.Thread.run(Thread.java:748)]]>
            </full-stacktrace>
          </exception> <!-- java.lang.NullPointerException -->
          <reporter-output>
          </reporter-output>
        </test-method> <!-- getSurpluslocation -->
        <test-method status="PASS" signature="getSurpluslocation(java.lang.String, org.json.JSONObject, java.util.Map, java.util.Map)[pri:2, instance:com.schemaxtech.testAutomationFrameworkTest.Surplus@224edc67]" name="getSurpluslocation" duration-ms="43" started-at="2019-12-27T12:18:18Z" data-provider="sampleDataProvider" finished-at="2019-12-27T12:18:18Z">
          <params>
            <param index="0">
              <value>
                <![CDATA[TC_002]]>
              </value>
            </param>
            <param index="1">
              <value>
                <![CDATA[{"surplus_location_code":"demo12"}]]>
              </value>
            </param>
            <param index="2">
              <value>
                <![CDATA[{errorInfo=, surplus_location_code=, status=false}]]>
              </value>
            </param>
            <param index="3">
              <value>
                <![CDATA[{surplus_location_category_id=data/surplus_location_category_id, surplus_location_description=data/surplus_location_description, surplus_location_code=data/surplus_location_code, errorInfo=errorInfo, isActive=data/isActive, status=status}]]>
              </value>
            </param>
          </params>
          <reporter-output>
          </reporter-output>
        </test-method> <!-- getSurpluslocation -->
        <test-method status="FAIL" signature="getSurpluslocation(java.lang.String, org.json.JSONObject, java.util.Map, java.util.Map)[pri:2, instance:com.schemaxtech.testAutomationFrameworkTest.Surplus@224edc67]" name="getSurpluslocation" duration-ms="99" started-at="2019-12-27T12:18:18Z" data-provider="sampleDataProvider" finished-at="2019-12-27T12:18:18Z">
          <params>
            <param index="0">
              <value>
                <![CDATA[TC_003]]>
              </value>
            </param>
            <param index="1">
              <value>
                <![CDATA[{"surplus_location_code":""}]]>
              </value>
            </param>
            <param index="2">
              <value>
                <![CDATA[{errorInfo=, surplus_location_code=, status=true}]]>
              </value>
            </param>
            <param index="3">
              <value>
                <![CDATA[{surplus_location_category_id=data/surplus_location_category_id, surplus_location_description=data/surplus_location_description, surplus_location_code=data/surplus_location_code, errorInfo=errorInfo, isActive=data/isActive, status=status}]]>
              </value>
            </param>
          </params>
          <exception class="java.lang.AssertionError">
            <message>
              <![CDATA[Verification of 'status' with value 'true' in response json failed expected [true] but found [false]]]>
            </message>
            <full-stacktrace>
              <![CDATA[java.lang.AssertionError: Verification of 'status' with value 'true' in response json failed expected [true] but found [false]at org.testng.Assert.fail(Assert.java:96)at org.testng.Assert.failNotEquals(Assert.java:776)at org.testng.Assert.assertEqualsImpl(Assert.java:137)at org.testng.Assert.assertEquals(Assert.java:118)at com.schemaxtech.testAutomationFramework.TestAutomationUtil.verifyResponse(TestAutomationUtil.java:338)at com.schemaxtech.testAutomationFrameworkTest.Surplus.getSurpluslocation(Surplus.java:86)at sun.reflect.NativeMethodAccessorImpl.invoke0(Native Method)at sun.reflect.NativeMethodAccessorImpl.invoke(NativeMethodAccessorImpl.java:62)at sun.reflect.DelegatingMethodAccessorImpl.invoke(DelegatingMethodAccessorImpl.java:43)at java.lang.reflect.Method.invoke(Method.java:498)at org.testng.internal.MethodInvocationHelper.invokeMethod(MethodInvocationHelper.java:124)at org.testng.internal.Invoker.invokeMethod(Invoker.java:571)at org.testng.internal.Invoker.invokeTestMethod(Invoker.java:707)at org.testng.internal.Invoker.invokeTestMethods(Invoker.java:979)at org.testng.internal.TestMethodWorker.invokeTestMethods(TestMethodWorker.java:125)at org.testng.internal.TestMethodWorker.run(TestMethodWorker.java:109)at java.util.concurrent.ThreadPoolExecutor.runWorker(ThreadPoolExecutor.java:1149)at java.util.concurrent.ThreadPoolExecutor$Worker.run(ThreadPoolExecutor.java:624)at java.lang.Thread.run(Thread.java:748)]]>
            </full-stacktrace>
          </exception> <!-- java.lang.AssertionError -->
          <reporter-output>
          </reporter-output>
        </test-method> <!-- getSurpluslocation -->
        <test-method status="FAIL" signature="deactivateSurpluslocation(java.lang.String, org.json.JSONObject, java.util.Map, java.util.Map)[pri:3, instance:com.schemaxtech.testAutomationFrameworkTest.Surplus@224edc67]" name="deactivateSurpluslocation" duration-ms="67" started-at="2019-12-27T12:18:19Z" data-provider="sampleDataProvider" finished-at="2019-12-27T12:18:19Z">
          <params>
            <param index="0">
              <value>
                <![CDATA[TC_001]]>
              </value>
            </param>
            <param index="1">
              <value>
                <![CDATA[{"surplus_location_code":"locationT401"}]]>
              </value>
            </param>
            <param index="2">
              <value>
                <![CDATA[{errorInfo=successfully deactivated., status=}]]>
              </value>
            </param>
            <param index="3">
              <value>
                <![CDATA[{surplus_location_category_id=data/surplus_location_category_id, surplus_location_description=data/surplus_location_description, surplus_location_code=data/surplus_location_code, errorInfo=errorInfo, isActive=data/isActive, status=status}]]>
              </value>
            </param>
          </params>
          <exception class="java.lang.AssertionError">
            <message>
              <![CDATA[Verification of 'errorInfo' with value 'successfully deactivated.' in response json failed expected [successfully deactivated.] but found [surplusLocation not found.]]]>
            </message>
            <full-stacktrace>
              <![CDATA[java.lang.AssertionError: Verification of 'errorInfo' with value 'successfully deactivated.' in response json failed expected [successfully deactivated.] but found [surplusLocation not found.]at org.testng.Assert.fail(Assert.java:96)at org.testng.Assert.failNotEquals(Assert.java:776)at org.testng.Assert.assertEqualsImpl(Assert.java:137)at org.testng.Assert.assertEquals(Assert.java:118)at com.schemaxtech.testAutomationFramework.TestAutomationUtil.verifyResponse(TestAutomationUtil.java:338)at com.schemaxtech.testAutomationFrameworkTest.Surplus.deactivateSurpluslocation(Surplus.java:96)at sun.reflect.NativeMethodAccessorImpl.invoke0(Native Method)at sun.reflect.NativeMethodAccessorImpl.invoke(NativeMethodAccessorImpl.java:62)at sun.reflect.DelegatingMethodAccessorImpl.invoke(DelegatingMethodAccessorImpl.java:43)at java.lang.reflect.Method.invoke(Method.java:498)at org.testng.internal.MethodInvocationHelper.invokeMethod(MethodInvocationHelper.java:124)at org.testng.internal.Invoker.invokeMethod(Invoker.java:571)at org.testng.internal.Invoker.invokeTestMethod(Invoker.java:707)at org.testng.internal.Invoker.invokeTestMethods(Invoker.java:979)at org.testng.internal.TestMethodWorker.invokeTestMethods(TestMethodWorker.java:125)at org.testng.internal.TestMethodWorker.run(TestMethodWorker.java:109)at java.util.concurrent.ThreadPoolExecutor.runWorker(ThreadPoolExecutor.java:1149)at java.util.concurrent.ThreadPoolExecutor$Worker.run(ThreadPoolExecutor.java:624)at java.lang.Thread.run(Thread.java:748)]]>
            </full-stacktrace>
          </exception> <!-- java.lang.AssertionError -->
          <reporter-output>
          </reporter-output>
        </test-method> <!-- deactivateSurpluslocation -->
        <test-method status="PASS" signature="deactivateSurpluslocation(java.lang.String, org.json.JSONObject, java.util.Map, java.util.Map)[pri:3, instance:com.schemaxtech.testAutomationFrameworkTest.Surplus@224edc67]" name="deactivateSurpluslocation" duration-ms="44" started-at="2019-12-27T12:18:19Z" data-provider="sampleDataProvider" finished-at="2019-12-27T12:18:19Z">
          <params>
            <param index="0">
              <value>
                <![CDATA[TC_002]]>
              </value>
            </param>
            <param index="1">
              <value>
                <![CDATA[{"surplus_location_code":"location54321H00"}]]>
              </value>
            </param>
            <param index="2">
              <value>
                <![CDATA[{errorInfo=surplusLocation not found., status=}]]>
              </value>
            </param>
            <param index="3">
              <value>
                <![CDATA[{surplus_location_category_id=data/surplus_location_category_id, surplus_location_description=data/surplus_location_description, surplus_location_code=data/surplus_location_code, errorInfo=errorInfo, isActive=data/isActive, status=status}]]>
              </value>
            </param>
          </params>
          <reporter-output>
          </reporter-output>
        </test-method> <!-- deactivateSurpluslocation -->
      </class> <!-- com.schemaxtech.testAutomationFrameworkTest.Surplus -->
      <class name="com.schemaxtech.testAutomationFrameworkTest.Department">
        <test-method status="FAIL" signature="CreateDepartment(java.lang.String, org.json.JSONObject, java.util.Map, java.util.Map)[pri:1, instance:com.schemaxtech.testAutomationFrameworkTest.Department@523884b2]" name="CreateDepartment" duration-ms="168" started-at="2019-12-27T12:18:16Z" data-provider="sampleDataProviderget" finished-at="2019-12-27T12:18:16Z">
          <params>
            <param index="0">
              <value>
                <![CDATA[TC_001]]>
              </value>
            </param>
            <param index="1">
              <value>
                <![CDATA[{"department_code":"DEP401","is_active":true,"gender":"string","department_type":"stitching1","date_of_birth":"8/8/1995","land_line_no":"string","department_name":"EMB401","mobile_no":"string","sla":3,"last_name":"string","middle_name":"string","plant_code":"PL401","first_name":"string","email":"string"}]]>
              </value>
            </param>
            <param index="2">
              <value>
                <![CDATA[{status=true}]]>
              </value>
            </param>
            <param index="3">
              <value>
                <![CDATA[{is_active=data/is_active, status=status}]]>
              </value>
            </param>
          </params>
          <exception class="java.lang.AssertionError">
            <message>
              <![CDATA[Verification of 'status' with value 'true' in response json failed expected [true] but found [false]]]>
            </message>
            <full-stacktrace>
              <![CDATA[java.lang.AssertionError: Verification of 'status' with value 'true' in response json failed expected [true] but found [false]at org.testng.Assert.fail(Assert.java:96)at org.testng.Assert.failNotEquals(Assert.java:776)at org.testng.Assert.assertEqualsImpl(Assert.java:137)at org.testng.Assert.assertEquals(Assert.java:118)at com.schemaxtech.testAutomationFramework.TestAutomationUtil.verifyResponse(TestAutomationUtil.java:338)at com.schemaxtech.testAutomationFrameworkTest.Department.CreateDepartment(Department.java:89)at sun.reflect.NativeMethodAccessorImpl.invoke0(Native Method)at sun.reflect.NativeMethodAccessorImpl.invoke(NativeMethodAccessorImpl.java:62)at sun.reflect.DelegatingMethodAccessorImpl.invoke(DelegatingMethodAccessorImpl.java:43)at java.lang.reflect.Method.invoke(Method.java:498)at org.testng.internal.MethodInvocationHelper.invokeMethod(MethodInvocationHelper.java:124)at org.testng.internal.Invoker.invokeMethod(Invoker.java:571)at org.testng.internal.Invoker.invokeTestMethod(Invoker.java:707)at org.testng.internal.Invoker.invokeTestMethods(Invoker.java:979)at org.testng.internal.TestMethodWorker.invokeTestMethods(TestMethodWorker.java:125)at org.testng.internal.TestMethodWorker.run(TestMethodWorker.java:109)at java.util.concurrent.ThreadPoolExecutor.runWorker(ThreadPoolExecutor.java:1149)at java.util.concurrent.ThreadPoolExecutor$Worker.run(ThreadPoolExecutor.java:624)at java.lang.Thread.run(Thread.java:748)]]>
            </full-stacktrace>
          </exception> <!-- java.lang.AssertionError -->
          <reporter-output>
          </reporter-output>
        </test-method> <!-- CreateDepartment -->
        <test-method status="FAIL" signature="CreateDepartment(java.lang.String, org.json.JSONObject, java.util.Map, java.util.Map)[pri:1, instance:com.schemaxtech.testAutomationFrameworkTest.Department@523884b2]" name="CreateDepartment" duration-ms="60" started-at="2019-12-27T12:18:16Z" data-provider="sampleDataProviderget" finished-at="2019-12-27T12:18:17Z">
          <params>
            <param index="0">
              <value>
                <![CDATA[TC_002]]>
              </value>
            </param>
            <param index="1">
              <value>
                <![CDATA[{"department_code":"DEP401","is_active":true,"gender":"string","department_type":"stitching1","date_of_birth":"8/8/1995","land_line_no":"string","department_name":"EMB401","mobile_no":"string","sla":3,"last_name":"string","middle_name":"string","plant_code":"PL401","first_name":"string","email":"string"}]]>
              </value>
            </param>
            <param index="2">
              <value>
                <![CDATA[{status=true}]]>
              </value>
            </param>
            <param index="3">
              <value>
                <![CDATA[{is_active=data/is_active, status=status}]]>
              </value>
            </param>
          </params>
          <exception class="java.lang.AssertionError">
            <message>
              <![CDATA[Verification of 'status' with value 'true' in response json failed expected [true] but found [false]]]>
            </message>
            <full-stacktrace>
              <![CDATA[java.lang.AssertionError: Verification of 'status' with value 'true' in response json failed expected [true] but found [false]at org.testng.Assert.fail(Assert.java:96)at org.testng.Assert.failNotEquals(Assert.java:776)at org.testng.Assert.assertEqualsImpl(Assert.java:137)at org.testng.Assert.assertEquals(Assert.java:118)at com.schemaxtech.testAutomationFramework.TestAutomationUtil.verifyResponse(TestAutomationUtil.java:338)at com.schemaxtech.testAutomationFrameworkTest.Department.CreateDepartment(Department.java:89)at sun.reflect.NativeMethodAccessorImpl.invoke0(Native Method)at sun.reflect.NativeMethodAccessorImpl.invoke(NativeMethodAccessorImpl.java:62)at sun.reflect.DelegatingMethodAccessorImpl.invoke(DelegatingMethodAccessorImpl.java:43)at java.lang.reflect.Method.invoke(Method.java:498)at org.testng.internal.MethodInvocationHelper.invokeMethod(MethodInvocationHelper.java:124)at org.testng.internal.Invoker.invokeMethod(Invoker.java:571)at org.testng.internal.Invoker.invokeTestMethod(Invoker.java:707)at org.testng.internal.Invoker.invokeTestMethods(Invoker.java:979)at org.testng.internal.TestMethodWorker.invokeTestMethods(TestMethodWorker.java:125)at org.testng.internal.TestMethodWorker.run(TestMethodWorker.java:109)at java.util.concurrent.ThreadPoolExecutor.runWorker(ThreadPoolExecutor.java:1149)at java.util.concurrent.ThreadPoolExecutor$Worker.run(ThreadPoolExecutor.java:624)at java.lang.Thread.run(Thread.java:748)]]>
            </full-stacktrace>
          </exception> <!-- java.lang.AssertionError -->
          <reporter-output>
          </reporter-output>
        </test-method> <!-- CreateDepartment -->
        <test-method status="PASS" signature="CreateDepartment(java.lang.String, org.json.JSONObject, java.util.Map, java.util.Map)[pri:1, instance:com.schemaxtech.testAutomationFrameworkTest.Department@523884b2]" name="CreateDepartment" duration-ms="123" started-at="2019-12-27T12:18:17Z" data-provider="sampleDataProviderget" finished-at="2019-12-27T12:18:17Z">
          <params>
            <param index="0">
              <value>
                <![CDATA[TC_003]]>
              </value>
            </param>
            <param index="1">
              <value>
                <![CDATA[{"department_code":"DEP401","is_active":true,"gender":"string","department_type":"stitching1","date_of_birth":"8/8/1995","land_line_no":"string","department_name":"EMB401","mobile_no":"string","sla":3,"last_name":"string","middle_name":"string","plant_code":"Testp110","first_name":"string","email":"string"}]]>
              </value>
            </param>
            <param index="2">
              <value>
                <![CDATA[{status=false}]]>
              </value>
            </param>
            <param index="3">
              <value>
                <![CDATA[{is_active=data/is_active, status=status}]]>
              </value>
            </param>
          </params>
          <reporter-output>
          </reporter-output>
        </test-method> <!-- CreateDepartment -->
        <test-method status="PASS" signature="CreateDepartment(java.lang.String, org.json.JSONObject, java.util.Map, java.util.Map)[pri:1, instance:com.schemaxtech.testAutomationFrameworkTest.Department@523884b2]" name="CreateDepartment" duration-ms="88" started-at="2019-12-27T12:18:17Z" data-provider="sampleDataProviderget" finished-at="2019-12-27T12:18:17Z">
          <params>
            <param index="0">
              <value>
                <![CDATA[TC_004]]>
              </value>
            </param>
            <param index="1">
              <value>
                <![CDATA[{"department_code":"DEP401","is_active":true,"gender":"string","department_type":"making","date_of_birth":"8/8/1995","land_line_no":"string","department_name":"EMB1401","mobile_no":"string","sla":3,"last_name":"string","middle_name":"string","plant_code":"QCI","first_name":"string","email":"string"}]]>
              </value>
            </param>
            <param index="2">
              <value>
                <![CDATA[{status=false}]]>
              </value>
            </param>
            <param index="3">
              <value>
                <![CDATA[{is_active=data/is_active, status=status}]]>
              </value>
            </param>
          </params>
          <reporter-output>
          </reporter-output>
        </test-method> <!-- CreateDepartment -->
        <test-method status="FAIL" signature="GetDepartment(java.lang.String, org.json.JSONObject, java.util.Map, java.util.Map)[pri:2, instance:com.schemaxtech.testAutomationFrameworkTest.Department@523884b2]" name="GetDepartment" duration-ms="144" started-at="2019-12-27T12:18:18Z" data-provider="sampleDataProviderget" finished-at="2019-12-27T12:18:18Z">
          <params>
            <param index="0">
              <value>
                <![CDATA[TC_001]]>
              </value>
            </param>
            <param index="1">
              <value>
                <![CDATA[{"department_code":"DEP401"}]]>
              </value>
            </param>
            <param index="2">
              <value>
                <![CDATA[{department_code=DEP401, is_active=true, status=true}]]>
              </value>
            </param>
            <param index="3">
              <value>
                <![CDATA[{department_code=data/department_code, is_active=data/is_active, status=status}]]>
              </value>
            </param>
          </params>
          <exception class="java.lang.NullPointerException">
            <full-stacktrace>
              <![CDATA[java.lang.NullPointerExceptionat com.schemaxtech.testAutomationFramework.TestAutomationUtil.verifyResponse(TestAutomationUtil.java:323)at com.schemaxtech.testAutomationFrameworkTest.Department.GetDepartment(Department.java:100)at sun.reflect.NativeMethodAccessorImpl.invoke0(Native Method)at sun.reflect.NativeMethodAccessorImpl.invoke(NativeMethodAccessorImpl.java:62)at sun.reflect.DelegatingMethodAccessorImpl.invoke(DelegatingMethodAccessorImpl.java:43)at java.lang.reflect.Method.invoke(Method.java:498)at org.testng.internal.MethodInvocationHelper.invokeMethod(MethodInvocationHelper.java:124)at org.testng.internal.Invoker.invokeMethod(Invoker.java:571)at org.testng.internal.Invoker.invokeTestMethod(Invoker.java:707)at org.testng.internal.Invoker.invokeTestMethods(Invoker.java:979)at org.testng.internal.TestMethodWorker.invokeTestMethods(TestMethodWorker.java:125)at org.testng.internal.TestMethodWorker.run(TestMethodWorker.java:109)at java.util.concurrent.ThreadPoolExecutor.runWorker(ThreadPoolExecutor.java:1149)at java.util.concurrent.ThreadPoolExecutor$Worker.run(ThreadPoolExecutor.java:624)at java.lang.Thread.run(Thread.java:748)]]>
            </full-stacktrace>
          </exception> <!-- java.lang.NullPointerException -->
          <reporter-output>
          </reporter-output>
        </test-method> <!-- GetDepartment -->
        <test-method status="PASS" signature="GetDepartment(java.lang.String, org.json.JSONObject, java.util.Map, java.util.Map)[pri:2, instance:com.schemaxtech.testAutomationFrameworkTest.Department@523884b2]" name="GetDepartment" duration-ms="80" started-at="2019-12-27T12:18:18Z" data-provider="sampleDataProviderget" finished-at="2019-12-27T12:18:18Z">
          <params>
            <param index="0">
              <value>
                <![CDATA[TC_002]]>
              </value>
            </param>
            <param index="1">
              <value>
                <![CDATA[{"department_code":"D401"}]]>
              </value>
            </param>
            <param index="2">
              <value>
                <![CDATA[{department_code=, is_active=, status=false}]]>
              </value>
            </param>
            <param index="3">
              <value>
                <![CDATA[{department_code=data/department_code, is_active=data/is_active, status=status}]]>
              </value>
            </param>
          </params>
          <reporter-output>
          </reporter-output>
        </test-method> <!-- GetDepartment -->
        <test-method status="PASS" signature="UpdateDepartment(java.lang.String, org.json.JSONObject, java.util.Map, java.util.Map)[pri:3, instance:com.schemaxtech.testAutomationFrameworkTest.Department@523884b2]" name="UpdateDepartment" duration-ms="98" started-at="2019-12-27T12:18:19Z" data-provider="sampleDataProviderget" finished-at="2019-12-27T12:18:19Z">
          <params>
            <param index="0">
              <value>
                <![CDATA[Tc_001]]>
              </value>
            </param>
            <param index="1">
              <value>
                <![CDATA[{"department_code":"string","uid_country":"string","is_active":true,"gender":"string","contact_uid":"string","department_type":"stitching1","date_of_birth":"string","land_line_no":"string","department_name":"DEP401","mobile_no":"string","sla":"string","last_name":"string","middle_name":"string","ref_uid":"string","plant_code":"string","first_name":"string","email":"string","user_uid":"string"}]]>
              </value>
            </param>
            <param index="2">
              <value>
                <![CDATA[{STATUS=true}]]>
              </value>
            </param>
            <param index="3">
              <value>
                <![CDATA[{department_type=data/department_type, department_name=data/department_name, status=status}]]>
              </value>
            </param>
          </params>
          <reporter-output>
          </reporter-output>
        </test-method> <!-- UpdateDepartment -->
        <test-method status="PASS" signature="UpdateDepartment(java.lang.String, org.json.JSONObject, java.util.Map, java.util.Map)[pri:3, instance:com.schemaxtech.testAutomationFrameworkTest.Department@523884b2]" name="UpdateDepartment" duration-ms="37" started-at="2019-12-27T12:18:19Z" data-provider="sampleDataProviderget" finished-at="2019-12-27T12:18:19Z">
          <params>
            <param index="0">
              <value>
                <![CDATA[Tc_002]]>
              </value>
            </param>
            <param index="1">
              <value>
                <![CDATA[{"department_code":"string","uid_country":"string","is_active":true,"gender":"string","contact_uid":"string","department_type":"demo1234","date_of_birth":"string","land_line_no":"string","department_name":401,"mobile_no":"string","sla":"string","last_name":"string","middle_name":"string","ref_uid":"string","plant_code":"string","first_name":"string","email":"string","user_uid":"string"}]]>
              </value>
            </param>
            <param index="2">
              <value>
                <![CDATA[{STATUS=false}]]>
              </value>
            </param>
            <param index="3">
              <value>
                <![CDATA[{department_type=data/department_type, department_name=data/department_name, status=status}]]>
              </value>
            </param>
          </params>
          <reporter-output>
          </reporter-output>
        </test-method> <!-- UpdateDepartment -->
      </class> <!-- com.schemaxtech.testAutomationFrameworkTest.Department -->
      <class name="com.schemaxtech.testAutomationFrameworkTest.Sample">
        <test-method status="FAIL" signature="getCompany(java.lang.String, org.json.JSONObject, java.util.Map, java.util.Map)[pri:2, instance:com.schemaxtech.testAutomationFrameworkTest.Sample@d8355a8]" name="getCompany" duration-ms="113" started-at="2019-12-27T12:18:18Z" data-provider="sampleDataProviderget" finished-at="2019-12-27T12:18:18Z">
          <params>
            <param index="0">
              <value>
                <![CDATA[Tc_001]]>
              </value>
            </param>
            <param index="1">
              <value>
                <![CDATA[{"company_code":401}]]>
              </value>
            </param>
            <param index="2">
              <value>
                <![CDATA[{errorInfo=, company_code=, status=true}]]>
              </value>
            </param>
            <param index="3">
              <value>
                <![CDATA[{errorInfo=errorInfo, company_code=data/company_code, status=status}]]>
              </value>
            </param>
          </params>
          <exception class="org.json.JSONException">
            <message>
              <![CDATA[JSONObject["data"] not found.]]>
            </message>
            <full-stacktrace>
              <![CDATA[org.json.JSONException: JSONObject["data"] not found.at org.json.JSONObject.get(JSONObject.java:566)at com.schemaxtech.testAutomationFrameworkTest.Sample.getCompany(Sample.java:136)at sun.reflect.NativeMethodAccessorImpl.invoke0(Native Method)at sun.reflect.NativeMethodAccessorImpl.invoke(NativeMethodAccessorImpl.java:62)at sun.reflect.DelegatingMethodAccessorImpl.invoke(DelegatingMethodAccessorImpl.java:43)at java.lang.reflect.Method.invoke(Method.java:498)at org.testng.internal.MethodInvocationHelper.invokeMethod(MethodInvocationHelper.java:124)at org.testng.internal.Invoker.invokeMethod(Invoker.java:571)at org.testng.internal.Invoker.invokeTestMethod(Invoker.java:707)at org.testng.internal.Invoker.invokeTestMethods(Invoker.java:979)at org.testng.internal.TestMethodWorker.invokeTestMethods(TestMethodWorker.java:125)at org.testng.internal.TestMethodWorker.run(TestMethodWorker.java:109)at java.util.concurrent.ThreadPoolExecutor.runWorker(ThreadPoolExecutor.java:1149)at java.util.concurrent.ThreadPoolExecutor$Worker.run(ThreadPoolExecutor.java:624)at java.lang.Thread.run(Thread.java:748)]]>
            </full-stacktrace>
          </exception> <!-- org.json.JSONException -->
          <reporter-output>
          </reporter-output>
        </test-method> <!-- getCompany -->
        <test-method status="FAIL" signature="getCompany(java.lang.String, org.json.JSONObject, java.util.Map, java.util.Map)[pri:2, instance:com.schemaxtech.testAutomationFrameworkTest.Sample@d8355a8]" name="getCompany" duration-ms="124" started-at="2019-12-27T12:18:18Z" data-provider="sampleDataProviderget" finished-at="2019-12-27T12:18:18Z">
          <params>
            <param index="0">
              <value>
                <![CDATA[Tc_002]]>
              </value>
            </param>
            <param index="1">
              <value>
                <![CDATA[{"company_code":"Test401"}]]>
              </value>
            </param>
            <param index="2">
              <value>
                <![CDATA[{errorInfo=, company_code=Test401, status=false}]]>
              </value>
            </param>
            <param index="3">
              <value>
                <![CDATA[{errorInfo=errorInfo, company_code=data/company_code, status=status}]]>
              </value>
            </param>
          </params>
          <exception class="org.json.JSONException">
            <message>
              <![CDATA[JSONObject["data"] not found.]]>
            </message>
            <full-stacktrace>
              <![CDATA[org.json.JSONException: JSONObject["data"] not found.at org.json.JSONObject.get(JSONObject.java:566)at com.schemaxtech.testAutomationFrameworkTest.Sample.getCompany(Sample.java:136)at sun.reflect.NativeMethodAccessorImpl.invoke0(Native Method)at sun.reflect.NativeMethodAccessorImpl.invoke(NativeMethodAccessorImpl.java:62)at sun.reflect.DelegatingMethodAccessorImpl.invoke(DelegatingMethodAccessorImpl.java:43)at java.lang.reflect.Method.invoke(Method.java:498)at org.testng.internal.MethodInvocationHelper.invokeMethod(MethodInvocationHelper.java:124)at org.testng.internal.Invoker.invokeMethod(Invoker.java:571)at org.testng.internal.Invoker.invokeTestMethod(Invoker.java:707)at org.testng.internal.Invoker.invokeTestMethods(Invoker.java:979)at org.testng.internal.TestMethodWorker.invokeTestMethods(TestMethodWorker.java:125)at org.testng.internal.TestMethodWorker.run(TestMethodWorker.java:109)at java.util.concurrent.ThreadPoolExecutor.runWorker(ThreadPoolExecutor.java:1149)at java.util.concurrent.ThreadPoolExecutor$Worker.run(ThreadPoolExecutor.java:624)at java.lang.Thread.run(Thread.java:748)]]>
            </full-stacktrace>
          </exception> <!-- org.json.JSONException -->
          <reporter-output>
          </reporter-output>
        </test-method> <!-- getCompany -->
        <test-method status="SKIP" signature="updateCompany(java.lang.String, org.json.JSONObject, java.util.Map, java.util.Map)[pri:3, instance:com.schemaxtech.testAutomationFrameworkTest.Sample@d8355a8]" name="updateCompany" duration-ms="0" started-at="2019-12-27T12:18:19Z" data-provider="sampleDataProvider" finished-at="2019-12-27T12:18:19Z">
          <exception class="java.lang.RuntimeException">
            <message>
              <![CDATA[java.lang.NullPointerException]]>
            </message>
            <full-stacktrace>
              <![CDATA[java.lang.RuntimeException: java.lang.NullPointerExceptionat org.testng.internal.MethodInvocationHelper.invokeMethodNoCheckedException(MethodInvocationHelper.java:49)at org.testng.internal.MethodInvocationHelper.invokeDataProvider(MethodInvocationHelper.java:131)at org.testng.internal.Parameters.handleParameters(Parameters.java:706)at org.testng.internal.ParameterHandler.handleParameters(ParameterHandler.java:49)at org.testng.internal.ParameterHandler.createParameters(ParameterHandler.java:37)at org.testng.internal.Invoker.invokeTestMethods(Invoker.java:914)at org.testng.internal.TestMethodWorker.invokeTestMethods(TestMethodWorker.java:125)at org.testng.internal.TestMethodWorker.run(TestMethodWorker.java:109)at java.util.concurrent.ThreadPoolExecutor.runWorker(ThreadPoolExecutor.java:1149)at java.util.concurrent.ThreadPoolExecutor$Worker.run(ThreadPoolExecutor.java:624)at java.lang.Thread.run(Thread.java:748)Caused by: java.lang.NullPointerExceptionat org.json.JSONObject.getNames(JSONObject.java:813)at com.schemaxtech.testAutomationFramework.TestAutomationUtil.updateJsonWithTestData(TestAutomationUtil.java:446)at com.schemaxtech.testAutomationFramework.TestAutomationUtil.updatJsonWithTestDataMaster(TestAutomationUtil.java:427)at com.schemaxtech.testAutomationFrameworkTest.Sample.sampleDataProvider(Sample.java:71)at sun.reflect.NativeMethodAccessorImpl.invoke0(Native Method)at sun.reflect.NativeMethodAccessorImpl.invoke(NativeMethodAccessorImpl.java:62)at sun.reflect.DelegatingMethodAccessorImpl.invoke(DelegatingMethodAccessorImpl.java:43)at java.lang.reflect.Method.invoke(Method.java:498)at org.testng.internal.MethodInvocationHelper.invokeMethod(MethodInvocationHelper.java:124)at org.testng.internal.MethodInvocationHelper.invokeMethod(MethodInvocationHelper.java:74)at org.testng.internal.MethodInvocationHelper.invokeMethodNoCheckedException(MethodInvocationHelper.java:45)... 10 more]]>
            </full-stacktrace>
          </exception> <!-- java.lang.RuntimeException -->
          <reporter-output>
          </reporter-output>
        </test-method> <!-- updateCompany -->
      </class> <!-- com.schemaxtech.testAutomationFrameworkTest.Sample -->
      <class name="com.schemaxtech.testAutomationFrameworkTest.Plant">
        <test-method status="FAIL" signature="createPlant(java.lang.String, org.json.JSONObject, java.util.Map, java.util.Map)[pri:1, instance:com.schemaxtech.testAutomationFrameworkTest.Plant@14acaea5]" name="createPlant" duration-ms="132" started-at="2019-12-27T12:18:16Z" data-provider="sampleDataProviderget" finished-at="2019-12-27T12:18:16Z">
          <params>
            <param index="0">
              <value>
                <![CDATA[Tc_001]]>
              </value>
            </param>
            <param index="1">
              <value>
                <![CDATA[{"uid_country":"string","country":"string","gender":"string","land_line_no":"string","date_of_birth":"5/5/1999","mobile_no":"string","last_name":"string","middle_name":"string","plant_type":"PlantTy401","location_type":"loc401","long":"string","ref_uid":"string","zipcode":"string","land_mark":"string","door_no":"string","address_line_1":"string","plant_code":"PL401","address_line_2":"string","state":"string","first_name":"string","lat":"string","email":"string","cluster_code":"CL401","plant_name":"PLNAME401"}]]>
              </value>
            </param>
            <param index="2">
              <value>
                <![CDATA[{plant_code=PL401, errInfo=, status=true}]]>
              </value>
            </param>
            <param index="3">
              <value>
                <![CDATA[{country=data/country, gender=data/gender, date_of_birth=data/date_of_birth, mobile_no=data/mobile_no, long=data/long, plant_ref_code=data/plant_ref_code, plant_start_time=data/plant_start_time, land_mark=data/land_mark, door_no=data/door_no, address_line_1=data/address_line_1, plant_code=data/plant_code, address_line_2=data/address_line_2, state=data/state, first_name=data/first_name, lat=data/lat, email=data/email, cluster_code=data/cluster_code, is_active=data/is_active, land_line_no=data/land_line_no, parent_plant_code=data/parent_plant_code, activated_date=data/activated_date, last_name=data/last_name, plant_end_time=data/plant_end_time, middle_name=data/middle_name, plant_type=data/plant_type, location_type=data/location_type, zipcode=data/zipcode, errInfo=errInfo, plant_name=data/plant_name, status=status}]]>
              </value>
            </param>
          </params>
          <exception class="java.lang.NullPointerException">
            <full-stacktrace>
              <![CDATA[java.lang.NullPointerExceptionat com.schemaxtech.testAutomationFramework.TestAutomationUtil.verifyResponse(TestAutomationUtil.java:323)at com.schemaxtech.testAutomationFrameworkTest.Plant.createPlant(Plant.java:89)at sun.reflect.NativeMethodAccessorImpl.invoke0(Native Method)at sun.reflect.NativeMethodAccessorImpl.invoke(NativeMethodAccessorImpl.java:62)at sun.reflect.DelegatingMethodAccessorImpl.invoke(DelegatingMethodAccessorImpl.java:43)at java.lang.reflect.Method.invoke(Method.java:498)at org.testng.internal.MethodInvocationHelper.invokeMethod(MethodInvocationHelper.java:124)at org.testng.internal.Invoker.invokeMethod(Invoker.java:571)at org.testng.internal.Invoker.invokeTestMethod(Invoker.java:707)at org.testng.internal.Invoker.invokeTestMethods(Invoker.java:979)at org.testng.internal.TestMethodWorker.invokeTestMethods(TestMethodWorker.java:125)at org.testng.internal.TestMethodWorker.run(TestMethodWorker.java:109)at java.util.concurrent.ThreadPoolExecutor.runWorker(ThreadPoolExecutor.java:1149)at java.util.concurrent.ThreadPoolExecutor$Worker.run(ThreadPoolExecutor.java:624)at java.lang.Thread.run(Thread.java:748)]]>
            </full-stacktrace>
          </exception> <!-- java.lang.NullPointerException -->
          <reporter-output>
          </reporter-output>
        </test-method> <!-- createPlant -->
        <test-method status="PASS" signature="createPlant(java.lang.String, org.json.JSONObject, java.util.Map, java.util.Map)[pri:1, instance:com.schemaxtech.testAutomationFrameworkTest.Plant@14acaea5]" name="createPlant" duration-ms="160" started-at="2019-12-27T12:18:16Z" data-provider="sampleDataProviderget" finished-at="2019-12-27T12:18:16Z">
          <params>
            <param index="0">
              <value>
                <![CDATA[Tc_002]]>
              </value>
            </param>
            <param index="1">
              <value>
                <![CDATA[{"uid_country":"string","country":"string","gender":"string","land_line_no":"string","date_of_birth":"5/5/1999","mobile_no":"string","last_name":"string","middle_name":"string","plant_type":"sample5","location_type":"sample9","long":"string","ref_uid":"string","zipcode":"string","land_mark":"string","door_no":"string","address_line_1":"string","plant_code":"Testp1401","address_line_2":"string","state":"string","first_name":"string","lat":"string","email":"string","cluster_code":"Testin","plant_name":"sample1"}]]>
              </value>
            </param>
            <param index="2">
              <value>
                <![CDATA[{plant_code=, errInfo=cluster not exist., status=false}]]>
              </value>
            </param>
            <param index="3">
              <value>
                <![CDATA[{country=data/country, gender=data/gender, date_of_birth=data/date_of_birth, mobile_no=data/mobile_no, long=data/long, plant_ref_code=data/plant_ref_code, plant_start_time=data/plant_start_time, land_mark=data/land_mark, door_no=data/door_no, address_line_1=data/address_line_1, plant_code=data/plant_code, address_line_2=data/address_line_2, state=data/state, first_name=data/first_name, lat=data/lat, email=data/email, cluster_code=data/cluster_code, is_active=data/is_active, land_line_no=data/land_line_no, parent_plant_code=data/parent_plant_code, activated_date=data/activated_date, last_name=data/last_name, plant_end_time=data/plant_end_time, middle_name=data/middle_name, plant_type=data/plant_type, location_type=data/location_type, zipcode=data/zipcode, errInfo=errInfo, plant_name=data/plant_name, status=status}]]>
              </value>
            </param>
          </params>
          <reporter-output>
          </reporter-output>
        </test-method> <!-- createPlant -->
        <test-method status="PASS" signature="getPlant(java.lang.String, org.json.JSONObject, java.util.Map, java.util.Map)[pri:1, instance:com.schemaxtech.testAutomationFrameworkTest.Plant@14acaea5]" name="getPlant" duration-ms="281" started-at="2019-12-27T12:18:16Z" data-provider="sampleDataProviderget" finished-at="2019-12-27T12:18:16Z">
          <params>
            <param index="0">
              <value>
                <![CDATA[Tc_001]]>
              </value>
            </param>
            <param index="1">
              <value>
                <![CDATA[{"plant_code":"P401"}]]>
              </value>
            </param>
            <param index="2">
              <value>
                <![CDATA[{plant_code=PLA401, errInfo=Plant code not found., status=false}]]>
              </value>
            </param>
            <param index="3">
              <value>
                <![CDATA[{plant_code=data/plant_code, errInfo=errInfo, status=status}]]>
              </value>
            </param>
          </params>
          <reporter-output>
          </reporter-output>
        </test-method> <!-- getPlant -->
        <test-method status="PASS" signature="getPlant(java.lang.String, org.json.JSONObject, java.util.Map, java.util.Map)[pri:1, instance:com.schemaxtech.testAutomationFrameworkTest.Plant@14acaea5]" name="getPlant" duration-ms="133" started-at="2019-12-27T12:18:16Z" data-provider="sampleDataProviderget" finished-at="2019-12-27T12:18:16Z">
          <params>
            <param index="0">
              <value>
                <![CDATA[Tc_002]]>
              </value>
            </param>
            <param index="1">
              <value>
                <![CDATA[{"plant_code":"PL401"}]]>
              </value>
            </param>
            <param index="2">
              <value>
                <![CDATA[{plant_code=PL401, errInfo=, status=true}]]>
              </value>
            </param>
            <param index="3">
              <value>
                <![CDATA[{plant_code=data/plant_code, errInfo=errInfo, status=status}]]>
              </value>
            </param>
          </params>
          <reporter-output>
          </reporter-output>
        </test-method> <!-- getPlant -->
        <test-method status="FAIL" signature="updatePlant(java.lang.String, org.json.JSONObject, java.util.Map, java.util.Map)[pri:2, instance:com.schemaxtech.testAutomationFrameworkTest.Plant@14acaea5]" name="updatePlant" duration-ms="148" started-at="2019-12-27T12:18:18Z" data-provider="sampleDataProviderget" finished-at="2019-12-27T12:18:18Z">
          <params>
            <param index="0">
              <value>
                <![CDATA[TC_001]]>
              </value>
            </param>
            <param index="1">
              <value>
                <![CDATA[{"country":"string","gender":"string","contact_uid":"6bd120de-96db-4769-ad0a-291fd6e2e00c","date_of_birth":"5/5/1999","mobile_no":"string","location_uid":"66563695-bb50-4c25-9692-c9a3067c8148","long":"string","ref_uid":"string","land_mark":"string","door_no":"string","address_line_1":"string","plant_code":"PL401","address_line_2":"string","state":"string","first_name":"string","lat":"string","email":"string","cluster_code":"CL401","uid_country":"string","land_line_no":"string","address_uid":"8134c6e4-fee1-41ed-a298-a1c3dfb59e1f","last_name":"string","middle_name":"string","plant_type":"sample5","location_type":"string","zipcode":"string","plant_name":"PLANT401"}]]>
              </value>
            </param>
            <param index="2">
              <value>
                <![CDATA[{plant_code=PL401, errInfo=, status=true}]]>
              </value>
            </param>
            <param index="3">
              <value>
                <![CDATA[{country=data/country, gender=data/gender, contact_uid=data/contact_uid, date_of_birth=data/date_of_birth, mobile_no=data/mobile_no, location_uid=data/location_uid, long=data/long, plant_ref_code=data/plant_ref_code, plant_start_time=data/plant_start_time, land_mark=data/land_mark, door_no=data/door_no, address_line_1=data/address_line_1, plant_code=data/plant_code, address_line_2=data/address_line_2, state=data/state, first_name=data/first_name, lat=data/lat, email=data/email, cluster_code=data/cluster_code, is_active=data/is_active, land_line_no=data/land_line_no, parent_plant_code=data/parent_plant_code, address_uid=data/address_uid, activated_date=data/activated_date, last_name=data/last_name, plant_end_time=data/plant_end_time, middle_name=data/middle_name, plant_type=data/plant_type, location_type=data/location_type, zipcode=data/zipcode, errInfo=errInfo, plant_name=data/plant_name, status=status, user_uid=data/user_uid}]]>
              </value>
            </param>
          </params>
          <exception class="java.lang.NullPointerException">
            <full-stacktrace>
              <![CDATA[java.lang.NullPointerExceptionat com.schemaxtech.testAutomationFramework.TestAutomationUtil.verifyResponse(TestAutomationUtil.java:323)at com.schemaxtech.testAutomationFrameworkTest.Plant.updatePlant(Plant.java:116)at sun.reflect.NativeMethodAccessorImpl.invoke0(Native Method)at sun.reflect.NativeMethodAccessorImpl.invoke(NativeMethodAccessorImpl.java:62)at sun.reflect.DelegatingMethodAccessorImpl.invoke(DelegatingMethodAccessorImpl.java:43)at java.lang.reflect.Method.invoke(Method.java:498)at org.testng.internal.MethodInvocationHelper.invokeMethod(MethodInvocationHelper.java:124)at org.testng.internal.Invoker.invokeMethod(Invoker.java:571)at org.testng.internal.Invoker.invokeTestMethod(Invoker.java:707)at org.testng.internal.Invoker.invokeTestMethods(Invoker.java:979)at org.testng.internal.TestMethodWorker.invokeTestMethods(TestMethodWorker.java:125)at org.testng.internal.TestMethodWorker.run(TestMethodWorker.java:109)at java.util.concurrent.ThreadPoolExecutor.runWorker(ThreadPoolExecutor.java:1149)at java.util.concurrent.ThreadPoolExecutor$Worker.run(ThreadPoolExecutor.java:624)at java.lang.Thread.run(Thread.java:748)]]>
            </full-stacktrace>
          </exception> <!-- java.lang.NullPointerException -->
          <reporter-output>
          </reporter-output>
        </test-method> <!-- updatePlant -->
        <test-method status="PASS" signature="updatePlant(java.lang.String, org.json.JSONObject, java.util.Map, java.util.Map)[pri:2, instance:com.schemaxtech.testAutomationFrameworkTest.Plant@14acaea5]" name="updatePlant" duration-ms="126" started-at="2019-12-27T12:18:18Z" data-provider="sampleDataProviderget" finished-at="2019-12-27T12:18:18Z">
          <params>
            <param index="0">
              <value>
                <![CDATA[TC_002]]>
              </value>
            </param>
            <param index="1">
              <value>
                <![CDATA[{"country":"string","gender":"string","contact_uid":"6bd120de-96db-4769-ad0a-291fd6e2e00c","date_of_birth":"5/5/1999","mobile_no":"string","location_uid":"66563695-bb50-4c25-9692-c9a3067c8148","long":"string","ref_uid":"string","land_mark":"string","door_no":"string","address_line_1":"string","plant_code":"Testpp1401","address_line_2":"string","state":"string","first_name":"string","lat":"string","email":"string","cluster_code":"Testin","uid_country":"string","land_line_no":"string","address_uid":"8134c6e4-fee1-41ed-a298-a1c3dfb59e1f","last_name":"string","middle_name":"string","plant_type":"sample5","location_type":"string","zipcode":"string","plant_name":"sample1401"}]]>
              </value>
            </param>
            <param index="2">
              <value>
                <![CDATA[{plant_code=, errInfo=Plant code not found., status=false}]]>
              </value>
            </param>
            <param index="3">
              <value>
                <![CDATA[{country=data/country, gender=data/gender, contact_uid=data/contact_uid, date_of_birth=data/date_of_birth, mobile_no=data/mobile_no, location_uid=data/location_uid, long=data/long, plant_ref_code=data/plant_ref_code, plant_start_time=data/plant_start_time, land_mark=data/land_mark, door_no=data/door_no, address_line_1=data/address_line_1, plant_code=data/plant_code, address_line_2=data/address_line_2, state=data/state, first_name=data/first_name, lat=data/lat, email=data/email, cluster_code=data/cluster_code, is_active=data/is_active, land_line_no=data/land_line_no, parent_plant_code=data/parent_plant_code, address_uid=data/address_uid, activated_date=data/activated_date, last_name=data/last_name, plant_end_time=data/plant_end_time, middle_name=data/middle_name, plant_type=data/plant_type, location_type=data/location_type, zipcode=data/zipcode, errInfo=errInfo, plant_name=data/plant_name, status=status, user_uid=data/user_uid}]]>
              </value>
            </param>
          </params>
          <reporter-output>
          </reporter-output>
        </test-method> <!-- updatePlant -->
      </class> <!-- com.schemaxtech.testAutomationFrameworkTest.Plant -->
      <class name="com.schemaxtech.testAutomationFrameworkTest.Cluster">
        <test-method status="PASS" signature="getCluster(java.lang.String, org.json.JSONObject, java.util.Map, java.util.Map)[pri:1, instance:com.schemaxtech.testAutomationFrameworkTest.Cluster@4501b7af]" name="getCluster" duration-ms="93" started-at="2019-12-27T12:18:16Z" data-provider="sampleDataProviderget" finished-at="2019-12-27T12:18:16Z">
          <params>
            <param index="0">
              <value>
                <![CDATA[TC_001]]>
              </value>
            </param>
            <param index="1">
              <value>
                <![CDATA[{"cluster_code":"CL401","is_active":true}]]>
              </value>
            </param>
            <param index="2">
              <value>
                <![CDATA[{errInfo=, cluster_code=CL401}]]>
              </value>
            </param>
            <param index="3">
              <value>
                <![CDATA[{errInfo=errInfo, cluster_code=data/cluster_code}]]>
              </value>
            </param>
          </params>
          <reporter-output>
          </reporter-output>
        </test-method> <!-- getCluster -->
        <test-method status="PASS" signature="getCluster(java.lang.String, org.json.JSONObject, java.util.Map, java.util.Map)[pri:1, instance:com.schemaxtech.testAutomationFrameworkTest.Cluster@4501b7af]" name="getCluster" duration-ms="139" started-at="2019-12-27T12:18:16Z" data-provider="sampleDataProviderget" finished-at="2019-12-27T12:18:16Z">
          <params>
            <param index="0">
              <value>
                <![CDATA[TC_002]]>
              </value>
            </param>
            <param index="1">
              <value>
                <![CDATA[{"cluster_code":["{XS"],"is_active":true}]]>
              </value>
            </param>
            <param index="2">
              <value>
                <![CDATA[{errInfo=No Clusters Found, cluster_code=}]]>
              </value>
            </param>
            <param index="3">
              <value>
                <![CDATA[{errInfo=errInfo, cluster_code=data/cluster_code}]]>
              </value>
            </param>
          </params>
          <reporter-output>
          </reporter-output>
        </test-method> <!-- getCluster -->
        <test-method status="PASS" signature="createCluster(java.lang.String, org.json.JSONObject, java.util.Map, java.util.Map)[pri:1, instance:com.schemaxtech.testAutomationFrameworkTest.Cluster@4501b7af]" name="createCluster" duration-ms="692" started-at="2019-12-27T12:18:17Z" data-provider="sampleDataProviderget" finished-at="2019-12-27T12:18:18Z">
          <params>
            <param index="0">
              <value>
                <![CDATA[TC_001]]>
              </value>
            </param>
            <param index="1">
              <value>
                <![CDATA[{"uid_country":"string","country":"string","cluster_name":"Test401","gender":"string","date_of_birth":"2/3/2012","land_line_no":"string","mobile_no":"string","last_name":"string","activated_date":"1992-05-01","middle_name":"string","location_type":"string","long":"string","zipcode":"string","corporate_code":"C401","land_mark":"string","door_no":"string","address_line_1":"string","address_line_2":"string","state":"string","first_name":"string","email":"string","lat":"string","cluster_code":"CL401"}]]>
              </value>
            </param>
            <param index="2">
              <value>
                <![CDATA[{cluster_name=Test401, errorInfo=, cluster_code=CL401, status=true}]]>
              </value>
            </param>
            <param index="3">
              <value>
                <![CDATA[{cluster_name=data/cluster_name, country=data/country, gender=data/gender, date_of_birth=data/date_of_birth, land_line_no=data/land_line_no, mobile_no=data/mobile_no, last_name=data/last_name, middle_name=data/middle_name, location_type=data/location_type, long=data/long, corporate_code=data/corporate_code, zipcode=data/zipcode, land_mark=data/land_mark, door_no=data/door_no, address_line_1=data/address_line_1, address_line_2=data/address_line_2, state=data/state, first_name=data/first_name, cluster_code=data/cluster_code, lat=data/lat, email=data/email, status=status}]]>
              </value>
            </param>
          </params>
          <reporter-output>
          </reporter-output>
        </test-method> <!-- createCluster -->
        <test-method status="PASS" signature="createCluster(java.lang.String, org.json.JSONObject, java.util.Map, java.util.Map)[pri:1, instance:com.schemaxtech.testAutomationFrameworkTest.Cluster@4501b7af]" name="createCluster" duration-ms="54" started-at="2019-12-27T12:18:18Z" data-provider="sampleDataProviderget" finished-at="2019-12-27T12:18:18Z">
          <params>
            <param index="0">
              <value>
                <![CDATA[TC_002]]>
              </value>
            </param>
            <param index="1">
              <value>
                <![CDATA[{"uid_country":"string","country":"string","cluster_name":"","gender":"string","date_of_birth":"2/4/2012","land_line_no":"string","mobile_no":"string","last_name":"string","activated_date":"1992-05-01","middle_name":"string","location_type":"string","long":"string","zipcode":"string","corporate_code":"Testin","land_mark":"string","door_no":"string","address_line_1":"string","address_line_2":"string","state":"string","first_name":"string","email":"string","lat":"string","cluster_code":"CL401"}]]>
              </value>
            </param>
            <param index="2">
              <value>
                <![CDATA[{cluster_name=, errorInfo=Company Does not Exist, cluster_code=, status=}]]>
              </value>
            </param>
            <param index="3">
              <value>
                <![CDATA[{cluster_name=data/cluster_name, country=data/country, gender=data/gender, date_of_birth=data/date_of_birth, land_line_no=data/land_line_no, mobile_no=data/mobile_no, last_name=data/last_name, middle_name=data/middle_name, location_type=data/location_type, long=data/long, corporate_code=data/corporate_code, zipcode=data/zipcode, land_mark=data/land_mark, door_no=data/door_no, address_line_1=data/address_line_1, address_line_2=data/address_line_2, state=data/state, first_name=data/first_name, cluster_code=data/cluster_code, lat=data/lat, email=data/email, status=status}]]>
              </value>
            </param>
          </params>
          <reporter-output>
          </reporter-output>
        </test-method> <!-- createCluster -->
        <test-method status="PASS" signature="updateCluster(java.lang.String, org.json.JSONObject, java.util.Map, java.util.Map)[pri:2, instance:com.schemaxtech.testAutomationFrameworkTest.Cluster@4501b7af]" name="updateCluster" duration-ms="129" started-at="2019-12-27T12:18:18Z" data-provider="sampleDataProviderget" finished-at="2019-12-27T12:18:18Z">
          <params>
            <param index="0">
              <value>
                <![CDATA[TC_001]]>
              </value>
            </param>
            <param index="1">
              <value>
                <![CDATA[{"country":"string","gender":"string","contact_uid":"42c11cdf-d9bb-45c9-aed9-55f1a5f350ba","date_of_birth":"2/3/2012","mobile_no":"string","isActive":true,"location_uid":"b084b758-36b7-4888-89ed-ac664cd724c7","ref_uid":"string","long":"string","land_mark":"string","door_no":"string","address_line_1":"string","address_line_2":"string","state":"string","first_name":"string","email":"string","lat":"string","cluster_code":"CL401","uid_country":"string","cluster_name":"Test1234","land_line_no":"string","address_uid":"451cbd12-b4f7-4d4f-87f0-f4287e4e6913","last_name":"string","activated_date":"1999-05-08","middle_name":"string","location_type":"string","zipcode":"string","corporate_code":"C401","user_uid":"4661697b-383b-48db-a616-041dfd216be3"}]]>
              </value>
            </param>
            <param index="2">
              <value>
                <![CDATA[{cluster_name=Test1234, errorInfo=, cluster_code=CL401}]]>
              </value>
            </param>
            <param index="3">
              <value>
                <![CDATA[{country=data/country, gender=data/gender, contact_uid=data/contact_uid, date_of_birth=data/date_of_birth, mobile_no=data/mobile_no, location_uid=data/location_uid, long=data/long, land_mark=data/land_mark, door_no=data/door_no, address_line_1=data/address_line_1, address_line_2=data/address_line_2, state=data/state, first_name=data/first_name, cluster_code=data/cluster_code, lat=data/lat, email=data/email, cluster_name=data/cluster_name, land_line_no=data/land_line_no, address_uid=data/address_uid, last_name=data/last_name, middle_name=data/middle_name, location_type=data/location_type, corporate_code=data/corporate_code, zipcode=data/zipcode, status=status, user_uid=data/user_uid}]]>
              </value>
            </param>
          </params>
          <reporter-output>
          </reporter-output>
        </test-method> <!-- updateCluster -->
        <test-method status="PASS" signature="updateCluster(java.lang.String, org.json.JSONObject, java.util.Map, java.util.Map)[pri:2, instance:com.schemaxtech.testAutomationFrameworkTest.Cluster@4501b7af]" name="updateCluster" duration-ms="72" started-at="2019-12-27T12:18:18Z" data-provider="sampleDataProviderget" finished-at="2019-12-27T12:18:18Z">
          <params>
            <param index="0">
              <value>
                <![CDATA[TC_002]]>
              </value>
            </param>
            <param index="1">
              <value>
                <![CDATA[{"country":"string","gender":"string","contact_uid":"42c11cdf-d9bb-45c9-aed9-55f1a5f350ba","date_of_birth":"2/4/2012","mobile_no":"string","isActive":true,"location_uid":"b084b758-36b7-4888-89ed-ac664cd724c7","ref_uid":"string","long":"string","land_mark":"string","door_no":"string","address_line_1":"string","address_line_2":"string","state":"string","first_name":"string","email":"string","lat":"string","cluster_code":"same","uid_country":"string","cluster_name":"","land_line_no":"string","address_uid":"451cbd12-b4f7-4d4f-87f0-f4287e4e6913","last_name":"string","activated_date":"1999-05-08","middle_name":"string","location_type":"string","zipcode":"string","corporate_code":"","user_uid":"4661697b-383b-48db-a616-041dfd216be3"}]]>
              </value>
            </param>
            <param index="2">
              <value>
                <![CDATA[{cluster_name=, errorInfo=Cluster  Does not Exist, cluster_code=}]]>
              </value>
            </param>
            <param index="3">
              <value>
                <![CDATA[{country=data/country, gender=data/gender, contact_uid=data/contact_uid, date_of_birth=data/date_of_birth, mobile_no=data/mobile_no, location_uid=data/location_uid, long=data/long, land_mark=data/land_mark, door_no=data/door_no, address_line_1=data/address_line_1, address_line_2=data/address_line_2, state=data/state, first_name=data/first_name, cluster_code=data/cluster_code, lat=data/lat, email=data/email, cluster_name=data/cluster_name, land_line_no=data/land_line_no, address_uid=data/address_uid, last_name=data/last_name, middle_name=data/middle_name, location_type=data/location_type, corporate_code=data/corporate_code, zipcode=data/zipcode, status=status, user_uid=data/user_uid}]]>
              </value>
            </param>
          </params>
          <reporter-output>
          </reporter-output>
        </test-method> <!-- updateCluster -->
      </class> <!-- com.schemaxtech.testAutomationFrameworkTest.Cluster -->
      <class name="com.schemaxtech.testAutomationFrameworkTest.Company">
        <test-method status="PASS" signature="postSampleTest(java.lang.String, org.json.JSONObject, java.util.Map, java.util.Map)[pri:1, instance:com.schemaxtech.testAutomationFrameworkTest.Company@59fa1d9b]" name="postSampleTest" duration-ms="237" started-at="2019-12-27T12:18:17Z" data-provider="sampleDataProviderget" finished-at="2019-12-27T12:18:17Z">
          <params>
            <param index="0">
              <value>
                <![CDATA[TC_001]]>
              </value>
            </param>
            <param index="1">
              <value>
                <![CDATA[{"country":"string","gender":"string","land_line_no":"string","mobile_no":"78985","last_name":"string","middle_name":"string","location_type":"string","long":"string","zipcode":"89789","land_mark":"string","company_name":"COMPANY401","door_no":"string","address_line_1":"string","company_code":"C401","address_line_2":"string","state":"string","first_name":"string","lat":"string","email":"string"}]]>
              </value>
            </param>
            <param index="2">
              <value>
                <![CDATA[{company_code=C401, company_name=COMPANY401, status=true}]]>
              </value>
            </param>
            <param index="3">
              <value>
                <![CDATA[{company_code=data/company_code, company_name=data/company_name, status=status}]]>
              </value>
            </param>
          </params>
          <reporter-output>
          </reporter-output>
        </test-method> <!-- postSampleTest -->
        <test-method status="FAIL" signature="postSampleTest(java.lang.String, org.json.JSONObject, java.util.Map, java.util.Map)[pri:1, instance:com.schemaxtech.testAutomationFrameworkTest.Company@59fa1d9b]" name="postSampleTest" duration-ms="234" started-at="2019-12-27T12:18:17Z" data-provider="sampleDataProviderget" finished-at="2019-12-27T12:18:17Z">
          <params>
            <param index="0">
              <value>
                <![CDATA[TC_002]]>
              </value>
            </param>
            <param index="1">
              <value>
                <![CDATA[{"country":"string","gender":"string","land_line_no":"string","mobile_no":"78985","last_name":"string","middle_name":"string","location_type":"string","long":"string","zipcode":"89789","land_mark":"string","company_name":"COMPANY401","door_no":"string","address_line_1":"string","company_code":" ","address_line_2":"string","state":"string","first_name":"string","lat":"string","email":"string"}]]>
              </value>
            </param>
            <param index="2">
              <value>
                <![CDATA[{company_code=, company_name=, status=false}]]>
              </value>
            </param>
            <param index="3">
              <value>
                <![CDATA[{company_code=data/company_code, company_name=data/company_name, status=status}]]>
              </value>
            </param>
          </params>
          <exception class="java.lang.AssertionError">
            <message>
              <![CDATA[Verification of 'status' with value 'false' in response json failed expected [false] but found [true]]]>
            </message>
            <full-stacktrace>
              <![CDATA[java.lang.AssertionError: Verification of 'status' with value 'false' in response json failed expected [false] but found [true]at org.testng.Assert.fail(Assert.java:96)at org.testng.Assert.failNotEquals(Assert.java:776)at org.testng.Assert.assertEqualsImpl(Assert.java:137)at org.testng.Assert.assertEquals(Assert.java:118)at com.schemaxtech.testAutomationFramework.TestAutomationUtil.verifyResponse(TestAutomationUtil.java:338)at com.schemaxtech.testAutomationFrameworkTest.Company.postSampleTest(Company.java:100)at sun.reflect.NativeMethodAccessorImpl.invoke0(Native Method)at sun.reflect.NativeMethodAccessorImpl.invoke(NativeMethodAccessorImpl.java:62)at sun.reflect.DelegatingMethodAccessorImpl.invoke(DelegatingMethodAccessorImpl.java:43)at java.lang.reflect.Method.invoke(Method.java:498)at org.testng.internal.MethodInvocationHelper.invokeMethod(MethodInvocationHelper.java:124)at org.testng.internal.Invoker.invokeMethod(Invoker.java:571)at org.testng.internal.Invoker.invokeTestMethod(Invoker.java:707)at org.testng.internal.Invoker.invokeTestMethods(Invoker.java:979)at org.testng.internal.TestMethodWorker.invokeTestMethods(TestMethodWorker.java:125)at org.testng.internal.TestMethodWorker.run(TestMethodWorker.java:109)at java.util.concurrent.ThreadPoolExecutor.runWorker(ThreadPoolExecutor.java:1149)at java.util.concurrent.ThreadPoolExecutor$Worker.run(ThreadPoolExecutor.java:624)at java.lang.Thread.run(Thread.java:748)]]>
            </full-stacktrace>
          </exception> <!-- java.lang.AssertionError -->
          <reporter-output>
          </reporter-output>
        </test-method> <!-- postSampleTest -->
        <test-method status="PASS" signature="postSampleTest(java.lang.String, org.json.JSONObject, java.util.Map, java.util.Map)[pri:1, instance:com.schemaxtech.testAutomationFrameworkTest.Company@59fa1d9b]" name="postSampleTest" duration-ms="51" started-at="2019-12-27T12:18:17Z" data-provider="sampleDataProviderget" finished-at="2019-12-27T12:18:17Z">
          <params>
            <param index="0">
              <value>
                <![CDATA[TC_003]]>
              </value>
            </param>
            <param index="1">
              <value>
                <![CDATA[{"country":"string","gender":"string","land_line_no":"string","mobile_no":"78985","last_name":"string","middle_name":"string","location_type":"string","long":"string","zipcode":"89789","land_mark":"string","company_name":"COMPANY401","door_no":"string","address_line_1":"string","company_code":"C401","address_line_2":"string","state":"string","first_name":"string","lat":"string","email":"string"}]]>
              </value>
            </param>
            <param index="2">
              <value>
                <![CDATA[{company_code=, company_name=, status=false}]]>
              </value>
            </param>
            <param index="3">
              <value>
                <![CDATA[{company_code=data/company_code, company_name=data/company_name, status=status}]]>
              </value>
            </param>
          </params>
          <reporter-output>
          </reporter-output>
        </test-method> <!-- postSampleTest -->
      </class> <!-- com.schemaxtech.testAutomationFrameworkTest.Company -->
    </test> <!-- Test -->
  </suite> <!-- Suite -->
</testng-results>
