<?xml version="1.0" encoding="UTF-8"?>
<testsuite xmlns:xsi="http://www.w3.org/2001/XMLSchema-instance" xsi:noNamespaceSchemaLocation="https://maven.apache.org/surefire/maven-surefire-plugin/xsd/surefire-test-report-3.0.xsd" version="3.0" name="TestSuite" time="8.518" tests="102" errors="0" skipped="4" failures="49">
  <properties>
    <property name="sun.desktop" value="windows"/>
    <property name="awt.toolkit" value="sun.awt.windows.WToolkit"/>
    <property name="file.encoding.pkg" value="sun.io"/>
    <property name="java.specification.version" value="1.8"/>
    <property name="sun.cpu.isalist" value="amd64"/>
    <property name="sun.jnu.encoding" value="Cp1252"/>
    <property name="java.class.path" value="C:\Users\Gateway\eclipse-workspace\FinalSuite\target\test-classes;C:\Users\Gateway\eclipse-workspace\FinalSuite\target\classes;C:\Users\Gateway\.m2\repository\org\seleniumhq\selenium\selenium-java\3.141.59\selenium-java-3.141.59.jar;C:\Users\Gateway\.m2\repository\org\seleniumhq\selenium\selenium-api\3.141.59\selenium-api-3.141.59.jar;C:\Users\Gateway\.m2\repository\org\seleniumhq\selenium\selenium-chrome-driver\3.141.59\selenium-chrome-driver-3.141.59.jar;C:\Users\Gateway\.m2\repository\org\seleniumhq\selenium\selenium-edge-driver\3.141.59\selenium-edge-driver-3.141.59.jar;C:\Users\Gateway\.m2\repository\org\seleniumhq\selenium\selenium-firefox-driver\3.141.59\selenium-firefox-driver-3.141.59.jar;C:\Users\Gateway\.m2\repository\org\seleniumhq\selenium\selenium-ie-driver\3.141.59\selenium-ie-driver-3.141.59.jar;C:\Users\Gateway\.m2\repository\org\seleniumhq\selenium\selenium-opera-driver\3.141.59\selenium-opera-driver-3.141.59.jar;C:\Users\Gateway\.m2\repository\org\seleniumhq\selenium\selenium-remote-driver\3.141.59\selenium-remote-driver-3.141.59.jar;C:\Users\Gateway\.m2\repository\org\seleniumhq\selenium\selenium-safari-driver\3.141.59\selenium-safari-driver-3.141.59.jar;C:\Users\Gateway\.m2\repository\org\seleniumhq\selenium\selenium-support\3.141.59\selenium-support-3.141.59.jar;C:\Users\Gateway\.m2\repository\net\bytebuddy\byte-buddy\1.8.15\byte-buddy-1.8.15.jar;C:\Users\Gateway\.m2\repository\org\apache\commons\commons-exec\1.3\commons-exec-1.3.jar;C:\Users\Gateway\.m2\repository\com\google\guava\guava\25.0-jre\guava-25.0-jre.jar;C:\Users\Gateway\.m2\repository\com\google\code\findbugs\jsr305\1.3.9\jsr305-1.3.9.jar;C:\Users\Gateway\.m2\repository\org\checkerframework\checker-compat-qual\2.0.0\checker-compat-qual-2.0.0.jar;C:\Users\Gateway\.m2\repository\com\google\errorprone\error_prone_annotations\2.1.3\error_prone_annotations-2.1.3.jar;C:\Users\Gateway\.m2\repository\com\google\j2objc\j2objc-annotations\1.1\j2objc-annotations-1.1.jar;C:\Users\Gateway\.m2\repository\org\codehaus\mojo\animal-sniffer-annotations\1.14\animal-sniffer-annotations-1.14.jar;C:\Users\Gateway\.m2\repository\com\squareup\okhttp3\okhttp\3.11.0\okhttp-3.11.0.jar;C:\Users\Gateway\.m2\repository\com\squareup\okio\okio\1.14.0\okio-1.14.0.jar;C:\Users\Gateway\.m2\repository\io\rest-assured\rest-assured\3.2.0\rest-assured-3.2.0.jar;C:\Users\Gateway\.m2\repository\org\codehaus\groovy\groovy\2.4.15\groovy-2.4.15.jar;C:\Users\Gateway\.m2\repository\org\codehaus\groovy\groovy-xml\2.4.15\groovy-xml-2.4.15.jar;C:\Users\Gateway\.m2\repository\org\apache\httpcomponents\httpclient\4.5.3\httpclient-4.5.3.jar;C:\Users\Gateway\.m2\repository\org\apache\httpcomponents\httpcore\4.4.6\httpcore-4.4.6.jar;C:\Users\Gateway\.m2\repository\commons-logging\commons-logging\1.2\commons-logging-1.2.jar;C:\Users\Gateway\.m2\repository\commons-codec\commons-codec\1.9\commons-codec-1.9.jar;C:\Users\Gateway\.m2\repository\org\apache\httpcomponents\httpmime\4.5.1\httpmime-4.5.1.jar;C:\Users\Gateway\.m2\repository\org\hamcrest\hamcrest-core\1.3\hamcrest-core-1.3.jar;C:\Users\Gateway\.m2\repository\org\hamcrest\hamcrest-library\1.3\hamcrest-library-1.3.jar;C:\Users\Gateway\.m2\repository\org\ccil\cowan\tagsoup\tagsoup\1.2.1\tagsoup-1.2.1.jar;C:\Users\Gateway\.m2\repository\io\rest-assured\json-path\3.2.0\json-path-3.2.0.jar;C:\Users\Gateway\.m2\repository\org\codehaus\groovy\groovy-json\2.4.15\groovy-json-2.4.15.jar;C:\Users\Gateway\.m2\repository\io\rest-assured\rest-assured-common\3.2.0\rest-assured-common-3.2.0.jar;C:\Users\Gateway\.m2\repository\io\rest-assured\xml-path\3.2.0\xml-path-3.2.0.jar;C:\Users\Gateway\.m2\repository\javax\xml\bind\jaxb-api\2.2.12\jaxb-api-2.2.12.jar;C:\Users\Gateway\.m2\repository\com\sun\xml\bind\jaxb-osgi\2.2.10\jaxb-osgi-2.2.10.jar;C:\Users\Gateway\.m2\repository\org\apache\sling\org.apache.sling.javax.activation\0.1.0\org.apache.sling.javax.activation-0.1.0.jar;C:\Users\Gateway\.m2\repository\javax\activation\activation\1.1.1\activation-1.1.1.jar;C:\Users\Gateway\.m2\repository\com\opencsv\opencsv\3.3\opencsv-3.3.jar;C:\Users\Gateway\.m2\repository\org\apache\commons\commons-lang3\3.3.2\commons-lang3-3.3.2.jar;C:\Users\Gateway\.m2\repository\org\testng\testng\6.13.1\testng-6.13.1.jar;C:\Users\Gateway\.m2\repository\com\google\code\gson\gson\2.8.1\gson-2.8.1.jar;C:\Users\Gateway\.m2\repository\org\json\json\20180813\json-20180813.jar;C:\Users\Gateway\.m2\repository\commons-io\commons-io\2.6\commons-io-2.6.jar;C:\Users\Gateway\.m2\repository\au\com\bytecode\opencsv\2.4\opencsv-2.4.jar;C:\Users\Gateway\.m2\repository\org\apache\maven\plugins\maven-surefire-plugin\3.0.0-M3\maven-surefire-plugin-3.0.0-M3.jar;C:\Users\Gateway\.m2\repository\org\apache\maven\surefire\maven-surefire-common\3.0.0-M3\maven-surefire-common-3.0.0-M3.jar;C:\Users\Gateway\.m2\repository\org\apache\maven\surefire\surefire-api\3.0.0-M3\surefire-api-3.0.0-M3.jar;C:\Users\Gateway\.m2\repository\org\apache\maven\surefire\surefire-logger-api\3.0.0-M3\surefire-logger-api-3.0.0-M3.jar;C:\Users\Gateway\.m2\repository\org\apache\maven\surefire\surefire-booter\3.0.0-M3\surefire-booter-3.0.0-M3.jar;C:\Users\Gateway\.m2\repository\org\apache\maven\maven-toolchain\3.0-alpha-2\maven-toolchain-3.0-alpha-2.jar;C:\Users\Gateway\.m2\repository\org\apache\maven\maven-core\3.0-alpha-2\maven-core-3.0-alpha-2.jar;C:\Users\Gateway\.m2\repository\org\apache\maven\maven-lifecycle\3.0-alpha-2\maven-lifecycle-3.0-alpha-2.jar;C:\Users\Gateway\.m2\repository\org\apache\maven\maven-reporting-api\3.0-alpha-2\maven-reporting-api-3.0-alpha-2.jar;C:\Users\Gateway\.m2\repository\org\apache\maven\doxia\doxia-sink-api\1.0-alpha-9\doxia-sink-api-1.0-alpha-9.jar;C:\Users\Gateway\.m2\repository\org\apache\maven\maven-model\3.0-alpha-2\maven-model-3.0-alpha-2.jar;C:\Users\Gateway\.m2\repository\org\apache\maven\maven-plugin-api\3.0-alpha-2\maven-plugin-api-3.0-alpha-2.jar;C:\Users\Gateway\.m2\repository\org\codehaus\plexus\plexus-container-default\1.0-beta-3.0.5\plexus-container-default-1.0-beta-3.0.5.jar;C:\Users\Gateway\.m2\repository\org\apache\xbean\xbean-reflect\3.4\xbean-reflect-3.4.jar;C:\Users\Gateway\.m2\repository\log4j\log4j\1.2.12\log4j-1.2.12.jar;C:\Users\Gateway\.m2\repository\commons-logging\commons-logging-api\1.1\commons-logging-api-1.1.jar;C:\Users\Gateway\.m2\repository\com\google\code\google-collections\google-collect\snapshot-20080530\google-collect-snapshot-20080530.jar;C:\Users\Gateway\.m2\repository\junit\junit\3.8.2\junit-3.8.2.jar;C:\Users\Gateway\.m2\repository\org\apache\maven\maven-project\3.0-alpha-2\maven-project-3.0-alpha-2.jar;C:\Users\Gateway\.m2\repository\org\codehaus\woodstox\wstx-asl\3.2.6\wstx-asl-3.2.6.jar;C:\Users\Gateway\.m2\repository\org\apache\maven\maven-project-builder\3.0-alpha-2\maven-project-builder-3.0-alpha-2.jar;C:\Users\Gateway\.m2\repository\commons-cli\commons-cli\1.0\commons-cli-1.0.jar;C:\Users\Gateway\.m2\repository\org\codehaus\plexus\plexus-interactivity-api\1.0-alpha-6\plexus-interactivity-api-1.0-alpha-6.jar;C:\Users\Gateway\.m2\repository\org\codehaus\plexus\plexus-interpolation\1.1\plexus-interpolation-1.1.jar;C:\Users\Gateway\.m2\repository\org\codehaus\plexus\plexus-utils\1.5.6\plexus-utils-1.5.6.jar;C:\Users\Gateway\.m2\repository\org\codehaus\plexus\plexus-classworlds\1.3\plexus-classworlds-1.3.jar;C:\Users\Gateway\.m2\repository\org\codehaus\plexus\plexus-component-annotations\1.0-beta-3.0.5\plexus-component-annotations-1.0-beta-3.0.5.jar;C:\Users\Gateway\.m2\repository\org\sonatype\plexus\plexus-plugin-manager\1.0-alpha-1\plexus-plugin-manager-1.0-alpha-1.jar;C:\Users\Gateway\.m2\repository\org\apache\maven\mercury\mercury-plexus\1.0.0-alpha-2\mercury-plexus-1.0.0-alpha-2.jar;C:\Users\Gateway\.m2\repository\org\apache\maven\mercury\mercury-repo-remote-m2\1.0.0-alpha-2\mercury-repo-remote-m2-1.0.0-alpha-2.jar;C:\Users\Gateway\.m2\repository\org\apache\maven\mercury\mercury-repo-api\1.0.0-alpha-2\mercury-repo-api-1.0.0-alpha-2.jar;C:\Users\Gateway\.m2\repository\org\apache\maven\mercury\mercury-transport-api\1.0.0-alpha-2\mercury-transport-api-1.0.0-alpha-2.jar;C:\Users\Gateway\.m2\repository\org\apache\maven\mercury\mercury-crypto-api\1.0.0-alpha-2\mercury-crypto-api-1.0.0-alpha-2.jar;C:\Users\Gateway\.m2\repository\org\apache\maven\mercury\mercury-transport-http\1.0.0-alpha-2\mercury-transport-http-1.0.0-alpha-2.jar;C:\Users\Gateway\.m2\repository\org\mortbay\jetty\jetty-client\6.1.12\jetty-client-6.1.12.jar;C:\Users\Gateway\.m2\repository\org\mortbay\jetty\jetty-sslengine\6.1.12\jetty-sslengine-6.1.12.jar;C:\Users\Gateway\.m2\repository\org\mortbay\jetty\jetty\6.1.12\jetty-6.1.12.jar;C:\Users\Gateway\.m2\repository\org\mortbay\jetty\jetty-util\6.1.12\jetty-util-6.1.12.jar;C:\Users\Gateway\.m2\repository\org\mortbay\jetty\servlet-api-2.5\6.1.12\servlet-api-2.5-6.1.12.jar;C:\Users\Gateway\.m2\repository\org\apache\maven\mercury\mercury-crypto-basic\1.0.0-alpha-2\mercury-crypto-basic-1.0.0-alpha-2.jar;C:\Users\Gateway\.m2\repository\bouncycastle\bcprov-jdk15\140\bcprov-jdk15-140.jar;C:\Users\Gateway\.m2\repository\bouncycastle\bcpg-jdk15\140\bcpg-jdk15-140.jar;C:\Users\Gateway\.m2\repository\org\apache\maven\mercury\mercury-md-shared\1.0.0-alpha-2\mercury-md-shared-1.0.0-alpha-2.jar;C:\Users\Gateway\.m2\repository\org\apache\maven\mercury\mercury-util\1.0.0-alpha-2\mercury-util-1.0.0-alpha-2.jar;C:\Users\Gateway\.m2\repository\org\apache\maven\mercury\mercury-repo-local-m2\1.0.0-alpha-2\mercury-repo-local-m2-1.0.0-alpha-2.jar;C:\Users\Gateway\.m2\repository\org\apache\maven\mercury\mercury-repo-virtual\1.0.0-alpha-2\mercury-repo-virtual-1.0.0-alpha-2.jar;C:\Users\Gateway\.m2\repository\org\apache\maven\mercury\mercury-repo-cache-fs\1.0.0-alpha-2\mercury-repo-cache-fs-1.0.0-alpha-2.jar;C:\Users\Gateway\.m2\repository\org\apache\maven\mercury\mercury-md-sat\1.0.0-alpha-2\mercury-md-sat-1.0.0-alpha-2.jar;C:\Users\Gateway\.m2\repository\org\sat4j\org.sat4j.core\2.0.4\org.sat4j.core-2.0.4.jar;C:\Users\Gateway\.m2\repository\org\sat4j\org.sat4j.pb\2.0.4\org.sat4j.pb-2.0.4.jar;C:\Users\Gateway\.m2\repository\org\apache\maven\mercury\mercury-event\1.0.0-alpha-2\mercury-event-1.0.0-alpha-2.jar;C:\Users\Gateway\.m2\repository\org\apache\maven\mercury\mercury-logging\1.0.0-alpha-2\mercury-logging-1.0.0-alpha-2.jar;C:\Users\Gateway\.m2\repository\org\codehaus\plexus\plexus-lang\1.1\plexus-lang-1.1.jar;C:\Users\Gateway\.m2\repository\org\slf4j\slf4j-jdk14\1.5.3\slf4j-jdk14-1.5.3.jar;C:\Users\Gateway\.m2\repository\org\slf4j\slf4j-api\1.5.3\slf4j-api-1.5.3.jar;C:\Users\Gateway\.m2\repository\org\apache\maven\maven-mercury\3.0-alpha-2\maven-mercury-3.0-alpha-2.jar;C:\Users\Gateway\.m2\repository\org\apache\maven\mercury\mercury-artifact\1.0.0-alpha-2\mercury-artifact-1.0.0-alpha-2.jar;C:\Users\Gateway\.m2\repository\org\apache\maven\mercury\mercury-external\1.0.0-alpha-2\mercury-external-1.0.0-alpha-2.jar;C:\Users\Gateway\.m2\repository\org\sonatype\spice\model-builder\1.3\model-builder-1.3.jar;C:\Users\Gateway\.m2\repository\stax\stax-api\1.0.1\stax-api-1.0.1.jar;C:\Users\Gateway\.m2\repository\org\apache\maven\maven-compat\3.0-alpha-2\maven-compat-3.0-alpha-2.jar;C:\Users\Gateway\.m2\repository\org\apache\maven\wagon\wagon-provider-api\1.0-beta-4\wagon-provider-api-1.0-beta-4.jar;C:\Users\Gateway\.m2\repository\org\codehaus\plexus\plexus-java\1.0.1\plexus-java-1.0.1.jar;C:\Users\Gateway\.m2\repository\org\ow2\asm\asm\7.0-beta\asm-7.0-beta.jar;C:\Users\Gateway\.m2\repository\com\thoughtworks\qdox\qdox\2.0-M9\qdox-2.0-M9.jar;C:\Users\Gateway\.m2\repository\com\beust\jcommander\1.72\jcommander-1.72.jar;"/>
    <property name="java.vm.vendor" value="Oracle Corporation"/>
    <property name="sun.arch.data.model" value="64"/>
    <property name="user.variant" value=""/>
    <property name="java.vendor.url" value="http://java.oracle.com/"/>
    <property name="user.timezone" value="Asia/Calcutta"/>
    <property name="java.vm.specification.version" value="1.8"/>
    <property name="os.name" value="Windows 7"/>
    <property name="user.country" value="US"/>
    <property name="sun.java.launcher" value="SUN_STANDARD"/>
    <property name="sun.boot.library.path" value="C:\Program Files\Java\jdk1.8.0_201\jre\bin"/>
    <property name="sun.java.command" value="C:\Users\Gateway\AppData\Local\Temp\surefire6448349632265284709\surefirebooter7872539613227007507.jar C:\Users\Gateway\AppData\Local\Temp\surefire6448349632265284709 2019-12-27T12-18-09_317-jvmRun1 surefire1837772285153090806tmp surefire_04040096685515606729tmp"/>
    <property name="surefire.test.class.path" value="C:\Users\Gateway\eclipse-workspace\FinalSuite\target\test-classes;C:\Users\Gateway\eclipse-workspace\FinalSuite\target\classes;C:\Users\Gateway\.m2\repository\org\seleniumhq\selenium\selenium-java\3.141.59\selenium-java-3.141.59.jar;C:\Users\Gateway\.m2\repository\org\seleniumhq\selenium\selenium-api\3.141.59\selenium-api-3.141.59.jar;C:\Users\Gateway\.m2\repository\org\seleniumhq\selenium\selenium-chrome-driver\3.141.59\selenium-chrome-driver-3.141.59.jar;C:\Users\Gateway\.m2\repository\org\seleniumhq\selenium\selenium-edge-driver\3.141.59\selenium-edge-driver-3.141.59.jar;C:\Users\Gateway\.m2\repository\org\seleniumhq\selenium\selenium-firefox-driver\3.141.59\selenium-firefox-driver-3.141.59.jar;C:\Users\Gateway\.m2\repository\org\seleniumhq\selenium\selenium-ie-driver\3.141.59\selenium-ie-driver-3.141.59.jar;C:\Users\Gateway\.m2\repository\org\seleniumhq\selenium\selenium-opera-driver\3.141.59\selenium-opera-driver-3.141.59.jar;C:\Users\Gateway\.m2\repository\org\seleniumhq\selenium\selenium-remote-driver\3.141.59\selenium-remote-driver-3.141.59.jar;C:\Users\Gateway\.m2\repository\org\seleniumhq\selenium\selenium-safari-driver\3.141.59\selenium-safari-driver-3.141.59.jar;C:\Users\Gateway\.m2\repository\org\seleniumhq\selenium\selenium-support\3.141.59\selenium-support-3.141.59.jar;C:\Users\Gateway\.m2\repository\net\bytebuddy\byte-buddy\1.8.15\byte-buddy-1.8.15.jar;C:\Users\Gateway\.m2\repository\org\apache\commons\commons-exec\1.3\commons-exec-1.3.jar;C:\Users\Gateway\.m2\repository\com\google\guava\guava\25.0-jre\guava-25.0-jre.jar;C:\Users\Gateway\.m2\repository\com\google\code\findbugs\jsr305\1.3.9\jsr305-1.3.9.jar;C:\Users\Gateway\.m2\repository\org\checkerframework\checker-compat-qual\2.0.0\checker-compat-qual-2.0.0.jar;C:\Users\Gateway\.m2\repository\com\google\errorprone\error_prone_annotations\2.1.3\error_prone_annotations-2.1.3.jar;C:\Users\Gateway\.m2\repository\com\google\j2objc\j2objc-annotations\1.1\j2objc-annotations-1.1.jar;C:\Users\Gateway\.m2\repository\org\codehaus\mojo\animal-sniffer-annotations\1.14\animal-sniffer-annotations-1.14.jar;C:\Users\Gateway\.m2\repository\com\squareup\okhttp3\okhttp\3.11.0\okhttp-3.11.0.jar;C:\Users\Gateway\.m2\repository\com\squareup\okio\okio\1.14.0\okio-1.14.0.jar;C:\Users\Gateway\.m2\repository\io\rest-assured\rest-assured\3.2.0\rest-assured-3.2.0.jar;C:\Users\Gateway\.m2\repository\org\codehaus\groovy\groovy\2.4.15\groovy-2.4.15.jar;C:\Users\Gateway\.m2\repository\org\codehaus\groovy\groovy-xml\2.4.15\groovy-xml-2.4.15.jar;C:\Users\Gateway\.m2\repository\org\apache\httpcomponents\httpclient\4.5.3\httpclient-4.5.3.jar;C:\Users\Gateway\.m2\repository\org\apache\httpcomponents\httpcore\4.4.6\httpcore-4.4.6.jar;C:\Users\Gateway\.m2\repository\commons-logging\commons-logging\1.2\commons-logging-1.2.jar;C:\Users\Gateway\.m2\repository\commons-codec\commons-codec\1.9\commons-codec-1.9.jar;C:\Users\Gateway\.m2\repository\org\apache\httpcomponents\httpmime\4.5.1\httpmime-4.5.1.jar;C:\Users\Gateway\.m2\repository\org\hamcrest\hamcrest-core\1.3\hamcrest-core-1.3.jar;C:\Users\Gateway\.m2\repository\org\hamcrest\hamcrest-library\1.3\hamcrest-library-1.3.jar;C:\Users\Gateway\.m2\repository\org\ccil\cowan\tagsoup\tagsoup\1.2.1\tagsoup-1.2.1.jar;C:\Users\Gateway\.m2\repository\io\rest-assured\json-path\3.2.0\json-path-3.2.0.jar;C:\Users\Gateway\.m2\repository\org\codehaus\groovy\groovy-json\2.4.15\groovy-json-2.4.15.jar;C:\Users\Gateway\.m2\repository\io\rest-assured\rest-assured-common\3.2.0\rest-assured-common-3.2.0.jar;C:\Users\Gateway\.m2\repository\io\rest-assured\xml-path\3.2.0\xml-path-3.2.0.jar;C:\Users\Gateway\.m2\repository\javax\xml\bind\jaxb-api\2.2.12\jaxb-api-2.2.12.jar;C:\Users\Gateway\.m2\repository\com\sun\xml\bind\jaxb-osgi\2.2.10\jaxb-osgi-2.2.10.jar;C:\Users\Gateway\.m2\repository\org\apache\sling\org.apache.sling.javax.activation\0.1.0\org.apache.sling.javax.activation-0.1.0.jar;C:\Users\Gateway\.m2\repository\javax\activation\activation\1.1.1\activation-1.1.1.jar;C:\Users\Gateway\.m2\repository\com\opencsv\opencsv\3.3\opencsv-3.3.jar;C:\Users\Gateway\.m2\repository\org\apache\commons\commons-lang3\3.3.2\commons-lang3-3.3.2.jar;C:\Users\Gateway\.m2\repository\org\testng\testng\6.13.1\testng-6.13.1.jar;C:\Users\Gateway\.m2\repository\com\google\code\gson\gson\2.8.1\gson-2.8.1.jar;C:\Users\Gateway\.m2\repository\org\json\json\20180813\json-20180813.jar;C:\Users\Gateway\.m2\repository\commons-io\commons-io\2.6\commons-io-2.6.jar;C:\Users\Gateway\.m2\repository\au\com\bytecode\opencsv\2.4\opencsv-2.4.jar;C:\Users\Gateway\.m2\repository\org\apache\maven\plugins\maven-surefire-plugin\3.0.0-M3\maven-surefire-plugin-3.0.0-M3.jar;C:\Users\Gateway\.m2\repository\org\apache\maven\surefire\maven-surefire-common\3.0.0-M3\maven-surefire-common-3.0.0-M3.jar;C:\Users\Gateway\.m2\repository\org\apache\maven\surefire\surefire-api\3.0.0-M3\surefire-api-3.0.0-M3.jar;C:\Users\Gateway\.m2\repository\org\apache\maven\surefire\surefire-logger-api\3.0.0-M3\surefire-logger-api-3.0.0-M3.jar;C:\Users\Gateway\.m2\repository\org\apache\maven\surefire\surefire-booter\3.0.0-M3\surefire-booter-3.0.0-M3.jar;C:\Users\Gateway\.m2\repository\org\apache\maven\maven-toolchain\3.0-alpha-2\maven-toolchain-3.0-alpha-2.jar;C:\Users\Gateway\.m2\repository\org\apache\maven\maven-core\3.0-alpha-2\maven-core-3.0-alpha-2.jar;C:\Users\Gateway\.m2\repository\org\apache\maven\maven-lifecycle\3.0-alpha-2\maven-lifecycle-3.0-alpha-2.jar;C:\Users\Gateway\.m2\repository\org\apache\maven\maven-reporting-api\3.0-alpha-2\maven-reporting-api-3.0-alpha-2.jar;C:\Users\Gateway\.m2\repository\org\apache\maven\doxia\doxia-sink-api\1.0-alpha-9\doxia-sink-api-1.0-alpha-9.jar;C:\Users\Gateway\.m2\repository\org\apache\maven\maven-model\3.0-alpha-2\maven-model-3.0-alpha-2.jar;C:\Users\Gateway\.m2\repository\org\apache\maven\maven-plugin-api\3.0-alpha-2\maven-plugin-api-3.0-alpha-2.jar;C:\Users\Gateway\.m2\repository\org\codehaus\plexus\plexus-container-default\1.0-beta-3.0.5\plexus-container-default-1.0-beta-3.0.5.jar;C:\Users\Gateway\.m2\repository\org\apache\xbean\xbean-reflect\3.4\xbean-reflect-3.4.jar;C:\Users\Gateway\.m2\repository\log4j\log4j\1.2.12\log4j-1.2.12.jar;C:\Users\Gateway\.m2\repository\commons-logging\commons-logging-api\1.1\commons-logging-api-1.1.jar;C:\Users\Gateway\.m2\repository\com\google\code\google-collections\google-collect\snapshot-20080530\google-collect-snapshot-20080530.jar;C:\Users\Gateway\.m2\repository\junit\junit\3.8.2\junit-3.8.2.jar;C:\Users\Gateway\.m2\repository\org\apache\maven\maven-project\3.0-alpha-2\maven-project-3.0-alpha-2.jar;C:\Users\Gateway\.m2\repository\org\codehaus\woodstox\wstx-asl\3.2.6\wstx-asl-3.2.6.jar;C:\Users\Gateway\.m2\repository\org\apache\maven\maven-project-builder\3.0-alpha-2\maven-project-builder-3.0-alpha-2.jar;C:\Users\Gateway\.m2\repository\commons-cli\commons-cli\1.0\commons-cli-1.0.jar;C:\Users\Gateway\.m2\repository\org\codehaus\plexus\plexus-interactivity-api\1.0-alpha-6\plexus-interactivity-api-1.0-alpha-6.jar;C:\Users\Gateway\.m2\repository\org\codehaus\plexus\plexus-interpolation\1.1\plexus-interpolation-1.1.jar;C:\Users\Gateway\.m2\repository\org\codehaus\plexus\plexus-utils\1.5.6\plexus-utils-1.5.6.jar;C:\Users\Gateway\.m2\repository\org\codehaus\plexus\plexus-classworlds\1.3\plexus-classworlds-1.3.jar;C:\Users\Gateway\.m2\repository\org\codehaus\plexus\plexus-component-annotations\1.0-beta-3.0.5\plexus-component-annotations-1.0-beta-3.0.5.jar;C:\Users\Gateway\.m2\repository\org\sonatype\plexus\plexus-plugin-manager\1.0-alpha-1\plexus-plugin-manager-1.0-alpha-1.jar;C:\Users\Gateway\.m2\repository\org\apache\maven\mercury\mercury-plexus\1.0.0-alpha-2\mercury-plexus-1.0.0-alpha-2.jar;C:\Users\Gateway\.m2\repository\org\apache\maven\mercury\mercury-repo-remote-m2\1.0.0-alpha-2\mercury-repo-remote-m2-1.0.0-alpha-2.jar;C:\Users\Gateway\.m2\repository\org\apache\maven\mercury\mercury-repo-api\1.0.0-alpha-2\mercury-repo-api-1.0.0-alpha-2.jar;C:\Users\Gateway\.m2\repository\org\apache\maven\mercury\mercury-transport-api\1.0.0-alpha-2\mercury-transport-api-1.0.0-alpha-2.jar;C:\Users\Gateway\.m2\repository\org\apache\maven\mercury\mercury-crypto-api\1.0.0-alpha-2\mercury-crypto-api-1.0.0-alpha-2.jar;C:\Users\Gateway\.m2\repository\org\apache\maven\mercury\mercury-transport-http\1.0.0-alpha-2\mercury-transport-http-1.0.0-alpha-2.jar;C:\Users\Gateway\.m2\repository\org\mortbay\jetty\jetty-client\6.1.12\jetty-client-6.1.12.jar;C:\Users\Gateway\.m2\repository\org\mortbay\jetty\jetty-sslengine\6.1.12\jetty-sslengine-6.1.12.jar;C:\Users\Gateway\.m2\repository\org\mortbay\jetty\jetty\6.1.12\jetty-6.1.12.jar;C:\Users\Gateway\.m2\repository\org\mortbay\jetty\jetty-util\6.1.12\jetty-util-6.1.12.jar;C:\Users\Gateway\.m2\repository\org\mortbay\jetty\servlet-api-2.5\6.1.12\servlet-api-2.5-6.1.12.jar;C:\Users\Gateway\.m2\repository\org\apache\maven\mercury\mercury-crypto-basic\1.0.0-alpha-2\mercury-crypto-basic-1.0.0-alpha-2.jar;C:\Users\Gateway\.m2\repository\bouncycastle\bcprov-jdk15\140\bcprov-jdk15-140.jar;C:\Users\Gateway\.m2\repository\bouncycastle\bcpg-jdk15\140\bcpg-jdk15-140.jar;C:\Users\Gateway\.m2\repository\org\apache\maven\mercury\mercury-md-shared\1.0.0-alpha-2\mercury-md-shared-1.0.0-alpha-2.jar;C:\Users\Gateway\.m2\repository\org\apache\maven\mercury\mercury-util\1.0.0-alpha-2\mercury-util-1.0.0-alpha-2.jar;C:\Users\Gateway\.m2\repository\org\apache\maven\mercury\mercury-repo-local-m2\1.0.0-alpha-2\mercury-repo-local-m2-1.0.0-alpha-2.jar;C:\Users\Gateway\.m2\repository\org\apache\maven\mercury\mercury-repo-virtual\1.0.0-alpha-2\mercury-repo-virtual-1.0.0-alpha-2.jar;C:\Users\Gateway\.m2\repository\org\apache\maven\mercury\mercury-repo-cache-fs\1.0.0-alpha-2\mercury-repo-cache-fs-1.0.0-alpha-2.jar;C:\Users\Gateway\.m2\repository\org\apache\maven\mercury\mercury-md-sat\1.0.0-alpha-2\mercury-md-sat-1.0.0-alpha-2.jar;C:\Users\Gateway\.m2\repository\org\sat4j\org.sat4j.core\2.0.4\org.sat4j.core-2.0.4.jar;C:\Users\Gateway\.m2\repository\org\sat4j\org.sat4j.pb\2.0.4\org.sat4j.pb-2.0.4.jar;C:\Users\Gateway\.m2\repository\org\apache\maven\mercury\mercury-event\1.0.0-alpha-2\mercury-event-1.0.0-alpha-2.jar;C:\Users\Gateway\.m2\repository\org\apache\maven\mercury\mercury-logging\1.0.0-alpha-2\mercury-logging-1.0.0-alpha-2.jar;C:\Users\Gateway\.m2\repository\org\codehaus\plexus\plexus-lang\1.1\plexus-lang-1.1.jar;C:\Users\Gateway\.m2\repository\org\slf4j\slf4j-jdk14\1.5.3\slf4j-jdk14-1.5.3.jar;C:\Users\Gateway\.m2\repository\org\slf4j\slf4j-api\1.5.3\slf4j-api-1.5.3.jar;C:\Users\Gateway\.m2\repository\org\apache\maven\maven-mercury\3.0-alpha-2\maven-mercury-3.0-alpha-2.jar;C:\Users\Gateway\.m2\repository\org\apache\maven\mercury\mercury-artifact\1.0.0-alpha-2\mercury-artifact-1.0.0-alpha-2.jar;C:\Users\Gateway\.m2\repository\org\apache\maven\mercury\mercury-external\1.0.0-alpha-2\mercury-external-1.0.0-alpha-2.jar;C:\Users\Gateway\.m2\repository\org\sonatype\spice\model-builder\1.3\model-builder-1.3.jar;C:\Users\Gateway\.m2\repository\stax\stax-api\1.0.1\stax-api-1.0.1.jar;C:\Users\Gateway\.m2\repository\org\apache\maven\maven-compat\3.0-alpha-2\maven-compat-3.0-alpha-2.jar;C:\Users\Gateway\.m2\repository\org\apache\maven\wagon\wagon-provider-api\1.0-beta-4\wagon-provider-api-1.0-beta-4.jar;C:\Users\Gateway\.m2\repository\org\codehaus\plexus\plexus-java\1.0.1\plexus-java-1.0.1.jar;C:\Users\Gateway\.m2\repository\org\ow2\asm\asm\7.0-beta\asm-7.0-beta.jar;C:\Users\Gateway\.m2\repository\com\thoughtworks\qdox\qdox\2.0-M9\qdox-2.0-M9.jar;C:\Users\Gateway\.m2\repository\com\beust\jcommander\1.72\jcommander-1.72.jar;"/>
    <property name="sun.cpu.endian" value="little"/>
    <property name="user.home" value="C:\Users\Gateway"/>
    <property name="user.language" value="en"/>
    <property name="java.specification.vendor" value="Oracle Corporation"/>
    <property name="java.home" value="C:\Program Files\Java\jdk1.8.0_201\jre"/>
    <property name="basedir" value="C:\Users\Gateway\eclipse-workspace\FinalSuite"/>
    <property name="file.separator" value="\"/>
    <property name="line.separator" value="&#10;"/>
    <property name="java.vm.specification.vendor" value="Oracle Corporation"/>
    <property name="java.specification.name" value="Java Platform API Specification"/>
    <property name="java.awt.graphicsenv" value="sun.awt.Win32GraphicsEnvironment"/>
    <property name="surefire.real.class.path" value="C:\Users\Gateway\AppData\Local\Temp\surefire6448349632265284709\surefirebooter7872539613227007507.jar"/>
    <property name="sun.boot.class.path" value="C:\Program Files\Java\jdk1.8.0_201\jre\lib\resources.jar;C:\Program Files\Java\jdk1.8.0_201\jre\lib\rt.jar;C:\Program Files\Java\jdk1.8.0_201\jre\lib\sunrsasign.jar;C:\Program Files\Java\jdk1.8.0_201\jre\lib\jsse.jar;C:\Program Files\Java\jdk1.8.0_201\jre\lib\jce.jar;C:\Program Files\Java\jdk1.8.0_201\jre\lib\charsets.jar;C:\Program Files\Java\jdk1.8.0_201\jre\lib\jfr.jar;C:\Program Files\Java\jdk1.8.0_201\jre\classes"/>
    <property name="user.script" value=""/>
    <property name="sun.management.compiler" value="HotSpot 64-Bit Tiered Compilers"/>
    <property name="java.runtime.version" value="1.8.0_201-b09"/>
    <property name="user.name" value="Gateway"/>
    <property name="path.separator" value=";"/>
    <property name="os.version" value="6.1"/>
    <property name="java.endorsed.dirs" value="C:\Program Files\Java\jdk1.8.0_201\jre\lib\endorsed"/>
    <property name="java.runtime.name" value="Java(TM) SE Runtime Environment"/>
    <property name="file.encoding" value="Cp1252"/>
    <property name="java.vm.name" value="Java HotSpot(TM) 64-Bit Server VM"/>
    <property name="localRepository" value="C:\Users\Gateway\.m2\repository"/>
    <property name="java.vendor.url.bug" value="http://bugreport.sun.com/bugreport/"/>
    <property name="java.io.tmpdir" value="C:\Users\Gateway\AppData\Local\Temp\"/>
    <property name="java.version" value="1.8.0_201"/>
    <property name="user.dir" value="C:\Users\Gateway\eclipse-workspace\FinalSuite"/>
    <property name="os.arch" value="amd64"/>
    <property name="java.vm.specification.name" value="Java Virtual Machine Specification"/>
    <property name="java.awt.printerjob" value="sun.awt.windows.WPrinterJob"/>
    <property name="sun.os.patch.level" value="Service Pack 1"/>
    <property name="java.library.path" value="C:\Program Files\Java\jdk1.8.0_201\jre\bin;C:\Windows\Sun\Java\bin;C:\Windows\system32;C:\Windows;C:/Program Files/Java/jre1.8.0_201/bin/server;C:/Program Files/Java/jre1.8.0_201/bin;C:/Program Files/Java/jre1.8.0_201/lib/amd64;C:\Program Files\Java\jdk-11.0.2;C:\Program Files (x86)\Common Files\Oracle\Java\javapath;C:\Program Files (x86)\NVIDIA Corporation\PhysX\Common;C:\Program Files (x86)\Intel\iCLS Client\;C:\Program Files\Intel\iCLS Client\;C:\Windows\system32;C:\Windows;C:\Windows\System32\Wbem;C:\Windows\System32\WindowsPowerShell\v1.0\;C:\Program Files\Intel\Intel(R) Management Engine Components\DAL;C:\Program Files\Intel\Intel(R) Management Engine Components\IPT;C:\Program Files (x86)\Intel\Intel(R) Management Engine Components\DAL;C:\Program Files (x86)\Intel\Intel(R) Management Engine Components\IPT;C:\Program Files (x86)\Intel\OpenCL SDK\2.0\bin\x86;C:\Program Files (x86)\Intel\OpenCL SDK\2.0\bin\x64;C:\Program Files\Java\jdk1.8.0_201\bin;C:\Program Files\Git\cmd;D:\Automation\apache-maven-3.6.0\bin;C:\Program Files\nodejs\;C:\Users\Gateway\AppData\Local\Programs\Python\Python37-32\Scripts\;C:\Users\Gateway\AppData\Local\Programs\Python\Python37-32\;C:\Users\Gateway\AppData\Roaming\npm;D:\Automation\eclipse;;."/>
    <property name="java.vm.info" value="mixed mode"/>
    <property name="java.vendor" value="Oracle Corporation"/>
    <property name="java.vm.version" value="25.201-b09"/>
    <property name="java.ext.dirs" value="C:\Program Files\Java\jdk1.8.0_201\jre\lib\ext;C:\Windows\Sun\Java\lib\ext"/>
    <property name="sun.io.unicode.encoding" value="UnicodeLittle"/>
    <property name="java.class.version" value="52.0"/>
  </properties>
  <testcase name="createdepartmenttype" classname="com.schemaxtech.testAutomationFrameworkTest.DepartmentType" time="2.796">
    <failure message="Verification of &apos;status&apos; with value &apos;true&apos; in response json failed expected [true] but found [false]" type="java.lang.AssertionError">java.lang.AssertionError: Verification of 'status' with value 'true' in response json failed expected [true] but found [false]
	at com.schemaxtech.testAutomationFrameworkTest.DepartmentType.createdepartmenttype(DepartmentType.java:91)
</failure>
    <system-out><![CDATA[POST Response
{"status":false,"errorInfo":"Surplus Location Category Doesnot exist."}
POST Response
{"status":false,"errInfo":"Oops..! Failed to create data.null value in column \"department_type_description\" violates not-null constraint"}
]]></system-out>
    <system-err><![CDATA[log4j:WARN No appenders could be found for logger (org.apache.http.impl.conn.BasicClientConnectionManager).
log4j:WARN Please initialize the log4j system properly.
log4j:WARN No appenders could be found for logger (org.apache.http.impl.conn.BasicClientConnectionManager).
log4j:WARN Please initialize the log4j system properly.
]]></system-err>
  </testcase>
  <testcase name="createdepartmenttype" classname="com.schemaxtech.testAutomationFrameworkTest.DepartmentType" time="0.032">
    <failure message="Verification of &apos;status&apos; with value &apos;true&apos; in response json failed expected [true] but found [false]" type="java.lang.AssertionError">java.lang.AssertionError: Verification of 'status' with value 'true' in response json failed expected [true] but found [false]
	at com.schemaxtech.testAutomationFrameworkTest.DepartmentType.createdepartmenttype(DepartmentType.java:91)
</failure>
  </testcase>
  <testcase name="CreateSurpluslocation" classname="com.schemaxtech.testAutomationFrameworkTest.Surplus" time="2.807">
    <failure message="Verification of &apos;errorInfo&apos; with value &apos;Success&apos; in response json failed expected [Success] but found [Surplus Location Category Doesnot exist.]" type="java.lang.AssertionError">java.lang.AssertionError: Verification of 'errorInfo' with value 'Success' in response json failed expected [Success] but found [Surplus Location Category Doesnot exist.]
	at com.schemaxtech.testAutomationFrameworkTest.Surplus.CreateSurpluslocation(Surplus.java:66)
</failure>
  </testcase>
  <testcase name="CreateSurpluslocation" classname="com.schemaxtech.testAutomationFrameworkTest.Surplus" time="0.055">
    <failure message="Verification of &apos;errorInfo&apos; with value &apos;Surplus Location Code already exist.&apos; in response json failed expected [Surplus Location Code already exist.] but found [Surplus Location Category Doesnot exist.]" type="java.lang.AssertionError">java.lang.AssertionError: Verification of 'errorInfo' with value 'Surplus Location Code already exist.' in response json failed expected [Surplus Location Code already exist.] but found [Surplus Location Category Doesnot exist.]
	at com.schemaxtech.testAutomationFrameworkTest.Surplus.CreateSurpluslocation(Surplus.java:66)
</failure>
    <system-out><![CDATA[POST Response
{"status":false,"errorInfo":"Surplus Location Category Doesnot exist."}
POST Response
{"status":false,"errInfo":"Oops..! Failed to create data.null value in column \"department_type_description\" violates not-null constraint"}
]]></system-out>
  </testcase>
  <testcase name="CreateSurpluslocation" classname="com.schemaxtech.testAutomationFrameworkTest.Surplus" time="0.071"/>
  <testcase name="CreateSurpluslocation" classname="com.schemaxtech.testAutomationFrameworkTest.Surplus" time="0.05"/>
  <testcase name="UpdateSurpluslocation" classname="com.schemaxtech.testAutomationFrameworkTest.Surplus" time="0.001">
    <failure message="Verification of &apos;errorInfo&apos; with value &apos;Surplus Location Updated Sucessfully&apos; in response json failed expected [Surplus Location Updated Sucessfully] but found [Surplus Location Code already exist.]" type="java.lang.AssertionError">java.lang.AssertionError: Verification of 'errorInfo' with value 'Surplus Location Updated Sucessfully' in response json failed expected [Surplus Location Updated Sucessfully] but found [Surplus Location Code already exist.]
	at com.schemaxtech.testAutomationFrameworkTest.Surplus.UpdateSurpluslocation(Surplus.java:76)
</failure>
    <system-out><![CDATA[POST Response
{"status":false,"errorInfo":"Surplus Location Code already exist."}
]]></system-out>
  </testcase>
  <testcase name="UpdateSurpluslocation" classname="com.schemaxtech.testAutomationFrameworkTest.Surplus" time="0">
    <failure message="Verification of &apos;errorInfo&apos; with value &apos;Surplus Location Updated Sucessfully&apos; in response json failed expected [Surplus Location Updated Sucessfully] but found [Surplus Location Code already exist.]" type="java.lang.AssertionError">java.lang.AssertionError: Verification of 'errorInfo' with value 'Surplus Location Updated Sucessfully' in response json failed expected [Surplus Location Updated Sucessfully] but found [Surplus Location Code already exist.]
	at com.schemaxtech.testAutomationFrameworkTest.Surplus.UpdateSurpluslocation(Surplus.java:76)
</failure>
  </testcase>
  <testcase name="UpdateSurpluslocation" classname="com.schemaxtech.testAutomationFrameworkTest.Surplus" time="0.001"/>
  <testcase name="UpdateSurpluslocation" classname="com.schemaxtech.testAutomationFrameworkTest.Surplus" time="0.022"/>
  <testcase name="createWorkstation" classname="com.schemaxtech.testAutomationFrameworkTest.Workstation" time="0.071">
    <failure type="java.lang.NullPointerException">java.lang.NullPointerException
	at com.schemaxtech.testAutomationFrameworkTest.Workstation.createWorkstation(Workstation.java:69)
</failure>
    <system-out><![CDATA[POST Response
{"code":500,"timestamp":"27/12/2019","path":"/workstation/createWorkstation","method":"POST","message":"Internal server error"}
POST Response
{"status":false,"errInfo":"The department type doesnt exist"}
POST Response
{"status":false,"errInfo":"The department type doesnt exist"}
]]></system-out>
  </testcase>
  <testcase name="createWorkstation" classname="com.schemaxtech.testAutomationFrameworkTest.Workstation" time="0.067">
    <failure type="java.lang.NullPointerException">java.lang.NullPointerException
	at com.schemaxtech.testAutomationFrameworkTest.Workstation.createWorkstation(Workstation.java:69)
</failure>
    <system-out><![CDATA[POST Response
{"code":500,"timestamp":"27/12/2019","path":"/workstation/createWorkstation","method":"POST","message":"Internal server error"}
POST Response
{"status":false,"errInfo":"The department type doesnt exist"}
]]></system-out>
  </testcase>
  <testcase name="createWorkstation" classname="com.schemaxtech.testAutomationFrameworkTest.Workstation" time="0">
    <failure type="java.lang.NullPointerException">java.lang.NullPointerException
	at com.schemaxtech.testAutomationFrameworkTest.Workstation.createWorkstation(Workstation.java:69)
</failure>
  </testcase>
  <testcase name="createWorkstationT" classname="com.schemaxtech.testAutomationFrameworkTest.WorkstationT" time="0.047">
    <failure type="java.lang.NullPointerException">java.lang.NullPointerException
	at com.schemaxtech.testAutomationFrameworkTest.WorkstationT.createWorkstationT(WorkstationT.java:89)
</failure>
    <system-out><![CDATA[POST Response
{"status":false,"errorInfo":"Surplus Location Code already exist."}
POST Response
{"status":false,"errInfo":"cluster not exist."}
]]></system-out>
  </testcase>
  <testcase name="createWorkstationT" classname="com.schemaxtech.testAutomationFrameworkTest.WorkstationT" time="0">
    <failure message="JSONObject[&quot;data&quot;] not found." type="org.json.JSONException">org.json.JSONException: JSONObject["data"] not found.
	at com.schemaxtech.testAutomationFrameworkTest.WorkstationT.createWorkstationT(WorkstationT.java:90)
</failure>
  </testcase>
  <testcase name="createWorkstationT" classname="com.schemaxtech.testAutomationFrameworkTest.WorkstationT" time="0.001">
    <failure type="java.lang.NullPointerException">java.lang.NullPointerException
	at com.schemaxtech.testAutomationFrameworkTest.WorkstationT.createWorkstationT(WorkstationT.java:89)
</failure>
    <system-out><![CDATA[POST Response
{"code":500,"timestamp":"27/12/2019","path":"/workstation/createWorkstation","method":"POST","message":"Internal server error"}
POST Response
{"status":false,"errInfo":"The department type doesnt exist"}
]]></system-out>
  </testcase>
  <testcase name="createWorkstationT" classname="com.schemaxtech.testAutomationFrameworkTest.Workstation" time="0">
    <failure type="java.lang.NullPointerException">java.lang.NullPointerException
</failure>
  </testcase>
  <testcase name="createWorkstationT" classname="com.schemaxtech.testAutomationFrameworkTest.Workstation" time="0.011">
    <failure message="JSONObject[&quot;data&quot;] not found." type="org.json.JSONException">org.json.JSONException: JSONObject["data"] not found.
</failure>
  </testcase>
  <testcase name="createWorkstationT" classname="com.schemaxtech.testAutomationFrameworkTest.Workstation" time="0.018">
    <failure type="java.lang.NullPointerException">java.lang.NullPointerException
</failure>
  </testcase>
  <testcase name="createPlant" classname="com.schemaxtech.testAutomationFrameworkTest.Plant" time="0.024">
    <failure type="java.lang.NullPointerException">java.lang.NullPointerException
	at com.schemaxtech.testAutomationFrameworkTest.Plant.createPlant(Plant.java:89)
</failure>
  </testcase>
  <testcase name="createPlant" classname="com.schemaxtech.testAutomationFrameworkTest.Plant" time="0.121"/>
  <testcase name="CreateSection" classname="com.schemaxtech.testAutomationFrameworkTest.Section" time="0.078"/>
  <testcase name="CreateSection" classname="com.schemaxtech.testAutomationFrameworkTest.Section" time="0.002"/>
  <testcase name="CreateSection" classname="com.schemaxtech.testAutomationFrameworkTest.Section" time="0.026"/>
  <testcase name="getPlant" classname="com.schemaxtech.testAutomationFrameworkTest.Plant" time="0.136"/>
  <testcase name="getPlant" classname="com.schemaxtech.testAutomationFrameworkTest.Plant" time="0.121"/>
  <testcase name="getCluster" classname="com.schemaxtech.testAutomationFrameworkTest.Cluster" time="0.121"/>
  <testcase name="getCluster" classname="com.schemaxtech.testAutomationFrameworkTest.Cluster" time="0.082"/>
  <testcase name="CreateDepartment" classname="com.schemaxtech.testAutomationFrameworkTest.Department" time="0.032">
    <failure message="Verification of &apos;status&apos; with value &apos;true&apos; in response json failed expected [true] but found [false]" type="java.lang.AssertionError">java.lang.AssertionError: Verification of 'status' with value 'true' in response json failed expected [true] but found [false]
	at com.schemaxtech.testAutomationFrameworkTest.Department.CreateDepartment(Department.java:89)
</failure>
  </testcase>
  <testcase name="CreateDepartment" classname="com.schemaxtech.testAutomationFrameworkTest.Department" time="0.05">
    <failure message="Verification of &apos;status&apos; with value &apos;true&apos; in response json failed expected [true] but found [false]" type="java.lang.AssertionError">java.lang.AssertionError: Verification of 'status' with value 'true' in response json failed expected [true] but found [false]
	at com.schemaxtech.testAutomationFrameworkTest.Department.CreateDepartment(Department.java:89)
</failure>
    <system-out><![CDATA[POST Response
{"errInfo":"Error while creating Reason","status":false}
POST Response
{"errInfo":"Department Already Exists for selected Plant Code","status":false}
]]></system-out>
  </testcase>
  <testcase name="CreateDepartment" classname="com.schemaxtech.testAutomationFrameworkTest.Department" time="0.117"/>
  <testcase name="CreateDepartment" classname="com.schemaxtech.testAutomationFrameworkTest.Department" time="0.059"/>
  <testcase name="createRe" classname="com.schemaxtech.testAutomationFrameworkTest.Reasons" time="0.006">
    <failure type="java.lang.NullPointerException">java.lang.NullPointerException
	at com.schemaxtech.testAutomationFrameworkTest.Reasons.createRe(Reasons.java:91)
</failure>
  </testcase>
  <testcase name="createRe" classname="com.schemaxtech.testAutomationFrameworkTest.Reasons" time="0.007"/>
  <testcase name="createRe" classname="com.schemaxtech.testAutomationFrameworkTest.Reasons" time="0.003"/>
  <testcase name="CreatePO" classname="com.schemaxtech.testAutomationFrameworkTest.PPS" time="0.042"/>
  <testcase name="postSampleTest" classname="com.schemaxtech.testAutomationFrameworkTest.Company" time="0.134"/>
  <testcase name="postSampleTest" classname="com.schemaxtech.testAutomationFrameworkTest.Company" time="0.156">
    <failure message="Verification of &apos;status&apos; with value &apos;false&apos; in response json failed expected [false] but found [true]" type="java.lang.AssertionError">java.lang.AssertionError: Verification of 'status' with value 'false' in response json failed expected [false] but found [true]
	at com.schemaxtech.testAutomationFrameworkTest.Company.postSampleTest(Company.java:100)
</failure>
    <system-out><![CDATA[POST Response
{"status":true,"data":{"company_code":" ","company_name":"COMPANY401","activated_date":null,"deactivated_date":null,"isActive":true,"location_uid":"23c8f2ce-af6c-4d63-b11d-8fa3e6ff12de","location_type":"string","lat":"string","long":"string","address_uid":"13594f97-138a-4aa4-bf44-1e3c53171608","address_line_1":"string","address_line_2":"string","door_no":"string","land_mark":"string","country":"string","state":"string","zipcode":"89789","user_uid":"cbc8aab1-8a7d-4b3e-88c6-9d6c4cbfa9dc","first_name":"string","middle_name":"string","last_name":"string","gender":"string","date_of_birth":null,"uid_country":null,"contact_uid":"b754706c-ebce-416b-975d-96d36f331040","land_line_no":"string","mobile_no":"78985","email":"string"}}
]]></system-out>
  </testcase>
  <testcase name="postSampleTest" classname="com.schemaxtech.testAutomationFrameworkTest.Company" time="0.03"/>
  <testcase name="createCluster" classname="com.schemaxtech.testAutomationFrameworkTest.Cluster" time="0.518"/>
  <testcase name="createCluster" classname="com.schemaxtech.testAutomationFrameworkTest.Cluster" time="0.052"/>
  <testcase name="updateWorkstation" classname="com.schemaxtech.testAutomationFrameworkTest.WorkstationT" time="0">
    <skipped message="java.lang.NullPointerException"/>
    <system-err><![CDATA[[Utils] [ERROR] [Error] java.lang.NullPointerException
	at org.json.JSONObject.getNames(JSONObject.java:813)
	at com.schemaxtech.testAutomationFramework.TestAutomationUtil.updateJsonWithTestData(TestAutomationUtil.java:446)
	at com.schemaxtech.testAutomationFramework.TestAutomationUtil.updatJsonWithTestDataMaster(TestAutomationUtil.java:427)
	at com.schemaxtech.testAutomationFrameworkTest.WorkstationT.sampleDataProvider(WorkstationT.java:35)
	at sun.reflect.NativeMethodAccessorImpl.invoke0(Native Method)
	at sun.reflect.NativeMethodAccessorImpl.invoke(NativeMethodAccessorImpl.java:62)
	at sun.reflect.DelegatingMethodAccessorImpl.invoke(DelegatingMethodAccessorImpl.java:43)
	at java.lang.reflect.Method.invoke(Method.java:498)
	at org.testng.internal.MethodInvocationHelper.invokeMethod(MethodInvocationHelper.java:124)
	at org.testng.internal.MethodInvocationHelper.invokeMethod(MethodInvocationHelper.java:74)
	at org.testng.internal.MethodInvocationHelper.invokeMethodNoCheckedException(MethodInvocationHelper.java:45)
	at org.testng.internal.MethodInvocationHelper.invokeDataProvider(MethodInvocationHelper.java:131)
	at org.testng.internal.Parameters.handleParameters(Parameters.java:706)
	at org.testng.internal.ParameterHandler.handleParameters(ParameterHandler.java:49)
	at org.testng.internal.ParameterHandler.createParameters(ParameterHandler.java:37)
	at org.testng.internal.Invoker.invokeTestMethods(Invoker.java:914)
	at org.testng.internal.TestMethodWorker.invokeTestMethods(TestMethodWorker.java:125)
	at org.testng.internal.TestMethodWorker.run(TestMethodWorker.java:109)
	at java.util.concurrent.ThreadPoolExecutor.runWorker(ThreadPoolExecutor.java:1149)
	at java.util.concurrent.ThreadPoolExecutor$Worker.run(ThreadPoolExecutor.java:624)
	at java.lang.Thread.run(Thread.java:748)

]]></system-err>
  </testcase>
  <testcase name="updateWorkstation" classname="com.schemaxtech.testAutomationFrameworkTest.Workstation" time="0.02">
    <failure message="Verification of &apos;status&apos; with value &apos;true&apos; in response json failed expected [true] but found [false]" type="java.lang.AssertionError">java.lang.AssertionError: Verification of 'status' with value 'true' in response json failed expected [true] but found [false]
	at com.schemaxtech.testAutomationFrameworkTest.Workstation.updateWorkstation(Workstation.java:89)
</failure>
    <system-out><![CDATA[POST Response
{"status":false,"errInfo":"The workstation type doesnt exist"}
POST Response
{"status":false,"errorInfo":"Workstation not found."}
]]></system-out>
  </testcase>
  <testcase name="updateWorkstation" classname="com.schemaxtech.testAutomationFrameworkTest.Workstation" time="0"/>
  <testcase name="updateWorkstation" classname="com.schemaxtech.testAutomationFrameworkTest.Workstation" time="0">
    <failure message="Verification of &apos;status&apos; with value &apos;true&apos; in response json failed expected [true] but found [false]" type="java.lang.AssertionError">java.lang.AssertionError: Verification of 'status' with value 'true' in response json failed expected [true] but found [false]
	at com.schemaxtech.testAutomationFrameworkTest.Workstation.updateWorkstation(Workstation.java:89)
</failure>
  </testcase>
  <testcase name="updateWorkstation" classname="com.schemaxtech.testAutomationFrameworkTest.Workstation" time="0.022">
    <failure message="Verification of &apos;status&apos; with value &apos;true&apos; in response json failed expected [true] but found [false]" type="java.lang.AssertionError">java.lang.AssertionError: Verification of 'status' with value 'true' in response json failed expected [true] but found [false]
	at com.schemaxtech.testAutomationFrameworkTest.Workstation.updateWorkstation(Workstation.java:89)
</failure>
    <system-out><![CDATA[POST Response
{"errInfo":"Error while updating Reason","status":false}
]]></system-out>
  </testcase>
  <testcase name="updateWorkstation" classname="com.schemaxtech.testAutomationFrameworkTest.Workstation" time="0.046"/>
  <testcase name="updateWorkstation" classname="com.schemaxtech.testAutomationFrameworkTest.Workstation" time="0.034"/>
  <testcase name="updateWorkstation" classname="com.schemaxtech.testAutomationFrameworkTest.Workstation" time="0.056">
    <failure message="Verification of &apos;status&apos; with value &apos;true&apos; in response json failed expected [true] but found [false]" type="java.lang.AssertionError">java.lang.AssertionError: Verification of 'status' with value 'true' in response json failed expected [true] but found [false]
	at com.schemaxtech.testAutomationFrameworkTest.Workstation.updateWorkstation(Workstation.java:89)
</failure>
    <system-out><![CDATA[POST Response
{"status":false,"errorInfo":"Workstation not found."}
]]></system-out>
  </testcase>
  <testcase name="updateWorkstation" classname="com.schemaxtech.testAutomationFrameworkTest.Workstation" time="0.05"/>
  <testcase name="updateWorkstation" classname="com.schemaxtech.testAutomationFrameworkTest.Workstation" time="0.181">
    <failure message="Verification of &apos;status&apos; with value &apos;true&apos; in response json failed expected [true] but found [false]" type="java.lang.AssertionError">java.lang.AssertionError: Verification of 'status' with value 'true' in response json failed expected [true] but found [false]
	at com.schemaxtech.testAutomationFrameworkTest.Workstation.updateWorkstation(Workstation.java:89)
</failure>
    <system-out><![CDATA[POST Response
{"status":false,"errorInfo":"Workstation not found."}
]]></system-out>
  </testcase>
  <testcase name="updateWorkstationT" classname="com.schemaxtech.testAutomationFrameworkTest.WorkstationT" time="0"/>
  <testcase name="updateWorkstationT" classname="com.schemaxtech.testAutomationFrameworkTest.WorkstationT" time="0"/>
  <testcase name="updatePlant" classname="com.schemaxtech.testAutomationFrameworkTest.Plant" time="0.156">
    <failure type="java.lang.NullPointerException">java.lang.NullPointerException
	at com.schemaxtech.testAutomationFrameworkTest.Plant.updatePlant(Plant.java:116)
</failure>
    <system-out><![CDATA[POST Response
{"status":false,"errInfo":"The workstation type doesnt exist"}
POST Response
{"status":false,"errInfo":"Plant code not found."}
POST Response
{"status":false,"errorInfo":"Surplus Location Not Found."}
POST Response
{"status":false,"errorInfo":"Workstation not found."}
POST Response
{"status":false,"errInfo":"The workstation type doesnt exist"}
]]></system-out>
  </testcase>
  <testcase name="updatePlant" classname="com.schemaxtech.testAutomationFrameworkTest.Plant" time="0.018"/>
  <testcase name="updateWorkstationT" classname="com.schemaxtech.testAutomationFrameworkTest.Workstation" time="0"/>
  <testcase name="updateWorkstationT" classname="com.schemaxtech.testAutomationFrameworkTest.Workstation" time="0.018"/>
  <testcase name="getSurpluslocation" classname="com.schemaxtech.testAutomationFrameworkTest.Surplus" time="0.01">
    <failure type="java.lang.NullPointerException">java.lang.NullPointerException
	at com.schemaxtech.testAutomationFrameworkTest.Surplus.getSurpluslocation(Surplus.java:86)
</failure>
  </testcase>
  <testcase name="getSurpluslocation" classname="com.schemaxtech.testAutomationFrameworkTest.Surplus" time="0.041"/>
  <testcase name="getSurpluslocation" classname="com.schemaxtech.testAutomationFrameworkTest.Surplus" time="0">
    <failure message="Verification of &apos;status&apos; with value &apos;true&apos; in response json failed expected [true] but found [false]" type="java.lang.AssertionError">java.lang.AssertionError: Verification of 'status' with value 'true' in response json failed expected [true] but found [false]
	at com.schemaxtech.testAutomationFrameworkTest.Surplus.getSurpluslocation(Surplus.java:86)
</failure>
  </testcase>
  <testcase name="getCompany" classname="com.schemaxtech.testAutomationFrameworkTest.Sample" time="0.075">
    <failure message="JSONObject[&quot;data&quot;] not found." type="org.json.JSONException">org.json.JSONException: JSONObject["data"] not found.
	at com.schemaxtech.testAutomationFrameworkTest.Sample.getCompany(Sample.java:136)
</failure>
    <system-out><![CDATA[POST Response
{"status":false,"errorInfo":"Surplus Location Not Found."}
]]></system-out>
  </testcase>
  <testcase name="getCompany" classname="com.schemaxtech.testAutomationFrameworkTest.Sample" time="0.033">
    <failure message="JSONObject[&quot;data&quot;] not found." type="org.json.JSONException">org.json.JSONException: JSONObject["data"] not found.
	at com.schemaxtech.testAutomationFrameworkTest.Sample.getCompany(Sample.java:136)
</failure>
    <system-out><![CDATA[POST Response
{"status":false,"errorInfo":"Workstation not found."}
]]></system-out>
  </testcase>
  <testcase name="updateRe" classname="com.schemaxtech.testAutomationFrameworkTest.Reasons" time="0">
    <failure type="java.lang.NullPointerException">java.lang.NullPointerException
	at com.schemaxtech.testAutomationFrameworkTest.Reasons.updateRe(Reasons.java:101)
</failure>
  </testcase>
  <testcase name="updateRe" classname="com.schemaxtech.testAutomationFrameworkTest.Reasons" time="0.031"/>
  <testcase name="updateRe" classname="com.schemaxtech.testAutomationFrameworkTest.Reasons" time="0.014"/>
  <testcase name="GetDepartment" classname="com.schemaxtech.testAutomationFrameworkTest.Department" time="0.019">
    <failure type="java.lang.NullPointerException">java.lang.NullPointerException
	at com.schemaxtech.testAutomationFrameworkTest.Department.GetDepartment(Department.java:100)
</failure>
    <system-out><![CDATA[POST Response
{"status":false}
]]></system-out>
  </testcase>
  <testcase name="GetDepartment" classname="com.schemaxtech.testAutomationFrameworkTest.Department" time="0.025"/>
  <testcase name="updateCluster" classname="com.schemaxtech.testAutomationFrameworkTest.Cluster" time="0.006"/>
  <testcase name="updateCluster" classname="com.schemaxtech.testAutomationFrameworkTest.Cluster" time="0.019"/>
  <testcase name="getPo" classname="com.schemaxtech.testAutomationFrameworkTest.PPS" time="0.025"/>
  <testcase name="getWorkstationByWorkstaioncode" classname="com.schemaxtech.testAutomationFrameworkTest.WorkstationT" time="0">
    <skipped message="java.lang.NullPointerException"/>
    <system-err><![CDATA[[Utils] [ERROR] [Error] java.lang.NullPointerException
	at org.json.JSONObject.getNames(JSONObject.java:813)
	at com.schemaxtech.testAutomationFramework.TestAutomationUtil.updateJsonWithTestData(TestAutomationUtil.java:446)
	at com.schemaxtech.testAutomationFramework.TestAutomationUtil.updatJsonWithTestDataMaster(TestAutomationUtil.java:427)
	at com.schemaxtech.testAutomationFrameworkTest.WorkstationT.sampleDataProvider(WorkstationT.java:35)
	at sun.reflect.NativeMethodAccessorImpl.invoke0(Native Method)
	at sun.reflect.NativeMethodAccessorImpl.invoke(NativeMethodAccessorImpl.java:62)
	at sun.reflect.DelegatingMethodAccessorImpl.invoke(DelegatingMethodAccessorImpl.java:43)
	at java.lang.reflect.Method.invoke(Method.java:498)
	at org.testng.internal.MethodInvocationHelper.invokeMethod(MethodInvocationHelper.java:124)
	at org.testng.internal.MethodInvocationHelper.invokeMethod(MethodInvocationHelper.java:74)
	at org.testng.internal.MethodInvocationHelper.invokeMethodNoCheckedException(MethodInvocationHelper.java:45)
	at org.testng.internal.MethodInvocationHelper.invokeDataProvider(MethodInvocationHelper.java:131)
	at org.testng.internal.Parameters.handleParameters(Parameters.java:706)
	at org.testng.internal.ParameterHandler.handleParameters(ParameterHandler.java:49)
	at org.testng.internal.ParameterHandler.createParameters(ParameterHandler.java:37)
	at org.testng.internal.Invoker.invokeTestMethods(Invoker.java:914)
	at org.testng.internal.TestMethodWorker.invokeTestMethods(TestMethodWorker.java:125)
	at org.testng.internal.TestMethodWorker.run(TestMethodWorker.java:109)
	at java.util.concurrent.ThreadPoolExecutor.runWorker(ThreadPoolExecutor.java:1149)
	at java.util.concurrent.ThreadPoolExecutor$Worker.run(ThreadPoolExecutor.java:624)
	at java.lang.Thread.run(Thread.java:748)

]]></system-err>
  </testcase>
  <testcase name="getWorkstationByWorkstaioncode" classname="com.schemaxtech.testAutomationFrameworkTest.Workstation" time="0.025">
    <failure message="Verification of &apos;status&apos; with value &apos;true&apos; in response json failed expected [true] but found [false]" type="java.lang.AssertionError">java.lang.AssertionError: Verification of 'status' with value 'true' in response json failed expected [true] but found [false]
	at com.schemaxtech.testAutomationFrameworkTest.Workstation.getWorkstationByWorkstaioncode(Workstation.java:79)
</failure>
    <system-out><![CDATA[POST Response
{"status":false,"errorInfo":"invalid input syntax for type uuid: \"undefined\""}
POST Response
{"status":false,"errorInfo":"Workstation not found"}
]]></system-out>
  </testcase>
  <testcase name="getWorkstationByWorkstaioncode" classname="com.schemaxtech.testAutomationFrameworkTest.Workstation" time="0"/>
  <testcase name="createWtom" classname="com.schemaxtech.testAutomationFrameworkTest.WorkstationT" time="0.002">
    <failure message="Verification of &apos;status&apos; with value &apos;true&apos; in response json failed expected [true] but found [false]" type="java.lang.AssertionError">java.lang.AssertionError: Verification of 'status' with value 'true' in response json failed expected [true] but found [false]
	at com.schemaxtech.testAutomationFrameworkTest.WorkstationT.createWtom(WorkstationT.java:120)
</failure>
  </testcase>
  <testcase name="createWtom" classname="com.schemaxtech.testAutomationFrameworkTest.WorkstationT" time="0.057">
    <failure message="Verification of &apos;status&apos; with value &apos;true&apos; in response json failed expected [true] but found [false]" type="java.lang.AssertionError">java.lang.AssertionError: Verification of 'status' with value 'true' in response json failed expected [true] but found [false]
	at com.schemaxtech.testAutomationFrameworkTest.WorkstationT.createWtom(WorkstationT.java:120)
</failure>
    <system-out><![CDATA[POST Response
{"status":false,"errorInfo":"invalid input syntax for type uuid: \"undefined\""}
]]></system-out>
  </testcase>
  <testcase name="createWtom" classname="com.schemaxtech.testAutomationFrameworkTest.Workstation" time="0.036">
    <failure message="Verification of &apos;status&apos; with value &apos;true&apos; in response json failed expected [true] but found [false]" type="java.lang.AssertionError">java.lang.AssertionError: Verification of 'status' with value 'true' in response json failed expected [true] but found [false]
</failure>
    <system-out><![CDATA[POST Response
{"status":false,"errorInfo":"surplusLocation not found."}
POST Response
{"status":false,"errorInfo":"invalid input syntax for type uuid: \"undefined\""}
POST Response
{"errorInfo":"Section not found","status":false}
]]></system-out>
  </testcase>
  <testcase name="createWtom" classname="com.schemaxtech.testAutomationFrameworkTest.Workstation" time="0">
    <failure message="Verification of &apos;status&apos; with value &apos;true&apos; in response json failed expected [true] but found [false]" type="java.lang.AssertionError">java.lang.AssertionError: Verification of 'status' with value 'true' in response json failed expected [true] but found [false]
</failure>
  </testcase>
  <testcase name="deactivateSurpluslocation" classname="com.schemaxtech.testAutomationFrameworkTest.Surplus" time="0">
    <failure message="Verification of &apos;errorInfo&apos; with value &apos;successfully deactivated.&apos; in response json failed expected [successfully deactivated.] but found [surplusLocation not found.]" type="java.lang.AssertionError">java.lang.AssertionError: Verification of 'errorInfo' with value 'successfully deactivated.' in response json failed expected [successfully deactivated.] but found [surplusLocation not found.]
	at com.schemaxtech.testAutomationFrameworkTest.Surplus.deactivateSurpluslocation(Surplus.java:96)
</failure>
  </testcase>
  <testcase name="deactivateSurpluslocation" classname="com.schemaxtech.testAutomationFrameworkTest.Surplus" time="0.057"/>
  <testcase name="UpdateSection" classname="com.schemaxtech.testAutomationFrameworkTest.Section" time="0.01">
    <failure message="Verification of &apos;status&apos; with value &apos;true&apos; in response json failed expected [true] but found [false]" type="java.lang.AssertionError">java.lang.AssertionError: Verification of 'status' with value 'true' in response json failed expected [true] but found [false]
	at com.schemaxtech.testAutomationFrameworkTest.Section.UpdateSection(Section.java:100)
</failure>
    <system-out><![CDATA[POST Response
{"status":false,"errorInfo":"invalid input syntax for type uuid: \"f884a94f-0c94-48e5-ab8c-cb80ac\""}
]]></system-out>
  </testcase>
  <testcase name="UpdateSection" classname="com.schemaxtech.testAutomationFrameworkTest.Section" time="0.058"/>
  <testcase name="UpdateSection" classname="com.schemaxtech.testAutomationFrameworkTest.Section" time="0.019">
    <failure message="Verification of &apos;status&apos; with value &apos;true&apos; in response json failed expected [true] but found [false]" type="java.lang.AssertionError">java.lang.AssertionError: Verification of 'status' with value 'true' in response json failed expected [true] but found [false]
	at com.schemaxtech.testAutomationFrameworkTest.Section.UpdateSection(Section.java:100)
</failure>
    <system-out><![CDATA[POST Response
{"errorInfo":"Section not found","status":false}
]]></system-out>
  </testcase>
  <testcase name="updateCompany" classname="com.schemaxtech.testAutomationFrameworkTest.Sample" time="0">
    <skipped message="java.lang.NullPointerException"/>
    <system-out><![CDATA[POST Response
{"status":false,"errorInfo":"invalid input syntax for type uuid: \"undefined\""}
]]></system-out>
    <system-err><![CDATA[[Utils] [ERROR] [Error] java.lang.NullPointerException
	at org.json.JSONObject.getNames(JSONObject.java:813)
	at com.schemaxtech.testAutomationFramework.TestAutomationUtil.updateJsonWithTestData(TestAutomationUtil.java:446)
	at com.schemaxtech.testAutomationFramework.TestAutomationUtil.updatJsonWithTestDataMaster(TestAutomationUtil.java:427)
	at com.schemaxtech.testAutomationFrameworkTest.Sample.sampleDataProvider(Sample.java:71)
	at sun.reflect.NativeMethodAccessorImpl.invoke0(Native Method)
	at sun.reflect.NativeMethodAccessorImpl.invoke(NativeMethodAccessorImpl.java:62)
	at sun.reflect.DelegatingMethodAccessorImpl.invoke(DelegatingMethodAccessorImpl.java:43)
	at java.lang.reflect.Method.invoke(Method.java:498)
	at org.testng.internal.MethodInvocationHelper.invokeMethod(MethodInvocationHelper.java:124)
	at org.testng.internal.MethodInvocationHelper.invokeMethod(MethodInvocationHelper.java:74)
	at org.testng.internal.MethodInvocationHelper.invokeMethodNoCheckedException(MethodInvocationHelper.java:45)
	at org.testng.internal.MethodInvocationHelper.invokeDataProvider(MethodInvocationHelper.java:131)
	at org.testng.internal.Parameters.handleParameters(Parameters.java:706)
	at org.testng.internal.ParameterHandler.handleParameters(ParameterHandler.java:49)
	at org.testng.internal.ParameterHandler.createParameters(ParameterHandler.java:37)
	at org.testng.internal.Invoker.invokeTestMethods(Invoker.java:914)
	at org.testng.internal.TestMethodWorker.invokeTestMethods(TestMethodWorker.java:125)
	at org.testng.internal.TestMethodWorker.run(TestMethodWorker.java:109)
	at java.util.concurrent.ThreadPoolExecutor.runWorker(ThreadPoolExecutor.java:1149)
	at java.util.concurrent.ThreadPoolExecutor$Worker.run(ThreadPoolExecutor.java:624)
	at java.lang.Thread.run(Thread.java:748)

]]></system-err>
  </testcase>
  <testcase name="UpdateDepartment" classname="com.schemaxtech.testAutomationFrameworkTest.Department" time="0"/>
  <testcase name="UpdateDepartment" classname="com.schemaxtech.testAutomationFrameworkTest.Department" time="0.022"/>
  <testcase name="deactRe" classname="com.schemaxtech.testAutomationFrameworkTest.Reasons" time="0.01">
    <failure message="Verification of &apos;status&apos; with value &apos;true&apos; in response json failed expected [true] but found [false]" type="java.lang.AssertionError">java.lang.AssertionError: Verification of 'status' with value 'true' in response json failed expected [true] but found [false]
	at com.schemaxtech.testAutomationFrameworkTest.Reasons.deactRe(Reasons.java:111)
</failure>
  </testcase>
  <testcase name="deactRe" classname="com.schemaxtech.testAutomationFrameworkTest.Reasons" time="0.032"/>
  <testcase name="deActivateWorkstation" classname="com.schemaxtech.testAutomationFrameworkTest.WorkstationT" time="0">
    <skipped message="java.lang.NullPointerException"/>
    <system-err><![CDATA[[Utils] [ERROR] [Error] java.lang.NullPointerException
	at org.json.JSONObject.getNames(JSONObject.java:813)
	at com.schemaxtech.testAutomationFramework.TestAutomationUtil.updateJsonWithTestData(TestAutomationUtil.java:446)
	at com.schemaxtech.testAutomationFramework.TestAutomationUtil.updatJsonWithTestDataMaster(TestAutomationUtil.java:427)
	at com.schemaxtech.testAutomationFrameworkTest.WorkstationT.sampleDataProvider(WorkstationT.java:35)
	at sun.reflect.NativeMethodAccessorImpl.invoke0(Native Method)
	at sun.reflect.NativeMethodAccessorImpl.invoke(NativeMethodAccessorImpl.java:62)
	at sun.reflect.DelegatingMethodAccessorImpl.invoke(DelegatingMethodAccessorImpl.java:43)
	at java.lang.reflect.Method.invoke(Method.java:498)
	at org.testng.internal.MethodInvocationHelper.invokeMethod(MethodInvocationHelper.java:124)
	at org.testng.internal.MethodInvocationHelper.invokeMethod(MethodInvocationHelper.java:74)
	at org.testng.internal.MethodInvocationHelper.invokeMethodNoCheckedException(MethodInvocationHelper.java:45)
	at org.testng.internal.MethodInvocationHelper.invokeDataProvider(MethodInvocationHelper.java:131)
	at org.testng.internal.Parameters.handleParameters(Parameters.java:706)
	at org.testng.internal.ParameterHandler.handleParameters(ParameterHandler.java:49)
	at org.testng.internal.ParameterHandler.createParameters(ParameterHandler.java:37)
	at org.testng.internal.Invoker.invokeTestMethods(Invoker.java:914)
	at org.testng.internal.TestMethodWorker.invokeTestMethods(TestMethodWorker.java:125)
	at org.testng.internal.TestMethodWorker.run(TestMethodWorker.java:109)
	at java.util.concurrent.ThreadPoolExecutor.runWorker(ThreadPoolExecutor.java:1149)
	at java.util.concurrent.ThreadPoolExecutor$Worker.run(ThreadPoolExecutor.java:624)
	at java.lang.Thread.run(Thread.java:748)

]]></system-err>
  </testcase>
  <testcase name="getRe" classname="com.schemaxtech.testAutomationFrameworkTest.Reasons" time="0.059">
    <failure message="Verification of &apos;status&apos; with value &apos;true&apos; in response json failed expected [true] but found [false]" type="java.lang.AssertionError">java.lang.AssertionError: Verification of 'status' with value 'true' in response json failed expected [true] but found [false]
	at com.schemaxtech.testAutomationFrameworkTest.Reasons.getRe(Reasons.java:121)
</failure>
    <system-out><![CDATA[POST Response
{"errInfo":"No Data Found for current ID","status":false}
POST Response
{"statusCode":404,"error":"Not Found","message":"Cannot POST /ProductionOrderCreationController/productionOrderCreation"}
POST Response
{"status":false,"errorInfo":"Workstation not found."}
]]></system-out>
  </testcase>
  <testcase name="getRe" classname="com.schemaxtech.testAutomationFrameworkTest.Reasons" time="0.035"/>
  <testcase name="deActivateWorkstation" classname="com.schemaxtech.testAutomationFrameworkTest.Workstation" time="0">
    <failure message="Verification of &apos;status&apos; with value &apos;true&apos; in response json failed expected [true] but found [false]" type="java.lang.AssertionError">java.lang.AssertionError: Verification of 'status' with value 'true' in response json failed expected [true] but found [false]
	at com.schemaxtech.testAutomationFrameworkTest.Workstation.deActivateWorkstation(Workstation.java:100)
</failure>
  </testcase>
  <testcase name="deActivateWorkstation" classname="com.schemaxtech.testAutomationFrameworkTest.Workstation" time="0.063">
    <failure type="java.lang.NullPointerException">java.lang.NullPointerException
	at com.schemaxtech.testAutomationFrameworkTest.Workstation.deActivateWorkstation(Workstation.java:100)
</failure>
    <system-out><![CDATA[POST Response
{"code":500,"timestamp":"27/12/2019","path":"/workstation/deActivateWorkstation","method":"POST","message":"Internal server error"}
]]></system-out>
  </testcase>
  <testcase name="productionOrderCreation" classname="com.schemaxtech.testAutomationFrameworkTest.PPS" time="0.002">
    <failure type="java.lang.NullPointerException">java.lang.NullPointerException
	at com.schemaxtech.testAutomationFrameworkTest.PPS.productionOrderCreation(PPS.java:331)
</failure>
  </testcase>
  <testcase name="createWorkstation" classname="com.schemaxtech.testAutomationFrameworkTest.WorkstationT" time="0.049">
    <failure type="java.lang.NullPointerException">java.lang.NullPointerException
	at com.schemaxtech.testAutomationFrameworkTest.WorkstationT.createWorkstation(WorkstationT.java:143)
</failure>
    <system-out><![CDATA[POST Response
{"code":500,"timestamp":"27/12/2019","path":"/workstation/createWorkstation","method":"POST","message":"Internal server error"}
]]></system-out>
  </testcase>
  <testcase name="createWorkstation" classname="com.schemaxtech.testAutomationFrameworkTest.WorkstationT" time="0.046">
    <failure type="java.lang.NullPointerException">java.lang.NullPointerException
	at com.schemaxtech.testAutomationFrameworkTest.WorkstationT.createWorkstation(WorkstationT.java:143)
</failure>
    <system-out><![CDATA[POST Response
{"code":500,"timestamp":"27/12/2019","path":"/workstation/createWorkstation","method":"POST","message":"Internal server error"}
]]></system-out>
  </testcase>
  <testcase name="createWorkstation" classname="com.schemaxtech.testAutomationFrameworkTest.WorkstationT" time="0.055">
    <failure type="java.lang.NullPointerException">java.lang.NullPointerException
	at com.schemaxtech.testAutomationFrameworkTest.WorkstationT.createWorkstation(WorkstationT.java:143)
</failure>
  </testcase>
  <testcase name="updateProductionOrder" classname="com.schemaxtech.testAutomationFrameworkTest.PPS" time="0.055"/>
  <testcase name="getMasterAndSubPoSizeWiseQuantitiesByMasterPo" classname="com.schemaxtech.testAutomationFrameworkTest.PPS" time="0.068"/>
  <testcase name="getMasterPoDetails" classname="com.schemaxtech.testAutomationFrameworkTest.PPS" time="0.075"/>
  <testcase name="getsubPoDetailsWithMasterPo" classname="com.schemaxtech.testAutomationFrameworkTest.PPS" time="0.055"/>
  <testcase name="createSubProductionOrder" classname="com.schemaxtech.testAutomationFrameworkTest.PPS" time="0.046">
    <failure message="Verification of &apos;status&apos; with value &apos;true&apos; in response json failed expected [true] but found [false]" type="java.lang.AssertionError">java.lang.AssertionError: Verification of 'status' with value 'true' in response json failed expected [true] but found [false]
	at com.schemaxtech.testAutomationFrameworkTest.PPS.createSubProductionOrder(PPS.java:414)
</failure>
    <system-out><![CDATA[POST Response
{"status":false,"errInfo":"Error While Getting Master Po DetailsCannot read property 'toUpperCase' of undefined"}
]]></system-out>
  </testcase>
  <testcase name="getMasterPoStyleColorsDetails" classname="com.schemaxtech.testAutomationFrameworkTest.PPS" time="0.057"/>
</testsuite>