<?xml version="1.0" encoding="UTF-8"?>
<!-- Generated by org.testng.reporters.JUnitReportReporter -->
<testsuite skipped="1" hostname="Gateway-PC" name="com.schemaxtech.testAutomationFrameworkTest.Sample" tests="3" failures="0" timestamp="27 Dec 2019 06:48:20 GMT" time="0.237" errors="2">
  <testcase name="getCompany" time="0.113" classname="com.schemaxtech.testAutomationFrameworkTest.Sample">
    <error type="org.json.JSONException" message="JSONObject[&quot;data&quot;] not found.">
      <![CDATA[org.json.JSONException: JSONObject["data"] not found.at org.json.JSONObject.get(JSONObject.java:566)at com.schemaxtech.testAutomationFrameworkTest.Sample.getCompany(Sample.java:136)at sun.reflect.NativeMethodAccessorImpl.invoke0(Native Method)at sun.reflect.NativeMethodAccessorImpl.invoke(NativeMethodAccessorImpl.java:62)at sun.reflect.DelegatingMethodAccessorImpl.invoke(DelegatingMethodAccessorImpl.java:43)at java.lang.reflect.Method.invoke(Method.java:498)at org.testng.internal.MethodInvocationHelper.invokeMethod(MethodInvocationHelper.java:124)at org.testng.internal.Invoker.invokeMethod(Invoker.java:571)at org.testng.internal.Invoker.invokeTestMethod(Invoker.java:707)at org.testng.internal.Invoker.invokeTestMethods(Invoker.java:979)at org.testng.internal.TestMethodWorker.invokeTestMethods(TestMethodWorker.java:125)at org.testng.internal.TestMethodWorker.run(TestMethodWorker.java:109)at java.util.concurrent.ThreadPoolExecutor.runWorker(ThreadPoolExecutor.java:1149)at java.util.concurrent.ThreadPoolExecutor$Worker.run(ThreadPoolExecutor.java:624)at java.lang.Thread.run(Thread.java:748)]]>
    </error>
  </testcase> <!-- getCompany -->
  <testcase name="getCompany" time="0.124" classname="com.schemaxtech.testAutomationFrameworkTest.Sample">
    <error type="org.json.JSONException" message="JSONObject[&quot;data&quot;] not found.">
      <![CDATA[org.json.JSONException: JSONObject["data"] not found.at org.json.JSONObject.get(JSONObject.java:566)at com.schemaxtech.testAutomationFrameworkTest.Sample.getCompany(Sample.java:136)at sun.reflect.NativeMethodAccessorImpl.invoke0(Native Method)at sun.reflect.NativeMethodAccessorImpl.invoke(NativeMethodAccessorImpl.java:62)at sun.reflect.DelegatingMethodAccessorImpl.invoke(DelegatingMethodAccessorImpl.java:43)at java.lang.reflect.Method.invoke(Method.java:498)at org.testng.internal.MethodInvocationHelper.invokeMethod(MethodInvocationHelper.java:124)at org.testng.internal.Invoker.invokeMethod(Invoker.java:571)at org.testng.internal.Invoker.invokeTestMethod(Invoker.java:707)at org.testng.internal.Invoker.invokeTestMethods(Invoker.java:979)at org.testng.internal.TestMethodWorker.invokeTestMethods(TestMethodWorker.java:125)at org.testng.internal.TestMethodWorker.run(TestMethodWorker.java:109)at java.util.concurrent.ThreadPoolExecutor.runWorker(ThreadPoolExecutor.java:1149)at java.util.concurrent.ThreadPoolExecutor$Worker.run(ThreadPoolExecutor.java:624)at java.lang.Thread.run(Thread.java:748)]]>
    </error>
  </testcase> <!-- getCompany -->
  <testcase name="updateCompany" time="0.000" classname="com.schemaxtech.testAutomationFrameworkTest.Sample">
    <skipped/>
  </testcase> <!-- updateCompany -->
</testsuite> <!-- com.schemaxtech.testAutomationFrameworkTest.Sample -->
