<?xml version="1.0" encoding="UTF-8"?>
<!-- Generated by org.testng.reporters.JUnitReportReporter -->
<testsuite skipped="0" hostname="Gateway-PC" name="com.schemaxtech.testAutomationFrameworkTest.PPS" tests="9" failures="1" timestamp="27 Dec 2019 06:48:20 GMT" time="0.982" errors="1">
  <testcase name="CreatePO" time="0.286" classname="com.schemaxtech.testAutomationFrameworkTest.PPS"/>
  <testcase name="getPo" time="0.125" classname="com.schemaxtech.testAutomationFrameworkTest.PPS"/>
  <testcase name="productionOrderCreation" time="0.086" classname="com.schemaxtech.testAutomationFrameworkTest.PPS">
    <error type="java.lang.NullPointerException">
      <![CDATA[java.lang.NullPointerExceptionat com.schemaxtech.testAutomationFramework.TestAutomationUtil.verifyResponse(TestAutomationUtil.java:323)at com.schemaxtech.testAutomationFrameworkTest.PPS.productionOrderCreation(PPS.java:331)at sun.reflect.NativeMethodAccessorImpl.invoke0(Native Method)at sun.reflect.NativeMethodAccessorImpl.invoke(NativeMethodAccessorImpl.java:62)at sun.reflect.DelegatingMethodAccessorImpl.invoke(DelegatingMethodAccessorImpl.java:43)at java.lang.reflect.Method.invoke(Method.java:498)at org.testng.internal.MethodInvocationHelper.invokeMethod(MethodInvocationHelper.java:124)at org.testng.internal.Invoker.invokeMethod(Invoker.java:571)at org.testng.internal.Invoker.invokeTestMethod(Invoker.java:707)at org.testng.internal.Invoker.invokeTestMethods(Invoker.java:979)at org.testng.internal.TestMethodWorker.invokeTestMethods(TestMethodWorker.java:125)at org.testng.internal.TestMethodWorker.run(TestMethodWorker.java:109)at java.util.concurrent.ThreadPoolExecutor.runWorker(ThreadPoolExecutor.java:1149)at java.util.concurrent.ThreadPoolExecutor$Worker.run(ThreadPoolExecutor.java:624)at java.lang.Thread.run(Thread.java:748)]]>
    </error>
  </testcase> <!-- productionOrderCreation -->
  <testcase name="updateProductionOrder" time="0.162" classname="com.schemaxtech.testAutomationFrameworkTest.PPS"/>
  <testcase name="getMasterAndSubPoSizeWiseQuantitiesByMasterPo" time="0.064" classname="com.schemaxtech.testAutomationFrameworkTest.PPS"/>
  <testcase name="getMasterPoDetails" time="0.075" classname="com.schemaxtech.testAutomationFrameworkTest.PPS"/>
  <testcase name="getsubPoDetailsWithMasterPo" time="0.057" classname="com.schemaxtech.testAutomationFrameworkTest.PPS"/>
  <testcase name="createSubProductionOrder" time="0.061" classname="com.schemaxtech.testAutomationFrameworkTest.PPS">
    <failure type="java.lang.AssertionError" message="Verification of &#039;status&#039; with value &#039;true&#039; in response json failed expected [true] but found [false]">
      <![CDATA[java.lang.AssertionError: Verification of 'status' with value 'true' in response json failed expected [true] but found [false]at org.testng.Assert.fail(Assert.java:96)at org.testng.Assert.failNotEquals(Assert.java:776)at org.testng.Assert.assertEqualsImpl(Assert.java:137)at org.testng.Assert.assertEquals(Assert.java:118)at com.schemaxtech.testAutomationFramework.TestAutomationUtil.verifyResponse(TestAutomationUtil.java:338)at com.schemaxtech.testAutomationFrameworkTest.PPS.createSubProductionOrder(PPS.java:414)at sun.reflect.NativeMethodAccessorImpl.invoke0(Native Method)at sun.reflect.NativeMethodAccessorImpl.invoke(NativeMethodAccessorImpl.java:62)at sun.reflect.DelegatingMethodAccessorImpl.invoke(DelegatingMethodAccessorImpl.java:43)at java.lang.reflect.Method.invoke(Method.java:498)at org.testng.internal.MethodInvocationHelper.invokeMethod(MethodInvocationHelper.java:124)at org.testng.internal.Invoker.invokeMethod(Invoker.java:571)at org.testng.internal.Invoker.invokeTestMethod(Invoker.java:707)at org.testng.internal.Invoker.invokeTestMethods(Invoker.java:979)at org.testng.internal.TestMethodWorker.invokeTestMethods(TestMethodWorker.java:125)at org.testng.internal.TestMethodWorker.run(TestMethodWorker.java:109)at java.util.concurrent.ThreadPoolExecutor.runWorker(ThreadPoolExecutor.java:1149)at java.util.concurrent.ThreadPoolExecutor$Worker.run(ThreadPoolExecutor.java:624)at java.lang.Thread.run(Thread.java:748)]]>
    </failure>
  </testcase> <!-- createSubProductionOrder -->
  <testcase name="getMasterPoStyleColorsDetails" time="0.066" classname="com.schemaxtech.testAutomationFrameworkTest.PPS"/>
</testsuite> <!-- com.schemaxtech.testAutomationFrameworkTest.PPS -->
