<?xml version="1.0" encoding="UTF-8"?>
<!-- Generated by org.testng.reporters.JUnitReportReporter -->
<testsuite skipped="0" hostname="Gateway-PC" name="com.schemaxtech.testAutomationFrameworkTest.Company" tests="3" failures="1" timestamp="27 Dec 2019 06:48:20 GMT" time="0.522" errors="0">
  <testcase name="postSampleTest" time="0.237" classname="com.schemaxtech.testAutomationFrameworkTest.Company"/>
  <testcase name="postSampleTest" time="0.234" classname="com.schemaxtech.testAutomationFrameworkTest.Company">
    <failure type="java.lang.AssertionError" message="Verification of &#039;status&#039; with value &#039;false&#039; in response json failed expected [false] but found [true]">
      <![CDATA[java.lang.AssertionError: Verification of 'status' with value 'false' in response json failed expected [false] but found [true]at org.testng.Assert.fail(Assert.java:96)at org.testng.Assert.failNotEquals(Assert.java:776)at org.testng.Assert.assertEqualsImpl(Assert.java:137)at org.testng.Assert.assertEquals(Assert.java:118)at com.schemaxtech.testAutomationFramework.TestAutomationUtil.verifyResponse(TestAutomationUtil.java:338)at com.schemaxtech.testAutomationFrameworkTest.Company.postSampleTest(Company.java:100)at sun.reflect.NativeMethodAccessorImpl.invoke0(Native Method)at sun.reflect.NativeMethodAccessorImpl.invoke(NativeMethodAccessorImpl.java:62)at sun.reflect.DelegatingMethodAccessorImpl.invoke(DelegatingMethodAccessorImpl.java:43)at java.lang.reflect.Method.invoke(Method.java:498)at org.testng.internal.MethodInvocationHelper.invokeMethod(MethodInvocationHelper.java:124)at org.testng.internal.Invoker.invokeMethod(Invoker.java:571)at org.testng.internal.Invoker.invokeTestMethod(Invoker.java:707)at org.testng.internal.Invoker.invokeTestMethods(Invoker.java:979)at org.testng.internal.TestMethodWorker.invokeTestMethods(TestMethodWorker.java:125)at org.testng.internal.TestMethodWorker.run(TestMethodWorker.java:109)at java.util.concurrent.ThreadPoolExecutor.runWorker(ThreadPoolExecutor.java:1149)at java.util.concurrent.ThreadPoolExecutor$Worker.run(ThreadPoolExecutor.java:624)at java.lang.Thread.run(Thread.java:748)]]>
    </failure>
  </testcase> <!-- postSampleTest -->
  <testcase name="postSampleTest" time="0.051" classname="com.schemaxtech.testAutomationFrameworkTest.Company"/>
</testsuite> <!-- com.schemaxtech.testAutomationFrameworkTest.Company -->
