<?xml version="1.0" encoding="UTF-8"?>
<!-- Generated by org.testng.reporters.JUnitReportReporter -->
<testsuite skipped="1" hostname="Gateway-PC" name="com.schemaxtech.testAutomationFrameworkTest.SMS" tests="11" failures="1" timestamp="08 Jan 2020 12:32:30 GMT" time="3.272" errors="1">
  <testcase name="saveRmComponentsMappingForStyleColor" time="0.046" classname="com.schemaxtech.testAutomationFrameworkTest.SMS"/>
  <testcase name="getStyleCustomerInfo" time="2.762" classname="com.schemaxtech.testAutomationFrameworkTest.SMS">
    <failure type="java.lang.AssertionError" message="Verification of &#039;status&#039; with value &#039;true&#039; in response json failed expected [true] but found [false]">
      <![CDATA[java.lang.AssertionError: Verification of 'status' with value 'true' in response json failed expected [true] but found [false]
at org.testng.Assert.fail(Assert.java:96)
at org.testng.Assert.failNotEquals(Assert.java:776)
at org.testng.Assert.assertEqualsImpl(Assert.java:137)
at org.testng.Assert.assertEquals(Assert.java:118)
at com.schemaxtech.testAutomationFramework.TestAutomationUtil.verifyResponse(TestAutomationUtil.java:338)
at com.schemaxtech.testAutomationFrameworkTest.SMS.getStyleCustomerInfo(SMS.java:150)
at sun.reflect.NativeMethodAccessorImpl.invoke0(Native Method)
at sun.reflect.NativeMethodAccessorImpl.invoke(NativeMethodAccessorImpl.java:62)
at sun.reflect.DelegatingMethodAccessorImpl.invoke(DelegatingMethodAccessorImpl.java:43)
at java.lang.reflect.Method.invoke(Method.java:498)
at org.testng.internal.MethodInvocationHelper.invokeMethod(MethodInvocationHelper.java:124)
at org.testng.internal.Invoker.invokeMethod(Invoker.java:583)
at org.testng.internal.Invoker.invokeTestMethod(Invoker.java:719)
at org.testng.internal.Invoker.invokeTestMethods(Invoker.java:989)
at org.testng.internal.TestMethodWorker.invokeTestMethods(TestMethodWorker.java:125)
at org.testng.internal.TestMethodWorker.run(TestMethodWorker.java:109)
at org.testng.TestRunner.privateRun(TestRunner.java:648)
at org.testng.TestRunner.run(TestRunner.java:505)
at org.testng.SuiteRunner.runTest(SuiteRunner.java:455)
at org.testng.SuiteRunner.runSequentially(SuiteRunner.java:450)
at org.testng.SuiteRunner.privateRun(SuiteRunner.java:415)
at org.testng.SuiteRunner.run(SuiteRunner.java:364)
at org.testng.SuiteRunnerWorker.runSuite(SuiteRunnerWorker.java:52)
at org.testng.SuiteRunnerWorker.run(SuiteRunnerWorker.java:84)
at org.testng.TestNG.runSuitesSequentially(TestNG.java:1208)
at org.testng.TestNG.runSuitesLocally(TestNG.java:1137)
at org.testng.TestNG.runSuites(TestNG.java:1049)
at org.testng.TestNG.run(TestNG.java:1017)
at org.testng.remote.AbstractRemoteTestNG.run(AbstractRemoteTestNG.java:115)
at org.testng.remote.RemoteTestNG.initAndRun(RemoteTestNG.java:251)
at org.testng.remote.RemoteTestNG.main(RemoteTestNG.java:77)
]]>
    </failure>
  </testcase> <!-- getStyleCustomerInfo -->
  <testcase name="getStyleMaintenanceDetails" time="0.000" classname="com.schemaxtech.testAutomationFrameworkTest.SMS">
    <skipped/>
  </testcase> <!-- getStyleMaintenanceDetails -->
  <testcase name="checkIfCompnentsMappedForStyleRmSkus" time="0.049" classname="com.schemaxtech.testAutomationFrameworkTest.SMS"/>
  <testcase name="saveStyleMaintenanceDetails" time="0.064" classname="com.schemaxtech.testAutomationFrameworkTest.SMS"/>
  <testcase name="getColorSizeReferencesForStyle" time="0.060" classname="com.schemaxtech.testAutomationFrameworkTest.SMS"/>
  <testcase name="getColorsForStyles" time="0.055" classname="com.schemaxtech.testAutomationFrameworkTest.SMS"/>
  <testcase name="getJobOperationsForStyleColor" time="0.058" classname="com.schemaxtech.testAutomationFrameworkTest.SMS"/>
  <testcase name="getSizeRmDetailsforStyleColor" time="0.060" classname="com.schemaxtech.testAutomationFrameworkTest.SMS"/>
  <testcase name="saveStyleInfo" time="0.059" classname="com.schemaxtech.testAutomationFrameworkTest.SMS">
    <error type="java.lang.NullPointerException">
      <![CDATA[java.lang.NullPointerException
at com.schemaxtech.testAutomationFramework.TestAutomationUtil.verifyResponse(TestAutomationUtil.java:323)
at com.schemaxtech.testAutomationFrameworkTest.SMS.saveStyleInfo(SMS.java:274)
at sun.reflect.NativeMethodAccessorImpl.invoke0(Native Method)
at sun.reflect.NativeMethodAccessorImpl.invoke(NativeMethodAccessorImpl.java:62)
at sun.reflect.DelegatingMethodAccessorImpl.invoke(DelegatingMethodAccessorImpl.java:43)
at java.lang.reflect.Method.invoke(Method.java:498)
at org.testng.internal.MethodInvocationHelper.invokeMethod(MethodInvocationHelper.java:124)
at org.testng.internal.Invoker.invokeMethod(Invoker.java:583)
at org.testng.internal.Invoker.invokeTestMethod(Invoker.java:719)
at org.testng.internal.Invoker.invokeTestMethods(Invoker.java:989)
at org.testng.internal.TestMethodWorker.invokeTestMethods(TestMethodWorker.java:125)
at org.testng.internal.TestMethodWorker.run(TestMethodWorker.java:109)
at org.testng.TestRunner.privateRun(TestRunner.java:648)
at org.testng.TestRunner.run(TestRunner.java:505)
at org.testng.SuiteRunner.runTest(SuiteRunner.java:455)
at org.testng.SuiteRunner.runSequentially(SuiteRunner.java:450)
at org.testng.SuiteRunner.privateRun(SuiteRunner.java:415)
at org.testng.SuiteRunner.run(SuiteRunner.java:364)
at org.testng.SuiteRunnerWorker.runSuite(SuiteRunnerWorker.java:52)
at org.testng.SuiteRunnerWorker.run(SuiteRunnerWorker.java:84)
at org.testng.TestNG.runSuitesSequentially(TestNG.java:1208)
at org.testng.TestNG.runSuitesLocally(TestNG.java:1137)
at org.testng.TestNG.runSuites(TestNG.java:1049)
at org.testng.TestNG.run(TestNG.java:1017)
at org.testng.remote.AbstractRemoteTestNG.run(AbstractRemoteTestNG.java:115)
at org.testng.remote.RemoteTestNG.initAndRun(RemoteTestNG.java:251)
at org.testng.remote.RemoteTestNG.main(RemoteTestNG.java:77)
]]>
    </error>
  </testcase> <!-- saveStyleInfo -->
  <testcase name="setIdentifiedStatusForStyle" time="0.059" classname="com.schemaxtech.testAutomationFrameworkTest.SMS"/>
</testsuite> <!-- com.schemaxtech.testAutomationFrameworkTest.SMS -->
