<?xml version="1.0" encoding="UTF-8"?>
<!-- Generated by org.testng.reporters.JUnitReportReporter -->
<testsuite skipped="0" hostname="Gateway-PC" name="com.schemaxtech.testAutomationFrameworkTest.PPS" tests="9" failures="1" timestamp="21 Dec 2019 09:20:22 GMT" time="1.231" errors="0">
  <testcase name="CreatePO" time="0.273" classname="com.schemaxtech.testAutomationFrameworkTest.PPS"/>
  <testcase name="getPo" time="0.153" classname="com.schemaxtech.testAutomationFrameworkTest.PPS"/>
  <testcase name="productionOrderCreation" time="0.216" classname="com.schemaxtech.testAutomationFrameworkTest.PPS"/>
  <testcase name="updateProductionOrder" time="0.060" classname="com.schemaxtech.testAutomationFrameworkTest.PPS">
    <failure type="java.lang.AssertionError" message="Verification of &#039;status&#039; with value &#039;true&#039; in response json failed expected [true] but found [false]">
      <![CDATA[java.lang.AssertionError: Verification of 'status' with value 'true' in response json failed expected [true] but found [false]
at org.testng.Assert.fail(Assert.java:96)
at org.testng.Assert.failNotEquals(Assert.java:776)
at org.testng.Assert.assertEqualsImpl(Assert.java:137)
at org.testng.Assert.assertEquals(Assert.java:118)
at com.schemaxtech.testAutomationFramework.TestAutomationUtil.verifyResponse(TestAutomationUtil.java:345)
at com.schemaxtech.testAutomationFrameworkTest.PPS.updateProductionOrder(PPS.java:353)
at sun.reflect.NativeMethodAccessorImpl.invoke0(Native Method)
at sun.reflect.NativeMethodAccessorImpl.invoke(NativeMethodAccessorImpl.java:62)
at sun.reflect.DelegatingMethodAccessorImpl.invoke(DelegatingMethodAccessorImpl.java:43)
at java.lang.reflect.Method.invoke(Method.java:498)
at org.testng.internal.MethodInvocationHelper.invokeMethod(MethodInvocationHelper.java:124)
at org.testng.internal.Invoker.invokeMethod(Invoker.java:583)
at org.testng.internal.Invoker.invokeTestMethod(Invoker.java:719)
at org.testng.internal.Invoker.invokeTestMethods(Invoker.java:989)
at org.testng.internal.TestMethodWorker.invokeTestMethods(TestMethodWorker.java:125)
at org.testng.internal.TestMethodWorker.run(TestMethodWorker.java:109)
at java.util.concurrent.ThreadPoolExecutor.runWorker(ThreadPoolExecutor.java:1149)
at java.util.concurrent.ThreadPoolExecutor$Worker.run(ThreadPoolExecutor.java:624)
at java.lang.Thread.run(Thread.java:748)
]]>
    </failure>
  </testcase> <!-- updateProductionOrder -->
  <testcase name="getMasterAndSubPoSizeWiseQuantitiesByMasterPo" time="0.056" classname="com.schemaxtech.testAutomationFrameworkTest.PPS"/>
  <testcase name="getMasterPoDetails" time="0.130" classname="com.schemaxtech.testAutomationFrameworkTest.PPS"/>
  <testcase name="getsubPoDetailsWithMasterPo" time="0.083" classname="com.schemaxtech.testAutomationFrameworkTest.PPS"/>
  <testcase name="createSubProductionOrder" time="0.166" classname="com.schemaxtech.testAutomationFrameworkTest.PPS"/>
  <testcase name="getMasterPoStyleColorsDetails" time="0.094" classname="com.schemaxtech.testAutomationFrameworkTest.PPS"/>
</testsuite> <!-- com.schemaxtech.testAutomationFrameworkTest.PPS -->
